TN:
SF:pkg/contracts/script/AddOwner.s.sol
DA:30,0
FN:30,AddOwner.pool_admin
FNDA:0,AddOwner.pool_admin
DA:31,0
DA:34,0
FN:34,AddOwner.run
FNDA:0,AddOwner.run
DA:35,0
DA:36,0
DA:37,0
DA:40,0
DA:41,0
BRDA:41,0,0,-
DA:42,0
DA:45,0
DA:47,0
BRDA:47,1,0,-
DA:48,0
DA:50,0
DA:52,0
DA:54,0
DA:61,0
FNF:2
FNH:0
LF:16
LH:0
BRF:2
BRH:0
end_of_record
TN:
SF:pkg/contracts/script/AddStrategy.s.sol
DA:40,0
FN:40,AddStrategy.pool_admin
FNDA:0,AddStrategy.pool_admin
DA:41,0
DA:44,0
FN:44,AddStrategy.run.0
FNDA:0,AddStrategy.run.0
DA:45,0
DA:46,0
DA:47,0
DA:48,0
DA:50,0
DA:51,0
BRDA:51,0,0,-
DA:52,0
DA:55,0
DA:57,0
DA:59,0
DA:61,0
DA:64,0
FN:64,AddStrategy.run.1
FNDA:0,AddStrategy.run.1
DA:65,0
DA:66,0
DA:67,0
DA:69,0
DA:70,0
BRDA:70,1,0,-
DA:71,0
DA:74,0
DA:75,0
BRDA:75,2,0,-
DA:76,0
DA:79,0
DA:80,0
BRDA:80,3,0,-
DA:81,0
DA:84,0
DA:86,0
DA:88,0
DA:94,0
DA:96,0
BRDA:96,4,0,-
DA:97,0
DA:100,0
DA:102,0
BRDA:102,5,0,-
DA:103,0
DA:105,0
DA:107,0
DA:109,0
DA:110,0
DA:112,0
DA:114,0
DA:121,0
FNF:3
FNH:0
LF:43
LH:0
BRF:6
BRH:0
end_of_record
TN:
SF:pkg/contracts/script/BaseMultiChain.s.sol
DA:63,0
FN:63,BaseMultiChain.pool_admin
FNDA:0,BaseMultiChain.pool_admin
DA:64,0
DA:67,0
FN:67,BaseMultiChain.executeJq
FNDA:0,BaseMultiChain.executeJq
DA:68,0
DA:70,0
DA:71,0
DA:72,0
DA:74,0
DA:75,0
DA:76,0
DA:79,0
FN:79,BaseMultiChain.getKeyNetwork
FNDA:0,BaseMultiChain.getKeyNetwork
DA:80,0
DA:81,0
DA:82,0
DA:85,0
FN:85,BaseMultiChain.getNetworkJson
FNDA:0,BaseMultiChain.getNetworkJson
DA:86,0
DA:87,0
DA:88,0
DA:89,0
DA:92,0
FN:92,BaseMultiChain.run.0
FNDA:0,BaseMultiChain.run.0
DA:94,0
DA:95,0
DA:100,0
FN:100,BaseMultiChain.run.1
FNDA:0,BaseMultiChain.run.1
DA:101,0
DA:103,0
BRDA:103,0,0,-
DA:104,0
DA:107,0
DA:109,0
DA:110,0
DA:111,0
DA:113,0
DA:114,0
DA:115,0
DA:117,0
DA:387,0
DA:390,0
FN:390,BaseMultiChain._isEqual
FNDA:0,BaseMultiChain._isEqual
DA:391,0
DA:394,0
FN:394,BaseMultiChain._sleepIfNetwork
FNDA:0,BaseMultiChain._sleepIfNetwork
DA:395,0
BRDA:395,1,0,-
DA:397,0
FNF:8
FNH:0
LF:40
LH:0
BRF:2
BRH:0
end_of_record
TN:
SF:pkg/contracts/script/DeployCV.s.sol
DA:57,0
FN:57,DeployCV.pool_admin
FNDA:0,DeployCV.pool_admin
DA:58,0
DA:61,0
FN:61,DeployCV.allo_owner
FNDA:0,DeployCV.allo_owner
DA:62,0
DA:65,0
FN:65,DeployCV.scorer_list_manager
FNDA:0,DeployCV.scorer_list_manager
DA:66,0
DA:69,0
FN:69,DeployCV.run
FNDA:0,DeployCV.run
DA:70,0
DA:72,0
DA:74,0
DA:76,0
DA:78,0
DA:80,0
DA:85,0
DA:87,0
DA:89,0
DA:100,0
DA:101,0
DA:103,0
DA:107,0
DA:109,0
DA:111,0
DA:113,0
DA:114,0
DA:115,0
DA:116,0
DA:117,0
DA:118,0
DA:119,0
DA:121,0
DA:122,0
DA:124,0
DA:127,0
DA:128,0
DA:129,0
DA:130,0
DA:132,0
DA:133,0
DA:134,0
DA:135,0
DA:136,0
DA:139,0
DA:140,0
DA:141,0
BRDA:141,0,0,-
DA:144,0
DA:146,0
DA:149,0
DA:150,0
DA:151,0
DA:152,0
DA:153,0
DA:154,0
DA:155,0
DA:156,0
DA:159,0
DA:162,0
DA:164,0
DA:170,0
DA:171,0
DA:173,0
DA:175,0
DA:177,0
DA:213,0
DA:215,0
DA:216,0
DA:217,0
DA:218,0
DA:219,0
DA:220,0
DA:221,0
DA:222,0
DA:224,0
DA:225,0
DA:226,0
DA:227,0
BRDA:227,1,0,-
DA:228,0
DA:229,0
DA:230,0
DA:231,0
DA:234,0
DA:236,0
DA:238,0
DA:257,0
DA:258,0
DA:259,0
DA:260,0
DA:262,0
DA:264,0
DA:266,0
DA:267,0
DA:269,0
DA:270,0
DA:272,0
DA:273,0
DA:274,0
DA:276,0
DA:278,0
DA:279,0
DA:280,0
DA:283,0
FN:283,DeployCV._getPointConfig
FNDA:0,DeployCV._getPointConfig
DA:284,0
DA:285,0
DA:286,0
DA:289,0
FN:289,DeployCV.create_community
FNDA:0,DeployCV.create_community
DA:290,0
DA:292,0
DA:298,0
DA:300,0
DA:302,0
DA:303,0
DA:304,0
DA:305,0
DA:306,0
DA:307,0
DA:308,0
DA:310,0
DA:311,0
DA:312,0
DA:320,0
DA:322,0
DA:324,0
DA:325,0
DA:331,0
DA:333,0
DA:339,0
DA:346,0
DA:348,0
DA:355,0
DA:356,0
DA:357,0
DA:358,0
DA:359,0
DA:360,0
DA:361,0
DA:364,0
DA:376,0
DA:418,0
DA:420,0
DA:421,0
DA:422,0
DA:423,0
DA:424,0
DA:425,0
DA:427,0
DA:428,0
DA:429,0
DA:430,0
BRDA:430,2,0,-
DA:431,0
DA:432,0
DA:433,0
DA:434,0
DA:437,0
DA:439,0
DA:441,0
DA:445,0
DA:446,0
DA:447,0
DA:449,0
DA:450,0
DA:452,0
DA:454,0
DA:456,0
DA:457,0
DA:461,0
DA:463,0
DA:464,0
DA:466,0
DA:468,0
DA:469,0
DA:471,0
DA:472,0
DA:474,0
DA:475,0
DA:476,0
DA:478,0
DA:480,0
DA:481,0
DA:482,0
DA:485,0
FN:485,DeployCV.deployAllo
FNDA:0,DeployCV.deployAllo
DA:486,0
DA:487,0
DA:488,0
DA:490,0
DA:498,0
FNF:7
FNH:0
LF:184
LH:0
BRF:3
BRH:0
end_of_record
TN:
SF:pkg/contracts/script/DeployCVMultiChain.s.sol
DA:67,0
FN:67,DeployCVMultiChain.pool_admin
FNDA:0,DeployCVMultiChain.pool_admin
DA:68,0
DA:71,0
FN:71,DeployCVMultiChain.executeJq
FNDA:0,DeployCVMultiChain.executeJq
DA:72,0
DA:74,0
DA:75,0
DA:76,0
DA:78,0
DA:79,0
DA:80,0
DA:83,0
FN:83,DeployCVMultiChain.getKeyNetwork
FNDA:0,DeployCVMultiChain.getKeyNetwork
DA:84,0
DA:85,0
DA:86,0
DA:89,0
FN:89,DeployCVMultiChain.getNetworkJson
FNDA:0,DeployCVMultiChain.getNetworkJson
DA:90,0
DA:91,0
DA:92,0
DA:93,0
DA:96,0
FN:96,DeployCVMultiChain.isTestnet
FNDA:0,DeployCVMultiChain.isTestnet
DA:97,0
DA:98,0
DA:101,0
FN:101,DeployCVMultiChain.isNoSafe
FNDA:0,DeployCVMultiChain.isNoSafe
DA:102,0
DA:103,0
DA:106,0
FN:106,DeployCVMultiChain.run.0
FNDA:0,DeployCVMultiChain.run.0
DA:108,0
DA:109,0
DA:112,0
FN:112,DeployCVMultiChain.run.1
FNDA:0,DeployCVMultiChain.run.1
DA:113,0
DA:114,0
BRDA:114,0,0,-
DA:115,0
DA:118,0
DA:120,0
DA:121,0
DA:122,0
DA:123,0
DA:125,0
DA:126,0
DA:127,0
DA:129,0
DA:131,0
BRDA:131,1,0,-
DA:132,0
DA:140,0
DA:142,0
DA:144,0
DA:146,0
BRDA:146,2,0,-
DA:147,0
DA:148,0
BRDA:148,3,0,-
DA:149,0
DA:153,0
DA:156,0
DA:158,0
BRDA:158,4,0,-
DA:159,0
DA:160,0
BRDA:160,5,0,-
DA:161,0
DA:166,0
DA:169,0
DA:171,0
BRDA:171,6,0,-
DA:172,0
DA:173,0
BRDA:173,7,0,-
DA:174,0
DA:178,0
DA:181,0
DA:183,0
BRDA:183,8,0,-
DA:185,0
BRDA:185,9,0,-
DA:186,0
DA:197,0
DA:200,0
DA:202,0
DA:203,0
DA:204,0
BRDA:204,10,0,-
DA:214,0
DA:215,0
DA:218,0
BRDA:218,11,0,-
DA:219,0
DA:221,0
DA:222,0
DA:224,0
BRDA:224,12,0,-
BRDA:224,12,1,-
DA:226,0
DA:227,0
DA:228,0
DA:230,0
DA:233,0
DA:234,0
DA:236,0
DA:238,0
DA:239,0
DA:240,0
DA:243,0
DA:244,0
DA:245,0
DA:246,0
DA:247,0
DA:248,0
DA:250,0
DA:252,0
DA:405,0
FNF:8
FNH:0
LF:98
LH:0
BRF:14
BRH:0
end_of_record
TN:
SF:pkg/contracts/script/DeployCollateralVaultTemplate.s.sol
DA:14,0
FN:14,DeployCollateralVaultTemplate.runCurrentNetwork
FNDA:0,DeployCollateralVaultTemplate.runCurrentNetwork
DA:15,0
DA:18,0
DA:19,0
DA:20,0
DA:23,0
DA:24,0
DA:25,0
DA:26,0
DA:27,0
FNF:1
FNH:0
LF:10
LH:0
BRF:0
BRH:0
end_of_record
TN:
SF:pkg/contracts/script/DeployERC20.s.sol
DA:15,0
FN:15,DeployERC20.run
FNDA:0,DeployERC20.run
DA:16,0
DA:17,0
DA:18,0
DA:19,0
FNF:1
FNH:0
LF:5
LH:0
BRF:0
BRH:0
end_of_record
TN:
SF:pkg/contracts/script/DeployGoodDollarSybil.s.sol
DA:12,0
FN:12,DeployGoodDollarSybil.runCurrentNetwork
FNDA:0,DeployGoodDollarSybil.runCurrentNetwork
DA:13,0
DA:14,0
DA:15,0
DA:17,0
DA:19,0
BRDA:19,0,0,-
BRDA:19,0,1,-
DA:20,0
DA:22,0
DA:31,0
FNF:1
FNH:0
LF:9
LH:0
BRF:2
BRH:0
end_of_record
TN:
SF:pkg/contracts/script/DeployPassportScorer.s.sol
DA:12,0
FN:12,DeployPassportScorer.runCurrentNetwork
FNDA:0,DeployPassportScorer.runCurrentNetwork
DA:13,0
DA:14,0
DA:17,0
DA:24,0
FNF:1
FNH:0
LF:5
LH:0
BRF:0
BRH:0
end_of_record
TN:
SF:pkg/contracts/script/DeployProxyOwner.s.sol
DA:13,0
FN:13,DeployProxyOwner.runCurrentNetwork
FNDA:0,DeployProxyOwner.runCurrentNetwork
DA:14,0
DA:19,0
FNF:1
FNH:0
LF:3
LH:0
BRF:0
BRH:0
end_of_record
TN:
SF:pkg/contracts/script/DeploySafeArbitrator.s.sol
DA:13,0
FN:13,DeploySafeArbitrator.runCurrentNetwork
FNDA:0,DeploySafeArbitrator.runCurrentNetwork
DA:14,0
DA:15,0
DA:17,0
DA:19,0
BRDA:19,0,0,-
BRDA:19,0,1,-
DA:20,0
DA:26,0
DA:28,0
DA:29,0
FNF:1
FNH:0
LF:9
LH:0
BRF:2
BRH:0
end_of_record
TN:
SF:pkg/contracts/script/GV2ERC20.sol
DA:13,371
FN:13,GV2ERC20.constructor
FNDA:371,GV2ERC20.constructor
DA:14,371
DA:15,371
DA:16,371
DA:19,1
FN:19,GV2ERC20.name
FNDA:1,GV2ERC20.name
DA:20,1
DA:23,1
FN:23,GV2ERC20.symbol
FNDA:1,GV2ERC20.symbol
DA:24,1
DA:27,807
FN:27,GV2ERC20.decimals
FNDA:807,GV2ERC20.decimals
DA:28,807
DA:31,1115
FN:31,GV2ERC20.mint
FNDA:1115,GV2ERC20.mint
DA:32,1115
DA:35,1
FN:35,GV2ERC20.burn
FNDA:1,GV2ERC20.burn
DA:36,1
DA:39,1
FN:39,GV2ERC20.directTransfer
FNDA:1,GV2ERC20.directTransfer
DA:40,1
DA:43,1
FN:43,GV2ERC20.directSpendAllowance
FNDA:1,GV2ERC20.directSpendAllowance
DA:44,1
DA:47,2813
FN:47,GV2ERC20.transfer
FNDA:2813,GV2ERC20.transfer
DA:48,2813
DA:51,2724
FN:51,GV2ERC20.transferFrom
FNDA:2724,GV2ERC20.transferFrom
DA:52,2724
DA:55,1
FN:55,GV2ERC20.increaseAllowance
FNDA:1,GV2ERC20.increaseAllowance
DA:56,1
DA:59,1
FN:59,GV2ERC20.decreaseAllowance
FNDA:1,GV2ERC20.decreaseAllowance
DA:60,1
DA:63,9383
FN:63,GV2ERC20._brutalized
FNDA:9383,GV2ERC20._brutalized
DA:65,0
FNF:13
FNH:13
LF:28
LH:27
BRF:0
BRH:0
end_of_record
TN:
SF:pkg/contracts/script/PassportScorerWriter.s.sol
DA:9,0
FN:9,PassportScorerWriter.runCurrentNetwork
FNDA:0,PassportScorerWriter.runCurrentNetwork
DA:10,0
DA:11,0
DA:12,0
DA:13,0
FNF:1
FNH:0
LF:5
LH:0
BRF:0
BRH:0
end_of_record
TN:
SF:pkg/contracts/script/PrintRegistryCommunitySelectors.s.sol
DA:12,0
FN:12,PrintRegistryCommunitySelectors.run
FNDA:0,PrintRegistryCommunitySelectors.run
DA:13,0
DA:18,0
BRDA:18,0,0,-
BRDA:18,0,1,-
DA:20,0
DA:21,0
DA:23,0
DA:24,0
DA:25,0
DA:26,0
DA:27,0
FNF:1
FNH:0
LF:10
LH:0
BRF:2
BRH:0
end_of_record
TN:
SF:pkg/contracts/script/TransferOwnershipAllContracts.s.sol
DA:13,0
FN:13,TransferOwnershipAllContracts.runCurrentNetwork
FNDA:0,TransferOwnershipAllContracts.runCurrentNetwork
DA:14,0
DA:19,0
DA:22,0
DA:23,0
DA:26,0
DA:27,0
DA:30,0
DA:31,0
DA:34,0
DA:35,0
DA:38,0
DA:39,0
DA:40,0
DA:41,0
DA:45,0
DA:46,0
DA:47,0
FNF:1
FNH:0
LF:18
LH:0
BRF:0
BRH:0
end_of_record
TN:
SF:pkg/contracts/script/UpgradeAllDiamonds.s.sol
DA:75,0
FN:75,UpgradeAllDiamonds.runCurrentNetwork
FNDA:0,UpgradeAllDiamonds.runCurrentNetwork
DA:76,0
DA:78,0
DA:83,0
DA:85,0
DA:91,0
DA:92,0
DA:94,0
DA:95,0
DA:96,0
DA:97,0
DA:98,0
BRDA:98,0,0,-
DA:99,0
DA:100,0
DA:101,0
DA:103,0
DA:107,0
FN:107,UpgradeAllDiamonds._buildRunContext
FNDA:0,UpgradeAllDiamonds._buildRunContext
DA:108,0
DA:113,0
DA:114,0
DA:115,0
BRDA:115,1,0,-
DA:116,0
DA:119,0
DA:124,0
DA:126,0
DA:127,0
BRDA:127,2,0,-
DA:128,0
DA:131,0
DA:136,0
DA:138,0
DA:139,0
BRDA:139,3,0,-
DA:140,0
DA:144,0
DA:145,0
DA:147,0
DA:148,0
DA:150,0
DA:151,0
DA:153,0
DA:154,0
DA:156,0
DA:157,0
DA:160,0
DA:161,0
DA:163,0
DA:164,0
DA:166,0
DA:167,0
DA:169,0
DA:170,0
DA:172,0
DA:173,0
DA:176,0
DA:177,0
DA:180,0
DA:181,0
DA:182,0
DA:185,0
DA:186,0
DA:189,0
FN:189,UpgradeAllDiamonds._reuseDeployment
FNDA:0,UpgradeAllDiamonds._reuseDeployment
DA:193,0
DA:194,0
BRDA:194,4,0,-
DA:195,0
DA:198,0
BRDA:198,5,0,-
DA:199,0
DA:200,0
DA:201,0
DA:204,0
BRDA:204,6,0,-
DA:205,0
DA:206,0
DA:207,0
DA:210,0
DA:213,0
FN:213,UpgradeAllDiamonds._logDeploymentResult
FNDA:0,UpgradeAllDiamonds._logDeploymentResult
DA:214,0
BRDA:214,7,0,-
BRDA:214,7,1,-
DA:215,0
DA:217,0
DA:221,0
FN:221,UpgradeAllDiamonds._readAddressOrZero
FNDA:0,UpgradeAllDiamonds._readAddressOrZero
DA:222,0
DA:223,0
DA:224,0
DA:228,0
DA:229,0
DA:230,0
DA:231,0
DA:232,0
DA:233,0
DA:234,0
BRDA:234,8,0,-
DA:235,0
DA:237,0
BRDA:237,9,0,-
DA:238,0
DA:240,0
DA:243,0
FN:243,UpgradeAllDiamonds._trim
FNDA:0,UpgradeAllDiamonds._trim
DA:244,0
DA:245,0
DA:246,0
DA:247,0
DA:248,0
DA:250,0
DA:251,0
DA:253,0
DA:254,0
DA:255,0
DA:257,0
DA:260,0
FN:260,UpgradeAllDiamonds._isWhitespace
FNDA:0,UpgradeAllDiamonds._isWhitespace
DA:261,0
DA:264,0
FN:264,UpgradeAllDiamonds._parseAddress
FNDA:0,UpgradeAllDiamonds._parseAddress
DA:265,0
DA:266,0
BRDA:266,10,0,-
DA:267,0
DA:269,0
DA:270,0
DA:271,0
DA:272,0
BRDA:272,11,0,-
DA:273,0
DA:275,0
DA:277,0
DA:280,0
FN:280,UpgradeAllDiamonds._fromHexChar
FNDA:0,UpgradeAllDiamonds._fromHexChar
DA:281,0
DA:282,0
BRDA:282,12,0,-
DA:283,0
DA:285,0
BRDA:285,13,0,-
DA:286,0
DA:288,0
BRDA:288,14,0,-
DA:289,0
DA:291,0
DA:294,0
FN:294,UpgradeAllDiamonds._runtimeCodeHash
FNDA:0,UpgradeAllDiamonds._runtimeCodeHash
DA:295,0
DA:296,0
BRDA:296,15,0,-
DA:297,0
DA:299,0
DA:302,0
FN:302,UpgradeAllDiamonds._writeNetworkAddress
FNDA:0,UpgradeAllDiamonds._writeNetworkAddress
DA:303,0
DA:304,0
DA:305,0
DA:306,0
DA:323,0
DA:324,0
DA:325,0
DA:326,0
DA:327,0
DA:328,0
DA:331,0
FN:331,UpgradeAllDiamonds._executeRun
FNDA:0,UpgradeAllDiamonds._executeRun
DA:332,0
BRDA:332,16,0,-
BRDA:332,16,1,-
DA:333,0
DA:334,0
DA:346,0
DA:350,0
FN:350,UpgradeAllDiamonds._currentImplementation
FNDA:0,UpgradeAllDiamonds._currentImplementation
DA:351,0
DA:352,0
DA:355,0
FN:355,UpgradeAllDiamonds._executeSafeUpgrade
FNDA:0,UpgradeAllDiamonds._executeSafeUpgrade
DA:356,0
DA:357,0
DA:358,0
DA:372,0
FN:372,UpgradeAllDiamonds._executeDirectUpgrades
FNDA:0,UpgradeAllDiamonds._executeDirectUpgrades
DA:383,0
DA:384,0
DA:385,0
DA:387,0
DA:388,0
DA:390,0
DA:391,0
DA:393,0
DA:396,0
DA:398,0
DA:401,0
DA:403,0
DA:404,0
DA:405,0
DA:406,0
DA:407,0
DA:408,0
DA:411,0
DA:414,0
DA:415,0
DA:416,0
DA:418,0
DA:419,0
DA:420,0
DA:421,0
BRDA:421,17,0,-
BRDA:421,17,1,-
DA:422,0
DA:424,0
DA:426,0
DA:427,0
DA:428,0
DA:431,0
DA:432,0
DA:433,0
DA:435,0
DA:436,0
DA:437,0
DA:438,0
BRDA:438,18,0,-
BRDA:438,18,1,-
DA:439,0
DA:441,0
DA:443,0
DA:446,0
DA:466,0
FN:466,UpgradeAllDiamonds._generateSafeTransactions
FNDA:0,UpgradeAllDiamonds._generateSafeTransactions
DA:478,0
DA:489,0
DA:490,0
DA:491,0
DA:498,0
DA:500,0
DA:509,0
DA:511,0
DA:520,0
DA:522,0
DA:523,0
DA:524,0
DA:536,0
DA:538,0
DA:550,0
DA:552,0
DA:553,0
DA:554,0
DA:555,0
DA:558,0
DA:564,0
DA:565,0
DA:568,0
DA:571,0
DA:574,0
DA:577,0
DA:581,0
DA:585,0
DA:587,0
DA:590,0
FN:590,UpgradeAllDiamonds._buildCVStrategyTransactions
FNDA:0,UpgradeAllDiamonds._buildCVStrategyTransactions
DA:597,0
DA:598,0
DA:599,0
DA:601,0
DA:602,0
DA:608,0
DA:609,0
DA:610,0
DA:612,0
DA:613,0
DA:614,0
BRDA:614,19,0,-
BRDA:614,19,1,-
DA:615,0
DA:617,0
DA:619,0
DA:620,0
DA:622,0
DA:625,0
DA:628,0
FN:628,UpgradeAllDiamonds._buildCommunityTransactions
FNDA:0,UpgradeAllDiamonds._buildCommunityTransactions
DA:634,0
DA:635,0
DA:636,0
DA:638,0
DA:639,0
DA:645,0
DA:647,0
DA:648,0
DA:649,0
BRDA:649,20,0,-
BRDA:649,20,1,-
DA:650,0
DA:654,0
DA:656,0
DA:659,0
DA:662,0
DA:665,0
FN:665,UpgradeAllDiamonds._buildCVFacetCuts
FNDA:0,UpgradeAllDiamonds._buildCVFacetCuts
DA:666,0
DA:667,0
DA:668,0
DA:669,0
DA:670,0
DA:671,0
DA:675,0
FN:675,UpgradeAllDiamonds._buildCommunityFacetCuts
FNDA:0,UpgradeAllDiamonds._buildCommunityFacetCuts
DA:676,0
DA:679,0
DA:680,0
DA:681,0
DA:682,0
DA:687,0
FN:687,UpgradeAllDiamonds._buildLoupeFacetCut
FNDA:0,UpgradeAllDiamonds._buildLoupeFacetCut
DA:693,0
DA:694,0
DA:695,0
DA:696,0
DA:697,0
DA:698,0
DA:699,0
DA:704,0
FN:704,UpgradeAllDiamonds._initPayloadWriter
FNDA:0,UpgradeAllDiamonds._initPayloadWriter
DA:708,0
DA:709,0
DA:715,0
DA:739,0
DA:742,0
FN:742,UpgradeAllDiamonds._appendTransaction
FNDA:0,UpgradeAllDiamonds._appendTransaction
DA:746,0
DA:747,0
DA:748,0
DA:749,0
DA:752,0
FN:752,UpgradeAllDiamonds._finalizePayloadWriter
FNDA:0,UpgradeAllDiamonds._finalizePayloadWriter
DA:753,0
DA:754,0
DA:757,0
FN:757,UpgradeAllDiamonds._createTransactionJson
FNDA:0,UpgradeAllDiamonds._createTransactionJson
DA:758,0
DA:769,0
FN:769,UpgradeAllDiamonds._addressToString
FNDA:0,UpgradeAllDiamonds._addressToString
DA:770,0
DA:771,0
DA:773,0
DA:774,0
DA:775,0
DA:776,0
DA:777,0
DA:778,0
DA:780,0
DA:783,0
FN:783,UpgradeAllDiamonds._bytesToHexString
FNDA:0,UpgradeAllDiamonds._bytesToHexString
DA:784,0
DA:786,0
DA:787,0
DA:788,0
DA:789,0
DA:790,0
DA:791,0
DA:793,0
FNF:27
FNH:0
LF:313
LH:0
BRF:27
BRH:0
end_of_record
TN:
SF:pkg/contracts/script/UpgradeCVDiamond.s.sol
DA:40,0
FN:40,UpgradeCVDiamond.runCurrentNetwork
FNDA:0,UpgradeCVDiamond.runCurrentNetwork
DA:44,0
DA:45,0
DA:52,0
DA:57,0
DA:58,0
DA:60,0
DA:61,0
DA:63,0
DA:64,0
DA:66,0
DA:67,0
DA:69,0
DA:70,0
DA:72,0
DA:73,0
DA:75,0
DA:76,0
DA:78,0
DA:79,0
DA:80,0
DA:81,0
DA:82,0
DA:84,0
BRDA:84,0,0,-
BRDA:84,0,1,-
DA:85,0
DA:86,0
DA:95,0
DA:96,0
DA:97,0
DA:108,0
DA:109,0
DA:110,0
DA:111,0
DA:112,0
BRDA:112,1,0,-
DA:113,0
DA:117,0
FN:117,UpgradeCVDiamond._executeDirectUpgrades
FNDA:0,UpgradeCVDiamond._executeDirectUpgrades
DA:125,0
DA:126,0
DA:127,0
DA:129,0
DA:130,0
DA:131,0
DA:132,0
DA:133,0
DA:136,0
DA:137,0
DA:138,0
DA:140,0
DA:141,0
DA:142,0
DA:143,0
DA:144,0
DA:148,0
FN:148,UpgradeCVDiamond._generateSafeTransactions
FNDA:0,UpgradeCVDiamond._generateSafeTransactions
DA:157,0
DA:158,0
DA:160,0
DA:161,0
DA:162,0
DA:167,0
DA:168,0
DA:169,0
DA:170,0
DA:171,0
DA:176,0
DA:179,0
DA:180,0
DA:181,0
DA:183,0
DA:184,0
DA:187,0
DA:189,0
DA:190,0
DA:192,0
DA:194,0
DA:197,0
DA:199,0
DA:201,0
DA:207,0
FN:207,UpgradeCVDiamond._buildAllFacetCuts
FNDA:0,UpgradeCVDiamond._buildAllFacetCuts
DA:208,0
DA:209,0
DA:210,0
DA:211,0
DA:212,0
DA:214,0
DA:223,0
FN:223,UpgradeCVDiamond._writePayloadFile
FNDA:0,UpgradeCVDiamond._writePayloadFile
DA:224,0
DA:252,0
DA:253,0
DA:257,0
DA:258,0
DA:266,0
FN:266,UpgradeCVDiamond._removeLastChar
FNDA:0,UpgradeCVDiamond._removeLastChar
DA:267,0
DA:268,0
BRDA:268,2,0,-
BRDA:268,2,1,-
DA:270,0
DA:271,0
DA:272,0
DA:274,0
DA:283,0
FN:283,UpgradeCVDiamond._createTransactionJson
FNDA:0,UpgradeCVDiamond._createTransactionJson
DA:284,0
DA:300,0
FN:300,UpgradeCVDiamond._addressToString
FNDA:0,UpgradeCVDiamond._addressToString
DA:301,0
DA:302,0
DA:304,0
DA:305,0
DA:306,0
DA:307,0
DA:308,0
DA:309,0
DA:311,0
DA:319,0
FN:319,UpgradeCVDiamond._bytesToHexString
FNDA:0,UpgradeCVDiamond._bytesToHexString
DA:320,0
DA:322,0
DA:323,0
DA:324,0
DA:325,0
DA:326,0
DA:327,0
DA:329,0
FNF:9
FNH:0
LF:118
LH:0
BRF:5
BRH:0
end_of_record
TN:
SF:pkg/contracts/script/UpgradeCVMultichainProd.s.sol
DA:54,0
FN:54,UpgradeCVMultichainProd.runCurrentNetwork
FNDA:0,UpgradeCVMultichainProd.runCurrentNetwork
DA:55,0
DA:56,0
DA:57,0
DA:58,0
DA:60,0
DA:61,0
DA:63,0
DA:64,0
DA:65,0
DA:66,0
DA:68,0
DA:71,0
DA:72,0
DA:75,0
DA:78,0
DA:80,0
DA:83,0
FN:83,UpgradeCVMultichainProd._writeRegistryFactoryUpgrades
FNDA:0,UpgradeCVMultichainProd._writeRegistryFactoryUpgrades
DA:87,0
DA:89,0
DA:92,0
DA:96,0
DA:102,0
DA:105,0
DA:111,0
DA:115,0
DA:118,0
DA:122,0
DA:125,0
DA:129,0
DA:132,0
FN:132,UpgradeCVMultichainProd._writeCommunityUpgrades
FNDA:0,UpgradeCVMultichainProd._writeCommunityUpgrades
DA:136,0
DA:137,0
DA:138,0
DA:139,0
DA:140,0
DA:148,0
DA:149,0
DA:152,0
DA:155,0
DA:158,0
BRDA:158,0,0,-
DA:159,0
DA:165,0
DA:171,0
DA:174,0
FN:174,UpgradeCVMultichainProd._writeStrategyUpgrades
FNDA:0,UpgradeCVMultichainProd._writeStrategyUpgrades
DA:178,0
DA:179,0
DA:180,0
DA:181,0
DA:183,0
DA:184,0
DA:189,0
DA:192,0
FN:192,UpgradeCVMultichainProd._finalizePayload
FNDA:0,UpgradeCVMultichainProd._finalizePayload
DA:198,0
DA:199,0
DA:203,0
DA:207,0
DA:208,0
DA:211,0
FN:211,UpgradeCVMultichainProd._removeLastChar
FNDA:0,UpgradeCVMultichainProd._removeLastChar
DA:212,0
DA:213,0
BRDA:213,1,0,-
BRDA:213,1,1,-
DA:215,0
DA:216,0
DA:217,0
DA:219,0
DA:222,0
FN:222,UpgradeCVMultichainProd._upgradeRegistryCommunity
FNDA:0,UpgradeCVMultichainProd._upgradeRegistryCommunity
DA:228,0
DA:229,0
DA:230,0
DA:231,0
DA:232,0
DA:233,0
DA:240,0
DA:243,0
FN:243,UpgradeCVMultichainProd._upgradeCVStrategy
FNDA:0,UpgradeCVMultichainProd._upgradeCVStrategy
DA:248,0
DA:249,0
DA:252,0
FN:252,UpgradeCVMultichainProd._buildUpgradedCommunityFacetCuts
FNDA:0,UpgradeCVMultichainProd._buildUpgradedCommunityFacetCuts
DA:253,0
DA:254,0
DA:255,0
DA:260,0
DA:265,0
DA:266,0
DA:273,0
FN:273,UpgradeCVMultichainProd._buildUpgradedStrategyFacetCuts
FNDA:0,UpgradeCVMultichainProd._buildUpgradedStrategyFacetCuts
DA:274,0
DA:277,0
FN:277,UpgradeCVMultichainProd._buildFacetCuts
FNDA:0,UpgradeCVMultichainProd._buildFacetCuts
DA:278,0
DA:279,0
DA:280,0
DA:281,0
DA:282,0
DA:284,0
DA:285,0
DA:286,0
DA:287,0
DA:288,0
DA:290,0
DA:292,0
DA:295,0
DA:305,0
FN:305,UpgradeCVMultichainProd._buildCVFacetCuts
FNDA:0,UpgradeCVMultichainProd._buildCVFacetCuts
DA:313,0
DA:314,0
DA:315,0
DA:316,0
DA:317,0
DA:318,0
DA:322,0
FN:322,UpgradeCVMultichainProd._buildCommunityFacetCuts
FNDA:0,UpgradeCVMultichainProd._buildCommunityFacetCuts
DA:330,0
DA:333,0
DA:334,0
DA:335,0
DA:336,0
DA:340,0
FN:340,UpgradeCVMultichainProd._buildLoupeFacetCut
FNDA:0,UpgradeCVMultichainProd._buildLoupeFacetCut
DA:346,0
DA:347,0
DA:348,0
DA:349,0
DA:350,0
DA:351,0
DA:352,0
DA:357,0
FN:357,UpgradeCVMultichainProd._initPayloadWriter
FNDA:0,UpgradeCVMultichainProd._initPayloadWriter
DA:361,0
DA:362,0
DA:365,0
DA:389,0
DA:392,0
FN:392,UpgradeCVMultichainProd._appendTransaction
FNDA:0,UpgradeCVMultichainProd._appendTransaction
DA:396,0
DA:397,0
DA:398,0
DA:399,0
DA:402,0
FN:402,UpgradeCVMultichainProd._finalizePayloadWriter
FNDA:0,UpgradeCVMultichainProd._finalizePayloadWriter
DA:403,0
DA:406,0
FN:406,UpgradeCVMultichainProd._createTransactionJson
FNDA:0,UpgradeCVMultichainProd._createTransactionJson
DA:407,0
DA:418,0
FN:418,UpgradeCVMultichainProd._addressToString
FNDA:0,UpgradeCVMultichainProd._addressToString
DA:419,0
DA:420,0
DA:422,0
DA:423,0
DA:424,0
DA:425,0
DA:426,0
DA:427,0
DA:429,0
DA:432,0
FN:432,UpgradeCVMultichainProd._bytesToHexString
FNDA:0,UpgradeCVMultichainProd._bytesToHexString
DA:433,0
DA:435,0
DA:436,0
DA:437,0
DA:438,0
DA:439,0
DA:440,0
DA:442,0
FNF:20
FNH:0
LF:153
LH:0
BRF:3
BRH:0
end_of_record
TN:
SF:pkg/contracts/script/UpgradeCVMultichainTest.s.sol
DA:40,0
FN:40,UpgradeCVMultichainTest.runCurrentNetwork
FNDA:0,UpgradeCVMultichainTest.runCurrentNetwork
DA:41,0
DA:42,0
DA:43,0
DA:45,0
DA:46,0
DA:47,0
DA:58,0
DA:59,0
DA:62,0
DA:65,0
DA:70,0
DA:75,0
DA:78,0
DA:81,0
DA:82,0
DA:83,0
DA:84,0
DA:85,0
DA:94,0
DA:97,0
DA:100,0
DA:105,0
BRDA:105,0,0,-
DA:106,0
DA:116,0
DA:117,0
DA:118,0
DA:127,0
DA:128,0
DA:165,0
FN:165,UpgradeCVMultichainTest._buildUpgradedCommunityFacetCuts
FNDA:0,UpgradeCVMultichainTest._buildUpgradedCommunityFacetCuts
DA:166,0
DA:167,0
DA:168,0
DA:173,0
DA:178,0
DA:179,0
DA:186,0
FN:186,UpgradeCVMultichainTest._buildUpgradedStrategyFacetCuts
FNDA:0,UpgradeCVMultichainTest._buildUpgradedStrategyFacetCuts
DA:187,0
DA:190,0
FN:190,UpgradeCVMultichainTest._buildFacetCuts
FNDA:0,UpgradeCVMultichainTest._buildFacetCuts
DA:191,0
DA:192,0
DA:193,0
DA:194,0
DA:195,0
DA:197,0
DA:198,0
DA:199,0
DA:200,0
DA:201,0
DA:203,0
DA:205,0
DA:208,0
DA:218,0
FN:218,UpgradeCVMultichainTest._buildCVFacetCuts
FNDA:0,UpgradeCVMultichainTest._buildCVFacetCuts
DA:226,0
DA:229,0
DA:230,0
DA:231,0
DA:232,0
DA:236,0
FN:236,UpgradeCVMultichainTest._buildCommunityFacetCuts
FNDA:0,UpgradeCVMultichainTest._buildCommunityFacetCuts
DA:244,0
DA:245,0
DA:252,0
DA:253,0
DA:254,0
DA:255,0
DA:259,0
FN:259,UpgradeCVMultichainTest._buildLoupeFacetCut
FNDA:0,UpgradeCVMultichainTest._buildLoupeFacetCut
DA:265,0
DA:266,0
DA:267,0
DA:268,0
DA:269,0
DA:270,0
DA:271,0
FNF:7
FNH:0
LF:73
LH:0
BRF:1
BRH:0
end_of_record
TN:
SF:pkg/contracts/script/UpgradeRegistryCommunityDiamond.s.sol
DA:39,0
FN:39,UpgradeRegistryCommunityDiamond.runCurrentNetwork
FNDA:0,UpgradeRegistryCommunityDiamond.runCurrentNetwork
DA:43,0
DA:44,0
DA:51,0
DA:56,0
DA:57,0
DA:59,0
DA:60,0
DA:62,0
DA:63,0
DA:65,0
DA:66,0
DA:68,0
DA:69,0
DA:71,0
DA:72,0
DA:74,0
DA:75,0
DA:77,0
DA:78,0
DA:80,0
DA:81,0
DA:82,0
DA:84,0
BRDA:84,0,0,-
BRDA:84,0,1,-
DA:85,0
DA:89,0
DA:90,0
DA:91,0
DA:102,0
DA:103,0
DA:104,0
DA:105,0
BRDA:105,1,0,-
DA:106,0
DA:110,0
FN:110,UpgradeRegistryCommunityDiamond._executeDirectUpgrades
FNDA:0,UpgradeRegistryCommunityDiamond._executeDirectUpgrades
DA:117,0
DA:118,0
DA:119,0
DA:121,0
DA:122,0
DA:123,0
DA:125,0
DA:126,0
DA:127,0
DA:128,0
DA:129,0
DA:133,0
FN:133,UpgradeRegistryCommunityDiamond._generateSafeTransactions
FNDA:0,UpgradeRegistryCommunityDiamond._generateSafeTransactions
DA:142,0
DA:143,0
DA:145,0
DA:146,0
DA:147,0
DA:150,0
DA:151,0
DA:152,0
DA:154,0
DA:158,0
DA:159,0
DA:161,0
DA:162,0
DA:166,0
DA:170,0
DA:173,0
DA:175,0
DA:177,0
DA:183,0
FN:183,UpgradeRegistryCommunityDiamond._buildAllFacetCuts
FNDA:0,UpgradeRegistryCommunityDiamond._buildAllFacetCuts
DA:184,0
DA:185,0
DA:186,0
DA:187,0
DA:189,0
DA:198,0
FN:198,UpgradeRegistryCommunityDiamond._writePayloadFile
FNDA:0,UpgradeRegistryCommunityDiamond._writePayloadFile
DA:199,0
DA:227,0
DA:228,0
DA:235,0
DA:236,0
DA:244,0
FN:244,UpgradeRegistryCommunityDiamond._removeLastChar
FNDA:0,UpgradeRegistryCommunityDiamond._removeLastChar
DA:245,0
DA:246,0
BRDA:246,2,0,-
BRDA:246,2,1,-
DA:248,0
DA:249,0
DA:250,0
DA:252,0
DA:261,0
FN:261,UpgradeRegistryCommunityDiamond._createTransactionJson
FNDA:0,UpgradeRegistryCommunityDiamond._createTransactionJson
DA:262,0
DA:278,0
FN:278,UpgradeRegistryCommunityDiamond._addressToString
FNDA:0,UpgradeRegistryCommunityDiamond._addressToString
DA:279,0
DA:280,0
DA:282,0
DA:283,0
DA:284,0
DA:285,0
DA:286,0
DA:287,0
DA:289,0
DA:297,0
FN:297,UpgradeRegistryCommunityDiamond._bytesToHexString
FNDA:0,UpgradeRegistryCommunityDiamond._bytesToHexString
DA:298,0
DA:300,0
DA:301,0
DA:302,0
DA:303,0
DA:304,0
DA:305,0
DA:307,0
FNF:9
FNH:0
LF:104
LH:0
BRF:5
BRH:0
end_of_record
TN:
SF:pkg/contracts/src/BaseStrategyUpgradeable.sol
DA:42,738
FN:42,BaseStrategyUpgradeable.init
FNDA:738,BaseStrategyUpgradeable.init
DA:43,738
DA:44,738
DA:45,738
DA:59,728
FN:59,BaseStrategyUpgradeable.onlyAllo
FNDA:728,BaseStrategyUpgradeable.onlyAllo
DA:60,0
DA:67,2
FN:67,BaseStrategyUpgradeable.onlyPoolManager
FNDA:2,BaseStrategyUpgradeable.onlyPoolManager
DA:68,2
DA:74,2
FN:74,BaseStrategyUpgradeable.onlyActivePool
FNDA:2,BaseStrategyUpgradeable.onlyActivePool
DA:75,0
DA:81,2
FN:81,BaseStrategyUpgradeable.onlyInactivePool
FNDA:2,BaseStrategyUpgradeable.onlyInactivePool
DA:82,0
DA:88,2
FN:88,BaseStrategyUpgradeable.onlyInitialized
FNDA:2,BaseStrategyUpgradeable.onlyInitialized
DA:89,0
DA:99,725
FN:99,BaseStrategyUpgradeable.getAllo
FNDA:725,BaseStrategyUpgradeable.getAllo
DA:100,725
DA:105,727
FN:105,BaseStrategyUpgradeable.getPoolId
FNDA:727,BaseStrategyUpgradeable.getPoolId
DA:106,727
DA:117,3
FN:117,BaseStrategyUpgradeable.isPoolActive
FNDA:3,BaseStrategyUpgradeable.isPoolActive
DA:118,3
DA:128,736
FN:128,BaseStrategyUpgradeable.__BaseStrategy_init
FNDA:736,BaseStrategyUpgradeable.__BaseStrategy_init
DA:131,736
BRDA:131,0,0,2
DA:134,734
BRDA:134,1,0,2
DA:135,732
DA:229,1467
FN:229,BaseStrategyUpgradeable._checkOnlyAllo
FNDA:1467,BaseStrategyUpgradeable._checkOnlyAllo
DA:230,1467
BRDA:230,2,0,3
DA:236,4
FN:236,BaseStrategyUpgradeable._checkOnlyPoolManager
FNDA:4,BaseStrategyUpgradeable._checkOnlyPoolManager
DA:237,4
BRDA:237,3,0,2
DA:242,4
FN:242,BaseStrategyUpgradeable._checkOnlyActivePool
FNDA:4,BaseStrategyUpgradeable._checkOnlyActivePool
DA:243,4
BRDA:243,4,0,2
DA:248,4
FN:248,BaseStrategyUpgradeable._checkInactivePool
FNDA:4,BaseStrategyUpgradeable._checkInactivePool
DA:249,2
BRDA:249,5,0,2
DA:254,4
FN:254,BaseStrategyUpgradeable._checkOnlyInitialized
FNDA:4,BaseStrategyUpgradeable._checkOnlyInitialized
DA:255,4
BRDA:255,6,0,2
DA:261,5
FN:261,BaseStrategyUpgradeable._setPoolActive
FNDA:5,BaseStrategyUpgradeable._setPoolActive
DA:262,5
DA:263,5
DA:269,5
FN:269,BaseStrategyUpgradeable._isPoolActive
FNDA:5,BaseStrategyUpgradeable._isPoolActive
DA:270,5
FNF:17
FNH:17
LF:39
LH:35
BRF:7
BRH:7
end_of_record
TN:
SF:pkg/contracts/src/CVStrategy/CVStrategy.sol
DA:199,727
FN:199,CVStrategy.init
FNDA:727,CVStrategy.init
DA:200,727
DA:201,727
DA:202,727
DA:205,726
FN:205,CVStrategy.initialize
FNDA:726,CVStrategy.initialize
DA:206,0
DA:207,726
DA:209,726
DA:210,726
DA:212,726
DA:218,726
DA:220,726
DA:221,726
DA:222,726
DA:223,726
DA:224,726
DA:225,726
DA:227,726
DA:229,726
BRDA:229,0,0,-
DA:231,0
DA:232,0
DA:233,0
BRDA:233,1,0,-
DA:234,0
DA:236,0
DA:237,0
DA:242,0
DA:246,726
BRDA:246,2,0,725
DA:247,725
DA:248,725
DA:249,725
DA:250,725
DA:260,726
DA:261,725
BRDA:261,3,0,725
DA:262,725
DA:263,725
DA:265,726
BRDA:265,4,0,1
DA:266,1
DA:270,0
FN:270,CVStrategy._initializeFacets
FNDA:0,CVStrategy._initializeFacets
DA:276,3
FN:276,CVStrategy.checkSenderIsMember
FNDA:3,CVStrategy.checkSenderIsMember
DA:277,3
BRDA:277,5,0,1
DA:278,1
DA:280,2
BRDA:280,6,0,1
DA:281,1
DA:283,1
BRDA:283,7,0,1
DA:284,1
DA:288,2
FN:288,CVStrategy.onlyRegistryCommunity
FNDA:2,CVStrategy.onlyRegistryCommunity
DA:289,2
BRDA:289,8,0,1
DA:290,1
DA:294,16
FN:294,CVStrategy._revertZeroAddress
FNDA:16,CVStrategy._revertZeroAddress
DA:295,16
BRDA:295,9,0,1
DA:298,2
FN:298,CVStrategy.onlyCouncilSafe
FNDA:2,CVStrategy.onlyCouncilSafe
DA:299,2
BRDA:299,10,0,1
DA:300,1
DA:304,2117
FN:304,CVStrategy._checkOwner
FNDA:2117,CVStrategy._checkOwner
DA:305,2117
DA:306,2117
DA:307,2117
BRDA:307,11,0,2
DA:308,2
DA:312,6
FN:312,CVStrategy._canExecuteAction
FNDA:6,CVStrategy._canExecuteAction
DA:313,6
BRDA:313,12,0,4
DA:314,4
DA:315,4
BRDA:315,13,0,2
BRDA:315,13,1,-
DA:316,2
DA:318,2
DA:321,2
DA:324,2
FN:324,CVStrategy._checkProposalAllocationValidity
FNDA:2,CVStrategy._checkProposalAllocationValidity
DA:325,2
DA:327,2
DA:332,1
BRDA:332,14,0,1
DA:333,1
DA:337,3
FN:337,CVStrategy.onlyCouncilSafeOrMember
FNDA:3,CVStrategy.onlyCouncilSafeOrMember
DA:338,3
BRDA:338,15,0,1
DA:339,1
DA:343,2
FN:343,CVStrategy.setCollateralVaultTemplate
FNDA:2,CVStrategy.setCollateralVaultTemplate
DA:344,0
DA:345,2
DA:355,159
FN:355,CVStrategy.registerRecipient
FNDA:159,CVStrategy.registerRecipient
DA:356,0
DA:359,1257
FN:359,CVStrategy.activatePoints
FNDA:1257,CVStrategy.activatePoints
DA:360,0
DA:363,10
FN:363,CVStrategy.deactivatePoints.0
FNDA:10,CVStrategy.deactivatePoints.0
DA:364,0
DA:367,2279
FN:367,CVStrategy.increasePower
FNDA:2279,CVStrategy.increasePower
DA:368,0
DA:371,27
FN:371,CVStrategy.decreasePower
FNDA:27,CVStrategy.decreasePower
DA:372,0
DA:375,8
FN:375,CVStrategy.deactivatePoints.1
FNDA:8,CVStrategy.deactivatePoints.1
DA:376,0
DA:379,1
FN:379,CVStrategy.getMaxAmount
FNDA:1,CVStrategy.getMaxAmount
DA:380,1
DA:383,2228
FN:383,CVStrategy.getPointSystem
FNDA:2228,CVStrategy.getPointSystem
DA:384,2228
DA:398,103
FN:398,CVStrategy.allocate
FNDA:103,CVStrategy.allocate
DA:399,0
DA:404,27
FN:404,CVStrategy.distribute
FNDA:27,CVStrategy.distribute
DA:405,0
DA:408,3
FN:408,CVStrategy.setPoolActive
FNDA:3,CVStrategy.setPoolActive
DA:409,3
DA:429,53
FN:429,CVStrategy.getProposal
FNDA:53,CVStrategy.getProposal
DA:447,53
DA:449,53
BRDA:449,16,0,5
BRDA:449,16,1,-
DA:450,5
DA:452,48
DA:453,48
DA:455,48
BRDA:455,17,0,1
BRDA:455,17,1,-
DA:456,1
DA:458,47
DA:469,53
DA:497,53
FN:497,CVStrategy.getProposalVoterStake
FNDA:53,CVStrategy.getProposalVoterStake
DA:498,53
DA:502,101
FN:502,CVStrategy.getProposalStakedAmount
FNDA:101,CVStrategy.getProposalStakedAmount
DA:503,101
DA:514,26
FN:514,CVStrategy.getArbitrableConfig
FNDA:26,CVStrategy.getArbitrableConfig
DA:526,26
DA:536,53
FN:536,CVStrategy._internal_getProposalVoterStake
FNDA:53,CVStrategy._internal_getProposalVoterStake
DA:537,53
DA:540,0
FN:540,CVStrategy.getBasisStakedAmount
FNDA:0,CVStrategy.getBasisStakedAmount
DA:541,0
DA:544,2
FN:544,CVStrategy.proposalExists
FNDA:2,CVStrategy.proposalExists
DA:545,2
DA:548,1
FN:548,CVStrategy._isOverMaxRatio
FNDA:1,CVStrategy._isOverMaxRatio
DA:549,1
DA:552,2
FN:552,CVStrategy._applyDelta
FNDA:2,CVStrategy._applyDelta
DA:555,2
DA:557,2
BRDA:557,18,0,1
DA:558,1
DA:562,1
DA:565,13
FN:565,CVStrategy.calculateProposalConviction
FNDA:13,CVStrategy.calculateProposalConviction
DA:566,13
DA:567,13
DA:572,14
FN:572,CVStrategy.calculateThreshold
FNDA:14,CVStrategy.calculateThreshold
DA:573,14
DA:574,14
DA:581,14
DA:597,27
FN:597,CVStrategy._calculateAndSetConviction
FNDA:27,CVStrategy._calculateAndSetConviction
DA:598,27
DA:599,27
BRDA:599,19,0,9
DA:600,9
DA:602,18
DA:603,18
DA:607,29
FN:607,CVStrategy._checkBlockAndCalculateConviction
FNDA:29,CVStrategy._checkBlockAndCalculateConviction
DA:612,29
DA:613,29
DA:614,29
BRDA:614,20,0,10
DA:616,10
DA:619,19
DA:629,30
FN:629,CVStrategy.updateProposalConviction
FNDA:30,CVStrategy.updateProposalConviction
DA:630,30
DA:632,30
BRDA:632,21,0,3
DA:633,3
DA:641,27
DA:642,27
DA:651,17
FN:651,CVStrategy.setSybilScorer
FNDA:17,CVStrategy.setSybilScorer
DA:652,17
BRDA:652,22,0,1
DA:653,1
DA:655,16
DA:657,15
DA:658,16
DA:659,16
DA:664,23
FN:664,CVStrategy.setPoolParams
FNDA:23,CVStrategy.setPoolParams
DA:672,0
DA:677,7
FN:677,CVStrategy.connectSuperfluidGDA
FNDA:7,CVStrategy.connectSuperfluidGDA
DA:678,0
DA:681,5
FN:681,CVStrategy.disconnectSuperfluidGDA
FNDA:5,CVStrategy.disconnectSuperfluidGDA
DA:682,0
DA:688,15
FN:688,CVStrategy.disputeProposal
FNDA:15,CVStrategy.disputeProposal
DA:693,0
DA:698,10
FN:698,CVStrategy.rule
FNDA:10,CVStrategy.rule
DA:699,0
DA:705,3
FN:705,CVStrategy.cancelProposal
FNDA:3,CVStrategy.cancelProposal
DA:706,0
DA:709,11
FN:709,CVStrategy.editProposal
FNDA:11,CVStrategy.editProposal
DA:710,0
DA:718,0
FN:718,CVStrategy.rebalance
FNDA:0,CVStrategy.rebalance
DA:719,0
DA:724,16
FN:724,CVStrategy._registerToSybilScorer
FNDA:16,CVStrategy._registerToSybilScorer
DA:725,16
DA:730,75
FN:730,CVStrategy.getPoolAmount
FNDA:75,CVStrategy.getPoolAmount
DA:731,75
DA:733,75
BRDA:733,23,0,57
DA:734,57
DA:737,18
DA:738,18
DA:740,18
DA:741,18
BRDA:741,24,0,1
BRDA:741,24,1,1
DA:742,1
DA:743,17
BRDA:743,25,0,1
DA:744,1
DA:746,18
DA:752,3944
FN:752,CVStrategy._delegateToFacet
FNDA:3944,CVStrategy._delegateToFacet
DA:753,3944
DA:754,3942
DA:755,3942
DA:758,0
DA:761,3944
DA:762,3942
BRDA:762,26,0,15
DA:763,15
DA:767,0
DA:768,0
DA:769,0
DA:771,0
DA:772,0
DA:776,3952
FN:776,CVStrategy._enforceNotPaused
FNDA:3952,CVStrategy._enforceNotPaused
DA:777,3952
BRDA:777,27,0,2
DA:778,2
DA:780,3950
DA:781,3950
BRDA:781,28,0,3947
DA:782,3947
DA:784,3
BRDA:784,29,0,2
DA:785,2
DA:787,1
BRDA:787,30,0,1
DA:788,1
DA:792,3952
FN:792,CVStrategy._isPauseSelector
FNDA:3952,CVStrategy._isPauseSelector
DA:793,3952
DA:794,3951
DA:795,3950
DA:796,3950
DA:797,3950
DA:798,3950
DA:799,3950
DA:800,3950
DA:801,3950
DA:802,3950
DA:809,1391
FN:809,CVStrategy.diamondCut
FNDA:1391,CVStrategy.diamondCut
DA:810,0
DA:811,1391
DA:816,8
FN:816,CVStrategy.fallback
FNDA:8,CVStrategy.fallback
DA:817,8
DA:818,7
DA:819,7
DA:822,0
DA:825,8
DA:827,7
BRDA:827,31,0,1
DA:828,1
DA:832,0
DA:833,0
DA:834,0
DA:836,0
DA:837,0
DA:844,2
FN:844,CVStrategy.getFacets
FNDA:2,CVStrategy.getFacets
DA:845,2
DA:846,2
DA:847,2
DA:848,2
DA:849,2
DA:851,2
DA:852,2
DA:853,2
DA:854,2
DA:855,2
DA:856,1
BRDA:856,32,0,1
DA:857,1
DA:858,1
DA:859,1
DA:860,0
DA:863,1
BRDA:863,33,0,1
DA:864,1
DA:865,1
DA:867,1
DA:868,1
DA:869,1
DA:870,1
DA:871,1
DA:874,2
DA:875,1
DA:876,1
DA:878,0
DA:883,0
FNF:54
FNH:51
LF:268
LH:223
BRF:38
BRH:33
end_of_record
TN:
SF:pkg/contracts/src/CVStrategy/CVStrategyBaseFacet.sol
DA:200,9
FN:200,CVStrategyBaseFacet.owner
FNDA:9,CVStrategyBaseFacet.owner
DA:201,9
DA:207,0
FN:207,CVStrategyBaseFacet.whenNotPaused
FNDA:0,CVStrategyBaseFacet.whenNotPaused
DA:208,0
DA:212,0
FN:212,CVStrategyBaseFacet.whenSelectorNotPaused
FNDA:0,CVStrategyBaseFacet.whenSelectorNotPaused
DA:213,0
DA:217,0
FN:217,CVStrategyBaseFacet._enforceNotPaused
FNDA:0,CVStrategyBaseFacet._enforceNotPaused
DA:218,0
BRDA:218,0,0,-
DA:219,0
DA:221,0
DA:222,0
BRDA:222,1,0,-
DA:223,0
DA:227,0
FN:227,CVStrategyBaseFacet._enforceSelectorNotPaused
FNDA:0,CVStrategyBaseFacet._enforceSelectorNotPaused
DA:228,0
BRDA:228,2,0,-
DA:229,0
DA:231,0
DA:232,0
BRDA:232,3,0,-
DA:233,0
DA:237,0
FN:237,CVStrategyBaseFacet._isPauseSelector
FNDA:0,CVStrategyBaseFacet._isPauseSelector
DA:238,0
DA:239,0
DA:240,0
DA:241,0
DA:242,0
DA:243,0
DA:244,0
DA:245,0
DA:246,0
DA:247,0
DA:254,279
FN:254,CVStrategyBaseFacet.checkSenderIsMember
FNDA:279,CVStrategyBaseFacet.checkSenderIsMember
DA:255,279
BRDA:255,4,0,4
DA:256,4
DA:263,25
FN:263,CVStrategyBaseFacet.onlyCouncilSafe
FNDA:25,CVStrategyBaseFacet.onlyCouncilSafe
DA:264,25
BRDA:264,5,0,3
DA:265,3
DA:272,12
FN:272,CVStrategyBaseFacet.onlyCouncilSafeOrMember
FNDA:12,CVStrategyBaseFacet.onlyCouncilSafeOrMember
DA:273,12
BRDA:273,6,0,3
DA:274,3
DA:283,3628
FN:283,CVStrategyBaseFacet._canExecuteAction
FNDA:3628,CVStrategyBaseFacet._canExecuteAction
DA:284,3628
BRDA:284,7,0,3610
DA:285,3610
DA:286,3610
BRDA:286,8,0,3579
BRDA:286,8,1,-
DA:287,3579
DA:289,31
DA:292,18
DA:298,194
FN:298,CVStrategyBaseFacet.onlyAllo
FNDA:194,CVStrategyBaseFacet.onlyAllo
DA:299,194
BRDA:299,9,0,5
DA:300,5
DA:308,190
FN:308,CVStrategyBaseFacet.onlyInitialized
FNDA:190,CVStrategyBaseFacet.onlyInitialized
DA:309,190
BRDA:309,10,0,1
DA:310,1
DA:318,28
FN:318,CVStrategyBaseFacet.onlyRegistryCommunity
FNDA:28,CVStrategyBaseFacet.onlyRegistryCommunity
DA:319,28
BRDA:319,11,0,1
DA:320,1
DA:330,6
FN:330,CVStrategyBaseFacet.proposalExists
FNDA:6,CVStrategyBaseFacet.proposalExists
DA:331,6
DA:339,123
FN:339,CVStrategyBaseFacet._calculateAndSetConviction
FNDA:123,CVStrategyBaseFacet._calculateAndSetConviction
DA:340,123
DA:341,123
BRDA:341,12,0,123
DA:342,123
DA:344,0
DA:345,0
DA:355,125
FN:355,CVStrategyBaseFacet._checkBlockAndCalculateConviction
FNDA:125,CVStrategyBaseFacet._checkBlockAndCalculateConviction
DA:360,125
DA:361,125
DA:362,125
BRDA:362,13,0,124
DA:363,124
DA:366,1
DA:376,2
FN:376,CVStrategyBaseFacet.getPoolAmount
FNDA:2,CVStrategyBaseFacet.getPoolAmount
DA:377,2
DA:379,2
BRDA:379,14,0,1
DA:380,1
DA:383,1
DA:384,1
DA:386,1
DA:387,1
BRDA:387,15,0,1
BRDA:387,15,1,-
DA:388,1
DA:389,0
BRDA:389,16,0,-
DA:390,0
DA:392,1
FNF:17
FNH:12
LF:80
LH:49
BRF:19
BRH:12
end_of_record
TN:
SF:pkg/contracts/src/CVStrategy/CVStrategyDiamondInit.sol
DA:24,724
FN:24,CVStrategyDiamondInit.init
FNDA:724,CVStrategyDiamondInit.init
DA:25,724
DA:28,724
DA:29,724
DA:30,724
DA:31,724
DA:34,724
FNF:1
FNH:1
LF:7
LH:7
BRF:0
BRH:0
end_of_record
TN:
SF:pkg/contracts/src/CVStrategy/CVStreamingStorage.sol
DA:14,1
FN:14,CVStreamingStorage.layout
FNDA:1,CVStreamingStorage.layout
DA:15,1
DA:17,0
DA:34,0
FN:34,CVStreamingBase.lastRebalanceAt
FNDA:0,CVStreamingBase.lastRebalanceAt
DA:35,0
DA:38,0
FN:38,CVStreamingBase.setLastRebalanceAt
FNDA:0,CVStreamingBase.setLastRebalanceAt
DA:39,0
DA:42,0
FN:42,CVStreamingBase.rebalanceCooldown
FNDA:0,CVStreamingBase.rebalanceCooldown
DA:43,0
DA:46,0
FN:46,CVStreamingBase.setRebalanceCooldown
FNDA:0,CVStreamingBase.setRebalanceCooldown
DA:47,0
DA:50,0
FN:50,CVStreamingBase.streamingEscrow
FNDA:0,CVStreamingBase.streamingEscrow
DA:51,0
DA:54,1
FN:54,CVStreamingBase.setStreamingEscrow
FNDA:1,CVStreamingBase.setStreamingEscrow
DA:55,1
FNF:7
FNH:2
LF:15
LH:4
BRF:0
BRH:0
end_of_record
TN:
SF:pkg/contracts/src/CVStrategy/ConvictionsUtils.sol
DA:19,35
FN:19,ConvictionsUtils.calculateConviction
FNDA:35,ConvictionsUtils.calculateConviction
DA:24,0
DA:28,35
DA:29,35
DA:43,71
FN:43,ConvictionsUtils.calculateThreshold
FNDA:71,ConvictionsUtils.calculateThreshold
DA:52,71
DA:53,68
DA:56,68
BRDA:56,0,0,68
DA:57,68
DA:59,68
DA:60,68
DA:64,80
FN:64,ConvictionsUtils.getMaxConviction
FNDA:80,ConvictionsUtils.getMaxConviction
DA:65,80
DA:75,35
FN:75,ConvictionsUtils._pow
FNDA:35,ConvictionsUtils._pow
DA:81,35
DA:82,35
DA:83,35
DA:84,330
DA:85,295
BRDA:85,1,0,180
BRDA:85,1,1,115
DA:86,180
DA:87,180
DA:89,115
DA:90,115
DA:102,295
FN:102,ConvictionsUtils._mul
FNDA:295,ConvictionsUtils._mul
DA:111,295
FNF:5
FNH:5
LF:25
LH:24
BRF:3
BRH:3
end_of_record
TN:
SF:pkg/contracts/src/CVStrategy/PowerManagementUtils.sol
DA:11,2277
FN:11,PowerManagementUtils.increasePower
FNDA:2277,PowerManagementUtils.increasePower
DA:18,2277
BRDA:18,0,0,977
BRDA:18,0,1,775
DA:19,977
DA:20,1300
BRDA:20,1,0,524
BRDA:20,1,1,775
DA:21,524
DA:22,776
BRDA:22,2,0,775
DA:23,775
DA:27,524
FN:27,PowerManagementUtils.increasePowerCapped
FNDA:524,PowerManagementUtils.increasePowerCapped
DA:34,524
DA:36,524
BRDA:36,3,0,249
DA:37,249
DA:41,275
DA:44,775
FN:44,PowerManagementUtils.increasePowerQuadratic
FNDA:775,PowerManagementUtils.increasePowerQuadratic
DA:48,775
DA:50,775
DA:51,775
BRDA:51,4,0,775
DA:52,775
DA:56,775
DA:57,775
DA:59,775
DA:61,0
DA:64,26
FN:64,PowerManagementUtils.decreasePower
FNDA:26,PowerManagementUtils.decreasePower
DA:71,26
BRDA:71,5,0,18
BRDA:71,5,1,-
DA:72,18
DA:73,8
BRDA:73,6,0,2
BRDA:73,6,1,-
DA:74,2
DA:75,6
BRDA:75,7,0,6
DA:76,6
BRDA:76,8,0,2
BRDA:76,8,1,-
DA:77,2
DA:78,4
BRDA:78,9,0,2
DA:79,2
DA:85,2
FN:85,PowerManagementUtils.decreasePowerQuadratic
FNDA:2,PowerManagementUtils.decreasePowerQuadratic
DA:89,2
DA:90,2
BRDA:90,10,0,2
DA:91,2
DA:96,2
DA:98,2
DA:99,2
DA:100,0
FNF:5
FNH:5
LF:39
LH:37
BRF:16
BRH:13
end_of_record
TN:
SF:pkg/contracts/src/CVStrategy/StreamingEscrow.sol
DA:44,2
FN:44,StreamingEscrow.initialize
FNDA:2,StreamingEscrow.initialize
DA:51,2
BRDA:51,0,0,-
DA:52,0
DA:54,2
BRDA:54,1,0,-
DA:55,0
DA:58,2
DA:60,2
DA:61,2
DA:62,2
DA:63,2
DA:64,2
DA:66,2
DA:67,2
DA:71,2
DA:72,2
BRDA:72,2,0,-
DA:73,0
DA:80,0
FN:80,StreamingEscrow.onlyStrategy
FNDA:0,StreamingEscrow.onlyStrategy
DA:81,0
BRDA:81,3,0,-
DA:82,0
DA:87,0
FN:87,StreamingEscrow.onlyHost
FNDA:0,StreamingEscrow.onlyHost
DA:88,0
BRDA:88,4,0,-
DA:89,0
DA:97,0
FN:97,StreamingEscrow.setBeneficiary
FNDA:0,StreamingEscrow.setBeneficiary
DA:98,0
BRDA:98,5,0,-
DA:99,0
DA:101,0
DA:102,0
DA:104,0
BRDA:104,6,0,-
DA:105,0
DA:106,0
DA:110,0
FN:110,StreamingEscrow.setTreasury
FNDA:0,StreamingEscrow.setTreasury
DA:111,0
BRDA:111,7,0,-
DA:112,0
DA:114,0
DA:117,0
FN:117,StreamingEscrow.setDisputed
FNDA:0,StreamingEscrow.setDisputed
DA:118,0
DA:119,0
BRDA:119,8,0,-
BRDA:119,8,1,-
DA:120,0
DA:122,0
DA:126,0
FN:126,StreamingEscrow.claim
FNDA:0,StreamingEscrow.claim
DA:127,0
BRDA:127,9,0,-
DA:128,0
DA:130,0
DA:133,0
FN:133,StreamingEscrow.drainToBeneficiary
FNDA:0,StreamingEscrow.drainToBeneficiary
DA:134,0
DA:137,0
FN:137,StreamingEscrow.drainToStrategy
FNDA:0,StreamingEscrow.drainToStrategy
DA:138,0
DA:144,0
FN:144,StreamingEscrow.afterAgreementCreated
FNDA:0,StreamingEscrow.afterAgreementCreated
DA:152,0
DA:155,0
FN:155,StreamingEscrow.afterAgreementUpdated
FNDA:0,StreamingEscrow.afterAgreementUpdated
DA:163,0
DA:166,0
FN:166,StreamingEscrow.afterAgreementTerminated
FNDA:0,StreamingEscrow.afterAgreementTerminated
DA:174,0
DA:180,0
FN:180,StreamingEscrow._drainTo
FNDA:0,StreamingEscrow._drainTo
DA:181,0
DA:182,0
BRDA:182,10,0,-
DA:183,0
DA:187,0
FN:187,StreamingEscrow._afterAgreementChanged
FNDA:0,StreamingEscrow._afterAgreementChanged
DA:191,0
BRDA:191,11,0,-
DA:192,0
DA:195,0
DA:196,0
DA:199,0
FN:199,StreamingEscrow._currentGDAFlowRate
FNDA:0,StreamingEscrow._currentGDAFlowRate
DA:200,0
DA:201,0
DA:204,0
FN:204,StreamingEscrow._setOutflow
FNDA:0,StreamingEscrow._setOutflow
DA:205,0
BRDA:205,12,0,-
DA:206,0
DA:208,0
FNF:16
FNH:1
LF:69
LH:13
BRF:14
BRH:0
end_of_record
TN:
SF:pkg/contracts/src/CVStrategy/StreamingEscrowFactory.sol
DA:28,4
FN:28,StreamingEscrowFactory.initialize
FNDA:4,StreamingEscrowFactory.initialize
DA:29,4
BRDA:29,0,0,-
DA:30,0
DA:32,4
BRDA:32,1,0,-
DA:33,0
DA:36,4
DA:38,4
DA:39,4
DA:40,4
DA:43,3
FN:43,StreamingEscrowFactory.deployEscrow
FNDA:3,StreamingEscrowFactory.deployEscrow
DA:47,3
BRDA:47,2,0,1
DA:48,1
DA:50,2
BRDA:50,3,0,-
DA:51,0
DA:54,2
DA:55,2
DA:56,2
DA:58,2
DA:59,2
DA:60,2
DA:63,0
FN:63,StreamingEscrowFactory.setEscrowImplementation
FNDA:0,StreamingEscrowFactory.setEscrowImplementation
DA:64,0
BRDA:64,4,0,-
DA:65,0
DA:67,0
FNF:3
FNH:2
LF:24
LH:17
BRF:5
BRH:1
end_of_record
TN:
SF:pkg/contracts/src/CVStrategy/facets/CVAdminFacet.sol
DA:49,22
FN:49,CVAdminFacet.setPoolParams
FNDA:22,CVAdminFacet.setPoolParams
DA:57,0
DA:59,20
DA:60,22
DA:62,22
DA:64,20
BRDA:64,0,0,2
DA:65,2
DA:70,5
FN:70,CVAdminFacet.connectSuperfluidGDA
FNDA:5,CVAdminFacet.connectSuperfluidGDA
DA:71,0
DA:72,4
DA:73,4
DA:74,4
DA:75,4
BRDA:75,1,0,-
DA:76,0
DA:78,4
DA:81,4
FN:81,CVAdminFacet.disconnectSuperfluidGDA
FNDA:4,CVAdminFacet.disconnectSuperfluidGDA
DA:82,0
DA:83,3
DA:84,3
DA:85,3
DA:86,3
BRDA:86,2,0,-
DA:87,0
DA:89,2
DA:96,20
FN:96,CVAdminFacet._setPoolParams
FNDA:20,CVAdminFacet._setPoolParams
DA:102,20
BRDA:102,3,0,9
DA:103,9
DA:105,20
BRDA:105,4,0,3
DA:106,3
DA:110,20
DA:121,2
BRDA:121,5,0,2
DA:123,2
DA:124,2
DA:125,2
BRDA:125,6,0,2
DA:126,2
DA:129,2
DA:130,2
DA:132,2
DA:143,20
DA:144,8
BRDA:144,7,0,8
DA:145,8
DA:146,8
DA:150,9
FN:150,CVAdminFacet._addToAllowList
FNDA:9,CVAdminFacet._addToAllowList
DA:151,9
DA:154,9
BRDA:154,8,0,8
DA:155,8
DA:157,9
DA:158,9
BRDA:158,9,0,9
DA:159,9
DA:163,9
DA:166,3
FN:166,CVAdminFacet._removeFromAllowList
FNDA:3,CVAdminFacet._removeFromAllowList
DA:167,3
DA:168,3
BRDA:168,10,0,3
DA:169,3
DA:172,3
BRDA:172,11,0,3
DA:173,3
DA:177,3
DA:180,3
FN:180,CVAdminFacet._deactivatePoints
FNDA:3,CVAdminFacet._deactivatePoints
DA:181,3
DA:182,3
DA:184,3
DA:185,3
DA:188,3
FN:188,CVAdminFacet._withdraw
FNDA:3,CVAdminFacet._withdraw
DA:190,3
DA:191,2
DA:192,2
DA:193,2
BRDA:193,12,0,2
DA:194,2
DA:195,2
DA:196,2
DA:197,2
DA:200,3
FNF:8
FNH:8
LF:71
LH:66
BRF:13
BRH:11
end_of_record
TN:
SF:pkg/contracts/src/CVStrategy/facets/CVAllocationFacet.sol
DA:52,112
FN:52,CVAllocationFacet._checkProposalAllocationValidity
FNDA:112,CVAllocationFacet._checkProposalAllocationValidity
DA:53,112
DA:55,112
DA:60,6
BRDA:60,0,0,6
DA:61,6
DA:69,102
FN:69,CVAllocationFacet.allocate
FNDA:102,CVAllocationFacet.allocate
DA:70,102
DA:71,102
DA:72,112
DA:74,96
DA:76,94
BRDA:76,1,0,8
DA:77,8
DA:80,86
DA:81,86
DA:82,86
DA:84,94
BRDA:84,2,0,-
DA:85,0
DA:96,94
DA:98,86
DA:99,86
DA:101,84
BRDA:101,3,0,2
DA:102,2
DA:105,82
DA:108,82
DA:109,82
DA:110,90
DA:112,90
BRDA:112,4,0,82
BRDA:112,4,1,6
DA:113,82
DA:114,82
DA:116,8
DA:117,8
DA:119,8
BRDA:119,5,0,2
DA:120,2
DA:121,2
DA:124,6
BRDA:124,6,0,6
DA:125,6
DA:126,6
DA:127,6
DA:129,6
DA:130,0
DA:133,88
DA:135,88
DA:137,88
DA:139,88
DA:141,88
DA:143,88
DA:145,0
DA:146,88
DA:147,20
BRDA:147,7,0,14
DA:148,14
DA:149,0
DA:152,14
BRDA:152,8,0,74
DA:153,74
DA:155,88
BRDA:155,9,0,82
BRDA:155,9,1,6
DA:156,82
DA:157,82
DA:159,6
DA:160,6
DA:162,88
BRDA:162,10,0,2
BRDA:162,10,1,86
DA:163,2
DA:165,86
DA:166,86
DA:171,22
FN:171,CVAllocationFacet.distribute
FNDA:22,CVAllocationFacet.distribute
DA:181,22
BRDA:181,11,0,2
DA:182,2
DA:185,20
DA:186,20
BRDA:186,12,0,2
DA:187,2
DA:190,18
DA:193,18
BRDA:193,13,0,2
DA:195,2
DA:197,0
BRDA:197,14,0,-
DA:198,0
DA:202,18
BRDA:202,15,0,16
DA:203,16
BRDA:203,16,0,2
DA:204,2
DA:207,14
BRDA:207,17,0,2
DA:208,2
DA:211,12
BRDA:211,18,0,2
DA:212,2
DA:215,10
BRDA:215,19,0,-
DA:216,0
DA:217,0
DA:220,10
DA:222,10
DA:233,10
BRDA:233,20,0,2
DA:234,2
DA:237,8
DA:241,8
DA:242,8
DA:248,8
DA:256,10
FN:256,CVAllocationFacet._isOverMaxRatio
FNDA:10,CVAllocationFacet._isOverMaxRatio
DA:257,10
DA:260,174
FN:260,CVAllocationFacet._applyDelta
FNDA:174,CVAllocationFacet._applyDelta
DA:263,174
DA:265,174
BRDA:265,21,0,2
DA:266,2
DA:270,172
DA:273,10
FN:273,CVAllocationFacet.updateProposalConviction
FNDA:10,CVAllocationFacet.updateProposalConviction
DA:274,10
DA:276,10
BRDA:276,22,0,-
DA:277,0
DA:280,10
DA:281,10
DA:284,30
FN:284,CVAllocationFacet.getPoolAmount
FNDA:30,CVAllocationFacet.getPoolAmount
DA:285,30
DA:287,30
BRDA:287,23,0,20
DA:288,20
DA:291,10
DA:292,10
DA:294,10
DA:295,10
BRDA:295,24,0,-
BRDA:295,24,1,-
DA:296,0
DA:297,10
BRDA:297,25,0,-
DA:298,0
DA:300,10
DA:303,8
FN:303,CVAllocationFacet._transferAmount
FNDA:8,CVAllocationFacet._transferAmount
DA:304,8
BRDA:304,26,0,4
BRDA:304,26,1,-
DA:305,4
DA:306,4
BRDA:306,27,0,-
DA:307,0
DA:310,4
FNF:8
FNH:8
LF:122
LH:110
BRF:33
BRH:24
end_of_record
TN:
SF:pkg/contracts/src/CVStrategy/facets/CVDisputeFacet.sol
DA:46,15
FN:46,CVDisputeFacet.disputeProposal
FNDA:15,CVDisputeFacet.disputeProposal
DA:51,15
DA:52,15
DA:53,15
DA:55,15
BRDA:55,0,0,1
DA:56,1
DA:58,14
BRDA:58,1,0,1
DA:59,1
DA:64,13
DA:65,2
DA:66,1
BRDA:66,2,0,1
DA:67,1
DA:72,12
DA:74,12
DA:76,12
DA:78,12
DA:79,12
DA:80,12
DA:81,12
DA:82,12
DA:84,12
BRDA:84,3,0,-
DA:85,0
DA:86,0
BRDA:86,4,0,-
DA:87,0
DA:91,12
DA:93,12
DA:103,9
FN:103,CVDisputeFacet.rule
FNDA:9,CVDisputeFacet.rule
DA:104,9
DA:105,9
DA:106,9
DA:108,9
BRDA:108,5,0,1
DA:109,1
DA:112,8
DA:114,8
BRDA:114,6,0,1
DA:115,1
DA:118,7
BRDA:118,7,0,2
BRDA:118,7,1,-
DA:119,2
BRDA:119,8,0,-
DA:120,0
DA:122,2
BRDA:122,9,0,2
DA:123,2
DA:124,2
DA:126,2
BRDA:126,10,0,-
DA:127,0
DA:128,0
DA:129,0
DA:133,2
DA:136,5
BRDA:136,11,0,2
BRDA:136,11,1,-
DA:137,2
DA:138,2
DA:139,2
DA:145,3
BRDA:145,12,0,3
DA:146,3
DA:147,3
DA:148,3
DA:151,3
DA:157,3
DA:165,7
DA:166,2
DA:167,2
DA:170,7
FN:170,CVDisputeFacet._handleStreamingResolution
FNDA:7,CVDisputeFacet._handleStreamingResolution
DA:171,7
BRDA:171,13,0,7
DA:172,7
DA:174,0
DA:175,0
BRDA:175,14,0,-
DA:176,0
DA:178,0
BRDA:178,15,0,-
BRDA:178,15,1,-
DA:179,0
DA:181,0
FNF:3
FNH:3
LF:68
LH:55
BRF:19
BRH:10
end_of_record
TN:
SF:pkg/contracts/src/CVStrategy/facets/CVPauseFacet.sol
DA:20,1
FN:20,CVPauseFacet.setPauseController
FNDA:1,CVPauseFacet.setPauseController
DA:21,0
DA:22,1
DA:23,1
DA:26,0
FN:26,CVPauseFacet.pauseController
FNDA:0,CVPauseFacet.pauseController
DA:27,0
DA:30,1
FN:30,CVPauseFacet.pause.0
FNDA:1,CVPauseFacet.pause.0
DA:31,0
DA:32,1
DA:35,0
FN:35,CVPauseFacet.pause.1
FNDA:0,CVPauseFacet.pause.1
DA:36,0
DA:37,0
DA:40,0
FN:40,CVPauseFacet.unpause.0
FNDA:0,CVPauseFacet.unpause.0
DA:41,0
DA:42,0
DA:45,0
FN:45,CVPauseFacet.unpause.1
FNDA:0,CVPauseFacet.unpause.1
DA:46,0
DA:47,0
DA:50,0
FN:50,CVPauseFacet.isPaused.0
FNDA:0,CVPauseFacet.isPaused.0
DA:51,0
DA:52,0
BRDA:52,0,0,-
DA:53,0
DA:55,0
DA:58,0
FN:58,CVPauseFacet.isPaused.1
FNDA:0,CVPauseFacet.isPaused.1
DA:59,0
DA:60,0
BRDA:60,1,0,-
DA:61,0
DA:63,0
DA:66,0
FN:66,CVPauseFacet.pausedUntil
FNDA:0,CVPauseFacet.pausedUntil
DA:67,0
DA:70,0
FN:70,CVPauseFacet.pausedSelectorUntil
FNDA:0,CVPauseFacet.pausedSelectorUntil
DA:71,0
DA:74,1
FN:74,CVPauseFacet._pauseController
FNDA:1,CVPauseFacet._pauseController
DA:75,1
DA:76,1
BRDA:76,2,0,-
DA:77,0
DA:79,1
DA:82,2
FN:82,CVPauseFacet._enforceOwner
FNDA:2,CVPauseFacet._enforceOwner
DA:83,2
DA:84,2
BRDA:84,3,0,-
DA:85,0
FNF:12
FNH:4
LF:41
LH:12
BRF:4
BRH:0
end_of_record
TN:
SF:pkg/contracts/src/CVStrategy/facets/CVPowerFacet.sol
DA:34,1253
FN:34,CVPowerFacet.activatePoints
FNDA:1253,CVPowerFacet.activatePoints
DA:35,1253
BRDA:35,0,0,5
DA:36,5
DA:38,1248
DA:39,1243
DA:42,2278
FN:42,CVPowerFacet.increasePower
FNDA:2278,CVPowerFacet.increasePower
DA:43,2278
BRDA:43,1,0,1
DA:44,1
DA:46,2277
DA:50,2277
DA:51,1037
BRDA:51,2,0,1037
DA:52,1037
DA:54,2277
DA:55,0
DA:58,26
FN:58,CVPowerFacet.decreasePower
FNDA:26,CVPowerFacet.decreasePower
DA:59,26
DA:63,26
DA:64,26
DA:66,26
DA:67,26
DA:69,26
BRDA:69,3,0,18
DA:70,18
DA:71,18
DA:72,22
DA:73,22
DA:74,22
DA:75,22
DA:76,22
DA:78,22
DA:79,22
DA:80,22
DA:81,22
DA:82,22
DA:83,22
DA:85,22
DA:88,26
DA:89,26
DA:91,0
DA:94,9
FN:94,CVPowerFacet.deactivatePoints.0
FNDA:9,CVPowerFacet.deactivatePoints.0
DA:95,9
DA:98,5
FN:98,CVPowerFacet.deactivatePoints.1
FNDA:5,CVPowerFacet.deactivatePoints.1
DA:99,5
DA:106,14
FN:106,CVPowerFacet._deactivatePoints
FNDA:14,CVPowerFacet._deactivatePoints
DA:107,14
DA:108,14
DA:110,14
DA:111,14
DA:114,14
FN:114,CVPowerFacet._withdraw
FNDA:14,CVPowerFacet._withdraw
DA:116,14
DA:117,4
DA:118,4
DA:119,4
BRDA:119,4,0,4
DA:120,4
DA:121,4
DA:122,4
DA:123,4
DA:124,4
DA:125,4
DA:128,14
FNF:7
FNH:7
LF:59
LH:57
BRF:5
BRH:5
end_of_record
TN:
SF:pkg/contracts/src/CVStrategy/facets/CVProposalFacet.sol
DA:57,166
FN:57,CVProposalFacet.registerRecipient
FNDA:166,CVProposalFacet.registerRecipient
DA:64,166
DA:65,165
DA:68,164
DA:70,164
BRDA:70,0,0,156
DA:71,156
DA:72,156
DA:73,156
BRDA:73,1,0,1
DA:74,1
DA:78,163
BRDA:78,2,0,1
DA:79,1
DA:82,162
BRDA:82,3,0,5
DA:83,5
DA:88,157
DA:89,157
DA:91,157
DA:92,157
DA:93,157
DA:94,157
DA:95,157
DA:96,157
DA:97,157
DA:98,157
DA:99,157
DA:100,157
DA:101,157
DA:102,157
DA:105,157
BRDA:105,4,0,2
DA:106,2
DA:107,2
BRDA:107,5,0,1
DA:108,1
DA:110,1
DA:113,1
DA:116,1
DA:119,156
DA:122,156
DA:125,5
FN:125,CVProposalFacet.cancelProposal
FNDA:5,CVProposalFacet.cancelProposal
DA:126,5
BRDA:126,6,0,1
DA:127,1
DA:130,4
BRDA:130,7,0,1
DA:131,1
DA:134,3
DA:140,3
DA:143,3
BRDA:143,8,0,-
DA:144,0
DA:146,0
DA:150,0
BRDA:150,9,0,-
DA:151,0
DA:155,3
DA:158,16
FN:158,CVProposalFacet.editProposal
FNDA:16,CVProposalFacet.editProposal
DA:165,16
DA:166,16
BRDA:166,10,0,3
DA:167,3
DA:170,13
BRDA:170,11,0,3
DA:171,3
DA:174,6
BRDA:174,12,0,6
DA:175,6
BRDA:175,13,0,1
DA:176,1
DA:180,5
DA:184,9
DA:186,9
BRDA:186,14,0,6
DA:187,3
BRDA:187,15,0,3
DA:188,3
DA:193,3
DA:196,3
BRDA:196,16,0,-
DA:197,0
DA:198,0
BRDA:198,17,0,-
DA:199,0
DA:204,6
BRDA:204,18,0,6
DA:205,1
BRDA:205,19,0,1
DA:206,1
DA:211,5
DA:214,5
FNF:3
FNH:3
LF:73
LH:66
BRF:20
BRH:16
end_of_record
TN:
SF:pkg/contracts/src/CVStrategy/facets/CVStreamingFacet.sol
DA:28,0
FN:28,CVStreamingFacet.rebalance
FNDA:0,CVStreamingFacet.rebalance
DA:30,0
BRDA:30,0,0,-
DA:31,0
DA:33,0
DA:36,0
DA:37,0
BRDA:37,1,0,-
DA:39,0
FNF:1
FNH:0
LF:7
LH:0
BRF:2
BRH:0
end_of_record
TN:
SF:pkg/contracts/src/CollateralVault.sol
DA:34,175
FN:34,CollateralVault.onlyOwner
FNDA:175,CollateralVault.onlyOwner
DA:35,175
BRDA:35,0,0,1
DA:36,1
DA:43,734
FN:43,CollateralVault.initialize
FNDA:734,CollateralVault.initialize
DA:44,734
BRDA:44,1,0,1
DA:45,1
DA:47,733
DA:50,174
FN:50,CollateralVault.depositCollateral
FNDA:174,CollateralVault.depositCollateral
DA:51,174
DA:52,174
DA:55,18
FN:55,CollateralVault.withdrawCollateral
FNDA:18,CollateralVault.withdrawCollateral
DA:56,18
DA:60,18
DA:61,18
BRDA:61,2,0,1
DA:65,1
DA:66,1
DA:68,18
DA:69,18
DA:70,18
BRDA:70,3,0,1
DA:71,1
DA:73,17
DA:76,11
FN:76,CollateralVault.withdrawCollateralFor
FNDA:11,CollateralVault.withdrawCollateralFor
DA:81,11
DA:85,11
DA:86,11
BRDA:86,4,0,1
DA:90,1
DA:91,1
DA:93,11
DA:94,11
DA:95,11
BRDA:95,5,0,1
DA:96,1
DA:98,10
FNF:5
FNH:5
LF:32
LH:32
BRF:6
BRH:6
end_of_record
TN:
SF:pkg/contracts/src/GoodDollarSybil.sol
DA:28,2
FN:28,GoodDollarSybil.onlyAuthorized
FNDA:2,GoodDollarSybil.onlyAuthorized
DA:29,2
BRDA:29,0,0,2
BRDA:29,0,1,2
DA:32,0
DA:36,4
FN:36,GoodDollarSybil.onlyCouncilOrAuthorized
FNDA:4,GoodDollarSybil.onlyCouncilOrAuthorized
DA:37,4
DA:38,4
BRDA:38,1,1,1
DA:39,4
DA:40,3
DA:41,3
BRDA:41,1,0,3
DA:44,1
DA:48,25
FN:48,GoodDollarSybil._revertZeroAddress
FNDA:25,GoodDollarSybil._revertZeroAddress
DA:49,25
BRDA:49,2,0,2
DA:50,2
DA:55,16
FN:55,GoodDollarSybil.initialize
FNDA:16,GoodDollarSybil.initialize
DA:56,16
DA:57,15
DA:58,16
DA:64,6
FN:64,GoodDollarSybil.validateUser
FNDA:6,GoodDollarSybil.validateUser
DA:65,6
DA:66,5
DA:67,6
DA:72,2
FN:72,GoodDollarSybil.invalidateUser
FNDA:2,GoodDollarSybil.invalidateUser
DA:73,2
DA:74,2
DA:75,2
DA:80,2
FN:80,GoodDollarSybil.changeListManager
FNDA:2,GoodDollarSybil.changeListManager
DA:81,2
DA:82,1
DA:83,1
DA:84,1
DA:87,3
FN:87,GoodDollarSybil.addStrategy
FNDA:3,GoodDollarSybil.addStrategy
DA:92,3
DA:93,3
DA:96,1
FN:96,GoodDollarSybil.activateStrategy
FNDA:1,GoodDollarSybil.activateStrategy
DA:97,1
DA:100,1
FN:100,GoodDollarSybil.modifyThreshold
FNDA:1,GoodDollarSybil.modifyThreshold
DA:101,1
DA:106,2
FN:106,GoodDollarSybil.canExecuteAction
FNDA:2,GoodDollarSybil.canExecuteAction
DA:107,2
FNF:11
FNH:11
LF:39
LH:38
BRF:5
BRH:5
end_of_record
TN:
SF:pkg/contracts/src/PassportScorer.sol
DA:32,3
FN:32,PassportScorer.onlyAuthorized
FNDA:3,PassportScorer.onlyAuthorized
DA:33,3
BRDA:33,0,0,2
BRDA:33,0,1,1
DA:36,1
DA:40,2
FN:40,PassportScorer.onlyCouncilOrAuthorized
FNDA:2,PassportScorer.onlyCouncilOrAuthorized
DA:41,2
DA:42,1
BRDA:42,1,1,-
DA:43,1
DA:44,1
DA:45,1
BRDA:45,1,0,1
DA:48,0
DA:52,2
FN:52,PassportScorer.onlyCouncil
FNDA:2,PassportScorer.onlyCouncil
DA:53,2
BRDA:53,2,0,-
BRDA:53,2,1,1
DA:56,1
DA:60,256
FN:60,PassportScorer._revertZeroAddress
FNDA:256,PassportScorer._revertZeroAddress
DA:61,256
BRDA:61,3,0,4
DA:62,4
DA:67,161
FN:67,PassportScorer.initialize
FNDA:161,PassportScorer.initialize
DA:68,161
DA:69,161
DA:70,161
DA:76,19
FN:76,PassportScorer.addUserScore
FNDA:19,PassportScorer.addUserScore
DA:77,19
DA:78,18
DA:79,19
DA:84,2
FN:84,PassportScorer.removeUser
FNDA:2,PassportScorer.removeUser
DA:85,2
DA:87,2
DA:92,2
FN:92,PassportScorer.changeListManager
FNDA:2,PassportScorer.changeListManager
DA:93,2
DA:94,1
DA:95,1
DA:96,1
DA:102,27
FN:102,PassportScorer.addStrategy
FNDA:27,PassportScorer.addStrategy
DA:107,27
DA:108,27
DA:109,26
BRDA:109,4,0,1
DA:110,1
DA:112,25
DA:113,25
DA:118,1
FN:118,PassportScorer.removeStrategy
FNDA:1,PassportScorer.removeStrategy
DA:119,1
DA:121,1
DA:126,12
FN:126,PassportScorer.activateStrategy
FNDA:12,PassportScorer.activateStrategy
DA:127,12
DA:128,12
DA:129,12
DA:135,5
FN:135,PassportScorer.modifyThreshold
FNDA:5,PassportScorer.modifyThreshold
DA:136,5
DA:137,5
DA:138,5
DA:144,19
FN:144,PassportScorer.canExecuteAction
FNDA:19,PassportScorer.canExecuteAction
DA:145,19
DA:146,19
DA:148,19
BRDA:148,5,0,5
DA:149,5
DA:152,14
FNF:13
FNH:13
LF:56
LH:55
BRF:9
BRH:7
end_of_record
TN:
SF:pkg/contracts/src/ProxyOwnableUpgrader.sol
DA:10,1648
FN:10,ProxyOwnableUpgrader.initialize
FNDA:1648,ProxyOwnableUpgrader.initialize
DA:11,1648
DA:14,13623
FN:14,ProxyOwnableUpgrader.proxyOwner
FNDA:13623,ProxyOwnableUpgrader.proxyOwner
DA:15,13623
DA:18,5255
FN:18,ProxyOwnableUpgrader.owner
FNDA:5255,ProxyOwnableUpgrader.owner
DA:20,5255
BRDA:20,0,0,3789
BRDA:20,0,1,-
DA:22,3789
DA:24,1466
BRDA:24,1,0,1466
DA:25,1464
DA:26,2
BRDA:26,1,1,2
DA:28,2
DA:33,6
FN:33,ProxyOwnableUpgrader._authorizeUpgrade
FNDA:6,ProxyOwnableUpgrader._authorizeUpgrade
DA:34,6
BRDA:34,2,0,3
DA:35,3
FNF:4
FNH:4
LF:14
LH:14
BRF:5
BRH:4
end_of_record
TN:
SF:pkg/contracts/src/ProxyOwner.sol
DA:15,9
FN:15,ProxyOwner.initialize
FNDA:9,ProxyOwner.initialize
DA:16,9
DA:25,3
FN:25,ProxyOwner.transferOwnership
FNDA:3,ProxyOwner.transferOwnership
DA:26,3
DA:27,3
DA:34,10
FN:34,ProxyOwner._transferOwnership
FNDA:10,ProxyOwner._transferOwnership
DA:36,10
DA:42,2
FN:42,ProxyOwner.acceptOwnership
FNDA:2,ProxyOwner.acceptOwnership
DA:43,2
DA:44,2
BRDA:44,0,0,1
DA:45,1
DA:47,1
DA:50,2
FN:50,ProxyOwner._authorizeUpgrade
FNDA:2,ProxyOwner._authorizeUpgrade
FNF:5
FNH:5
LF:13
LH:13
BRF:1
BRH:1
end_of_record
TN:
SF:pkg/contracts/src/RegistryCommunity/CommunityBaseFacet.sol
DA:142,0
FN:142,CommunityBaseFacet.whenNotPaused
FNDA:0,CommunityBaseFacet.whenNotPaused
DA:143,0
DA:147,0
FN:147,CommunityBaseFacet.whenSelectorNotPaused
FNDA:0,CommunityBaseFacet.whenSelectorNotPaused
DA:148,0
DA:152,0
FN:152,CommunityBaseFacet._enforceNotPaused
FNDA:0,CommunityBaseFacet._enforceNotPaused
DA:153,0
BRDA:153,0,0,-
DA:154,0
DA:156,0
DA:157,0
BRDA:157,1,0,-
DA:158,0
DA:162,0
FN:162,CommunityBaseFacet._enforceSelectorNotPaused
FNDA:0,CommunityBaseFacet._enforceSelectorNotPaused
DA:163,0
BRDA:163,2,0,-
DA:164,0
DA:166,0
DA:167,0
BRDA:167,3,0,-
DA:168,0
DA:172,0
FN:172,CommunityBaseFacet._isPauseSelector
FNDA:0,CommunityBaseFacet._isPauseSelector
DA:173,0
DA:174,0
DA:175,0
DA:176,0
DA:177,0
DA:178,0
DA:179,0
DA:180,0
DA:181,0
DA:182,0
FNF:5
FNH:0
LF:27
LH:0
BRF:4
BRH:0
end_of_record
TN:
SF:pkg/contracts/src/RegistryCommunity/RegistryCommunity.sol
DA:219,2
FN:219,RegistryCommunity.onlyCouncilSafe
FNDA:2,RegistryCommunity.onlyCouncilSafe
DA:220,2
BRDA:220,0,0,1
DA:221,1
DA:225,2
FN:225,RegistryCommunity.onlyRegistryMemberSender
FNDA:2,RegistryCommunity.onlyRegistryMemberSender
DA:226,2
BRDA:226,1,0,1
DA:227,1
DA:231,2
FN:231,RegistryCommunity.onlyRegistryMemberAddress
FNDA:2,RegistryCommunity.onlyRegistryMemberAddress
DA:232,2
BRDA:232,2,0,1
DA:233,1
DA:237,161
FN:237,RegistryCommunity.onlyStrategyEnabled
FNDA:161,RegistryCommunity.onlyStrategyEnabled
DA:238,161
BRDA:238,3,0,2
DA:239,2
DA:243,2
FN:243,RegistryCommunity.onlyEmptyCommunity
FNDA:2,RegistryCommunity.onlyEmptyCommunity
DA:244,2
BRDA:244,4,0,1
DA:245,1
DA:249,2
FN:249,RegistryCommunity.onlyStrategyAddress
FNDA:2,RegistryCommunity.onlyStrategyAddress
DA:250,2
BRDA:250,5,0,1
DA:251,1
DA:255,2
FN:255,RegistryCommunity.onlyActivatedInStrategy
FNDA:2,RegistryCommunity.onlyActivatedInStrategy
DA:256,2
BRDA:256,6,0,1
DA:257,1
DA:261,1351
FN:261,RegistryCommunity._revertZeroAddress
FNDA:1351,RegistryCommunity._revertZeroAddress
DA:262,1351
BRDA:262,7,0,6
DA:263,6
DA:267,1
FN:267,RegistryCommunity.setStrategyTemplate
FNDA:1,RegistryCommunity.setStrategyTemplate
DA:268,1
DA:271,3
FN:271,RegistryCommunity.setStrategyFacets
FNDA:3,RegistryCommunity.setStrategyFacets
DA:276,3
DA:277,3
DA:278,3
DA:281,1
FN:281,RegistryCommunity.setCollateralVaultTemplate
FNDA:1,RegistryCommunity.setCollateralVaultTemplate
DA:282,1
DA:287,275
FN:287,RegistryCommunity.initialize
FNDA:275,RegistryCommunity.initialize
DA:299,275
BRDA:299,8,0,-
BRDA:299,8,1,-
DA:300,274
BRDA:300,9,0,-
BRDA:300,9,1,-
DA:301,273
DA:302,275
DA:304,275
DA:305,275
DA:306,275
DA:307,275
DA:309,0
DA:310,0
DA:312,273
DA:314,273
DA:315,272
DA:316,271
DA:317,270
DA:319,269
BRDA:319,10,0,264
DA:320,264
DA:322,269
DA:323,270
DA:324,268
BRDA:324,11,0,2
DA:325,2
DA:327,266
DA:328,266
DA:329,266
DA:330,266
DA:331,266
DA:333,266
DA:334,266
DA:335,266
DA:336,266
DA:338,266
DA:340,266
DA:342,266
DA:344,266
DA:347,266
DA:348,266
DA:350,266
DA:353,276
FN:353,RegistryCommunity._setFacetCuts
FNDA:276,RegistryCommunity._setFacetCuts
DA:354,278
DA:355,2
DA:357,276
DA:358,1591
DA:359,1591
DA:360,1591
DA:361,1591
DA:362,1591
DA:363,1591
DA:364,5274
DA:371,725
FN:371,RegistryCommunity.createPool.0
FNDA:725,RegistryCommunity.createPool.0
DA:376,0
DA:381,1
FN:381,RegistryCommunity.createPool.1
FNDA:1,RegistryCommunity.createPool.1
DA:387,0
DA:391,2
FN:391,RegistryCommunity.setArchived
FNDA:2,RegistryCommunity.setArchived
DA:392,0
DA:396,1250
FN:396,RegistryCommunity.activateMemberInStrategy
FNDA:1250,RegistryCommunity.activateMemberInStrategy
DA:397,0
DA:401,21
FN:401,RegistryCommunity.deactivateMemberInStrategy
FNDA:21,RegistryCommunity.deactivateMemberInStrategy
DA:402,0
DA:406,1320
FN:406,RegistryCommunity.increasePower
FNDA:1320,RegistryCommunity.increasePower
DA:407,0
DA:411,30
FN:411,RegistryCommunity.decreasePower
FNDA:30,RegistryCommunity.decreasePower
DA:412,0
DA:417,3993
FN:417,RegistryCommunity.getMemberPowerInStrategy
FNDA:3993,RegistryCommunity.getMemberPowerInStrategy
DA:418,0
DA:423,1305
FN:423,RegistryCommunity.getMemberStakedAmount
FNDA:1305,RegistryCommunity.getMemberStakedAmount
DA:424,0
DA:429,7
FN:429,RegistryCommunity.addStrategyByPoolId
FNDA:7,RegistryCommunity.addStrategyByPoolId
DA:430,0
DA:435,1197
FN:435,RegistryCommunity.addStrategy
FNDA:1197,RegistryCommunity.addStrategy
DA:436,0
DA:441,2
FN:441,RegistryCommunity.rejectPool
FNDA:2,RegistryCommunity.rejectPool
DA:442,0
DA:447,5
FN:447,RegistryCommunity.removeStrategyByPoolId
FNDA:5,RegistryCommunity.removeStrategyByPoolId
DA:448,0
DA:453,3
FN:453,RegistryCommunity.removeStrategy
FNDA:3,RegistryCommunity.removeStrategy
DA:454,0
DA:459,6
FN:459,RegistryCommunity.setCouncilSafe
FNDA:6,RegistryCommunity.setCouncilSafe
DA:460,0
DA:465,5
FN:465,RegistryCommunity.acceptCouncilSafe
FNDA:5,RegistryCommunity.acceptCouncilSafe
DA:466,0
DA:471,283
FN:471,RegistryCommunity.isMember
FNDA:283,RegistryCommunity.isMember
DA:472,0
DA:477,1430
FN:477,RegistryCommunity.stakeAndRegisterMember
FNDA:1430,RegistryCommunity.stakeAndRegisterMember
DA:478,0
DA:483,3
FN:483,RegistryCommunity.getStakeAmountWithFees
FNDA:3,RegistryCommunity.getStakeAmountWithFees
DA:484,0
DA:489,142
FN:489,RegistryCommunity.getBasisStakedAmount
FNDA:142,RegistryCommunity.getBasisStakedAmount
DA:490,0
DA:495,6
FN:495,RegistryCommunity.setBasisStakedAmount
FNDA:6,RegistryCommunity.setBasisStakedAmount
DA:496,0
DA:501,4
FN:501,RegistryCommunity.setCommunityParams
FNDA:4,RegistryCommunity.setCommunityParams
DA:502,0
DA:507,6
FN:507,RegistryCommunity.setCommunityFee
FNDA:6,RegistryCommunity.setCommunityFee
DA:508,0
DA:513,4
FN:513,RegistryCommunity.isCouncilMember
FNDA:4,RegistryCommunity.isCouncilMember
DA:514,0
DA:519,6
FN:519,RegistryCommunity.unregisterMember
FNDA:6,RegistryCommunity.unregisterMember
DA:520,0
DA:525,10
FN:525,RegistryCommunity.kickMember
FNDA:10,RegistryCommunity.kickMember
DA:526,0
DA:532,11766
FN:532,RegistryCommunity._delegateToFacet
FNDA:11766,RegistryCommunity._delegateToFacet
DA:533,11766
DA:534,11764
DA:535,11764
DA:538,0
DA:541,11766
DA:542,11764
BRDA:542,12,0,24
DA:543,24
DA:547,0
DA:548,0
DA:549,0
DA:551,0
DA:552,0
DA:556,11771
FN:556,RegistryCommunity._enforceNotPaused
FNDA:11771,RegistryCommunity._enforceNotPaused
DA:557,11771
BRDA:557,13,0,2
DA:558,2
DA:560,11769
DA:561,11769
BRDA:561,14,0,11766
DA:562,11766
DA:564,3
BRDA:564,15,0,2
DA:565,2
DA:567,1
BRDA:567,16,0,1
DA:568,1
DA:572,11771
FN:572,RegistryCommunity._isPauseSelector
FNDA:11771,RegistryCommunity._isPauseSelector
DA:573,11771
DA:574,11770
DA:575,11769
DA:576,11769
DA:577,11769
DA:578,11769
DA:579,11769
DA:580,11769
DA:581,11769
DA:582,11769
DA:589,3
FN:589,RegistryCommunity.diamondCut
FNDA:3,RegistryCommunity.diamondCut
DA:593,3
DA:598,5
FN:598,RegistryCommunity.fallback
FNDA:5,RegistryCommunity.fallback
DA:599,5
DA:600,4
DA:601,4
DA:604,0
DA:607,5
DA:609,4
BRDA:609,17,0,1
DA:610,1
DA:614,0
DA:615,0
DA:616,0
DA:618,0
DA:619,0
FNF:44
FNH:44
LF:182
LH:142
BRF:20
BRH:16
end_of_record
TN:
SF:pkg/contracts/src/RegistryCommunity/RegistryCommunityDiamondInit.sol
DA:23,0
FN:23,RegistryCommunityDiamondInit.init
FNDA:0,RegistryCommunityDiamondInit.init
DA:24,0
DA:27,0
DA:28,0
DA:29,0
DA:30,0
FNF:1
FNH:0
LF:6
LH:0
BRF:0
BRH:0
end_of_record
TN:
SF:pkg/contracts/src/RegistryCommunity/facets/CommunityAdminFacet.sol
DA:50,30
FN:50,CommunityAdminFacet.onlyCouncilSafe
FNDA:30,CommunityAdminFacet.onlyCouncilSafe
DA:51,30
BRDA:51,0,0,4
DA:52,4
DA:56,9
FN:56,CommunityAdminFacet.onlyEmptyCommunity
FNDA:9,CommunityAdminFacet.onlyEmptyCommunity
DA:57,9
BRDA:57,1,0,1
DA:58,1
DA:66,3
FN:66,CommunityAdminFacet.isCouncilMember
FNDA:3,CommunityAdminFacet.isCouncilMember
DA:67,3
DA:70,2
FN:70,CommunityAdminFacet.setStrategyTemplate
FNDA:2,CommunityAdminFacet.setStrategyTemplate
DA:71,2
BRDA:71,2,0,-
BRDA:71,2,1,-
DA:72,2
DA:75,2
FN:75,CommunityAdminFacet.setCollateralVaultTemplate
FNDA:2,CommunityAdminFacet.setCollateralVaultTemplate
DA:76,2
BRDA:76,3,0,-
BRDA:76,3,1,-
DA:77,2
DA:80,2
FN:80,CommunityAdminFacet.setArchived
FNDA:2,CommunityAdminFacet.setArchived
DA:81,0
DA:82,2
DA:85,8
FN:85,CommunityAdminFacet.setBasisStakedAmount
FNDA:8,CommunityAdminFacet.setBasisStakedAmount
DA:86,0
DA:87,0
DA:88,6
DA:89,8
DA:92,8
FN:92,CommunityAdminFacet.setCommunityFee
FNDA:8,CommunityAdminFacet.setCommunityFee
DA:93,0
DA:94,7
BRDA:94,4,0,2
DA:95,2
DA:97,5
DA:98,5
DA:101,9
FN:101,CommunityAdminFacet.setCouncilSafe
FNDA:9,CommunityAdminFacet.setCouncilSafe
DA:102,0
DA:103,8
BRDA:103,5,0,2
DA:104,2
DA:106,6
DA:107,6
DA:110,5
FN:110,CommunityAdminFacet.acceptCouncilSafe
FNDA:5,CommunityAdminFacet.acceptCouncilSafe
DA:111,5
BRDA:111,6,0,2
DA:112,2
DA:114,3
DA:115,3
DA:116,3
DA:118,3
DA:121,3
FN:121,CommunityAdminFacet.setCommunityParams
FNDA:3,CommunityAdminFacet.setCommunityParams
DA:122,0
DA:124,3
DA:125,1
DA:126,2
BRDA:126,7,0,2
DA:127,0
DA:128,2
BRDA:128,8,0,2
DA:129,2
DA:131,2
BRDA:131,9,0,1
DA:132,1
DA:133,1
DA:135,2
BRDA:135,10,0,2
DA:136,2
DA:137,2
DA:140,3
BRDA:140,11,0,2
DA:141,2
DA:142,2
DA:144,3
BRDA:144,12,0,2
DA:145,2
DA:147,3
BRDA:147,13,0,1
DA:148,1
DA:149,1
DA:151,3
BRDA:151,14,0,3
DA:152,3
FNF:11
FNH:11
LF:65
LH:58
BRF:17
BRH:13
end_of_record
TN:
SF:pkg/contracts/src/RegistryCommunity/facets/CommunityMemberFacet.sol
DA:36,8
FN:36,CommunityMemberFacet.onlyCouncilSafe
FNDA:8,CommunityMemberFacet.onlyCouncilSafe
DA:37,8
BRDA:37,0,0,1
DA:38,1
DA:42,4
FN:42,CommunityMemberFacet.onlyRegistryMemberSender
FNDA:4,CommunityMemberFacet.onlyRegistryMemberSender
DA:43,4
BRDA:43,1,0,1
DA:44,1
DA:52,1719
FN:52,CommunityMemberFacet.isMember
FNDA:1719,CommunityMemberFacet.isMember
DA:53,1719
DA:56,140
FN:56,CommunityMemberFacet.getBasisStakedAmount
FNDA:140,CommunityMemberFacet.getBasisStakedAmount
DA:57,140
DA:60,1
FN:60,CommunityMemberFacet.getStakeAmountWithFees
FNDA:1,CommunityMemberFacet.getStakeAmountWithFees
DA:61,1
DA:62,1
DA:66,1
DA:69,1428
FN:69,CommunityMemberFacet.stakeAndRegisterMember
FNDA:1428,CommunityMemberFacet.stakeAndRegisterMember
DA:70,1428
DA:71,1428
DA:72,1428
DA:73,1428
DA:74,1428
BRDA:74,2,0,1407
DA:75,1407
DA:77,1407
DA:79,1407
DA:83,1407
BRDA:83,3,0,1403
DA:84,1403
DA:86,1407
BRDA:86,4,0,1359
DA:87,1359
DA:89,1407
DA:91,1407
DA:95,4
FN:95,CommunityMemberFacet.unregisterMember
FNDA:4,CommunityMemberFacet.unregisterMember
DA:96,0
DA:97,3
DA:98,3
DA:99,3
DA:103,3
BRDA:103,5,0,3
DA:104,3
DA:106,3
DA:107,3
DA:110,8
FN:110,CommunityMemberFacet.kickMember
FNDA:8,CommunityMemberFacet.kickMember
DA:111,0
DA:112,7
BRDA:112,6,0,1
DA:113,1
DA:115,6
BRDA:115,7,0,1
DA:116,1
DA:118,5
DA:119,5
DA:121,5
DA:123,5
DA:124,5
DA:131,8
FN:131,CommunityMemberFacet.deactivateAllStrategies
FNDA:8,CommunityMemberFacet.deactivateAllStrategies
DA:132,8
DA:133,8
DA:134,5
FNF:9
FNH:9
LF:53
LH:51
BRF:8
BRH:8
end_of_record
TN:
SF:pkg/contracts/src/RegistryCommunity/facets/CommunityPauseFacet.sol
DA:20,1
FN:20,CommunityPauseFacet.setPauseController
FNDA:1,CommunityPauseFacet.setPauseController
DA:21,0
DA:22,1
DA:23,1
DA:26,0
FN:26,CommunityPauseFacet.pauseController
FNDA:0,CommunityPauseFacet.pauseController
DA:27,0
DA:30,1
FN:30,CommunityPauseFacet.pause.0
FNDA:1,CommunityPauseFacet.pause.0
DA:31,0
DA:32,1
DA:35,0
FN:35,CommunityPauseFacet.pause.1
FNDA:0,CommunityPauseFacet.pause.1
DA:36,0
DA:37,0
DA:40,0
FN:40,CommunityPauseFacet.unpause.0
FNDA:0,CommunityPauseFacet.unpause.0
DA:41,0
DA:42,0
DA:45,0
FN:45,CommunityPauseFacet.unpause.1
FNDA:0,CommunityPauseFacet.unpause.1
DA:46,0
DA:47,0
DA:50,0
FN:50,CommunityPauseFacet.isPaused.0
FNDA:0,CommunityPauseFacet.isPaused.0
DA:51,0
DA:52,0
BRDA:52,0,0,-
DA:53,0
DA:55,0
DA:58,0
FN:58,CommunityPauseFacet.isPaused.1
FNDA:0,CommunityPauseFacet.isPaused.1
DA:59,0
DA:60,0
BRDA:60,1,0,-
DA:61,0
DA:63,0
DA:66,0
FN:66,CommunityPauseFacet.pausedUntil
FNDA:0,CommunityPauseFacet.pausedUntil
DA:67,0
DA:70,0
FN:70,CommunityPauseFacet.pausedSelectorUntil
FNDA:0,CommunityPauseFacet.pausedSelectorUntil
DA:71,0
DA:74,1
FN:74,CommunityPauseFacet._pauseController
FNDA:1,CommunityPauseFacet._pauseController
DA:75,1
DA:76,1
BRDA:76,2,0,-
DA:77,0
DA:79,1
DA:82,2
FN:82,CommunityPauseFacet._enforceOwner
FNDA:2,CommunityPauseFacet._enforceOwner
DA:83,2
DA:84,2
BRDA:84,3,0,-
DA:85,0
FNF:12
FNH:4
LF:41
LH:12
BRF:4
BRH:0
end_of_record
TN:
SF:pkg/contracts/src/RegistryCommunity/facets/CommunityPoolFacet.sol
DA:51,724
FN:51,CommunityPoolFacet.createPool.0
FNDA:724,CommunityPoolFacet.createPool.0
DA:55,724
DA:61,724
DA:62,724
DA:64,724
BRDA:64,0,0,724
DA:65,724
BRDA:65,1,0,1
DA:66,1
DA:68,723
DA:69,723
DA:70,10725
DA:75,723
DA:78,723
DA:81,724
FN:81,CommunityPoolFacet._configureStrategyFacets
FNDA:724,CommunityPoolFacet._configureStrategyFacets
DA:82,724
BRDA:82,2,0,724
DA:83,724
DA:85,724
DA:88,724
FN:88,CommunityPoolFacet.createPool.1
FNDA:724,CommunityPoolFacet.createPool.1
DA:94,724
DA:95,724
BRDA:95,3,0,724
DA:96,724
DA:98,724
DA:100,724
DA:104,724
FNF:3
FNH:3
LF:23
LH:23
BRF:4
BRH:4
end_of_record
TN:
SF:pkg/contracts/src/RegistryCommunity/facets/CommunityPowerFacet.sol
DA:42,2612
FN:42,CommunityPowerFacet.isMember
FNDA:2612,CommunityPowerFacet.isMember
DA:43,2612
DA:46,1346
FN:46,CommunityPowerFacet.onlyRegistryMemberSender
FNDA:1346,CommunityPowerFacet.onlyRegistryMemberSender
DA:47,1346
BRDA:47,0,0,1
DA:48,1
DA:52,1266
FN:52,CommunityPowerFacet.onlyRegistryMemberAddress
FNDA:1266,CommunityPowerFacet.onlyRegistryMemberAddress
DA:53,1266
BRDA:53,1,0,-
DA:54,0
DA:58,1248
FN:58,CommunityPowerFacet.onlyStrategyEnabled
FNDA:1248,CommunityPowerFacet.onlyStrategyEnabled
DA:59,1248
BRDA:59,2,0,1
DA:60,1
DA:64,1266
FN:64,CommunityPowerFacet.onlyStrategyAddress
FNDA:1266,CommunityPowerFacet.onlyStrategyAddress
DA:65,1266
BRDA:65,3,0,1
DA:66,1
DA:74,3991
FN:74,CommunityPowerFacet.getMemberPowerInStrategy
FNDA:3991,CommunityPowerFacet.getMemberPowerInStrategy
DA:75,3991
DA:78,1303
FN:78,CommunityPowerFacet.getMemberStakedAmount
FNDA:1303,CommunityPowerFacet.getMemberStakedAmount
DA:79,1303
DA:82,1248
FN:82,CommunityPowerFacet.activateMemberInStrategy
FNDA:1248,CommunityPowerFacet.activateMemberInStrategy
DA:83,1248
DA:84,1248
DA:85,1247
DA:87,4
BRDA:87,4,0,4
DA:88,4
DA:91,1243
DA:93,1243
DA:94,1243
DA:96,1243
BRDA:96,5,0,259
BRDA:96,5,1,-
DA:97,259
DA:98,984
BRDA:98,6,0,981
DA:99,981
DA:102,1243
DA:103,1243
DA:105,1243
DA:106,1243
DA:107,7
BRDA:107,7,0,7
DA:108,7
DA:109,7
DA:112,1243
BRDA:112,8,0,1236
DA:113,1236
DA:116,1243
DA:119,19
FN:119,CommunityPowerFacet.deactivateMemberInStrategy
FNDA:19,CommunityPowerFacet.deactivateMemberInStrategy
DA:120,19
DA:121,18
DA:122,18
BRDA:122,9,0,1
DA:123,1
DA:126,17
DA:127,17
DA:128,17
DA:131,1318
FN:131,CommunityPowerFacet.increasePower
FNDA:1318,CommunityPowerFacet.increasePower
DA:132,0
DA:133,2354
DA:134,1317
DA:136,1317
DA:137,1038
DA:138,1038
DA:139,1037
BRDA:139,10,0,1036
DA:140,1036
DA:144,1316
DA:145,1316
DA:146,1316
DA:149,28
FN:149,CommunityPowerFacet.decreasePower
FNDA:28,CommunityPowerFacet.decreasePower
DA:150,0
DA:151,28
DA:152,28
DA:154,28
DA:156,28
BRDA:156,11,0,2
DA:157,2
DA:159,26
DA:160,26
DA:161,26
DA:162,26
DA:163,26
DA:164,26
BRDA:164,12,0,-
BRDA:164,12,1,26
DA:165,0
DA:167,26
DA:170,26
DA:171,26
DA:178,0
FN:178,CommunityPowerFacet.removeStrategyFromMember
FNDA:0,CommunityPowerFacet.removeStrategyFromMember
DA:179,0
DA:180,0
DA:181,0
BRDA:181,13,0,-
DA:182,0
DA:183,0
FNF:12
FNH:11
LF:84
LH:74
BRF:16
BRH:12
end_of_record
TN:
SF:pkg/contracts/src/RegistryCommunity/facets/CommunityStrategyFacet.sol
DA:33,1212
FN:33,CommunityStrategyFacet.onlyCouncilSafe
FNDA:1212,CommunityStrategyFacet.onlyCouncilSafe
DA:34,1212
BRDA:34,0,0,3
DA:35,3
DA:43,6
FN:43,CommunityStrategyFacet.addStrategyByPoolId
FNDA:6,CommunityStrategyFacet.addStrategyByPoolId
DA:44,0
DA:45,6
DA:46,5
DA:49,1198
FN:49,CommunityStrategyFacet.addStrategy
FNDA:1198,CommunityStrategyFacet.addStrategy
DA:50,0
DA:51,1198
DA:54,4
FN:54,CommunityStrategyFacet.removeStrategyByPoolId
FNDA:4,CommunityStrategyFacet.removeStrategyByPoolId
DA:55,0
DA:56,4
DA:57,3
DA:60,2
FN:60,CommunityStrategyFacet.removeStrategy
FNDA:2,CommunityStrategyFacet.removeStrategy
DA:61,0
DA:62,2
DA:65,2
FN:65,CommunityStrategyFacet.rejectPool
FNDA:2,CommunityStrategyFacet.rejectPool
DA:66,0
DA:67,1
BRDA:67,1,0,1
DA:68,1
DA:70,2
DA:77,1202
FN:77,CommunityStrategyFacet._addStrategy
FNDA:1202,CommunityStrategyFacet._addStrategy
DA:78,1202
BRDA:78,2,0,2
DA:79,2
DA:81,2
BRDA:81,3,0,2
DA:82,2
DA:84,1198
DA:85,1198
DA:86,1198
BRDA:86,4,0,1
DA:87,1
DA:89,1198
DA:92,6
FN:92,CommunityStrategyFacet._removeStrategy
FNDA:6,CommunityStrategyFacet._removeStrategy
DA:93,6
BRDA:93,5,0,1
DA:94,1
DA:96,5
BRDA:96,6,0,1
DA:97,1
DA:99,4
DA:100,4
FNF:8
FNH:8
LF:39
LH:34
BRF:7
BRH:7
end_of_record
TN:
SF:pkg/contracts/src/RegistryFactory/RegistryFactory.sol
DA:60,694
FN:60,RegistryFactory._revertZeroAddress
FNDA:694,RegistryFactory._revertZeroAddress
DA:61,694
BRDA:61,0,0,2
DA:64,1
FN:64,RegistryFactory.setRegistryCommunityTemplate
FNDA:1,RegistryFactory.setRegistryCommunityTemplate
DA:65,1
DA:68,1
FN:68,RegistryFactory.setStrategyTemplate
FNDA:1,RegistryFactory.setStrategyTemplate
DA:69,1
DA:72,1
FN:72,RegistryFactory.setCollateralVaultTemplate
FNDA:1,RegistryFactory.setCollateralVaultTemplate
DA:73,1
DA:76,2
FN:76,RegistryFactory.setStreamingEscrowFactory
FNDA:2,RegistryFactory.setStreamingEscrowFactory
DA:77,2
DA:78,1
DA:79,2
DA:81,230
FN:81,RegistryFactory.initialize
FNDA:230,RegistryFactory.initialize
DA:88,230
DA:89,230
DA:90,230
DA:91,230
DA:92,230
DA:93,230
DA:94,230
DA:95,230
DA:96,230
DA:97,230
DA:101,226
FN:101,RegistryFactory.initializeV2
FNDA:226,RegistryFactory.initializeV2
DA:109,225
DA:110,225
DA:113,227
FN:113,RegistryFactory.setCommunityFacets
FNDA:227,RegistryFactory.setCommunityFacets
DA:118,227
DA:119,227
DA:120,227
DA:123,226
FN:123,RegistryFactory.setStrategyFacets
FNDA:226,RegistryFactory.setStrategyFacets
DA:128,226
DA:129,226
DA:130,226
DA:133,272
FN:133,RegistryFactory.createRegistry
FNDA:272,RegistryFactory.createRegistry
DA:138,272
BRDA:138,1,0,-
BRDA:138,1,1,-
DA:139,271
BRDA:139,2,0,-
BRDA:139,2,1,-
DA:140,272
DA:151,270
FN:151,RegistryFactory._createRegistry
FNDA:270,RegistryFactory._createRegistry
DA:160,270
DA:161,270
DA:163,270
DA:180,269
DA:181,269
DA:183,269
DA:184,269
DA:185,0
DA:188,453
FN:188,RegistryFactory._setFacetCuts
FNDA:453,RegistryFactory._setFacetCuts
DA:189,455
DA:190,2
DA:192,453
DA:193,2523
DA:194,2523
DA:195,2523
DA:196,2523
DA:197,2523
DA:198,2523
DA:199,11012
DA:204,540
FN:204,RegistryFactory._copyFacetCuts
FNDA:540,RegistryFactory._copyFacetCuts
DA:209,540
DA:210,540
DA:211,3170
DA:212,3170
DA:213,3170
DA:214,3170
DA:215,3170
DA:216,13953
DA:219,0
DA:222,2
FN:222,RegistryFactory.setReceiverAddress
FNDA:2,RegistryFactory.setReceiverAddress
DA:223,2
DA:224,1
DA:225,2
DA:228,1359
FN:228,RegistryFactory.getGardensFeeReceiver
FNDA:1359,RegistryFactory.getGardensFeeReceiver
DA:229,1359
DA:232,1
FN:232,RegistryFactory.getStreamingEscrowFactory
FNDA:1,RegistryFactory.getStreamingEscrowFactory
DA:233,1
DA:236,195
FN:236,RegistryFactory.setProtocolFee
FNDA:195,RegistryFactory.setProtocolFee
DA:237,195
DA:238,195
DA:241,5
FN:241,RegistryFactory.setCommunityValidity
FNDA:5,RegistryFactory.setCommunityValidity
DA:242,5
DA:243,5
DA:246,5
FN:246,RegistryFactory.getCommunityValidity
FNDA:5,RegistryFactory.getCommunityValidity
DA:247,5
DA:250,4
FN:250,RegistryFactory.setProtopianAddress
FNDA:4,RegistryFactory.setProtopianAddress
DA:251,4
DA:252,4
DA:255,4
BRDA:255,3,0,4
BRDA:255,3,1,1
DA:256,4
DA:258,1
DA:262,3
FN:262,RegistryFactory.setKeeperAddress
FNDA:3,RegistryFactory.setKeeperAddress
DA:263,3
DA:264,3
DA:267,3
BRDA:267,4,0,3
BRDA:267,4,1,1
DA:268,3
DA:270,1
DA:274,1437
FN:274,RegistryFactory.getProtocolFee
FNDA:1437,RegistryFactory.getProtocolFee
DA:275,1437
BRDA:275,5,0,2
DA:276,2
DA:280,1
BRDA:280,6,0,1
DA:281,1
DA:286,1434
DA:287,1434
DA:288,1
BRDA:288,7,0,1
DA:289,1
DA:293,1433
BRDA:293,8,0,1432
DA:294,1432
DA:295,1432
DA:296,1
BRDA:296,9,0,1
DA:297,1
DA:302,1432
FNF:22
FNH:22
LF:111
LH:109
BRF:14
BRH:10
end_of_record
TN:
SF:pkg/contracts/src/SafeArbitrator.sol
DA:49,10
FN:49,SafeArbitrator.onlySafe
FNDA:10,SafeArbitrator.onlySafe
DA:50,10
DA:51,10
BRDA:51,0,0,9
BRDA:51,0,1,1
DA:54,1
DA:59,209
FN:59,SafeArbitrator.initialize
FNDA:209,SafeArbitrator.initialize
DA:60,209
DA:61,0
DA:62,209
DA:63,209
DA:68,1
FN:68,SafeArbitrator.setArbitrationFee
FNDA:1,SafeArbitrator.setArbitrationFee
DA:69,1
DA:70,1
DA:73,751
FN:73,SafeArbitrator.registerSafe
FNDA:751,SafeArbitrator.registerSafe
DA:74,751
DA:75,751
DA:79,16
FN:79,SafeArbitrator.createDispute.0
FNDA:16,SafeArbitrator.createDispute.0
DA:86,16
BRDA:86,1,0,1
DA:87,1
DA:89,15
DA:90,15
DA:91,15
DA:103,15
DA:107,1
FN:107,SafeArbitrator.createDispute.1
FNDA:1,SafeArbitrator.createDispute.1
DA:118,1
DA:125,9
FN:125,SafeArbitrator.executeRuling
FNDA:9,SafeArbitrator.executeRuling
DA:126,9
DA:128,9
BRDA:128,2,0,1
DA:129,1
DA:131,8
BRDA:131,3,0,1
DA:132,1
DA:135,7
DA:136,7
DA:138,7
DA:139,7
BRDA:139,4,0,-
BRDA:139,4,1,-
DA:141,7
DA:142,7
DA:146,18
FN:146,SafeArbitrator.arbitrationCost.0
FNDA:18,SafeArbitrator.arbitrationCost.0
DA:154,18
DA:158,1
FN:158,SafeArbitrator.arbitrationCost.1
FNDA:1,SafeArbitrator.arbitrationCost.1
DA:170,1
DA:173,1
FN:173,SafeArbitrator.currentRuling
FNDA:1,SafeArbitrator.currentRuling
DA:174,1
DA:175,1
DA:176,1
DA:177,1
FNF:10
FNH:10
LF:45
LH:44
BRF:7
BRH:5
end_of_record
TN:
SF:pkg/contracts/src/diamonds/facets/DiamondCutFacet.sol
DA:22,3
FN:22,DiamondCutFacet.diamondCut
FNDA:3,DiamondCutFacet.diamondCut
DA:23,3
DA:24,3
FNF:1
FNH:1
LF:3
LH:3
BRF:0
BRH:0
end_of_record
TN:
SF:pkg/contracts/src/diamonds/facets/DiamondLoupeFacet.sol
DA:27,1
FN:27,DiamondLoupeFacet.facets
FNDA:1,DiamondLoupeFacet.facets
DA:28,1
DA:29,1
DA:31,1
DA:33,1
DA:35,1
DA:37,1
DA:38,9
DA:39,9
DA:40,9
DA:42,9
DA:43,12
BRDA:43,0,0,6
DA:44,6
DA:45,6
DA:46,6
DA:47,0
DA:51,6
BRDA:51,1,0,6
DA:52,6
DA:53,6
DA:56,3
DA:57,3
DA:58,3
DA:59,3
DA:60,3
DA:62,1
DA:63,3
DA:64,3
DA:67,0
DA:72,0
DA:79,4
FN:79,DiamondLoupeFacet.facetFunctionSelectors
FNDA:4,DiamondLoupeFacet.facetFunctionSelectors
DA:85,4
DA:86,4
DA:87,4
DA:88,4
DA:90,4
DA:91,36
DA:92,36
DA:93,36
BRDA:93,2,0,9
DA:94,9
DA:95,9
DA:100,0
DA:106,1
FN:106,DiamondLoupeFacet.facetAddresses
FNDA:1,DiamondLoupeFacet.facetAddresses
DA:107,1
DA:108,1
DA:110,1
DA:111,1
DA:113,1
DA:114,9
DA:115,9
DA:116,9
DA:118,9
DA:119,12
BRDA:119,3,0,6
DA:120,6
DA:121,0
DA:125,6
BRDA:125,4,0,6
DA:126,6
DA:127,6
DA:130,3
DA:131,3
DA:135,0
DA:143,3
FN:143,DiamondLoupeFacet.facetAddress
FNDA:3,DiamondLoupeFacet.facetAddress
DA:144,3
DA:145,3
DA:149,2
FN:149,DiamondLoupeFacet.supportsInterface
FNDA:2,DiamondLoupeFacet.supportsInterface
DA:150,2
DA:151,2
FNF:5
FNH:5
LF:66
LH:60
BRF:5
BRH:5
end_of_record
TN:
SF:pkg/contracts/src/diamonds/facets/OwnershipFacet.sol
DA:8,4
FN:8,OwnershipFacet.transferOwnership
FNDA:4,OwnershipFacet.transferOwnership
DA:9,4
DA:10,4
DA:13,3
FN:13,OwnershipFacet.owner
FNDA:3,OwnershipFacet.owner
DA:14,3
FNF:2
FNH:2
LF:5
LH:5
BRF:0
BRH:0
end_of_record
TN:
SF:pkg/contracts/src/diamonds/libraries/LibDiamond.sol
DA:56,18094
FN:56,LibDiamond.diamondStorage
FNDA:18094,LibDiamond.diamondStorage
DA:61,18094
DA:63,0
DA:72,1049
FN:72,LibDiamond.setContractOwner
[...]
DA:230,0
DA:233,2
FN:233,RegistryCommunityHarness.exposedOnlyStrategyAddress
FNDA:2,RegistryCommunityHarness.exposedOnlyStrategyAddress
DA:234,2
DA:237,2
FN:237,RegistryCommunityHarness.exposedOnlyActivatedInStrategy
FNDA:2,RegistryCommunityHarness.exposedOnlyActivatedInStrategy
DA:238,2
DA:241,1
FN:241,RegistryCommunityHarness.exposedRevertZeroAddress
FNDA:1,RegistryCommunityHarness.exposedRevertZeroAddress
DA:242,1
DA:245,2
FN:245,RegistryCommunityHarness.strategyFacetCutsLength
FNDA:2,RegistryCommunityHarness.strategyFacetCutsLength
DA:246,2
DA:249,3
FN:249,RegistryCommunityHarness.strategyFacetSelectorAt
FNDA:3,RegistryCommunityHarness.strategyFacetSelectorAt
DA:250,3
DA:253,4
FN:253,RegistryCommunityHarness.isMember.1
FNDA:4,RegistryCommunityHarness.isMember.1
DA:254,4
FNF:52
FNH:27
LF:92
LH:54
BRF:0
BRH:0
end_of_record
TN:
SF:pkg/contracts/test/RegistryCommunityDiamondInit.t.sol
DA:14,1
FN:14,DiamondInitHarness.callInit
FNDA:1,DiamondInitHarness.callInit
DA:15,1
DA:16,1
BRDA:16,0,0,-
BRDA:16,0,1,-
DA:19,4
FN:19,DiamondInitHarness.supportsInterface
FNDA:4,DiamondInitHarness.supportsInterface
DA:20,4
DA:21,4
FNF:2
FNH:2
LF:6
LH:6
BRF:2
BRH:0
end_of_record
TN:
SF:pkg/contracts/test/RegistryFactory.t.sol
DA:17,19
FN:17,MockSafe.constructor
FNDA:19,MockSafe.constructor
DA:18,19
DA:21,3
FN:21,MockSafe.getOwners
FNDA:3,MockSafe.getOwners
DA:22,3
DA:29,7
FN:29,MockRegistryCommunity.initialize
FNDA:7,MockRegistryCommunity.initialize
DA:41,7
DA:44,0
FN:44,MockRegistryCommunity.diamondCut
FNDA:0,MockRegistryCommunity.diamondCut
DA:46,1
FN:46,MockRegistryCommunity.setCouncilSafe
FNDA:1,MockRegistryCommunity.setCouncilSafe
DA:47,1
FNF:5
FNH:4
LF:9
LH:8
BRF:0
BRH:0
end_of_record
TN:
SF:pkg/contracts/test/StreamingEscrowFactory.t.sol
DA:16,0
FN:16,MockGDA.getAccountFlowInfo
FNDA:0,MockGDA.getAccountFlowInfo
DA:17,0
DA:26,2
FN:26,MockHost.constructor.0
FNDA:2,MockHost.constructor.0
DA:27,2
DA:30,2
FN:30,MockHost.getAgreementClass
FNDA:2,MockHost.getAgreementClass
DA:31,2
DA:34,1
FN:34,MockHost.callAgreement
FNDA:1,MockHost.callAgreement
DA:35,1
DA:38,1
FN:38,MockHost.registerAppByFactory
FNDA:1,MockHost.registerAppByFactory
DA:39,1
DA:40,1
DA:54,2
FN:54,MockSuperToken.constructor.1
FNDA:2,MockSuperToken.constructor.1
DA:55,2
DA:58,2
FN:58,MockSuperToken.getHost
FNDA:2,MockSuperToken.getHost
DA:59,2
DA:62,0
FN:62,MockSuperToken.connectPool
FNDA:0,MockSuperToken.connectPool
DA:63,0
DA:66,0
FN:66,MockSuperToken.balanceOf
FNDA:0,MockSuperToken.balanceOf
DA:67,0
DA:70,0
FN:70,MockSuperToken.transfer
FNDA:0,MockSuperToken.transfer
DA:71,0
DA:72,0
DA:73,0
DA:76,0
FN:76,MockSuperToken.flow
FNDA:0,MockSuperToken.flow
DA:77,0
DA:78,0
DA:79,0
DA:82,0
FN:82,MockSuperToken.flowWithCtx
FNDA:0,MockSuperToken.flowWithCtx
DA:83,0
DA:84,0
DA:85,0
FNF:12
FNH:6
LF:31
LH:13
BRF:0
BRH:0
end_of_record
TN:
SF:pkg/contracts/test/helpers/CVStrategyHelpers.sol
DA:33,47
FN:33,MockAlloWithPool.setPoolToken
FNDA:47,MockAlloWithPool.setPoolToken
DA:34,47
DA:37,15
FN:37,MockAlloWithPool.getPool
FNDA:15,MockAlloWithPool.getPool
DA:38,15
DA:41,0
FN:41,MockAlloWithPool.setPoolManager
FNDA:0,MockAlloWithPool.setPoolManager
DA:42,0
DA:45,0
FN:45,MockAlloWithPool.isPoolManager
FNDA:0,MockAlloWithPool.isPoolManager
DA:46,0
DA:56,40
FN:56,MockRegistryCommunity.setMember
FNDA:40,MockRegistryCommunity.setMember
DA:57,40
DA:60,7
FN:60,MockRegistryCommunity.setRole
FNDA:7,MockRegistryCommunity.setRole
DA:61,7
DA:64,27
FN:64,MockRegistryCommunity.setCouncilSafe
FNDA:27,MockRegistryCommunity.setCouncilSafe
DA:65,27
DA:68,16
FN:68,MockRegistryCommunity.setStrategyEnabled
FNDA:16,MockRegistryCommunity.setStrategyEnabled
DA:69,16
DA:72,9
FN:72,MockRegistryCommunity.isMember
FNDA:9,MockRegistryCommunity.isMember
DA:73,9
DA:76,11
FN:76,MockRegistryCommunity.hasRole
FNDA:11,MockRegistryCommunity.hasRole
DA:77,11
DA:80,5
FN:80,MockRegistryCommunity.onlyStrategyEnabled
FNDA:5,MockRegistryCommunity.onlyStrategyEnabled
DA:81,5
BRDA:81,0,0,-
BRDA:81,0,1,-
DA:84,0
FN:84,MockRegistryCommunity.getBasisStakedAmount
FNDA:0,MockRegistryCommunity.getBasisStakedAmount
DA:85,0
DA:95,4
FN:95,MockSybilScorer.setCanExecute
FNDA:4,MockSybilScorer.setCanExecute
DA:96,4
DA:99,4
FN:99,MockSybilScorer.canExecuteAction
FNDA:4,MockSybilScorer.canExecuteAction
DA:100,4
DA:103,0
FN:103,MockSybilScorer.modifyThreshold
FNDA:0,MockSybilScorer.modifyThreshold
DA:105,2
FN:105,MockSybilScorer.addStrategy
FNDA:2,MockSybilScorer.addStrategy
DA:106,2
DA:107,2
DA:108,2
DA:111,0
FN:111,MockSybilScorer.activateStrategy
FNDA:0,MockSybilScorer.activateStrategy
DA:117,1
FN:117,MockArbitrator.registerSafe
FNDA:1,MockArbitrator.registerSafe
DA:118,1
DA:121,0
FN:121,MockArbitrator.createDispute.0
FNDA:0,MockArbitrator.createDispute.0
DA:122,0
DA:125,0
FN:125,MockArbitrator.createDispute.1
FNDA:0,MockArbitrator.createDispute.1
DA:126,0
DA:129,0
FN:129,MockArbitrator.arbitrationCost.0
FNDA:0,MockArbitrator.arbitrationCost.0
DA:130,0
DA:133,0
FN:133,MockArbitrator.arbitrationCost.1
FNDA:0,MockArbitrator.arbitrationCost.1
DA:134,0
DA:137,0
FN:137,MockArbitrator.currentRuling
FNDA:0,MockArbitrator.currentRuling
DA:138,0
DA:147,0
FN:147,MockCollateralVault.initialize
FNDA:0,MockCollateralVault.initialize
DA:149,1
FN:149,MockCollateralVault.depositCollateral
FNDA:1,MockCollateralVault.depositCollateral
DA:150,1
DA:151,1
DA:152,1
DA:155,1
FN:155,MockCollateralVault.withdrawCollateral
FNDA:1,MockCollateralVault.withdrawCollateral
DA:156,1
DA:157,1
DA:158,1
DA:161,0
FN:161,MockCollateralVault.withdrawCollateralFor
FNDA:0,MockCollateralVault.withdrawCollateralFor
DA:162,0
DA:163,0
DA:164,0
DA:170,15
FN:170,CVProposalFacetHarness.setAllo.0
FNDA:15,CVProposalFacetHarness.setAllo.0
DA:171,15
DA:174,15
FN:174,CVProposalFacetHarness.setPoolId.0
FNDA:15,CVProposalFacetHarness.setPoolId.0
DA:175,15
DA:178,0
FN:178,CVProposalFacetHarness.setCollateralVaultTemplateRaw.0
FNDA:0,CVProposalFacetHarness.setCollateralVaultTemplateRaw.0
DA:179,0
DA:182,15
FN:182,CVProposalFacetHarness.setRegistryCommunity.0
FNDA:15,CVProposalFacetHarness.setRegistryCommunity.0
DA:183,15
DA:186,15
FN:186,CVProposalFacetHarness.setProposalType
FNDA:15,CVProposalFacetHarness.setProposalType
DA:187,15
DA:190,15
FN:190,CVProposalFacetHarness.setCollateralVault
FNDA:15,CVProposalFacetHarness.setCollateralVault
DA:191,15
DA:194,16
FN:194,CVProposalFacetHarness.setArbitrableConfig.0
FNDA:16,CVProposalFacetHarness.setArbitrableConfig.0
DA:195,16
DA:196,16
DA:199,9
FN:199,CVProposalFacetHarness.seedProposal
FNDA:9,CVProposalFacetHarness.seedProposal
DA:209,9
DA:210,9
DA:211,9
DA:212,9
DA:213,9
DA:214,9
DA:215,9
DA:216,9
DA:217,9
DA:218,9
DA:219,9
DA:220,9
DA:221,9
BRDA:221,1,0,9
DA:222,9
DA:226,1
FN:226,CVProposalFacetHarness.getProposalStatus
FNDA:1,CVProposalFacetHarness.getProposalStatus
DA:227,1
DA:230,1
FN:230,CVProposalFacetHarness.getProposalRequestedAmount
FNDA:1,CVProposalFacetHarness.getProposalRequestedAmount
DA:231,1
DA:234,1
FN:234,CVProposalFacetHarness.getProposalBeneficiary
FNDA:1,CVProposalFacetHarness.getProposalBeneficiary
DA:235,1
DA:238,1
FN:238,CVProposalFacetHarness.getProposalMetadataPointer
FNDA:1,CVProposalFacetHarness.getProposalMetadataPointer
DA:239,1
DA:244,6
FN:244,CVStrategyBaseFacetHarness.setAllo.1
FNDA:6,CVStrategyBaseFacetHarness.setAllo.1
DA:245,6
DA:248,8
FN:248,CVStrategyBaseFacetHarness.setPoolId.1
FNDA:8,CVStrategyBaseFacetHarness.setPoolId.1
DA:249,8
DA:252,6
FN:252,CVStrategyBaseFacetHarness.setRegistryCommunity.1
FNDA:6,CVStrategyBaseFacetHarness.setRegistryCommunity.1
DA:253,6
DA:256,1
FN:256,CVStrategyBaseFacetHarness.setSybilScorer.0
FNDA:1,CVStrategyBaseFacetHarness.setSybilScorer.0
DA:257,1
DA:260,0
FN:260,CVStrategyBaseFacetHarness.setCvParams.0
FNDA:0,CVStrategyBaseFacetHarness.setCvParams.0
DA:261,0
DA:264,1
FN:264,CVStrategyBaseFacetHarness.setSuperfluidToken.0
FNDA:1,CVStrategyBaseFacetHarness.setSuperfluidToken.0
DA:265,1
DA:268,1
FN:268,CVStrategyBaseFacetHarness.setProposal.0
FNDA:1,CVStrategyBaseFacetHarness.setProposal.0
DA:269,1
DA:270,1
DA:271,1
DA:272,1
DA:273,1
DA:276,6
FN:276,CVStrategyBaseFacetHarness.setContractOwner
FNDA:6,CVStrategyBaseFacetHarness.setContractOwner
DA:277,6
DA:280,2
FN:280,CVStrategyBaseFacetHarness.exposedOnlyAllo
FNDA:2,CVStrategyBaseFacetHarness.exposedOnlyAllo
DA:282,2
FN:282,CVStrategyBaseFacetHarness.exposedOnlyInitialized
FNDA:2,CVStrategyBaseFacetHarness.exposedOnlyInitialized
DA:284,2
FN:284,CVStrategyBaseFacetHarness.exposedOnlyRegistryCommunity.0
FNDA:2,CVStrategyBaseFacetHarness.exposedOnlyRegistryCommunity.0
DA:286,2
FN:286,CVStrategyBaseFacetHarness.exposedCheckSenderIsMember.0
FNDA:2,CVStrategyBaseFacetHarness.exposedCheckSenderIsMember.0
DA:287,2
DA:290,3
FN:290,CVStrategyBaseFacetHarness.exposedOnlyCouncilSafe.0
FNDA:3,CVStrategyBaseFacetHarness.exposedOnlyCouncilSafe.0
DA:291,0
DA:294,3
FN:294,CVStrategyBaseFacetHarness.exposedOnlyCouncilSafeOrMember.0
FNDA:3,CVStrategyBaseFacetHarness.exposedOnlyCouncilSafeOrMember.0
DA:295,0
DA:298,2
FN:298,CVStrategyBaseFacetHarness.exposedCanExecuteAction.0
FNDA:2,CVStrategyBaseFacetHarness.exposedCanExecuteAction.0
DA:299,2
DA:302,2
FN:302,CVStrategyBaseFacetHarness.exposedProposalExists.0
FNDA:2,CVStrategyBaseFacetHarness.exposedProposalExists.0
DA:303,2
DA:306,1
FN:306,CVStrategyBaseFacetHarness.exposedCalculateAndSetConviction.0
FNDA:1,CVStrategyBaseFacetHarness.exposedCalculateAndSetConviction.0
DA:307,1
DA:310,2
FN:310,CVStrategyBaseFacetHarness.exposedCheckBlockAndCalculateConviction.0
FNDA:2,CVStrategyBaseFacetHarness.exposedCheckBlockAndCalculateConviction.0
DA:315,2
DA:318,2
FN:318,CVStrategyBaseFacetHarness.exposedGetPoolAmount
FNDA:2,CVStrategyBaseFacetHarness.exposedGetPoolAmount
DA:319,2
DA:324,23
FN:324,CVStrategyHarness.setAllo.2
FNDA:23,CVStrategyHarness.setAllo.2
DA:325,23
DA:328,21
FN:328,CVStrategyHarness.setPoolId.2
FNDA:21,CVStrategyHarness.setPoolId.2
DA:329,21
DA:332,2
FN:332,CVStrategyHarness.setCollateralVaultTemplateRaw.1
FNDA:2,CVStrategyHarness.setCollateralVaultTemplateRaw.1
DA:333,2
DA:336,23
FN:336,CVStrategyHarness.setRegistryCommunity.2
FNDA:23,CVStrategyHarness.setRegistryCommunity.2
DA:337,23
DA:340,1
FN:340,CVStrategyHarness.setSybilScorer.1
FNDA:1,CVStrategyHarness.setSybilScorer.1
DA:341,1
DA:344,1
FN:344,CVStrategyHarness.setPointConfig
FNDA:1,CVStrategyHarness.setPointConfig
DA:345,1
DA:348,1
FN:348,CVStrategyHarness.setPointSystem
FNDA:1,CVStrategyHarness.setPointSystem
DA:349,1
DA:352,6
FN:352,CVStrategyHarness.setCvParams.1
FNDA:6,CVStrategyHarness.setCvParams.1
DA:353,6
DA:356,2
FN:356,CVStrategyHarness.setSuperfluidToken.1
FNDA:2,CVStrategyHarness.setSuperfluidToken.1
DA:357,2
DA:360,8
FN:360,CVStrategyHarness.setProposal.1
FNDA:8,CVStrategyHarness.setProposal.1
DA:368,8
DA:369,8
DA:370,8
DA:371,8
DA:372,8
DA:373,8
DA:374,8
DA:375,8
DA:378,1
FN:378,CVStrategyHarness.setArbitrableConfig.1
FNDA:1,CVStrategyHarness.setArbitrableConfig.1
DA:379,1
DA:380,1
DA:383,1
FN:383,CVStrategyHarness.setProposalVoterStake
FNDA:1,CVStrategyHarness.setProposalVoterStake
DA:384,1
DA:387,1
FN:387,CVStrategyHarness.setProposalStakedAmount
FNDA:1,CVStrategyHarness.setProposalStakedAmount
DA:388,1
DA:391,2
FN:391,CVStrategyHarness.setTotalPointsActivated
FNDA:2,CVStrategyHarness.setTotalPointsActivated
DA:392,2
DA:395,0
FN:395,CVStrategyHarness.exposedCalculateAndSetConviction.1
FNDA:0,CVStrategyHarness.exposedCalculateAndSetConviction.1
DA:396,0
DA:399,2
FN:399,CVStrategyHarness.exposedCheckBlockAndCalculateConviction.1
FNDA:2,CVStrategyHarness.exposedCheckBlockAndCalculateConviction.1
DA:404,2
DA:407,3
FN:407,CVStrategyHarness.exposedCheckSenderIsMember.1
FNDA:3,CVStrategyHarness.exposedCheckSenderIsMember.1
DA:408,3
DA:411,2
FN:411,CVStrategyHarness.exposedOnlyRegistryCommunity.1
FNDA:2,CVStrategyHarness.exposedOnlyRegistryCommunity.1
DA:412,0
DA:415,2
FN:415,CVStrategyHarness.exposedOnlyCouncilSafe.1
FNDA:2,CVStrategyHarness.exposedOnlyCouncilSafe.1
DA:416,0
DA:419,3
FN:419,CVStrategyHarness.exposedOnlyCouncilSafeOrMember.1
FNDA:3,CVStrategyHarness.exposedOnlyCouncilSafeOrMember.1
DA:420,0
DA:423,4
FN:423,CVStrategyHarness.exposedCanExecuteAction.1
FNDA:4,CVStrategyHarness.exposedCanExecuteAction.1
DA:424,4
DA:427,2
FN:427,CVStrategyHarness.exposedCheckProposalAllocationValidity
FNDA:2,CVStrategyHarness.exposedCheckProposalAllocationValidity
DA:428,2
DA:431,2
FN:431,CVStrategyHarness.exposedProposalExists.1
FNDA:2,CVStrategyHarness.exposedProposalExists.1
DA:432,2
DA:435,1
FN:435,CVStrategyHarness.exposedIsOverMaxRatio
FNDA:1,CVStrategyHarness.exposedIsOverMaxRatio
DA:436,1
DA:439,2
FN:439,CVStrategyHarness.exposedApplyDelta
FNDA:2,CVStrategyHarness.exposedApplyDelta
DA:440,2
DA:443,3
FN:443,CVStrategyHarness.getProposalThreshold
FNDA:3,CVStrategyHarness.getProposalThreshold
DA:444,3
DA:445,0
DA:450,0
FN:450,DummyFacet.ping
FNDA:0,DummyFacet.ping
DA:451,0
FNF:85
FNH:69
LF:199
LH:162
BRF:3
BRH:1
end_of_record
TN:
SF:pkg/contracts/test/helpers/CommunityDiamondConfigurator.sol
DA:17,207
FN:17,CommunityDiamondConfiguratorBase._buildFacetCuts
FNDA:207,CommunityDiamondConfiguratorBase._buildFacetCuts
DA:24,207
DA:26,207
DA:27,207
DA:28,207
DA:29,207
DA:30,207
DA:31,207
DA:32,207
DA:33,207
DA:34,207
DA:35,207
DA:36,207
DA:40,207
DA:41,207
DA:42,207
DA:43,207
DA:44,207
DA:45,207
DA:46,207
DA:47,207
DA:53,207
DA:54,207
DA:59,207
DA:64,207
DA:68,207
DA:69,207
DA:70,207
DA:71,207
DA:72,207
DA:73,207
DA:74,207
DA:75,207
DA:79,207
DA:80,207
DA:81,207
DA:82,207
DA:83,207
DA:84,207
DA:85,207
DA:92,207
FN:92,CommunityDiamondConfiguratorBase._buildLoupeFacetCut
FNDA:207,CommunityDiamondConfiguratorBase._buildLoupeFacetCut
DA:98,207
DA:99,207
DA:100,207
DA:101,207
DA:102,207
DA:103,207
DA:104,207
DA:124,207
FN:124,CommunityDiamondConfigurator.constructor
FNDA:207,CommunityDiamondConfigurator.constructor
DA:126,207
DA:127,207
DA:128,207
DA:129,207
DA:130,207
DA:131,207
DA:132,207
DA:139,207
FN:139,CommunityDiamondConfigurator.getFacetCuts.0
FNDA:207,CommunityDiamondConfigurator.getFacetCuts.0
DA:140,207
DA:141,207
DA:144,207
DA:145,207
DA:146,207
DA:147,1035
DA:154,0
FN:154,CommunityDiamondConfigurator.getFacetCuts.1
FNDA:0,CommunityDiamondConfigurator.getFacetCuts.1
DA:162,0
DA:166,0
DA:167,0
DA:168,0
DA:169,0
DA:178,0
FN:178,CommunityDiamondConfigurator.configureFacets
FNDA:0,CommunityDiamondConfigurator.configureFacets
DA:179,0
DA:180,0
FNF:6
FNH:4
LF:72
LH:63
BRF:0
BRH:0
end_of_record
TN:
SF:pkg/contracts/test/helpers/PauseHelpers.sol
DA:10,4
FN:10,MockPauseController.setGlobalPaused
FNDA:4,MockPauseController.setGlobalPaused
DA:11,4
DA:14,2
FN:14,MockPauseController.setSelectorPaused
FNDA:2,MockPauseController.setSelectorPaused
DA:15,2
DA:18,2
FN:18,MockPauseController.pause
FNDA:2,MockPauseController.pause
DA:19,2
DA:22,0
FN:22,MockPauseController.unpause
FNDA:0,MockPauseController.unpause
DA:23,0
DA:26,0
FN:26,MockPauseController.pauseSelector
FNDA:0,MockPauseController.pauseSelector
DA:27,0
DA:30,0
FN:30,MockPauseController.unpauseSelector
FNDA:0,MockPauseController.unpauseSelector
DA:31,0
DA:34,6
FN:34,MockPauseController.isPaused.0
FNDA:6,MockPauseController.isPaused.0
DA:35,6
DA:38,2
FN:38,MockPauseController.isPaused.1
FNDA:2,MockPauseController.isPaused.1
DA:39,2
DA:42,0
FN:42,MockPauseController.pausedUntil
FNDA:0,MockPauseController.pausedUntil
DA:43,0
DA:46,0
FN:46,MockPauseController.pausedSelectorUntil
FNDA:0,MockPauseController.pausedSelectorUntil
DA:47,0
FNF:10
FNH:5
LF:20
LH:10
BRF:0
BRH:0
end_of_record
TN:
SF:pkg/contracts/test/helpers/StrategyDiamondConfigurator.sol
DA:17,868
FN:17,StrategyDiamondConfiguratorBase._buildFacetCuts
FNDA:868,StrategyDiamondConfiguratorBase._buildFacetCuts
DA:24,868
DA:26,868
DA:27,868
DA:28,868
DA:29,868
DA:30,868
DA:34,868
DA:35,868
DA:36,868
DA:37,868
DA:43,868
DA:44,868
DA:45,868
DA:46,868
DA:52,868
DA:53,868
DA:54,868
DA:55,868
DA:56,868
DA:57,868
DA:58,868
DA:62,868
DA:63,868
DA:64,868
DA:65,868
DA:66,868
DA:73,868
FN:73,StrategyDiamondConfiguratorBase._buildLoupeFacetCut
FNDA:868,StrategyDiamondConfiguratorBase._buildLoupeFacetCut
DA:79,868
DA:80,868
DA:81,868
DA:82,868
DA:83,868
DA:84,868
DA:85,868
DA:105,213
FN:105,StrategyDiamondConfigurator.constructor
FNDA:213,StrategyDiamondConfigurator.constructor
DA:107,213
DA:108,213
DA:109,213
DA:110,213
DA:111,213
DA:112,213
DA:113,213
DA:120,868
FN:120,StrategyDiamondConfigurator.getFacetCuts.0
FNDA:868,StrategyDiamondConfigurator.getFacetCuts.0
DA:121,868
DA:122,868
DA:125,868
DA:126,868
DA:127,868
DA:128,4340
DA:135,0
FN:135,StrategyDiamondConfigurator.getFacetCuts.1
FNDA:0,StrategyDiamondConfigurator.getFacetCuts.1
DA:143,0
DA:147,0
DA:148,0
DA:149,0
DA:150,0
DA:159,0
FN:159,StrategyDiamondConfigurator.configureFacets
FNDA:0,StrategyDiamondConfigurator.configureFacets
DA:160,0
DA:161,0
FNF:6
FNH:4
LF:59
LH:50
BRF:0
BRH:0
end_of_record
TN:
SF:pkg/contracts/test/mocks/CVAdminFacetV2.sol
DA:16,1
FN:16,CVAdminFacetV2.VERSION
FNDA:1,CVAdminFacetV2.VERSION
DA:17,1
FNF:1
FNH:1
LF:2
LH:2
BRF:0
BRH:0
end_of_record
TN:
SF:pkg/contracts/test/shared/GasHelpers2.sol
DA:12,0
FN:12,GasHelpers2.setEnableGasLog
FNDA:0,GasHelpers2.setEnableGasLog
DA:13,0
DA:16,295
FN:16,GasHelpers2.startMeasuringGas
FNDA:295,GasHelpers2.startMeasuringGas
DA:17,0
BRDA:17,0,0,-
DA:18,0
DA:20,0
DA:24,197
FN:24,GasHelpers2.stopMeasuringGas
FNDA:197,GasHelpers2.stopMeasuringGas
DA:25,0
BRDA:25,1,0,-
DA:26,0
DA:29,0
DA:31,0
FNF:3
FNH:2
LF:11
LH:2
BRF:2
BRH:0
end_of_record
TN:
SF:pkg/contracts/test/shared/SafeSetup.sol
DA:29,0
FN:29,SafeSetup._councilSafeWithOwner.0
FNDA:0,SafeSetup._councilSafeWithOwner.0
DA:30,0
DA:33,0
FN:33,SafeSetup.setCouncilSafe
FNDA:0,SafeSetup.setCouncilSafe
DA:34,0
DA:37,207
FN:37,SafeSetup._createSafeProxyFactory
FNDA:207,SafeSetup._createSafeProxyFactory
DA:38,207
BRDA:38,0,0,-
DA:39,0
DA:42,207
DA:49,207
FN:49,SafeSetup._createSafe
FNDA:207,SafeSetup._createSafe
DA:50,207
BRDA:50,1,0,-
DA:51,0
DA:53,207
DA:60,414
FN:60,SafeSetup.__createContract
FNDA:414,SafeSetup.__createContract
DA:61,414
DA:62,414
DA:64,0
DA:66,0
DA:68,414
BRDA:68,2,0,-
BRDA:68,2,1,-
DA:72,0
FN:72,SafeSetup.isContract
FNDA:0,SafeSetup.isContract
DA:73,0
DA:75,0
DA:77,0
DA:80,0
FN:80,SafeSetup._councilSafeWithOwner.1
FNDA:0,SafeSetup._councilSafeWithOwner.1
DA:82,0
BRDA:82,3,0,-
DA:83,0
BRDA:83,4,0,-
DA:84,0
DA:86,0
DA:87,0
DA:89,0
DA:92,0
DA:93,0
DA:94,0
DA:95,0
DA:96,0
DA:98,0
DA:101,849
FN:101,SafeSetup._councilSafe
FNDA:849,SafeSetup._councilSafe
DA:103,849
DA:104,849
DA:106,849
BRDA:106,5,0,207
DA:107,207
DA:109,207
DA:110,207
DA:114,207
DA:115,207
DA:119,207
DA:121,207
DA:123,207
DA:124,207
DA:125,207
DA:127,207
DA:130,849
DA:133,151
FN:133,SafeSetup.getHash
FNDA:151,SafeSetup.getHash
DA:134,151
DA:139,151
FN:139,SafeSetup.getSignature
FNDA:151,SafeSetup.getSignature
DA:148,151
DA:150,151
DA:153,151
FN:153,SafeSetup.safeHelper.0
FNDA:151,SafeSetup.safeHelper.0
DA:154,151
DA:157,0
FN:157,SafeSetup.safeHelper.1
FNDA:0,SafeSetup.safeHelper.1
DA:158,0
DA:161,151
FN:161,SafeSetup.safeHelper.2
FNDA:151,SafeSetup.safeHelper.2
DA:164,151
DA:166,151
DA:168,151
FNF:13
FNH:8
LF:64
LH:37
BRF:7
BRH:1
end_of_record
TN:
SF:pkg/contracts/test/shared/TERC20.sol
DA:13,0
FN:13,TERC20.constructor
FNDA:0,TERC20.constructor
DA:14,0
DA:15,0
DA:16,0
DA:19,0
FN:19,TERC20.name
FNDA:0,TERC20.name
DA:20,0
DA:23,0
FN:23,TERC20.symbol
FNDA:0,TERC20.symbol
DA:24,0
DA:27,0
FN:27,TERC20.decimals
FNDA:0,TERC20.decimals
DA:28,0
DA:31,0
FN:31,TERC20.mint
FNDA:0,TERC20.mint
DA:32,0
DA:35,0
FN:35,TERC20.burn
FNDA:0,TERC20.burn
DA:36,0
DA:39,0
FN:39,TERC20.directTransfer
FNDA:0,TERC20.directTransfer
DA:40,0
DA:43,0
FN:43,TERC20.directSpendAllowance
FNDA:0,TERC20.directSpendAllowance
DA:44,0
DA:47,0
FN:47,TERC20.transfer
FNDA:0,TERC20.transfer
DA:48,0
DA:51,0
FN:51,TERC20.transferFrom
FNDA:0,TERC20.transferFrom
DA:52,0
DA:55,0
FN:55,TERC20.increaseAllowance
FNDA:0,TERC20.increaseAllowance
DA:56,0
DA:59,0
FN:59,TERC20.decreaseAllowance
FNDA:0,TERC20.decreaseAllowance
DA:60,0
DA:63,0
FN:63,TERC20._brutalized
FNDA:0,TERC20._brutalized
DA:65,0
FNF:13
FNH:0
LF:28
LH:0
BRF:0
BRH:0
end_of_record
