TN:
SF:script/AddOwner.s.sol
DA:30,0
FN:30,AddOwner.pool_admin
FNDA:0,AddOwner.pool_admin
DA:31,0
DA:34,0
FN:34,AddOwner.run
FNDA:0,AddOwner.run
DA:35,0
DA:36,0
DA:37,0
DA:40,0
DA:41,0
BRDA:41,0,0,-
DA:42,0
DA:45,0
DA:47,0
BRDA:47,1,0,-
DA:48,0
DA:50,0
DA:52,0
DA:54,0
DA:61,0
FNF:2
FNH:0
LF:16
LH:0
BRF:2
BRH:0
end_of_record
TN:
SF:script/AddStrategy.s.sol
DA:40,0
FN:40,AddStrategy.pool_admin
FNDA:0,AddStrategy.pool_admin
DA:41,0
DA:44,0
FN:44,AddStrategy.run.0
FNDA:0,AddStrategy.run.0
DA:45,0
DA:46,0
DA:47,0
DA:48,0
DA:50,0
DA:51,0
BRDA:51,0,0,-
DA:52,0
DA:55,0
DA:57,0
DA:59,0
DA:61,0
DA:64,0
FN:64,AddStrategy.run.1
FNDA:0,AddStrategy.run.1
DA:65,0
DA:66,0
DA:67,0
DA:69,0
DA:70,0
BRDA:70,1,0,-
DA:71,0
DA:74,0
DA:75,0
BRDA:75,2,0,-
DA:76,0
DA:79,0
DA:80,0
BRDA:80,3,0,-
DA:81,0
DA:84,0
DA:86,0
DA:88,0
DA:94,0
DA:96,0
BRDA:96,4,0,-
DA:97,0
DA:100,0
DA:102,0
BRDA:102,5,0,-
DA:103,0
DA:105,0
DA:107,0
DA:109,0
DA:110,0
DA:112,0
DA:114,0
DA:121,0
FNF:3
FNH:0
LF:43
LH:0
BRF:6
BRH:0
end_of_record
TN:
SF:script/BaseMultiChain.s.sol
DA:63,0
FN:63,BaseMultiChain.pool_admin
FNDA:0,BaseMultiChain.pool_admin
DA:64,0
DA:67,0
FN:67,BaseMultiChain.executeJq
FNDA:0,BaseMultiChain.executeJq
DA:68,0
DA:70,0
DA:71,0
DA:72,0
DA:74,0
DA:75,0
DA:76,0
DA:79,0
FN:79,BaseMultiChain.getKeyNetwork
FNDA:0,BaseMultiChain.getKeyNetwork
DA:80,0
DA:81,0
DA:82,0
DA:85,0
FN:85,BaseMultiChain.getNetworkJson
FNDA:0,BaseMultiChain.getNetworkJson
DA:86,0
DA:87,0
DA:88,0
DA:89,0
DA:92,0
FN:92,BaseMultiChain.run.0
FNDA:0,BaseMultiChain.run.0
DA:94,0
DA:95,0
DA:100,0
FN:100,BaseMultiChain.run.1
FNDA:0,BaseMultiChain.run.1
DA:101,0
DA:103,0
BRDA:103,0,0,-
DA:104,0
DA:107,0
DA:109,0
DA:110,0
DA:111,0
DA:113,0
DA:114,0
DA:115,0
DA:117,0
DA:387,0
DA:390,0
FN:390,BaseMultiChain._isEqual
FNDA:0,BaseMultiChain._isEqual
DA:391,0
DA:394,0
FN:394,BaseMultiChain._sleepIfNetwork
FNDA:0,BaseMultiChain._sleepIfNetwork
DA:395,0
BRDA:395,1,0,-
DA:397,0
FNF:8
FNH:0
LF:40
LH:0
BRF:2
BRH:0
end_of_record
TN:
SF:script/DeployCV.s.sol
DA:53,0
FN:53,DeployCV.pool_admin
FNDA:0,DeployCV.pool_admin
DA:54,0
DA:57,0
FN:57,DeployCV.allo_owner
FNDA:0,DeployCV.allo_owner
DA:58,0
DA:61,0
FN:61,DeployCV.scorer_list_manager
FNDA:0,DeployCV.scorer_list_manager
DA:62,0
DA:65,0
FN:65,DeployCV.run
FNDA:0,DeployCV.run
DA:66,0
DA:68,0
DA:70,0
DA:72,0
DA:74,0
DA:76,0
DA:81,0
DA:83,0
DA:85,0
DA:96,0
DA:97,0
DA:99,0
DA:103,0
DA:105,0
DA:107,0
DA:109,0
DA:110,0
DA:111,0
DA:112,0
DA:113,0
DA:114,0
DA:115,0
DA:117,0
DA:118,0
DA:120,0
DA:123,0
DA:124,0
DA:125,0
DA:126,0
DA:128,0
DA:129,0
DA:130,0
DA:131,0
DA:132,0
DA:135,0
DA:136,0
DA:137,0
BRDA:137,0,0,-
DA:140,0
DA:142,0
DA:145,0
DA:146,0
DA:147,0
DA:148,0
DA:149,0
DA:150,0
DA:151,0
DA:152,0
DA:155,0
DA:158,0
DA:160,0
DA:166,0
DA:167,0
DA:169,0
DA:171,0
DA:173,0
DA:209,0
DA:211,0
DA:212,0
DA:213,0
DA:214,0
DA:215,0
DA:216,0
DA:217,0
DA:218,0
DA:220,0
DA:221,0
DA:222,0
DA:223,0
BRDA:223,1,0,-
DA:224,0
DA:225,0
DA:226,0
DA:227,0
DA:230,0
DA:232,0
DA:234,0
DA:253,0
DA:254,0
DA:255,0
DA:256,0
DA:258,0
DA:260,0
DA:262,0
DA:263,0
DA:265,0
DA:266,0
DA:268,0
DA:269,0
DA:270,0
DA:272,0
DA:274,0
DA:275,0
DA:276,0
DA:279,0
FN:279,DeployCV._getPointConfig
FNDA:0,DeployCV._getPointConfig
DA:280,0
DA:281,0
DA:282,0
DA:285,0
FN:285,DeployCV.create_community
FNDA:0,DeployCV.create_community
DA:286,0
DA:288,0
DA:294,0
DA:296,0
DA:298,0
DA:299,0
DA:300,0
DA:301,0
DA:302,0
DA:303,0
DA:304,0
DA:306,0
DA:308,0
DA:310,0
DA:311,0
DA:317,0
DA:319,0
DA:325,0
DA:332,0
DA:334,0
DA:341,0
DA:342,0
DA:343,0
DA:344,0
DA:345,0
DA:346,0
DA:347,0
DA:350,0
DA:362,0
DA:404,0
DA:406,0
DA:407,0
DA:408,0
DA:409,0
DA:410,0
DA:411,0
DA:413,0
DA:414,0
DA:415,0
DA:416,0
BRDA:416,2,0,-
DA:417,0
DA:418,0
DA:419,0
DA:420,0
DA:423,0
DA:425,0
DA:427,0
DA:431,0
DA:432,0
DA:433,0
DA:435,0
DA:436,0
DA:438,0
DA:440,0
DA:442,0
DA:443,0
DA:447,0
DA:449,0
DA:450,0
DA:452,0
DA:454,0
DA:455,0
DA:457,0
DA:458,0
DA:460,0
DA:461,0
DA:462,0
DA:464,0
DA:466,0
DA:467,0
DA:468,0
DA:471,0
FN:471,DeployCV.deployAllo
FNDA:0,DeployCV.deployAllo
DA:472,0
DA:473,0
DA:474,0
DA:476,0
DA:484,0
FNF:7
FNH:0
LF:181
LH:0
BRF:3
BRH:0
end_of_record
TN:
SF:script/DeployCVMultiChain.s.sol
DA:63,0
FN:63,DeployCVMultiChain.pool_admin
FNDA:0,DeployCVMultiChain.pool_admin
DA:64,0
DA:67,0
FN:67,DeployCVMultiChain.executeJq
FNDA:0,DeployCVMultiChain.executeJq
DA:68,0
DA:70,0
DA:71,0
DA:72,0
DA:74,0
DA:75,0
DA:76,0
DA:79,0
FN:79,DeployCVMultiChain.getKeyNetwork
FNDA:0,DeployCVMultiChain.getKeyNetwork
DA:80,0
DA:81,0
DA:82,0
DA:85,0
FN:85,DeployCVMultiChain.getNetworkJson
FNDA:0,DeployCVMultiChain.getNetworkJson
DA:86,0
DA:87,0
DA:88,0
DA:89,0
DA:92,0
FN:92,DeployCVMultiChain.isTestnet
FNDA:0,DeployCVMultiChain.isTestnet
DA:93,0
DA:94,0
DA:97,0
FN:97,DeployCVMultiChain.isNoSafe
FNDA:0,DeployCVMultiChain.isNoSafe
DA:98,0
DA:99,0
DA:102,0
FN:102,DeployCVMultiChain.run.0
FNDA:0,DeployCVMultiChain.run.0
DA:104,0
DA:105,0
DA:108,0
FN:108,DeployCVMultiChain.run.1
FNDA:0,DeployCVMultiChain.run.1
DA:109,0
DA:110,0
BRDA:110,0,0,-
DA:111,0
DA:114,0
DA:116,0
DA:117,0
DA:118,0
DA:119,0
DA:121,0
DA:122,0
DA:123,0
DA:125,0
DA:127,0
BRDA:127,1,0,-
DA:128,0
DA:136,0
DA:138,0
DA:140,0
DA:142,0
BRDA:142,2,0,-
DA:143,0
DA:144,0
BRDA:144,3,0,-
DA:145,0
DA:149,0
DA:152,0
DA:154,0
BRDA:154,4,0,-
DA:155,0
DA:156,0
BRDA:156,5,0,-
DA:157,0
DA:162,0
DA:165,0
DA:167,0
BRDA:167,6,0,-
DA:168,0
DA:169,0
BRDA:169,7,0,-
DA:170,0
DA:174,0
DA:177,0
DA:179,0
BRDA:179,8,0,-
DA:181,0
BRDA:181,9,0,-
DA:182,0
DA:193,0
DA:196,0
DA:198,0
DA:199,0
DA:202,0
BRDA:202,10,0,-
DA:203,0
DA:205,0
DA:206,0
DA:208,0
BRDA:208,11,0,-
BRDA:208,11,1,-
DA:210,0
DA:211,0
DA:212,0
DA:214,0
DA:217,0
DA:218,0
DA:220,0
DA:222,0
DA:223,0
DA:224,0
DA:227,0
DA:228,0
DA:229,0
DA:230,0
DA:231,0
DA:232,0
DA:234,0
DA:236,0
DA:389,0
FNF:8
FNH:0
LF:95
LH:0
BRF:13
BRH:0
end_of_record
TN:
SF:script/DeployCollateralVaultTemplate.s.sol
DA:14,0
FN:14,DeployCollateralVaultTemplate.runCurrentNetwork
FNDA:0,DeployCollateralVaultTemplate.runCurrentNetwork
DA:15,0
DA:18,0
DA:19,0
DA:20,0
DA:23,0
DA:24,0
DA:25,0
DA:26,0
DA:27,0
FNF:1
FNH:0
LF:10
LH:0
BRF:0
BRH:0
end_of_record
TN:
SF:script/DeployERC20.s.sol
DA:15,0
FN:15,DeployERC20.run
FNDA:0,DeployERC20.run
DA:16,0
DA:17,0
DA:18,0
DA:19,0
FNF:1
FNH:0
LF:5
LH:0
BRF:0
BRH:0
end_of_record
TN:
SF:script/DeployGoodDollarSybil.s.sol
DA:12,0
FN:12,DeployGoodDollarSybil.runCurrentNetwork
FNDA:0,DeployGoodDollarSybil.runCurrentNetwork
DA:13,0
DA:14,0
DA:15,0
DA:17,0
DA:19,0
BRDA:19,0,0,-
BRDA:19,0,1,-
DA:20,0
DA:22,0
DA:31,0
FNF:1
FNH:0
LF:9
LH:0
BRF:2
BRH:0
end_of_record
TN:
SF:script/DeployPassportScorer.s.sol
DA:12,0
FN:12,DeployPassportScorer.runCurrentNetwork
FNDA:0,DeployPassportScorer.runCurrentNetwork
DA:13,0
DA:14,0
DA:17,0
DA:24,0
FNF:1
FNH:0
LF:5
LH:0
BRF:0
BRH:0
end_of_record
TN:
SF:script/DeployProxyOwner.s.sol
DA:13,0
FN:13,DeployProxyOwner.runCurrentNetwork
FNDA:0,DeployProxyOwner.runCurrentNetwork
DA:14,0
DA:19,0
FNF:1
FNH:0
LF:3
LH:0
BRF:0
BRH:0
end_of_record
TN:
SF:script/DeploySafeArbitrator.s.sol
DA:13,0
FN:13,DeploySafeArbitrator.runCurrentNetwork
FNDA:0,DeploySafeArbitrator.runCurrentNetwork
DA:14,0
DA:15,0
DA:17,0
DA:19,0
BRDA:19,0,0,-
BRDA:19,0,1,-
DA:20,0
DA:26,0
DA:28,0
DA:29,0
FNF:1
FNH:0
LF:9
LH:0
BRF:2
BRH:0
end_of_record
TN:
SF:script/GV2ERC20.sol
DA:13,158
FN:13,GV2ERC20.constructor
FNDA:158,GV2ERC20.constructor
DA:14,158
DA:15,158
DA:16,158
DA:19,0
FN:19,GV2ERC20.name
FNDA:0,GV2ERC20.name
DA:20,0
DA:23,0
FN:23,GV2ERC20.symbol
FNDA:0,GV2ERC20.symbol
DA:24,0
DA:27,794
FN:27,GV2ERC20.decimals
FNDA:794,GV2ERC20.decimals
DA:28,794
DA:31,902
FN:31,GV2ERC20.mint
FNDA:902,GV2ERC20.mint
DA:32,902
DA:35,0
FN:35,GV2ERC20.burn
FNDA:0,GV2ERC20.burn
DA:36,0
DA:39,0
FN:39,GV2ERC20.directTransfer
FNDA:0,GV2ERC20.directTransfer
DA:40,0
DA:43,0
FN:43,GV2ERC20.directSpendAllowance
FNDA:0,GV2ERC20.directSpendAllowance
DA:44,0
DA:47,2583
FN:47,GV2ERC20.transfer
FNDA:2583,GV2ERC20.transfer
DA:48,2583
DA:51,2605
FN:51,GV2ERC20.transferFrom
FNDA:2605,GV2ERC20.transferFrom
DA:52,2605
DA:55,0
FN:55,GV2ERC20.increaseAllowance
FNDA:0,GV2ERC20.increaseAllowance
DA:56,0
DA:59,0
FN:59,GV2ERC20.decreaseAllowance
FNDA:0,GV2ERC20.decreaseAllowance
DA:60,0
DA:63,8695
FN:63,GV2ERC20._brutalized
FNDA:8695,GV2ERC20._brutalized
DA:65,0
FNF:13
FNH:6
LF:28
LH:13
BRF:0
BRH:0
end_of_record
TN:
SF:script/PassportScorerWriter.s.sol
DA:9,0
FN:9,PassportScorerWriter.runCurrentNetwork
FNDA:0,PassportScorerWriter.runCurrentNetwork
DA:10,0
DA:11,0
DA:12,0
DA:13,0
FNF:1
FNH:0
LF:5
LH:0
BRF:0
BRH:0
end_of_record
TN:
SF:script/PrintRegistryCommunitySelectors.s.sol
DA:12,0
FN:12,PrintRegistryCommunitySelectors.run
FNDA:0,PrintRegistryCommunitySelectors.run
DA:13,0
DA:18,0
BRDA:18,0,0,-
BRDA:18,0,1,-
DA:20,0
DA:21,0
DA:23,0
DA:24,0
DA:25,0
DA:26,0
DA:27,0
FNF:1
FNH:0
LF:10
LH:0
BRF:2
BRH:0
end_of_record
TN:
SF:script/TransferOwnershipAllContracts.s.sol
DA:13,0
FN:13,TransferOwnershipAllContracts.runCurrentNetwork
FNDA:0,TransferOwnershipAllContracts.runCurrentNetwork
DA:14,0
DA:19,0
DA:22,0
DA:23,0
DA:26,0
DA:27,0
DA:30,0
DA:31,0
DA:34,0
DA:35,0
DA:38,0
DA:39,0
DA:40,0
DA:41,0
DA:45,0
DA:46,0
DA:47,0
FNF:1
FNH:0
LF:18
LH:0
BRF:0
BRH:0
end_of_record
TN:
SF:script/UpgradeCVDiamond.s.sol
DA:35,0
FN:35,UpgradeCVDiamond.runCurrentNetwork
FNDA:0,UpgradeCVDiamond.runCurrentNetwork
DA:36,0
DA:37,0
DA:44,0
DA:49,0
DA:50,0
DA:52,0
DA:53,0
DA:55,0
DA:56,0
DA:58,0
DA:59,0
DA:61,0
DA:62,0
DA:64,0
DA:65,0
DA:67,0
DA:68,0
DA:69,0
DA:70,0
DA:71,0
DA:72,0
DA:74,0
BRDA:74,0,0,-
BRDA:74,0,1,-
DA:75,0
DA:76,0
DA:85,0
DA:86,0
DA:87,0
DA:98,0
DA:99,0
DA:100,0
DA:101,0
DA:102,0
BRDA:102,1,0,-
DA:103,0
DA:107,0
FN:107,UpgradeCVDiamond._executeDirectUpgrades
FNDA:0,UpgradeCVDiamond._executeDirectUpgrades
DA:115,0
DA:116,0
DA:117,0
DA:119,0
DA:120,0
DA:121,0
DA:122,0
DA:123,0
DA:126,0
DA:127,0
DA:128,0
DA:129,0
DA:130,0
DA:131,0
DA:135,0
FN:135,UpgradeCVDiamond._generateSafeTransactions
FNDA:0,UpgradeCVDiamond._generateSafeTransactions
DA:144,0
DA:145,0
DA:147,0
DA:148,0
DA:149,0
DA:154,0
DA:155,0
DA:156,0
DA:157,0
DA:158,0
DA:163,0
DA:166,0
DA:167,0
DA:168,0
DA:169,0
DA:171,0
DA:172,0
DA:174,0
DA:176,0
DA:179,0
DA:181,0
DA:183,0
DA:192,0
FN:192,UpgradeCVDiamond._writePayloadFile
FNDA:0,UpgradeCVDiamond._writePayloadFile
DA:193,0
DA:221,0
DA:222,0
DA:226,0
DA:227,0
DA:235,0
FN:235,UpgradeCVDiamond._removeLastChar
FNDA:0,UpgradeCVDiamond._removeLastChar
DA:236,0
DA:237,0
BRDA:237,2,0,-
BRDA:237,2,1,-
DA:239,0
DA:240,0
DA:241,0
DA:243,0
DA:252,0
FN:252,UpgradeCVDiamond._createTransactionJson
FNDA:0,UpgradeCVDiamond._createTransactionJson
DA:253,0
DA:269,0
FN:269,UpgradeCVDiamond._addressToString
FNDA:0,UpgradeCVDiamond._addressToString
DA:270,0
DA:271,0
DA:273,0
DA:274,0
DA:275,0
DA:276,0
DA:277,0
DA:278,0
DA:280,0
DA:288,0
FN:288,UpgradeCVDiamond._bytesToHexString
FNDA:0,UpgradeCVDiamond._bytesToHexString
DA:289,0
DA:291,0
DA:292,0
DA:293,0
DA:294,0
DA:295,0
DA:296,0
DA:298,0
FNF:8
FNH:0
LF:106
LH:0
BRF:5
BRH:0
end_of_record
TN:
SF:script/UpgradeCVDiamondTest.s.sol
DA:11,0
FN:11,UpgradeCVDiamondTest.constructor
FNDA:0,UpgradeCVDiamondTest.constructor
DA:12,0
FNF:1
FNH:0
LF:2
LH:0
BRF:0
BRH:0
end_of_record
TN:
SF:script/UpgradeCVMultichainProd.s.sol
DA:14,0
FN:14,UpgradeCVMultichainProd.runCurrentNetwork
FNDA:0,UpgradeCVMultichainProd.runCurrentNetwork
DA:16,0
DA:17,0
DA:19,0
DA:20,0
DA:21,0
DA:23,0
DA:26,0
DA:28,0
DA:53,0
DA:54,0
DA:55,0
DA:63,0
DA:64,0
DA:65,0
DA:66,0
DA:67,0
DA:71,0
DA:79,0
DA:89,0
DA:90,0
DA:91,0
DA:92,0
DA:93,0
DA:94,0
DA:97,0
DA:99,0
DA:114,0
DA:115,0
DA:119,0
DA:124,0
DA:127,0
DA:129,0
DA:130,0
DA:133,0
DA:160,0
DA:162,0
DA:163,0
DA:166,0
FN:166,UpgradeCVMultichainProd._removeLastChar
FNDA:0,UpgradeCVMultichainProd._removeLastChar
DA:167,0
DA:168,0
BRDA:168,0,0,-
BRDA:168,0,1,-
DA:170,0
DA:171,0
DA:172,0
DA:174,0
DA:177,0
FN:177,UpgradeCVMultichainProd._upgradeRegistryCommunity
FNDA:0,UpgradeCVMultichainProd._upgradeRegistryCommunity
DA:182,0
DA:183,0
DA:184,0
DA:185,0
DA:186,0
DA:188,0
DA:191,0
FN:191,UpgradeCVMultichainProd._upgradeCVStrategy
FNDA:0,UpgradeCVMultichainProd._upgradeCVStrategy
DA:197,0
DA:198,0
DA:199,0
DA:206,0
DA:208,0
DA:215,0
DA:216,0
DA:225,0
DA:227,0
DA:232,0
DA:233,0
DA:235,0
DA:238,0
FN:238,UpgradeCVMultichainProd._createTransactionJson
FNDA:0,UpgradeCVMultichainProd._createTransactionJson
DA:239,0
DA:250,0
FN:250,UpgradeCVMultichainProd._addressToString
FNDA:0,UpgradeCVMultichainProd._addressToString
DA:251,0
DA:252,0
DA:254,0
DA:255,0
DA:256,0
DA:257,0
DA:258,0
DA:259,0
DA:261,0
DA:264,0
FN:264,UpgradeCVMultichainProd._bytesToHexString
FNDA:0,UpgradeCVMultichainProd._bytesToHexString
DA:265,0
DA:267,0
DA:268,0
DA:269,0
DA:270,0
DA:271,0
DA:272,0
DA:274,0
FNF:7
FNH:0
LF:86
LH:0
BRF:2
BRH:0
end_of_record
TN:
SF:script/UpgradeCVMultichainTest.s.sol
DA:16,0
FN:16,UpgradeCVMultichainTest.runCurrentNetwork
FNDA:0,UpgradeCVMultichainTest.runCurrentNetwork
DA:17,0
DA:18,0
DA:29,0
DA:30,0
DA:42,0
DA:45,0
DA:46,0
DA:47,0
DA:48,0
DA:60,0
DA:64,0
DA:65,0
DA:74,0
DA:75,0
FNF:1
FNH:0
LF:15
LH:0
BRF:0
BRH:0
end_of_record
TN:
SF:script/UpgradeRegistryCommunityDiamond.s.sol
DA:34,0
FN:34,UpgradeRegistryCommunityDiamond.runCurrentNetwork
FNDA:0,UpgradeRegistryCommunityDiamond.runCurrentNetwork
DA:35,0
DA:36,0
DA:43,0
DA:48,0
DA:49,0
DA:51,0
DA:52,0
DA:54,0
DA:55,0
DA:57,0
DA:58,0
DA:60,0
DA:61,0
DA:63,0
DA:64,0
DA:66,0
DA:67,0
DA:69,0
DA:70,0
DA:71,0
DA:72,0
DA:74,0
BRDA:74,0,0,-
BRDA:74,0,1,-
DA:75,0
DA:79,0
DA:80,0
DA:81,0
DA:92,0
DA:93,0
DA:94,0
DA:95,0
BRDA:95,1,0,-
DA:96,0
DA:100,0
FN:100,UpgradeRegistryCommunityDiamond._executeDirectUpgrades
FNDA:0,UpgradeRegistryCommunityDiamond._executeDirectUpgrades
DA:107,0
DA:108,0
DA:109,0
DA:111,0
DA:112,0
DA:113,0
DA:114,0
DA:115,0
DA:116,0
DA:120,0
FN:120,UpgradeRegistryCommunityDiamond._generateSafeTransactions
FNDA:0,UpgradeRegistryCommunityDiamond._generateSafeTransactions
DA:129,0
DA:130,0
DA:132,0
DA:133,0
DA:134,0
DA:137,0
DA:138,0
DA:139,0
DA:141,0
DA:142,0
DA:144,0
DA:145,0
DA:149,0
DA:153,0
DA:156,0
DA:158,0
DA:160,0
DA:169,0
FN:169,UpgradeRegistryCommunityDiamond._writePayloadFile
FNDA:0,UpgradeRegistryCommunityDiamond._writePayloadFile
DA:170,0
DA:198,0
DA:199,0
DA:206,0
DA:207,0
DA:215,0
FN:215,UpgradeRegistryCommunityDiamond._removeLastChar
FNDA:0,UpgradeRegistryCommunityDiamond._removeLastChar
DA:216,0
DA:217,0
BRDA:217,2,0,-
BRDA:217,2,1,-
DA:219,0
DA:220,0
DA:221,0
DA:223,0
DA:232,0
FN:232,UpgradeRegistryCommunityDiamond._createTransactionJson
FNDA:0,UpgradeRegistryCommunityDiamond._createTransactionJson
DA:233,0
DA:249,0
FN:249,UpgradeRegistryCommunityDiamond._addressToString
FNDA:0,UpgradeRegistryCommunityDiamond._addressToString
DA:250,0
DA:251,0
DA:253,0
DA:254,0
DA:255,0
DA:256,0
DA:257,0
DA:258,0
DA:260,0
DA:268,0
FN:268,UpgradeRegistryCommunityDiamond._bytesToHexString
FNDA:0,UpgradeRegistryCommunityDiamond._bytesToHexString
DA:269,0
DA:271,0
DA:272,0
DA:273,0
DA:274,0
DA:275,0
DA:276,0
DA:278,0
FNF:8
FNH:0
LF:94
LH:0
BRF:5
BRH:0
end_of_record
TN:
SF:script/UpgradeRegistryCommunityDiamondTest.s.sol
DA:11,0
FN:11,UpgradeRegistryCommunityDiamondTest.constructor
FNDA:0,UpgradeRegistryCommunityDiamondTest.constructor
DA:12,0
FNF:1
FNH:0
LF:2
LH:0
BRF:0
BRH:0
end_of_record
TN:
SF:src/BaseStrategyUpgradeable.sol
DA:42,677
FN:42,BaseStrategyUpgradeable.init
FNDA:677,BaseStrategyUpgradeable.init
DA:43,677
DA:44,677
DA:45,677
DA:59,677
FN:59,BaseStrategyUpgradeable.onlyAllo
FNDA:677,BaseStrategyUpgradeable.onlyAllo
DA:60,0
DA:67,0
FN:67,BaseStrategyUpgradeable.onlyPoolManager
FNDA:0,BaseStrategyUpgradeable.onlyPoolManager
DA:68,0
DA:74,0
FN:74,BaseStrategyUpgradeable.onlyActivePool
FNDA:0,BaseStrategyUpgradeable.onlyActivePool
DA:75,0
DA:81,0
FN:81,BaseStrategyUpgradeable.onlyInactivePool
FNDA:0,BaseStrategyUpgradeable.onlyInactivePool
DA:82,0
DA:88,0
FN:88,BaseStrategyUpgradeable.onlyInitialized
FNDA:0,BaseStrategyUpgradeable.onlyInitialized
DA:89,0
DA:99,677
FN:99,BaseStrategyUpgradeable.getAllo
FNDA:677,BaseStrategyUpgradeable.getAllo
DA:100,677
DA:105,677
FN:105,BaseStrategyUpgradeable.getPoolId
FNDA:677,BaseStrategyUpgradeable.getPoolId
DA:106,677
DA:117,2
FN:117,BaseStrategyUpgradeable.isPoolActive
FNDA:2,BaseStrategyUpgradeable.isPoolActive
DA:118,2
DA:128,677
FN:128,BaseStrategyUpgradeable.__BaseStrategy_init
FNDA:677,BaseStrategyUpgradeable.__BaseStrategy_init
DA:131,677
BRDA:131,0,0,-
DA:134,677
BRDA:134,1,0,-
DA:135,677
DA:229,1354
FN:229,BaseStrategyUpgradeable._checkOnlyAllo
FNDA:1354,BaseStrategyUpgradeable._checkOnlyAllo
DA:230,1354
BRDA:230,2,0,-
DA:236,0
FN:236,BaseStrategyUpgradeable._checkOnlyPoolManager
FNDA:0,BaseStrategyUpgradeable._checkOnlyPoolManager
DA:237,0
BRDA:237,3,0,-
DA:242,0
FN:242,BaseStrategyUpgradeable._checkOnlyActivePool
FNDA:0,BaseStrategyUpgradeable._checkOnlyActivePool
DA:243,0
BRDA:243,4,0,-
DA:248,0
FN:248,BaseStrategyUpgradeable._checkInactivePool
FNDA:0,BaseStrategyUpgradeable._checkInactivePool
DA:249,0
BRDA:249,5,0,-
DA:254,0
FN:254,BaseStrategyUpgradeable._checkOnlyInitialized
FNDA:0,BaseStrategyUpgradeable._checkOnlyInitialized
DA:255,0
BRDA:255,6,0,-
DA:261,2
FN:261,BaseStrategyUpgradeable._setPoolActive
FNDA:2,BaseStrategyUpgradeable._setPoolActive
DA:262,2
DA:263,2
DA:269,2
FN:269,BaseStrategyUpgradeable._isPoolActive
FNDA:2,BaseStrategyUpgradeable._isPoolActive
DA:270,2
FNF:17
FNH:9
LF:39
LH:22
BRF:7
BRH:0
end_of_record
TN:
SF:src/CVStrategy/CVStrategy.sol
DA:183,677
FN:183,CVStrategy.init
FNDA:677,CVStrategy.init
DA:184,677
DA:185,677
DA:186,677
DA:189,677
FN:189,CVStrategy.initialize
FNDA:677,CVStrategy.initialize
DA:190,0
DA:191,677
DA:193,677
DA:194,677
DA:196,677
DA:202,677
DA:204,677
DA:205,677
DA:206,677
DA:207,677
DA:208,677
DA:210,677
DA:213,677
BRDA:213,0,0,677
DA:214,677
DA:215,677
DA:216,677
DA:217,677
DA:228,677
DA:232,677
BRDA:232,1,0,677
DA:233,677
DA:234,677
DA:236,677
BRDA:236,2,0,-
DA:237,0
DA:241,0
FN:241,CVStrategy.supportsInterface
FNDA:0,CVStrategy.supportsInterface
DA:242,0
DA:248,0
FN:248,CVStrategy.checkSenderIsMember
FNDA:0,CVStrategy.checkSenderIsMember
DA:249,0
BRDA:249,3,0,-
DA:250,0
DA:252,0
BRDA:252,4,0,-
DA:253,0
DA:255,0
BRDA:255,5,0,-
DA:256,0
DA:260,0
FN:260,CVStrategy.onlyRegistryCommunity
FNDA:0,CVStrategy.onlyRegistryCommunity
DA:261,0
BRDA:261,6,0,-
DA:262,0
DA:266,0
FN:266,CVStrategy._revertZeroAddress
FNDA:0,CVStrategy._revertZeroAddress
DA:267,0
BRDA:267,7,0,-
DA:270,0
FN:270,CVStrategy.onlyCouncilSafe
FNDA:0,CVStrategy.onlyCouncilSafe
DA:271,0
BRDA:271,8,0,-
DA:272,0
DA:276,0
FN:276,CVStrategy._canExecuteAction
FNDA:0,CVStrategy._canExecuteAction
DA:277,0
BRDA:277,9,0,-
DA:278,0
DA:279,0
BRDA:279,10,0,-
BRDA:279,10,1,-
DA:280,0
DA:282,0
DA:285,0
DA:288,0
FN:288,CVStrategy._checkProposalAllocationValidity
FNDA:0,CVStrategy._checkProposalAllocationValidity
DA:289,0
DA:291,0
DA:296,0
BRDA:296,11,0,-
DA:297,0
DA:301,0
FN:301,CVStrategy.onlyCouncilSafeOrMember
FNDA:0,CVStrategy.onlyCouncilSafeOrMember
DA:302,0
BRDA:302,12,0,-
DA:303,0
DA:307,0
FN:307,CVStrategy.setCollateralVaultTemplate
FNDA:0,CVStrategy.setCollateralVaultTemplate
DA:308,0
DA:309,0
DA:319,111
FN:319,CVStrategy.registerRecipient
FNDA:111,CVStrategy.registerRecipient
DA:320,0
DA:323,1187
FN:323,CVStrategy.activatePoints
FNDA:1187,CVStrategy.activatePoints
DA:324,0
DA:327,9
FN:327,CVStrategy.deactivatePoints.0
FNDA:9,CVStrategy.deactivatePoints.0
DA:328,0
DA:331,2217
FN:331,CVStrategy.increasePower
FNDA:2217,CVStrategy.increasePower
DA:332,0
DA:335,26
FN:335,CVStrategy.decreasePower
FNDA:26,CVStrategy.decreasePower
DA:336,0
DA:339,5
FN:339,CVStrategy.deactivatePoints.1
FNDA:5,CVStrategy.deactivatePoints.1
DA:340,0
DA:343,0
FN:343,CVStrategy.getMaxAmount
FNDA:0,CVStrategy.getMaxAmount
DA:344,0
DA:347,2098
FN:347,CVStrategy.getPointSystem
FNDA:2098,CVStrategy.getPointSystem
DA:348,2098
DA:362,70
FN:362,CVStrategy.allocate
FNDA:70,CVStrategy.allocate
DA:363,0
DA:368,20
FN:368,CVStrategy.distribute
FNDA:20,CVStrategy.distribute
DA:369,0
DA:372,2
FN:372,CVStrategy.setPoolActive
FNDA:2,CVStrategy.setPoolActive
DA:373,2
DA:393,46
FN:393,CVStrategy.getProposal
FNDA:46,CVStrategy.getProposal
DA:411,46
DA:413,46
BRDA:413,13,0,4
BRDA:413,13,1,-
DA:414,4
DA:416,42
DA:417,42
DA:419,42
BRDA:419,14,0,-
BRDA:419,14,1,-
DA:420,0
DA:422,42
DA:433,46
DA:461,40
FN:461,CVStrategy.getProposalVoterStake
FNDA:40,CVStrategy.getProposalVoterStake
DA:462,40
DA:466,88
FN:466,CVStrategy.getProposalStakedAmount
FNDA:88,CVStrategy.getProposalStakedAmount
DA:467,88
DA:477,18
FN:477,CVStrategy.getArbitrableConfig
FNDA:18,CVStrategy.getArbitrableConfig
DA:489,18
DA:499,40
FN:499,CVStrategy._internal_getProposalVoterStake
FNDA:40,CVStrategy._internal_getProposalVoterStake
DA:500,40
DA:503,0
FN:503,CVStrategy.getBasisStakedAmount
FNDA:0,CVStrategy.getBasisStakedAmount
DA:504,0
DA:507,0
FN:507,CVStrategy.proposalExists
FNDA:0,CVStrategy.proposalExists
DA:508,0
DA:511,0
FN:511,CVStrategy._isOverMaxRatio
FNDA:0,CVStrategy._isOverMaxRatio
DA:512,0
DA:515,0
FN:515,CVStrategy._applyDelta
FNDA:0,CVStrategy._applyDelta
DA:518,0
DA:520,0
BRDA:520,15,0,-
DA:521,0
DA:525,0
DA:528,10
FN:528,CVStrategy.calculateProposalConviction
FNDA:10,CVStrategy.calculateProposalConviction
DA:529,10
DA:530,10
DA:535,12
FN:535,CVStrategy.calculateThreshold
FNDA:12,CVStrategy.calculateThreshold
DA:536,12
DA:537,12
DA:538,12
BRDA:538,16,0,2
DA:539,2
DA:541,10
DA:557,20
FN:557,CVStrategy._calculateAndSetConviction
FNDA:20,CVStrategy._calculateAndSetConviction
DA:558,20
DA:559,20
BRDA:559,17,0,8
DA:560,8
DA:562,12
DA:563,12
DA:567,20
FN:567,CVStrategy._checkBlockAndCalculateConviction
FNDA:20,CVStrategy._checkBlockAndCalculateConviction
DA:572,20
DA:573,20
DA:574,20
BRDA:574,18,0,8
DA:576,8
DA:579,12
DA:589,22
FN:589,CVStrategy.updateProposalConviction
FNDA:22,CVStrategy.updateProposalConviction
DA:590,22
DA:592,22
BRDA:592,19,0,2
DA:593,2
DA:601,20
DA:602,20
DA:611,0
FN:611,CVStrategy.setSybilScorer
FNDA:0,CVStrategy.setSybilScorer
DA:612,0
BRDA:612,20,0,-
DA:613,0
DA:615,0
DA:617,0
DA:618,0
DA:619,0
DA:624,10
FN:624,CVStrategy.setPoolParams
FNDA:10,CVStrategy.setPoolParams
DA:632,0
DA:637,6
FN:637,CVStrategy.connectSuperfluidGDA
FNDA:6,CVStrategy.connectSuperfluidGDA
DA:638,0
DA:641,4
FN:641,CVStrategy.disconnectSuperfluidGDA
FNDA:4,CVStrategy.disconnectSuperfluidGDA
DA:642,0
DA:648,6
FN:648,CVStrategy.disputeProposal
FNDA:6,CVStrategy.disputeProposal
DA:653,0
DA:658,3
FN:658,CVStrategy.rule
FNDA:3,CVStrategy.rule
DA:659,0
DA:665,2
FN:665,CVStrategy.cancelProposal
FNDA:2,CVStrategy.cancelProposal
DA:666,0
DA:669,10
FN:669,CVStrategy.editProposal
FNDA:10,CVStrategy.editProposal
DA:670,0
DA:675,0
FN:675,CVStrategy._registerToSybilScorer
FNDA:0,CVStrategy._registerToSybilScorer
DA:676,0
DA:681,60
FN:681,CVStrategy.getPoolAmount
FNDA:60,CVStrategy.getPoolAmount
DA:682,60
DA:684,60
BRDA:684,21,0,50
DA:685,50
DA:688,10
DA:689,10
DA:691,10
DA:692,10
BRDA:692,22,0,-
BRDA:692,22,1,-
DA:693,0
DA:694,10
BRDA:694,23,0,-
DA:695,0
DA:697,10
DA:703,3686
FN:703,CVStrategy._delegateToFacet
FNDA:3686,CVStrategy._delegateToFacet
DA:704,3686
DA:705,3686
DA:708,0
DA:711,3686
DA:712,3686
BRDA:712,24,0,1
DA:713,1
DA:717,0
DA:718,0
DA:719,0
DA:721,0
DA:722,0
DA:730,684
FN:730,CVStrategy.diamondCut
FNDA:684,CVStrategy.diamondCut
DA:733,0
DA:734,684
DA:739,3
FN:739,CVStrategy.fallback
FNDA:3,CVStrategy.fallback
DA:740,3
DA:741,3
DA:744,0
DA:747,3
DA:749,3
BRDA:749,25,0,-
DA:750,0
DA:754,0
DA:755,0
DA:756,0
DA:758,0
DA:759,0
FNF:49
FNH:33
LF:203
LH:112
BRF:30
BRH:9
end_of_record
TN:
SF:src/CVStrategy/CVStrategyBaseFacet.sol
DA:185,4
FN:185,CVStrategyBaseFacet.owner
FNDA:4,CVStrategyBaseFacet.owner
DA:186,4
DA:193,185
FN:193,CVStrategyBaseFacet.checkSenderIsMember
FNDA:185,CVStrategyBaseFacet.checkSenderIsMember
DA:194,185
BRDA:194,0,0,2
DA:195,2
DA:202,2248
FN:202,CVStrategyBaseFacet.onlyRegistryCommunity
FNDA:2248,CVStrategyBaseFacet.onlyRegistryCommunity
DA:203,2248
BRDA:203,1,0,2
DA:204,2
DA:211,10
FN:211,CVStrategyBaseFacet.onlyCouncilSafe
FNDA:10,CVStrategyBaseFacet.onlyCouncilSafe
DA:212,10
BRDA:212,2,0,2
DA:213,2
DA:220,9
FN:220,CVStrategyBaseFacet.onlyCouncilSafeOrMember
FNDA:9,CVStrategyBaseFacet.onlyCouncilSafeOrMember
DA:221,9
BRDA:221,3,0,2
DA:222,2
DA:231,3474
FN:231,CVStrategyBaseFacet._canExecuteAction
FNDA:3474,CVStrategyBaseFacet._canExecuteAction
DA:232,3474
BRDA:232,4,0,3474
DA:233,3474
DA:234,3474
BRDA:234,5,0,3447
BRDA:234,5,1,-
DA:235,3447
DA:237,27
DA:240,0
DA:246,201
FN:246,CVStrategyBaseFacet._checkOnlyAllo
FNDA:201,CVStrategyBaseFacet._checkOnlyAllo
DA:247,201
BRDA:247,6,0,4
DA:248,4
DA:255,197
FN:255,CVStrategyBaseFacet._checkOnlyInitialized
FNDA:197,CVStrategyBaseFacet._checkOnlyInitialized
DA:256,197
BRDA:256,7,0,-
DA:257,0
DA:266,72
FN:266,CVStrategyBaseFacet.proposalExists
FNDA:72,CVStrategyBaseFacet.proposalExists
DA:267,72
DA:275,98
FN:275,CVStrategyBaseFacet._calculateAndSetConviction
FNDA:98,CVStrategyBaseFacet._calculateAndSetConviction
DA:276,98
DA:277,98
BRDA:277,8,0,98
DA:278,98
DA:280,0
DA:281,0
DA:291,98
FN:291,CVStrategyBaseFacet._checkBlockAndCalculateConviction
FNDA:98,CVStrategyBaseFacet._checkBlockAndCalculateConviction
DA:296,98
DA:297,98
DA:298,98
BRDA:298,9,0,98
DA:299,98
DA:302,0
DA:312,0
FN:312,CVStrategyBaseFacet.getPoolAmount
FNDA:0,CVStrategyBaseFacet.getPoolAmount
DA:313,0
DA:315,0
BRDA:315,10,0,-
DA:316,0
DA:319,0
DA:320,0
DA:322,0
DA:323,0
BRDA:323,11,0,-
BRDA:323,11,1,-
DA:324,0
DA:325,0
BRDA:325,12,0,-
DA:326,0
DA:328,0
FNF:12
FNH:11
LF:53
LH:36
BRF:15
BRH:9
end_of_record
TN:
SF:src/CVStrategy/ConvictionsUtils.sol
DA:19,22
FN:19,ConvictionsUtils.calculateConviction
FNDA:22,ConvictionsUtils.calculateConviction
DA:24,0
DA:28,22
DA:29,22
DA:43,60
FN:43,ConvictionsUtils.calculateThreshold
FNDA:60,ConvictionsUtils.calculateThreshold
DA:52,60
DA:53,60
DA:56,60
BRDA:56,0,0,60
DA:57,60
DA:59,60
DA:60,60
DA:64,68
FN:64,ConvictionsUtils.getMaxConviction
FNDA:68,ConvictionsUtils.getMaxConviction
DA:65,68
DA:75,22
FN:75,ConvictionsUtils._pow
FNDA:22,ConvictionsUtils._pow
DA:81,22
DA:82,22
DA:83,22
DA:84,186
DA:85,164
BRDA:85,1,0,102
BRDA:85,1,1,62
DA:86,102
DA:87,102
DA:89,62
DA:90,62
DA:102,164
FN:102,ConvictionsUtils._mul
FNDA:164,ConvictionsUtils._mul
DA:111,164
FNF:5
FNH:5
LF:25
LH:24
BRF:3
BRH:3
end_of_record
TN:
SF:src/CVStrategy/PowerManagementUtils.sol
DA:11,2216
FN:11,PowerManagementUtils.increasePower
FNDA:2216,PowerManagementUtils.increasePower
DA:18,2216
BRDA:18,0,0,911
BRDA:18,0,1,778
DA:19,911
DA:20,1305
BRDA:20,1,0,526
BRDA:20,1,1,778
DA:21,526
DA:22,779
BRDA:22,2,0,778
DA:23,778
DA:27,526
FN:27,PowerManagementUtils.increasePowerCapped
FNDA:526,PowerManagementUtils.increasePowerCapped
DA:34,526
DA:36,526
BRDA:36,3,0,258
DA:37,258
DA:41,268
DA:44,778
FN:44,PowerManagementUtils.increasePowerQuadratic
FNDA:778,PowerManagementUtils.increasePowerQuadratic
DA:48,778
DA:50,778
DA:51,778
BRDA:51,4,0,778
DA:52,778
DA:56,778
DA:57,778
DA:59,778
DA:61,0
DA:64,26
FN:64,PowerManagementUtils.decreasePower
FNDA:26,PowerManagementUtils.decreasePower
DA:71,26
BRDA:71,5,0,18
BRDA:71,5,1,-
DA:72,18
DA:73,8
BRDA:73,6,0,2
BRDA:73,6,1,-
DA:74,2
DA:75,6
BRDA:75,7,0,6
DA:76,6
BRDA:76,8,0,2
BRDA:76,8,1,-
DA:77,2
DA:78,4
BRDA:78,9,0,2
DA:79,2
DA:85,2
FN:85,PowerManagementUtils.decreasePowerQuadratic
FNDA:2,PowerManagementUtils.decreasePowerQuadratic
DA:89,2
DA:90,2
BRDA:90,10,0,2
DA:91,2
DA:96,2
DA:98,2
DA:99,2
DA:100,0
FNF:5
FNH:5
LF:39
LH:37
BRF:16
BRH:13
end_of_record
TN:
SF:src/CVStrategy/facets/CVAdminFacet.sol
DA:48,10
FN:48,CVAdminFacet.setPoolParams
FNDA:10,CVAdminFacet.setPoolParams
DA:56,0
DA:58,8
DA:59,8
DA:61,10
DA:63,8
BRDA:63,0,0,-
DA:64,0
DA:68,5
FN:68,CVAdminFacet.connectSuperfluidGDA
FNDA:5,CVAdminFacet.connectSuperfluidGDA
DA:69,0
DA:70,4
DA:71,4
DA:72,4
DA:73,4
BRDA:73,1,0,-
DA:74,0
DA:76,4
DA:79,4
FN:79,CVAdminFacet.disconnectSuperfluidGDA
FNDA:4,CVAdminFacet.disconnectSuperfluidGDA
DA:80,0
DA:81,3
DA:82,3
DA:83,3
DA:84,3
BRDA:84,2,0,-
DA:85,0
DA:87,2
DA:94,8
FN:94,CVAdminFacet._setPoolParams
FNDA:8,CVAdminFacet._setPoolParams
DA:100,8
BRDA:100,3,0,5
DA:101,5
DA:103,8
BRDA:103,4,0,3
DA:104,3
DA:108,8
DA:119,0
BRDA:119,5,0,-
DA:121,0
DA:122,0
DA:123,0
BRDA:123,6,0,-
DA:124,0
DA:127,0
DA:128,0
DA:130,0
DA:141,8
DA:142,0
BRDA:142,7,0,-
DA:143,0
DA:144,0
DA:148,5
FN:148,CVAdminFacet._addToAllowList
FNDA:5,CVAdminFacet._addToAllowList
DA:149,5
DA:152,5
BRDA:152,8,0,4
DA:153,4
DA:155,5
DA:156,5
BRDA:156,9,0,5
DA:157,5
DA:161,5
DA:164,3
FN:164,CVAdminFacet._removeFromAllowList
FNDA:3,CVAdminFacet._removeFromAllowList
DA:165,3
DA:166,3
BRDA:166,10,0,3
DA:167,3
DA:170,3
BRDA:170,11,0,3
DA:171,3
DA:175,3
DA:178,3
FN:178,CVAdminFacet._deactivatePoints
FNDA:3,CVAdminFacet._deactivatePoints
DA:179,3
DA:180,3
DA:182,3
DA:183,3
DA:186,3
FN:186,CVAdminFacet._withdraw
FNDA:3,CVAdminFacet._withdraw
DA:188,3
DA:189,2
DA:190,2
DA:191,2
BRDA:191,12,0,2
DA:192,2
DA:193,2
DA:194,2
DA:195,2
DA:198,3
FNF:8
FNH:8
LF:71
LH:54
BRF:13
BRH:7
end_of_record
TN:
SF:src/CVStrategy/facets/CVAllocationFacet.sol
DA:51,76
FN:51,CVAllocationFacet._checkProposalAllocationValidity
FNDA:76,CVAllocationFacet._checkProposalAllocationValidity
DA:52,76
DA:54,76
DA:59,2
BRDA:59,0,0,2
DA:60,2
DA:68,70
FN:68,CVAllocationFacet.allocate
FNDA:70,CVAllocationFacet.allocate
DA:69,0
DA:70,0
DA:72,70
DA:73,70
DA:74,76
DA:76,68
DA:78,66
BRDA:78,1,0,2
DA:79,2
DA:82,64
DA:83,64
DA:84,64
DA:86,68
BRDA:86,2,0,-
DA:87,0
DA:89,68
BRDA:89,3,0,-
DA:91,0
DA:93,68
DA:94,68
BRDA:94,4,0,-
DA:95,0
DA:97,68
DA:99,64
DA:100,64
DA:102,62
BRDA:102,5,0,2
DA:103,2
DA:106,60
DA:109,60
DA:110,60
DA:111,64
DA:113,64
BRDA:113,6,0,60
BRDA:113,6,1,4
DA:114,60
DA:115,60
DA:117,4
DA:118,4
DA:120,4
BRDA:120,7,0,-
DA:121,0
DA:123,0
DA:126,0
BRDA:126,8,0,4
DA:127,4
DA:128,4
DA:129,4
DA:131,4
DA:132,0
DA:135,64
DA:137,64
DA:139,64
DA:141,64
DA:143,64
DA:145,64
DA:147,64
DA:148,64
DA:149,14
BRDA:149,9,0,10
DA:150,10
DA:151,0
DA:154,10
BRDA:154,10,0,54
DA:155,54
DA:157,64
BRDA:157,11,0,60
BRDA:157,11,1,4
DA:158,60
DA:159,60
DA:161,4
DA:162,4
DA:164,64
BRDA:164,12,0,-
BRDA:164,12,1,64
DA:165,0
DA:167,64
DA:168,64
DA:173,20
FN:173,CVAllocationFacet.distribute
FNDA:20,CVAllocationFacet.distribute
DA:179,0
DA:180,0
DA:182,16
BRDA:182,13,0,2
DA:183,2
DA:186,14
DA:187,14
BRDA:187,14,0,-
DA:188,0
DA:191,14
DA:194,14
BRDA:194,15,0,-
DA:196,0
DA:198,0
BRDA:198,16,0,-
DA:199,0
DA:203,14
BRDA:203,17,0,12
DA:204,12
BRDA:204,18,0,2
DA:205,2
DA:208,10
BRDA:208,19,0,2
DA:209,2
DA:212,8
BRDA:212,20,0,-
DA:213,0
DA:216,8
BRDA:216,21,0,-
DA:217,0
DA:218,0
DA:221,8
DA:223,8
DA:234,8
BRDA:234,22,0,2
DA:235,2
DA:238,6
DA:242,6
DA:243,6
DA:249,6
DA:257,8
FN:257,CVAllocationFacet._isOverMaxRatio
FNDA:8,CVAllocationFacet._isOverMaxRatio
DA:258,8
DA:261,128
FN:261,CVAllocationFacet._applyDelta
FNDA:128,CVAllocationFacet._applyDelta
DA:264,128
DA:266,128
BRDA:266,23,0,2
DA:267,2
DA:271,126
DA:274,8
FN:274,CVAllocationFacet.updateProposalConviction
FNDA:8,CVAllocationFacet.updateProposalConviction
DA:275,8
DA:277,8
BRDA:277,24,0,-
DA:278,0
DA:281,8
DA:282,8
DA:285,22
FN:285,CVAllocationFacet.getPoolAmount
FNDA:22,CVAllocationFacet.getPoolAmount
DA:286,22
DA:288,22
BRDA:288,25,0,18
DA:289,18
DA:292,4
DA:293,4
DA:295,4
DA:296,4
BRDA:296,26,0,-
BRDA:296,26,1,-
DA:297,0
DA:298,4
BRDA:298,27,0,-
DA:299,0
DA:301,4
DA:304,6
FN:304,CVAllocationFacet._transferAmount
FNDA:6,CVAllocationFacet._transferAmount
DA:305,6
BRDA:305,28,0,4
BRDA:305,28,1,-
DA:306,4
DA:307,4
BRDA:307,29,0,-
DA:308,0
DA:311,2
FNF:8
FNH:8
LF:131
LH:107
BRF:35
BRH:19
end_of_record
TN:
SF:src/CVStrategy/facets/CVDisputeFacet.sol
DA:44,6
FN:44,CVDisputeFacet.disputeProposal
FNDA:6,CVDisputeFacet.disputeProposal
DA:49,6
DA:50,6
DA:51,6
DA:53,6
BRDA:53,0,0,-
DA:54,0
DA:56,6
BRDA:56,1,0,-
DA:57,0
DA:62,6
DA:63,0
DA:64,0
BRDA:64,2,0,-
DA:65,0
DA:70,6
DA:72,6
DA:74,6
DA:76,6
DA:77,6
DA:78,6
DA:79,6
DA:80,6
DA:82,6
DA:84,6
DA:94,3
FN:94,CVDisputeFacet.rule
FNDA:3,CVDisputeFacet.rule
DA:95,3
DA:96,3
DA:97,3
DA:99,3
BRDA:99,3,0,-
DA:100,0
DA:103,3
DA:105,3
BRDA:105,4,0,-
DA:106,0
DA:109,3
BRDA:109,5,0,-
BRDA:109,5,1,-
DA:110,0
BRDA:110,6,0,-
DA:111,0
DA:113,0
BRDA:113,7,0,-
DA:114,0
DA:116,0
BRDA:116,8,0,-
DA:117,0
DA:118,0
DA:122,0
DA:125,3
BRDA:125,9,0,-
BRDA:125,9,1,-
DA:126,0
DA:127,0
DA:133,3
BRDA:133,10,0,3
DA:134,3
DA:135,3
DA:138,3
DA:144,3
DA:152,3
DA:153,0
DA:154,0
FNF:2
FNH:2
LF:51
LH:32
BRF:13
BRH:1
end_of_record
TN:
SF:src/CVStrategy/facets/CVPowerFacet.sol
DA:34,1187
FN:34,CVPowerFacet.activatePoints
FNDA:1187,CVPowerFacet.activatePoints
DA:35,1187
BRDA:35,0,0,3
DA:36,3
DA:38,1184
DA:39,1179
DA:42,2217
FN:42,CVPowerFacet.increasePower
FNDA:2217,CVPowerFacet.increasePower
DA:43,0
DA:44,2217
BRDA:44,1,0,1
DA:45,1
DA:47,2216
DA:51,2216
DA:52,1040
BRDA:52,2,0,1040
DA:53,1040
DA:55,2216
DA:56,0
DA:59,26
FN:59,CVPowerFacet.decreasePower
FNDA:26,CVPowerFacet.decreasePower
DA:60,0
DA:62,26
DA:66,26
DA:67,26
DA:69,26
DA:70,26
DA:72,26
BRDA:72,3,0,18
DA:73,18
DA:74,18
DA:75,22
DA:76,22
DA:77,22
DA:78,22
DA:79,22
DA:81,22
DA:82,22
DA:83,22
DA:84,22
DA:85,22
DA:86,22
DA:88,22
DA:91,26
DA:92,26
DA:94,0
DA:97,9
FN:97,CVPowerFacet.deactivatePoints.0
FNDA:9,CVPowerFacet.deactivatePoints.0
DA:98,9
DA:101,5
FN:101,CVPowerFacet.deactivatePoints.1
FNDA:5,CVPowerFacet.deactivatePoints.1
DA:102,0
DA:103,5
DA:110,12
FN:110,CVPowerFacet._deactivatePoints
FNDA:12,CVPowerFacet._deactivatePoints
DA:111,12
DA:112,12
DA:114,12
DA:115,12
DA:118,12
FN:118,CVPowerFacet._withdraw
FNDA:12,CVPowerFacet._withdraw
DA:120,12
DA:121,4
DA:122,4
DA:123,4
BRDA:123,4,0,4
DA:124,4
DA:125,4
DA:126,4
DA:127,4
DA:128,4
DA:129,4
DA:132,12
DA:135,0
FN:135,CVPowerFacet._calculateConviction
FNDA:0,CVPowerFacet._calculateConviction
DA:140,0
DA:141,0
DA:143,0
DA:144,0
DA:145,0
DA:147,0
DA:148,0
DA:150,0
DA:151,0
DA:152,0
DA:155,0
DA:159,0
FN:159,CVPowerFacet._abdk64x64
FNDA:0,CVPowerFacet._abdk64x64
DA:162,0
DA:165,0
FN:165,CVPowerFacet._abdk64x64ToUInt
FNDA:0,CVPowerFacet._abdk64x64ToUInt
DA:168,0
DA:171,0
FN:171,CVPowerFacet._abdk64x64mul
FNDA:0,CVPowerFacet._abdk64x64mul
DA:174,0
DA:176,0
DA:179,0
FN:179,CVPowerFacet._abdk64x64div
FNDA:0,CVPowerFacet._abdk64x64div
DA:182,0
DA:184,0
DA:187,0
FN:187,CVPowerFacet._abdk64x64sub
FNDA:0,CVPowerFacet._abdk64x64sub
DA:188,0
DA:191,0
FN:191,CVPowerFacet._abdk64x64pow
FNDA:0,CVPowerFacet._abdk64x64pow
DA:192,0
BRDA:192,5,0,-
DA:193,0
DA:194,0
DA:195,0
DA:196,0
BRDA:196,6,0,-
DA:197,0
DA:199,0
DA:200,0
DA:202,0
FNF:14
FNH:7
LF:96
LH:57
BRF:7
BRH:5
end_of_record
TN:
SF:src/CVStrategy/facets/CVProposalFacet.sol
DA:52,111
FN:52,CVProposalFacet.registerRecipient
FNDA:111,CVProposalFacet.registerRecipient
DA:53,0
DA:54,0
DA:55,111
DA:56,111
DA:59,111
DA:61,111
BRDA:61,0,0,105
DA:62,105
DA:63,105
DA:64,105
BRDA:64,1,0,-
DA:65,0
DA:69,111
BRDA:69,2,0,-
DA:70,0
DA:73,111
BRDA:73,3,0,4
DA:74,4
DA:79,107
DA:80,107
DA:82,107
DA:83,107
DA:84,107
DA:85,107
DA:86,107
DA:87,107
DA:88,107
DA:89,107
DA:90,107
DA:91,107
DA:92,107
DA:93,107
DA:95,107
DA:98,107
DA:101,2
FN:101,CVProposalFacet.cancelProposal
FNDA:2,CVProposalFacet.cancelProposal
DA:102,2
BRDA:102,4,0,-
DA:103,0
DA:106,2
BRDA:106,5,0,-
DA:107,0
DA:110,2
DA:116,2
DA:117,2
DA:120,10
FN:120,CVProposalFacet.editProposal
FNDA:10,CVProposalFacet.editProposal
DA:127,10
DA:128,10
BRDA:128,6,0,2
DA:129,2
DA:132,8
BRDA:132,7,0,2
DA:133,2
DA:136,4
BRDA:136,8,0,4
DA:137,4
BRDA:137,9,0,-
DA:138,0
DA:142,4
DA:146,6
DA:148,6
BRDA:148,10,0,4
DA:149,2
BRDA:149,11,0,2
DA:150,2
DA:155,2
DA:158,4
BRDA:158,12,0,4
DA:159,0
BRDA:159,13,0,-
DA:160,0
DA:165,4
DA:168,4
FNF:3
FNH:3
LF:59
LH:50
BRF:14
BRH:8
end_of_record
TN:
SF:src/CollateralVault.sol
DA:33,113
FN:33,CollateralVault.onlyOwner
FNDA:113,CollateralVault.onlyOwner
DA:34,113
BRDA:34,0,0,-
DA:35,0
DA:42,677
FN:42,CollateralVault.initialize
FNDA:677,CollateralVault.initialize
DA:43,677
BRDA:43,1,0,-
DA:44,0
DA:46,677
DA:49,113
FN:49,CollateralVault.depositCollateral
FNDA:113,CollateralVault.depositCollateral
DA:50,113
DA:51,113
DA:54,11
FN:54,CollateralVault.withdrawCollateral
FNDA:11,CollateralVault.withdrawCollateral
DA:55,11
DA:59,11
DA:60,11
BRDA:60,2,0,-
DA:64,0
DA:65,0
DA:67,11
DA:68,11
DA:69,11
BRDA:69,3,0,-
BRDA:69,3,1,-
DA:70,11
DA:73,6
FN:73,CollateralVault.withdrawCollateralFor
FNDA:6,CollateralVault.withdrawCollateralFor
DA:78,6
DA:82,6
DA:83,6
BRDA:83,4,0,-
DA:87,0
DA:88,0
DA:90,6
DA:91,6
DA:92,6
BRDA:92,5,0,-
BRDA:92,5,1,-
DA:93,6
FNF:5
FNH:5
LF:30
LH:24
BRF:8
BRH:0
end_of_record
TN:
SF:src/GoodDollarSybil.sol
DA:28,3
FN:28,GoodDollarSybil.onlyAuthorized
FNDA:3,GoodDollarSybil.onlyAuthorized
DA:29,3
BRDA:29,0,0,2
BRDA:29,0,1,-
DA:32,1
DA:36,0
FN:36,GoodDollarSybil.onlyCouncilOrAuthorized
FNDA:0,GoodDollarSybil.onlyCouncilOrAuthorized
DA:37,0
DA:38,0
BRDA:38,1,1,-
DA:39,0
DA:40,0
DA:41,0
BRDA:41,1,0,-
DA:44,0
DA:48,6
FN:48,GoodDollarSybil._revertZeroAddress
FNDA:6,GoodDollarSybil._revertZeroAddress
DA:49,6
BRDA:49,2,0,-
DA:50,0
DA:55,3
FN:55,GoodDollarSybil.initialize
FNDA:3,GoodDollarSybil.initialize
DA:56,3
DA:57,3
DA:58,3
DA:64,2
FN:64,GoodDollarSybil.validateUser
FNDA:2,GoodDollarSybil.validateUser
DA:65,2
DA:66,2
DA:67,2
DA:72,1
FN:72,GoodDollarSybil.invalidateUser
FNDA:1,GoodDollarSybil.invalidateUser
DA:73,1
DA:74,1
DA:75,1
DA:80,0
FN:80,GoodDollarSybil.changeListManager
FNDA:0,GoodDollarSybil.changeListManager
DA:81,0
DA:82,0
DA:83,0
DA:84,0
DA:87,0
FN:87,GoodDollarSybil.addStrategy
FNDA:0,GoodDollarSybil.addStrategy
DA:92,0
DA:93,0
DA:96,0
FN:96,GoodDollarSybil.activateStrategy
FNDA:0,GoodDollarSybil.activateStrategy
DA:97,0
DA:100,0
FN:100,GoodDollarSybil.modifyThreshold
FNDA:0,GoodDollarSybil.modifyThreshold
DA:101,0
DA:106,0
FN:106,GoodDollarSybil.canExecuteAction
FNDA:0,GoodDollarSybil.canExecuteAction
DA:107,0
FNF:11
FNH:5
LF:39
LH:17
BRF:5
BRH:1
end_of_record
TN:
SF:src/PassportScorer.sol
DA:32,0
FN:32,PassportScorer.onlyAuthorized
FNDA:0,PassportScorer.onlyAuthorized
DA:33,0
BRDA:33,0,0,-
BRDA:33,0,1,-
DA:36,0
DA:40,0
FN:40,PassportScorer.onlyCouncilOrAuthorized
FNDA:0,PassportScorer.onlyCouncilOrAuthorized
DA:41,0
DA:42,0
BRDA:42,1,1,-
DA:43,0
DA:44,0
DA:45,0
BRDA:45,1,0,-
DA:48,0
DA:52,0
FN:52,PassportScorer.onlyCouncil
FNDA:0,PassportScorer.onlyCouncil
DA:53,0
BRDA:53,2,0,-
BRDA:53,2,1,-
DA:56,0
DA:60,98
FN:60,PassportScorer._revertZeroAddress
FNDA:98,PassportScorer._revertZeroAddress
DA:61,98
BRDA:61,3,0,-
DA:62,0
DA:67,98
FN:67,PassportScorer.initialize
FNDA:98,PassportScorer.initialize
DA:68,98
DA:69,98
DA:70,98
DA:76,0
FN:76,PassportScorer.addUserScore
FNDA:0,PassportScorer.addUserScore
DA:77,0
DA:78,0
DA:79,0
DA:84,0
FN:84,PassportScorer.removeUser
FNDA:0,PassportScorer.removeUser
DA:85,0
DA:87,0
DA:92,0
FN:92,PassportScorer.changeListManager
FNDA:0,PassportScorer.changeListManager
DA:93,0
DA:94,0
DA:95,0
DA:96,0
DA:102,0
FN:102,PassportScorer.addStrategy
FNDA:0,PassportScorer.addStrategy
DA:107,0
DA:108,0
DA:109,0
BRDA:109,4,0,-
DA:110,0
DA:112,0
DA:113,0
DA:118,0
FN:118,PassportScorer.removeStrategy
FNDA:0,PassportScorer.removeStrategy
DA:119,0
DA:121,0
DA:126,0
FN:126,PassportScorer.activateStrategy
FNDA:0,PassportScorer.activateStrategy
DA:127,0
DA:128,0
DA:129,0
DA:135,0
FN:135,PassportScorer.modifyThreshold
FNDA:0,PassportScorer.modifyThreshold
DA:136,0
DA:137,0
DA:138,0
DA:144,0
FN:144,PassportScorer.canExecuteAction
FNDA:0,PassportScorer.canExecuteAction
DA:145,0
DA:146,0
DA:148,0
BRDA:148,5,0,-
DA:149,0
DA:152,0
FNF:13
FNH:2
LF:56
LH:6
BRF:9
BRH:0
end_of_record
TN:
SF:src/ProxyOwnableUpgrader.sol
DA:10,1319
FN:10,ProxyOwnableUpgrader.initialize
FNDA:1319,ProxyOwnableUpgrader.initialize
DA:11,1319
DA:14,4394
FN:14,ProxyOwnableUpgrader.proxyOwner
FNDA:4394,ProxyOwnableUpgrader.proxyOwner
DA:15,4394
DA:18,1749
FN:18,ProxyOwnableUpgrader.owner
FNDA:1749,ProxyOwnableUpgrader.owner
DA:20,1749
BRDA:20,0,0,1737
BRDA:20,0,1,-
DA:22,1737
DA:24,12
BRDA:24,1,0,12
DA:25,12
DA:26,0
BRDA:26,1,1,-
DA:28,0
DA:33,0
FN:33,ProxyOwnableUpgrader._authorizeUpgrade
FNDA:0,ProxyOwnableUpgrader._authorizeUpgrade
DA:34,0
BRDA:34,2,0,-
DA:35,0
FNF:4
FNH:3
LF:14
LH:9
BRF:5
BRH:2
end_of_record
TN:
SF:src/ProxyOwner.sol
DA:15,0
FN:15,ProxyOwner.initialize
FNDA:0,ProxyOwner.initialize
DA:16,0
DA:25,0
FN:25,ProxyOwner.transferOwnership
FNDA:0,ProxyOwner.transferOwnership
DA:26,0
DA:27,0
DA:34,0
FN:34,ProxyOwner._transferOwnership
FNDA:0,ProxyOwner._transferOwnership
DA:36,0
DA:42,0
FN:42,ProxyOwner.acceptOwnership
FNDA:0,ProxyOwner.acceptOwnership
DA:43,0
DA:44,0
BRDA:44,0,0,-
DA:45,0
DA:47,0
DA:50,0
FN:50,ProxyOwner._authorizeUpgrade
FNDA:0,ProxyOwner._authorizeUpgrade
FNF:5
FNH:0
LF:13
LH:0
BRF:1
BRH:0
end_of_record
TN:
SF:src/RegistryCommunity/RegistryCommunity.sol
DA:210,0
FN:210,RegistryCommunity.onlyCouncilSafe
FNDA:0,RegistryCommunity.onlyCouncilSafe
DA:211,0
BRDA:211,0,0,-
DA:212,0
DA:216,0
FN:216,RegistryCommunity.onlyRegistryMemberSender
FNDA:0,RegistryCommunity.onlyRegistryMemberSender
DA:217,0
BRDA:217,1,0,-
DA:218,0
DA:222,0
FN:222,RegistryCommunity.onlyRegistryMemberAddress
FNDA:0,RegistryCommunity.onlyRegistryMemberAddress
DA:223,0
BRDA:223,2,0,-
DA:224,0
DA:228,111
FN:228,RegistryCommunity.onlyStrategyEnabled
FNDA:111,RegistryCommunity.onlyStrategyEnabled
DA:229,111
BRDA:229,3,0,-
DA:230,0
DA:234,0
FN:234,RegistryCommunity.onlyEmptyCommunity
FNDA:0,RegistryCommunity.onlyEmptyCommunity
DA:235,0
BRDA:235,4,0,-
DA:236,0
DA:240,0
FN:240,RegistryCommunity.onlyStrategyAddress
FNDA:0,RegistryCommunity.onlyStrategyAddress
DA:241,0
BRDA:241,5,0,-
DA:242,0
DA:246,0
FN:246,RegistryCommunity.onlyActivatedInStrategy
FNDA:0,RegistryCommunity.onlyActivatedInStrategy
DA:247,0
BRDA:247,6,0,-
DA:248,0
DA:252,1070
FN:252,RegistryCommunity._revertZeroAddress
FNDA:1070,RegistryCommunity._revertZeroAddress
DA:253,1070
BRDA:253,7,0,-
DA:254,0
DA:258,0
FN:258,RegistryCommunity.setStrategyTemplate
FNDA:0,RegistryCommunity.setStrategyTemplate
DA:259,0
DA:262,0
FN:262,RegistryCommunity.setCollateralVaultTemplate
FNDA:0,RegistryCommunity.setCollateralVaultTemplate
DA:263,0
DA:268,214
FN:268,RegistryCommunity.initialize
FNDA:214,RegistryCommunity.initialize
DA:274,214
DA:275,214
DA:276,0
DA:277,0
DA:279,214
DA:281,214
DA:282,214
DA:283,214
DA:284,214
DA:286,214
BRDA:286,8,0,214
DA:287,214
DA:289,214
DA:290,214
DA:291,214
BRDA:291,9,0,1
DA:292,1
DA:294,213
DA:295,213
DA:296,213
DA:297,213
DA:298,213
DA:300,213
DA:301,213
DA:302,213
DA:303,213
DA:305,213
DA:307,213
DA:309,213
DA:311,213
BRDA:311,10,0,-
BRDA:311,10,1,213
DA:312,0
DA:313,0
DA:315,213
DA:316,213
DA:317,213
DA:318,639
DA:322,213
DA:323,213
DA:326,0
DA:329,213
DA:331,213
DA:332,213
DA:334,213
DA:339,677
FN:339,RegistryCommunity.createPool.0
FNDA:677,RegistryCommunity.createPool.0
DA:344,0
DA:349,0
FN:349,RegistryCommunity.createPool.1
FNDA:0,RegistryCommunity.createPool.1
DA:355,0
DA:359,0
FN:359,RegistryCommunity.setArchived
FNDA:0,RegistryCommunity.setArchived
DA:360,0
DA:364,1184
FN:364,RegistryCommunity.activateMemberInStrategy
FNDA:1184,RegistryCommunity.activateMemberInStrategy
DA:365,0
DA:369,17
FN:369,RegistryCommunity.deactivateMemberInStrategy
FNDA:17,RegistryCommunity.deactivateMemberInStrategy
DA:370,0
DA:374,1322
FN:374,RegistryCommunity.increasePower
FNDA:1322,RegistryCommunity.increasePower
DA:375,0
DA:379,28
FN:379,RegistryCommunity.decreasePower
FNDA:28,RegistryCommunity.decreasePower
DA:380,0
DA:385,3910
FN:385,RegistryCommunity.getMemberPowerInStrategy
FNDA:3910,RegistryCommunity.getMemberPowerInStrategy
DA:386,0
DA:391,1305
FN:391,RegistryCommunity.getMemberStakedAmount
FNDA:1305,RegistryCommunity.getMemberStakedAmount
DA:392,0
DA:397,5
FN:397,RegistryCommunity.addStrategyByPoolId
FNDA:5,RegistryCommunity.addStrategyByPoolId
DA:398,0
DA:403,1147
FN:403,RegistryCommunity.addStrategy
FNDA:1147,RegistryCommunity.addStrategy
DA:404,0
DA:409,0
FN:409,RegistryCommunity.rejectPool
FNDA:0,RegistryCommunity.rejectPool
DA:410,0
DA:415,3
FN:415,RegistryCommunity.removeStrategyByPoolId
FNDA:3,RegistryCommunity.removeStrategyByPoolId
DA:416,0
DA:421,1
FN:421,RegistryCommunity.removeStrategy
FNDA:1,RegistryCommunity.removeStrategy
DA:422,0
DA:427,4
FN:427,RegistryCommunity.setCouncilSafe
FNDA:4,RegistryCommunity.setCouncilSafe
DA:428,0
DA:433,3
FN:433,RegistryCommunity.acceptCouncilSafe
FNDA:3,RegistryCommunity.acceptCouncilSafe
DA:434,0
DA:439,197
FN:439,RegistryCommunity.isMember
FNDA:197,RegistryCommunity.isMember
DA:440,0
DA:445,1302
FN:445,RegistryCommunity.stakeAndRegisterMember
FNDA:1302,RegistryCommunity.stakeAndRegisterMember
DA:446,0
DA:451,1
FN:451,RegistryCommunity.getStakeAmountWithFees
FNDA:1,RegistryCommunity.getStakeAmountWithFees
DA:452,0
DA:457,98
FN:457,RegistryCommunity.getBasisStakedAmount
FNDA:98,RegistryCommunity.getBasisStakedAmount
DA:458,0
DA:463,2
FN:463,RegistryCommunity.setBasisStakedAmount
FNDA:2,RegistryCommunity.setBasisStakedAmount
DA:464,0
DA:469,2
FN:469,RegistryCommunity.setCommunityParams
FNDA:2,RegistryCommunity.setCommunityParams
DA:470,0
DA:475,4
FN:475,RegistryCommunity.setCommunityFee
FNDA:4,RegistryCommunity.setCommunityFee
DA:476,0
DA:481,2
FN:481,RegistryCommunity.isCouncilMember
FNDA:2,RegistryCommunity.isCouncilMember
DA:482,0
DA:487,4
FN:487,RegistryCommunity.unregisterMember
FNDA:4,RegistryCommunity.unregisterMember
DA:488,0
DA:493,4
FN:493,RegistryCommunity.kickMember
FNDA:4,RegistryCommunity.kickMember
DA:494,0
DA:500,11222
FN:500,RegistryCommunity._delegateToFacet
FNDA:11222,RegistryCommunity._delegateToFacet
DA:501,11222
DA:502,11222
DA:505,0
DA:508,11222
DA:509,11222
BRDA:509,11,0,-
DA:510,0
DA:514,0
DA:515,0
DA:516,0
DA:518,0
DA:519,0
DA:527,209
FN:527,RegistryCommunity.diamondCut
FNDA:209,RegistryCommunity.diamondCut
DA:531,209
DA:536,0
FN:536,RegistryCommunity.fallback
FNDA:0,RegistryCommunity.fallback
DA:537,0
DA:538,0
DA:541,0
DA:544,0
DA:546,0
BRDA:546,12,0,-
DA:547,0
DA:551,0
DA:552,0
DA:553,0
DA:555,0
DA:556,0
FNF:40
FNH:28
LF:148
LH:71
BRF:14
BRH:3
end_of_record
TN:
SF:src/RegistryCommunity/facets/CommunityAdminFacet.sol
DA:50,16
FN:50,CommunityAdminFacet.onlyCouncilSafe
FNDA:16,CommunityAdminFacet.onlyCouncilSafe
DA:51,16
BRDA:51,0,0,3
DA:52,3
DA:56,3
FN:56,CommunityAdminFacet.onlyEmptyCommunity
FNDA:3,CommunityAdminFacet.onlyEmptyCommunity
DA:57,3
BRDA:57,1,0,-
DA:58,0
DA:66,2
FN:66,CommunityAdminFacet.isCouncilMember
FNDA:2,CommunityAdminFacet.isCouncilMember
DA:67,2
DA:70,0
FN:70,CommunityAdminFacet.setStrategyTemplate
FNDA:0,CommunityAdminFacet.setStrategyTemplate
DA:71,0
BRDA:71,2,0,-
BRDA:71,2,1,-
DA:72,0
DA:75,0
FN:75,CommunityAdminFacet.setCollateralVaultTemplate
FNDA:0,CommunityAdminFacet.setCollateralVaultTemplate
DA:76,0
BRDA:76,3,0,-
BRDA:76,3,1,-
DA:77,0
DA:80,0
FN:80,CommunityAdminFacet.setArchived
FNDA:0,CommunityAdminFacet.setArchived
DA:81,0
DA:82,0
DA:85,3
FN:85,CommunityAdminFacet.setBasisStakedAmount
FNDA:3,CommunityAdminFacet.setBasisStakedAmount
DA:86,0
DA:87,0
DA:88,2
DA:89,2
DA:92,5
FN:92,CommunityAdminFacet.setCommunityFee
FNDA:5,CommunityAdminFacet.setCommunityFee
DA:93,0
DA:94,4
BRDA:94,4,0,1
DA:95,1
DA:97,3
DA:98,3
DA:101,6
FN:101,CommunityAdminFacet.setCouncilSafe
FNDA:6,CommunityAdminFacet.setCouncilSafe
DA:102,0
DA:103,5
BRDA:103,5,0,1
DA:104,1
DA:106,4
DA:107,4
DA:110,3
FN:110,CommunityAdminFacet.acceptCouncilSafe
FNDA:3,CommunityAdminFacet.acceptCouncilSafe
DA:111,3
BRDA:111,6,0,1
DA:112,1
DA:114,2
DA:115,2
DA:116,2
DA:118,2
DA:121,2
FN:121,CommunityAdminFacet.setCommunityParams
FNDA:2,CommunityAdminFacet.setCommunityParams
DA:122,0
DA:124,2
DA:125,1
DA:126,1
BRDA:126,7,0,1
DA:127,0
DA:128,1
BRDA:128,8,0,1
DA:129,1
DA:131,1
BRDA:131,9,0,-
DA:132,0
DA:133,0
DA:135,1
BRDA:135,10,0,1
DA:136,1
DA:137,1
DA:140,2
BRDA:140,11,0,1
DA:141,1
DA:142,1
DA:144,2
BRDA:144,12,0,1
DA:145,1
DA:147,2
BRDA:147,13,0,-
DA:148,0
DA:149,0
DA:151,2
BRDA:151,14,0,2
DA:152,2
FNF:11
FNH:8
LF:65
LH:45
BRF:17
BRH:10
end_of_record
TN:
SF:src/RegistryCommunity/facets/CommunityMemberFacet.sol
DA:36,4
FN:36,CommunityMemberFacet.onlyCouncilSafe
FNDA:4,CommunityMemberFacet.onlyCouncilSafe
DA:37,4
BRDA:37,0,0,1
DA:38,1
DA:42,4
FN:42,CommunityMemberFacet.onlyRegistryMemberSender
FNDA:4,CommunityMemberFacet.onlyRegistryMemberSender
DA:43,4
BRDA:43,1,0,1
DA:44,1
DA:52,1505
FN:52,CommunityMemberFacet.isMember
FNDA:1505,CommunityMemberFacet.isMember
DA:53,1505
DA:56,98
FN:56,CommunityMemberFacet.getBasisStakedAmount
FNDA:98,CommunityMemberFacet.getBasisStakedAmount
DA:57,98
DA:60,1
FN:60,CommunityMemberFacet.getStakeAmountWithFees
FNDA:1,CommunityMemberFacet.getStakeAmountWithFees
DA:61,1
DA:62,1
DA:66,1
DA:69,1302
FN:69,CommunityMemberFacet.stakeAndRegisterMember
FNDA:1302,CommunityMemberFacet.stakeAndRegisterMember
DA:70,1302
DA:71,1302
DA:72,1302
DA:73,1302
DA:74,1302
BRDA:74,2,0,1285
DA:75,1285
DA:77,1285
DA:79,1285
DA:83,1285
BRDA:83,3,0,1285
DA:84,1285
DA:86,1285
BRDA:86,4,0,1260
DA:87,1260
DA:89,1285
DA:91,1285
DA:95,4
FN:95,CommunityMemberFacet.unregisterMember
FNDA:4,CommunityMemberFacet.unregisterMember
DA:96,0
DA:97,3
DA:98,3
DA:99,3
DA:103,3
BRDA:103,5,0,3
DA:104,3
DA:106,3
DA:107,3
DA:110,4
FN:110,CommunityMemberFacet.kickMember
FNDA:4,CommunityMemberFacet.kickMember
DA:111,0
DA:112,3
BRDA:112,6,0,1
DA:113,1
DA:115,2
BRDA:115,7,0,1
DA:116,1
DA:118,1
DA:119,1
DA:121,1
DA:123,1
DA:124,1
DA:131,4
FN:131,CommunityMemberFacet.deactivateAllStrategies
FNDA:4,CommunityMemberFacet.deactivateAllStrategies
DA:132,4
DA:133,4
DA:134,3
FNF:9
FNH:9
LF:53
LH:51
BRF:8
BRH:8
end_of_record
TN:
SF:src/RegistryCommunity/facets/CommunityPoolFacet.sol
DA:50,677
FN:50,CommunityPoolFacet.createPool.0
FNDA:677,CommunityPoolFacet.createPool.0
DA:54,677
DA:60,677
DA:62,677
BRDA:62,0,0,677
DA:63,677
BRDA:63,1,0,1
DA:64,1
DA:66,676
DA:67,676
DA:68,10678
DA:73,676
DA:76,676
DA:79,677
FN:79,CommunityPoolFacet.createPool.1
FNDA:677,CommunityPoolFacet.createPool.1
DA:85,677
DA:86,677
BRDA:86,2,0,677
DA:87,677
DA:89,677
DA:91,677
DA:95,677
FNF:2
FNH:2
LF:18
LH:18
BRF:3
BRH:3
end_of_record
TN:
SF:src/RegistryCommunity/facets/CommunityPowerFacet.sol
DA:42,2550
FN:42,CommunityPowerFacet.isMember
FNDA:2550,CommunityPowerFacet.isMember
DA:43,2550
DA:46,1350
FN:46,CommunityPowerFacet.onlyRegistryMemberSender
FNDA:1350,CommunityPowerFacet.onlyRegistryMemberSender
DA:47,1350
BRDA:47,0,0,1
DA:48,1
DA:52,1200
FN:52,CommunityPowerFacet.onlyRegistryMemberAddress
FNDA:1200,CommunityPowerFacet.onlyRegistryMemberAddress
DA:53,1200
BRDA:53,1,0,-
DA:54,0
DA:58,1184
FN:58,CommunityPowerFacet.onlyStrategyEnabled
FNDA:1184,CommunityPowerFacet.onlyStrategyEnabled
DA:59,1184
BRDA:59,2,0,1
DA:60,1
DA:64,1200
FN:64,CommunityPowerFacet.onlyStrategyAddress
FNDA:1200,CommunityPowerFacet.onlyStrategyAddress
DA:65,1200
BRDA:65,3,0,1
DA:66,1
DA:74,3910
FN:74,CommunityPowerFacet.getMemberPowerInStrategy
FNDA:3910,CommunityPowerFacet.getMemberPowerInStrategy
DA:75,3910
DA:78,1305
FN:78,CommunityPowerFacet.getMemberStakedAmount
FNDA:1305,CommunityPowerFacet.getMemberStakedAmount
DA:79,1305
DA:82,1184
FN:82,CommunityPowerFacet.activateMemberInStrategy
FNDA:1184,CommunityPowerFacet.activateMemberInStrategy
DA:83,1184
DA:84,1184
DA:85,1183
DA:87,4
BRDA:87,4,0,4
DA:88,4
DA:91,1179
DA:93,1179
DA:94,1179
DA:96,1179
BRDA:96,5,0,260
BRDA:96,5,1,-
DA:97,260
DA:98,919
BRDA:98,6,0,916
DA:99,916
DA:102,1179
DA:103,260
DA:105,1179
DA:106,1179
DA:107,5
BRDA:107,7,0,5
DA:108,5
DA:109,5
DA:112,1179
BRDA:112,8,0,1174
DA:113,1174
DA:116,1179
DA:119,17
FN:119,CommunityPowerFacet.deactivateMemberInStrategy
FNDA:17,CommunityPowerFacet.deactivateMemberInStrategy
DA:120,17
DA:121,16
DA:122,16
BRDA:122,9,0,1
DA:123,1
DA:126,15
DA:127,15
DA:128,15
DA:131,1322
FN:131,CommunityPowerFacet.increasePower
FNDA:1322,CommunityPowerFacet.increasePower
DA:132,0
DA:133,1321
DA:134,1321
DA:136,1321
DA:137,1041
DA:138,1041
DA:139,1040
BRDA:139,10,0,1039
DA:140,1039
DA:144,1320
DA:145,1320
DA:146,1320
DA:149,28
FN:149,CommunityPowerFacet.decreasePower
FNDA:28,CommunityPowerFacet.decreasePower
DA:150,0
DA:151,28
DA:152,28
DA:154,28
DA:156,28
BRDA:156,11,0,2
DA:157,2
DA:159,26
DA:160,26
DA:161,26
DA:162,26
DA:163,26
DA:164,26
BRDA:164,12,0,-
BRDA:164,12,1,26
DA:165,0
DA:167,26
DA:170,26
DA:171,26
DA:178,0
FN:178,CommunityPowerFacet.removeStrategyFromMember
FNDA:0,CommunityPowerFacet.removeStrategyFromMember
DA:179,0
DA:180,0
DA:181,0
BRDA:181,13,0,-
DA:182,0
DA:183,0
FNF:12
FNH:11
LF:84
LH:74
BRF:16
BRH:12
end_of_record
TN:
SF:src/RegistryCommunity/facets/CommunityStrategyFacet.sol
DA:33,1156
FN:33,CommunityStrategyFacet.onlyCouncilSafe
FNDA:1156,CommunityStrategyFacet.onlyCouncilSafe
DA:34,1156
BRDA:34,0,0,2
DA:35,2
DA:43,5
FN:43,CommunityStrategyFacet.addStrategyByPoolId
FNDA:5,CommunityStrategyFacet.addStrategyByPoolId
DA:44,0
DA:45,5
DA:46,4
DA:49,1147
FN:49,CommunityStrategyFacet.addStrategy
FNDA:1147,CommunityStrategyFacet.addStrategy
DA:50,0
DA:51,1147
DA:54,3
FN:54,CommunityStrategyFacet.removeStrategyByPoolId
FNDA:3,CommunityStrategyFacet.removeStrategyByPoolId
DA:55,0
DA:56,3
DA:57,2
DA:60,1
FN:60,CommunityStrategyFacet.removeStrategy
FNDA:1,CommunityStrategyFacet.removeStrategy
DA:61,0
DA:62,1
DA:65,0
FN:65,CommunityStrategyFacet.rejectPool
FNDA:0,CommunityStrategyFacet.rejectPool
DA:66,0
DA:67,0
BRDA:67,1,0,-
DA:68,0
DA:70,0
DA:77,1151
FN:77,CommunityStrategyFacet._addStrategy
FNDA:1151,CommunityStrategyFacet._addStrategy
DA:78,1151
BRDA:78,2,0,1
DA:79,1
DA:81,1
BRDA:81,3,0,1
DA:82,1
DA:84,1149
DA:85,1149
DA:86,1149
BRDA:86,4,0,-
DA:87,0
DA:89,1149
DA:92,3
FN:92,CommunityStrategyFacet._removeStrategy
FNDA:3,CommunityStrategyFacet._removeStrategy
DA:93,3
BRDA:93,5,0,1
DA:94,1
DA:96,2
BRDA:96,6,0,-
DA:97,0
DA:99,2
DA:100,2
FNF:8
FNH:7
LF:39
LH:28
BRF:7
BRH:4
end_of_record
TN:
SF:src/RegistryFactory/RegistryFactory.sol
DA:50,509
FN:50,RegistryFactory._revertZeroAddress
FNDA:509,RegistryFactory._revertZeroAddress
DA:51,509
BRDA:51,0,0,1
DA:54,1
FN:54,RegistryFactory.setRegistryCommunityTemplate
FNDA:1,RegistryFactory.setRegistryCommunityTemplate
DA:55,1
DA:58,1
FN:58,RegistryFactory.setStrategyTemplate
FNDA:1,RegistryFactory.setStrategyTemplate
DA:59,1
DA:62,1
FN:62,RegistryFactory.setCollateralVaultTemplate
FNDA:1,RegistryFactory.setCollateralVaultTemplate
DA:63,1
DA:66,169
FN:66,RegistryFactory.initialize
FNDA:169,RegistryFactory.initialize
DA:73,169
DA:74,169
DA:75,169
DA:76,169
DA:77,169
DA:78,169
DA:79,169
DA:80,169
DA:81,169
DA:82,169
DA:86,219
FN:86,RegistryFactory.createRegistry
FNDA:219,RegistryFactory.createRegistry
DA:91,219
DA:92,219
DA:94,219
DA:101,218
DA:104,218
DA:105,218
DA:106,0
DA:109,2
FN:109,RegistryFactory.setReceiverAddress
FNDA:2,RegistryFactory.setReceiverAddress
DA:110,2
DA:111,1
DA:112,1
DA:115,1260
FN:115,RegistryFactory.getGardensFeeReceiver
FNDA:1260,RegistryFactory.getGardensFeeReceiver
DA:116,1260
DA:119,152
FN:119,RegistryFactory.setProtocolFee
FNDA:152,RegistryFactory.setProtocolFee
DA:120,152
DA:121,152
DA:124,3
FN:124,RegistryFactory.setCommunityValidity
FNDA:3,RegistryFactory.setCommunityValidity
DA:125,3
DA:126,3
DA:129,3
FN:129,RegistryFactory.getCommunityValidity
FNDA:3,RegistryFactory.getCommunityValidity
DA:130,3
DA:133,4
FN:133,RegistryFactory.setProtopianAddress
FNDA:4,RegistryFactory.setProtopianAddress
DA:134,4
DA:135,4
DA:138,3
BRDA:138,1,0,3
BRDA:138,1,1,1
DA:139,3
DA:141,1
DA:145,3
FN:145,RegistryFactory.setKeeperAddress
FNDA:3,RegistryFactory.setKeeperAddress
DA:146,3
DA:147,3
DA:150,2
BRDA:150,2,0,2
BRDA:150,2,1,1
DA:151,2
DA:153,1
DA:157,1310
FN:157,RegistryFactory.getProtocolFee
FNDA:1310,RegistryFactory.getProtocolFee
DA:158,1310
BRDA:158,3,0,2
DA:159,2
DA:163,1
BRDA:163,4,0,1
DA:164,1
DA:169,1307
DA:170,0
BRDA:170,5,0,-
DA:171,0
DA:175,1307
BRDA:175,6,0,1307
DA:176,1307
DA:177,1307
DA:178,1
BRDA:178,7,0,1
DA:179,1
DA:184,1306
FNF:14
FNH:14
LF:67
LH:64
BRF:10
BRH:9
end_of_record
TN:
SF:src/SafeArbitrator.sol
DA:48,6
FN:48,SafeArbitrator.onlySafe
FNDA:6,SafeArbitrator.onlySafe
DA:49,6
DA:50,6
BRDA:50,0,0,5
BRDA:50,0,1,1
DA:53,1
DA:58,158
FN:58,SafeArbitrator.initialize
FNDA:158,SafeArbitrator.initialize
DA:59,158
DA:60,0
DA:61,158
DA:62,158
DA:67,1
FN:67,SafeArbitrator.setArbitrationFee
FNDA:1,SafeArbitrator.setArbitrationFee
DA:68,1
DA:69,1
DA:72,688
FN:72,SafeArbitrator.registerSafe
FNDA:688,SafeArbitrator.registerSafe
DA:73,688
DA:74,688
DA:78,8
FN:78,SafeArbitrator.createDispute.0
FNDA:8,SafeArbitrator.createDispute.0
DA:85,8
BRDA:85,1,0,1
DA:86,1
DA:88,7
DA:89,7
DA:90,7
DA:102,7
DA:106,0
FN:106,SafeArbitrator.createDispute.1
FNDA:0,SafeArbitrator.createDispute.1
DA:112,0
DA:119,5
FN:119,SafeArbitrator.executeRuling
FNDA:5,SafeArbitrator.executeRuling
DA:120,5
DA:122,5
BRDA:122,2,0,1
DA:123,1
DA:125,4
BRDA:125,3,0,1
DA:126,1
DA:129,3
DA:130,3
DA:132,3
DA:133,3
BRDA:133,4,0,-
BRDA:133,4,1,-
DA:135,3
DA:136,3
DA:140,10
FN:140,SafeArbitrator.arbitrationCost.0
FNDA:10,SafeArbitrator.arbitrationCost.0
DA:141,10
DA:145,0
FN:145,SafeArbitrator.arbitrationCost.1
FNDA:0,SafeArbitrator.arbitrationCost.1
DA:151,0
DA:154,1
FN:154,SafeArbitrator.currentRuling
FNDA:1,SafeArbitrator.currentRuling
DA:155,1
DA:156,1
DA:157,1
DA:158,1
FNF:10
FNH:8
LF:45
LH:40
BRF:7
BRH:5
end_of_record
TN:
SF:src/Utils/RevertMsg.prod.sol
DA:5,0
FN:5,RevertMsg.reason
FNDA:0,RevertMsg.reason
DA:7,0
FNF:1
FNH:0
LF:2
LH:0
BRF:0
BRH:0
end_of_record
TN:
SF:src/Utils/RevertMsg.sol
DA:5,0
FN:5,RevertMsg.reason
FNDA:0,RevertMsg.reason
DA:6,0
FNF:1
FNH:0
LF:2
LH:0
BRF:0
BRH:0
end_of_record
TN:
SF:src/diamonds/facets/DiamondLoupeFacet.sol
DA:27,0
FN:27,DiamondLoupeFacet.facets
FNDA:0,DiamondLoupeFacet.facets
DA:28,0
DA:29,0
DA:31,0
DA:33,0
DA:35,0
DA:37,0
DA:38,0
DA:39,0
DA:40,0
DA:42,0
DA:43,0
BRDA:43,0,0,-
DA:44,0
DA:45,0
DA:46,0
DA:47,0
DA:51,0
BRDA:51,1,0,-
DA:52,0
DA:53,0
DA:56,0
DA:57,0
DA:58,0
DA:59,0
DA:60,0
DA:62,0
DA:63,0
DA:64,0
DA:67,0
DA:72,0
DA:79,0
FN:79,DiamondLoupeFacet.facetFunctionSelectors
FNDA:0,DiamondLoupeFacet.facetFunctionSelectors
DA:85,0
DA:86,0
DA:87,0
DA:88,0
DA:90,0
DA:91,0
DA:92,0
DA:93,0
BRDA:93,2,0,-
DA:94,0
DA:95,0
DA:100,0
DA:106,0
FN:106,DiamondLoupeFacet.facetAddresses
FNDA:0,DiamondLoupeFacet.facetAddresses
DA:107,0
DA:108,0
DA:110,0
DA:111,0
DA:113,0
DA:114,0
DA:115,0
DA:116,0
DA:118,0
DA:119,0
BRDA:119,3,0,-
DA:120,0
DA:121,0
DA:125,0
BRDA:125,4,0,-
DA:126,0
DA:127,0
DA:130,0
DA:131,0
DA:135,0
DA:143,0
FN:143,DiamondLoupeFacet.facetAddress
FNDA:0,DiamondLoupeFacet.facetAddress
DA:144,0
DA:145,0
DA:149,0
FN:149,DiamondLoupeFacet.supportsInterface
FNDA:0,DiamondLoupeFacet.supportsInterface
DA:150,0
DA:151,0
FNF:5
FNH:0
LF:66
LH:0
BRF:5
BRH:0
end_of_record
TN:
SF:src/diamonds/facets/OwnershipFacet.sol
DA:8,4
FN:8,OwnershipFacet.transferOwnership
FNDA:4,OwnershipFacet.transferOwnership
DA:9,4
DA:10,4
DA:13,3
FN:13,OwnershipFacet.owner
FNDA:3,OwnershipFacet.owner
DA:14,3
FNF:2
FNH:2
LF:5
LH:5
BRF:0
BRH:0
end_of_record
TN:
SF:src/diamonds/libraries/LibDiamond.sol
DA:50,9924
FN:50,LibDiamond.diamondStorage
FNDA:9924,LibDiamond.diamondStorage
DA:51,9924
DA:53,0
DA:59,923
FN:59,LibDiamond.setContractOwner
FNDA:923,LibDiamond.setContractOwner
DA:60,923
DA:61,923
DA:62,923
DA:63,923
DA:66,8
FN:66,LibDiamond.contractOwner
FNDA:8,LibDiamond.contractOwner
DA:67,8
DA:70,42
FN:70,LibDiamond.enforceIsContractOwner
FNDA:42,LibDiamond.enforceIsContractOwner
DA:71,42
BRDA:71,0,0,3
DA:72,3
DA:79,929
FN:79,LibDiamond.diamondCut
FNDA:929,LibDiamond.diamondCut
DA:80,929
DA:81,4487
DA:82,4487
DA:83,4487
BRDA:83,1,0,1
DA:84,1
DA:86,4486
DA:87,4486
BRDA:87,2,0,20
BRDA:87,2,1,-
DA:88,20
DA:89,4466
BRDA:89,3,0,7
BRDA:89,3,1,-
DA:90,7
DA:91,4459
BRDA:91,4,0,6
BRDA:91,4,1,-
DA:92,6
DA:93,4453
BRDA:93,5,0,4453
BRDA:93,5,1,-
DA:94,4453
DA:96,0
DA:99,916
DA:100,916
DA:103,4453
FN:103,LibDiamond._autoAddOrReplaceFunctions
FNDA:4453,LibDiamond._autoAddOrReplaceFunctions
DA:104,4453
BRDA:104,6,0,1
DA:105,1
DA:107,4452
DA:108,4452
DA:110,4451
DA:111,4451
DA:112,4451
DA:113,4451
DA:115,4451
DA:116,16069
DA:117,16069
DA:119,16069
BRDA:119,7,0,16068
BRDA:119,7,1,1
DA:120,16068
DA:121,1
BRDA:121,8,0,1
DA:122,1
DA:127,4451
BRDA:127,9,0,4451
DA:128,4451
DA:130,4451
BRDA:130,10,0,1
DA:131,1
DA:135,4471
FN:135,LibDiamond.addFunctions
FNDA:4471,LibDiamond.addFunctions
DA:136,4471
BRDA:136,11,0,1
DA:137,1
DA:139,4470
DA:140,4470
DA:141,4470
DA:142,4469
DA:143,16093
DA:144,16093
DA:145,16093
BRDA:145,12,0,1
DA:146,1
DA:148,16092
DA:149,16092
DA:150,16092
DA:154,8
FN:154,LibDiamond.replaceFunctions
FNDA:8,LibDiamond.replaceFunctions
DA:155,8
DA:156,8
BRDA:156,13,0,-
DA:157,0
DA:159,8
DA:160,7
DA:161,9
DA:162,9
DA:164,9
BRDA:164,14,0,1
DA:165,1
DA:167,8
BRDA:167,15,0,1
DA:168,1
DA:170,7
BRDA:170,16,0,1
DA:171,1
DA:174,6
DA:178,6
FN:178,LibDiamond.removeFunctions
FNDA:6,LibDiamond.removeFunctions
DA:179,6
DA:180,6
DA:181,6
BRDA:181,17,0,1
DA:182,1
DA:184,5
DA:185,5
DA:186,5
DA:188,5
BRDA:188,18,0,1
DA:189,1
DA:193,4
BRDA:193,19,0,1
DA:194,1
DA:197,3
DA:198,3
BRDA:198,20,0,2
DA:199,2
DA:200,2
DA:201,2
DA:205,3
DA:210,916
FN:210,LibDiamond.initializeDiamondCut
FNDA:916,LibDiamond.initializeDiamondCut
DA:211,916
BRDA:211,21,0,913
DA:212,913
DA:214,3
DA:215,2
DA:216,2
BRDA:216,22,0,1
DA:217,1
BRDA:217,23,0,1
BRDA:217,23,1,-
DA:221,0
DA:222,0
DA:225,0
DA:230,4452
FN:230,LibDiamond._shrinkSelectorArray
FNDA:4452,LibDiamond._shrinkSelectorArray
DA:231,4452
DA:232,4452
DA:233,16069
DA:235,0
DA:238,8933
FN:238,LibDiamond.enforceHasContractCode
FNDA:8933,LibDiamond.enforceHasContractCode
DA:239,8933
DA:241,0
DA:243,8933
BRDA:243,24,0,4
DA:244,4
FNF:12
FNH:12
LF:118
LH:110
BRF:31
BRH:25
end_of_record
TN:
SF:test/ABDKMath64x64.sol
DA:34,0
FN:34,ABDKMath64x64.fromInt
FNDA:0,ABDKMath64x64.fromInt
DA:36,0
BRDA:36,0,0,-
BRDA:36,0,1,-
DA:37,0
DA:48,0
FN:48,ABDKMath64x64.toInt
FNDA:0,ABDKMath64x64.toInt
DA:50,0
DA:61,0
FN:61,ABDKMath64x64.fromUInt
FNDA:0,ABDKMath64x64.fromUInt
DA:63,0
BRDA:63,1,0,-
BRDA:63,1,1,-
DA:64,0
DA:75,0
FN:75,ABDKMath64x64.toUInt
FNDA:0,ABDKMath64x64.toUInt
DA:77,0
BRDA:77,2,0,-
BRDA:77,2,1,-
DA:78,0
DA:89,0
FN:89,ABDKMath64x64.from128x128
FNDA:0,ABDKMath64x64.from128x128
DA:91,0
DA:92,0
BRDA:92,3,0,-
BRDA:92,3,1,-
DA:93,0
DA:104,0
FN:104,ABDKMath64x64.to128x128
FNDA:0,ABDKMath64x64.to128x128
DA:106,0
DA:117,0
FN:117,ABDKMath64x64.add
FNDA:0,ABDKMath64x64.add
DA:119,0
DA:120,0
BRDA:120,4,0,-
BRDA:120,4,1,-
DA:121,0
DA:132,0
FN:132,ABDKMath64x64.sub
FNDA:0,ABDKMath64x64.sub
DA:134,0
DA:135,0
BRDA:135,5,0,-
BRDA:135,5,1,-
DA:136,0
DA:147,0
FN:147,ABDKMath64x64.mul
FNDA:0,ABDKMath64x64.mul
DA:149,0
DA:150,0
BRDA:150,6,0,-
BRDA:150,6,1,-
DA:151,0
DA:163,0
FN:163,ABDKMath64x64.muli
FNDA:0,ABDKMath64x64.muli
DA:165,0
BRDA:165,7,0,-
BRDA:165,7,1,-
DA:166,0
BRDA:166,8,0,-
BRDA:166,8,1,-
DA:170,0
DA:172,0
DA:173,0
BRDA:173,9,0,-
DA:174,0
DA:175,0
DA:177,0
BRDA:177,10,0,-
DA:178,0
DA:179,0
DA:181,0
DA:182,0
BRDA:182,11,0,-
BRDA:182,11,1,-
DA:183,0
BRDA:183,12,0,-
BRDA:183,12,1,-
DA:184,0
DA:186,0
BRDA:186,13,0,-
BRDA:186,13,1,-
DA:187,0
DA:201,0
FN:201,ABDKMath64x64.mulu
FNDA:0,ABDKMath64x64.mulu
DA:203,0
BRDA:203,14,0,-
DA:205,0
BRDA:205,15,0,-
BRDA:205,15,1,-
DA:207,0
DA:208,0
DA:210,0
BRDA:210,16,0,-
BRDA:210,16,1,-
DA:211,0
DA:213,0
BRDA:213,17,0,-
BRDA:213,17,1,-
DA:214,0
DA:226,0
FN:226,ABDKMath64x64.div
FNDA:0,ABDKMath64x64.div
DA:228,0
BRDA:228,18,0,-
BRDA:228,18,1,-
DA:229,0
DA:230,0
BRDA:230,19,0,-
BRDA:230,19,1,-
DA:231,0
DA:243,0
FN:243,ABDKMath64x64.divi
FNDA:0,ABDKMath64x64.divi
DA:245,0
BRDA:245,20,0,-
BRDA:245,20,1,-
DA:247,0
DA:248,0
BRDA:248,21,0,-
DA:249,0
DA:250,0
DA:252,0
BRDA:252,22,0,-
DA:253,0
DA:254,0
DA:256,0
DA:257,0
BRDA:257,23,0,-
BRDA:257,23,1,-
DA:258,0
BRDA:258,24,0,-
BRDA:258,24,1,-
DA:259,0
DA:261,0
BRDA:261,25,0,-
BRDA:261,25,1,-
DA:262,0
DA:275,24
FN:275,ABDKMath64x64.divu
FNDA:24,ABDKMath64x64.divu
DA:277,24
BRDA:277,26,0,-
BRDA:277,26,1,-
DA:278,24
DA:279,24
BRDA:279,27,0,-
BRDA:279,27,1,-
DA:280,24
DA:290,0
FN:290,ABDKMath64x64.neg
FNDA:0,ABDKMath64x64.neg
DA:292,0
BRDA:292,28,0,-
BRDA:292,28,1,-
DA:293,0
DA:303,0
FN:303,ABDKMath64x64.abs
FNDA:0,ABDKMath64x64.abs
DA:305,0
BRDA:305,29,0,-
BRDA:305,29,1,-
DA:306,0
DA:317,0
FN:317,ABDKMath64x64.inv
FNDA:0,ABDKMath64x64.inv
DA:319,0
BRDA:319,30,0,-
BRDA:319,30,1,-
DA:320,0
DA:321,0
BRDA:321,31,0,-
BRDA:321,31,1,-
DA:322,0
DA:333,0
FN:333,ABDKMath64x64.avg
FNDA:0,ABDKMath64x64.avg
DA:335,0
DA:347,0
FN:347,ABDKMath64x64.gavg
FNDA:0,ABDKMath64x64.gavg
DA:349,0
DA:350,0
BRDA:350,32,0,-
BRDA:350,32,1,-
DA:351,0
BRDA:351,33,0,-
BRDA:351,33,1,-
DA:352,0
DA:364,0
FN:364,ABDKMath64x64.pow
FNDA:0,ABDKMath64x64.pow
DA:366,0
DA:368,0
DA:369,0
DA:370,0
DA:372,0
BRDA:372,34,0,-
BRDA:372,34,1,-
DA:373,0
DA:374,0
DA:375,0
BRDA:375,35,0,-
DA:376,0
DA:378,0
DA:380,0
BRDA:380,36,0,-
DA:381,0
DA:383,0
DA:385,0
BRDA:385,37,0,-
DA:386,0
DA:388,0
DA:390,0
BRDA:390,38,0,-
DA:391,0
DA:393,0
DA:395,0
DA:398,0
DA:400,0
DA:401,0
BRDA:401,39,0,-
DA:402,0
DA:403,0
DA:405,0
BRDA:405,40,0,-
DA:406,0
DA:407,0
DA:409,0
BRDA:409,41,0,-
DA:410,0
DA:411,0
DA:413,0
BRDA:413,42,0,-
DA:414,0
DA:415,0
DA:417,0
BRDA:417,43,0,-
DA:418,0
DA:419,0
DA:421,0
BRDA:421,44,0,-
DA:422,0
DA:423,0
DA:426,0
DA:427,0
DA:428,0
BRDA:428,45,0,-
BRDA:428,45,1,-
DA:430,0
BRDA:430,46,0,-
DA:431,0
DA:432,0
DA:433,0
BRDA:433,47,0,-
DA:434,0
DA:435,0
DA:438,0
DA:439,0
DA:440,0
BRDA:440,48,0,-
DA:441,0
DA:442,0
DA:445,0
DA:448,0
BRDA:448,49,0,-
BRDA:448,49,1,-
DA:449,0
DA:451,0
DA:452,0
BRDA:452,50,0,-
BRDA:452,50,1,-
DA:453,0
DA:463,0
FN:463,ABDKMath64x64.sqrt
FNDA:0,ABDKMath64x64.sqrt
DA:465,0
BRDA:465,51,0,-
BRDA:465,51,1,-
DA:466,0
DA:476,16
FN:476,ABDKMath64x64.log_2
FNDA:16,ABDKMath64x64.log_2
DA:478,16
BRDA:478,52,0,-
BRDA:478,52,1,-
DA:480,16
DA:481,16
DA:482,16
BRDA:482,53,0,-
DA:483,0
DA:484,0
DA:486,16
BRDA:486,54,0,16
DA:487,16
DA:488,16
DA:490,16
BRDA:490,55,0,8
DA:491,8
DA:492,8
DA:494,16
BRDA:494,56,0,16
DA:495,16
DA:496,16
DA:498,16
BRDA:498,57,0,8
DA:499,8
DA:500,8
DA:502,16
BRDA:502,58,0,8
DA:503,8
DA:504,8
DA:506,16
BRDA:506,59,0,8
DA:508,16
DA:509,16
DA:510,16
DA:511,1024
DA:512,1024
DA:513,1024
DA:514,1024
DA:517,16
DA:527,16
FN:527,ABDKMath64x64.ln
FNDA:16,ABDKMath64x64.ln
DA:529,16
BRDA:529,60,0,-
BRDA:529,60,1,-
DA:531,16
DA:541,0
FN:541,ABDKMath64x64.exp_2
FNDA:0,ABDKMath64x64.exp_2
DA:543,0
BRDA:543,61,0,-
BRDA:543,61,1,-
DA:545,0
BRDA:545,62,0,-
DA:547,0
DA:549,0
BRDA:549,63,0,-
DA:550,0
DA:552,0
BRDA:552,64,0,-
DA:553,0
DA:555,0
BRDA:555,65,0,-
DA:556,0
DA:558,0
BRDA:558,66,0,-
DA:559,0
DA:561,0
BRDA:561,67,0,-
DA:562,0
DA:564,0
BRDA:564,68,0,-
DA:565,0
DA:567,0
BRDA:567,69,0,-
DA:568,0
DA:570,0
BRDA:570,70,0,-
DA:571,0
DA:573,0
BRDA:573,71,0,-
DA:574,0
DA:576,0
BRDA:576,72,0,-
DA:577,0
DA:579,0
BRDA:579,73,0,-
DA:580,0
DA:582,0
BRDA:582,74,0,-
DA:583,0
DA:585,0
BRDA:585,75,0,-
DA:586,0
DA:588,0
BRDA:588,76,0,-
DA:589,0
DA:591,0
BRDA:591,77,0,-
DA:592,0
DA:594,0
BRDA:594,78,0,-
DA:595,0
DA:597,0
BRDA:597,79,0,-
DA:598,0
DA:600,0
BRDA:600,80,0,-
DA:601,0
DA:603,0
BRDA:603,81,0,-
DA:604,0
DA:606,0
BRDA:606,82,0,-
DA:607,0
DA:609,0
BRDA:609,83,0,-
DA:610,0
DA:612,0
BRDA:612,84,0,-
DA:613,0
DA:615,0
BRDA:615,85,0,-
DA:616,0
DA:618,0
BRDA:618,86,0,-
DA:619,0
DA:621,0
BRDA:621,87,0,-
DA:622,0
DA:624,0
BRDA:624,88,0,-
DA:625,0
DA:627,0
BRDA:627,89,0,-
DA:628,0
DA:630,0
BRDA:630,90,0,-
DA:631,0
DA:633,0
BRDA:633,91,0,-
DA:634,0
DA:636,0
BRDA:636,92,0,-
DA:637,0
DA:639,0
BRDA:639,93,0,-
DA:640,0
DA:642,0
BRDA:642,94,0,-
DA:643,0
DA:645,0
BRDA:645,95,0,-
DA:646,0
DA:648,0
BRDA:648,96,0,-
DA:649,0
DA:651,0
BRDA:651,97,0,-
DA:652,0
DA:654,0
BRDA:654,98,0,-
DA:655,0
DA:657,0
BRDA:657,99,0,-
DA:658,0
DA:660,0
BRDA:660,100,0,-
DA:661,0
DA:663,0
BRDA:663,101,0,-
DA:664,0
DA:666,0
BRDA:666,102,0,-
DA:667,0
DA:669,0
BRDA:669,103,0,-
DA:670,0
DA:672,0
BRDA:672,104,0,-
DA:673,0
DA:675,0
BRDA:675,105,0,-
DA:676,0
DA:678,0
BRDA:678,106,0,-
DA:679,0
DA:681,0
BRDA:681,107,0,-
DA:682,0
DA:684,0
BRDA:684,108,0,-
DA:685,0
DA:687,0
BRDA:687,109,0,-
DA:688,0
DA:690,0
BRDA:690,110,0,-
DA:691,0
DA:693,0
BRDA:693,111,0,-
DA:694,0
DA:696,0
BRDA:696,112,0,-
DA:697,0
DA:699,0
BRDA:699,113,0,-
DA:700,0
DA:702,0
BRDA:702,114,0,-
DA:703,0
DA:705,0
BRDA:705,115,0,-
DA:706,0
DA:708,0
BRDA:708,116,0,-
DA:709,0
DA:711,0
BRDA:711,117,0,-
DA:712,0
DA:714,0
BRDA:714,118,0,-
DA:715,0
DA:717,0
BRDA:717,119,0,-
DA:718,0
DA:720,0
BRDA:720,120,0,-
DA:721,0
DA:723,0
BRDA:723,121,0,-
DA:724,0
DA:726,0
BRDA:726,122,0,-
DA:727,0
DA:729,0
BRDA:729,123,0,-
DA:730,0
DA:732,0
BRDA:732,124,0,-
DA:733,0
DA:735,0
BRDA:735,125,0,-
DA:736,0
DA:738,0
BRDA:738,126,0,-
DA:739,0
DA:742,0
DA:743,0
BRDA:743,127,0,-
BRDA:743,127,1,-
DA:745,0
DA:755,0
FN:755,ABDKMath64x64.exp
FNDA:0,ABDKMath64x64.exp
DA:757,0
BRDA:757,128,0,-
BRDA:757,128,1,-
DA:759,0
BRDA:759,129,0,-
DA:761,0
DA:773,24
FN:773,ABDKMath64x64.divuu
FNDA:24,ABDKMath64x64.divuu
DA:775,24
BRDA:775,130,0,-
BRDA:775,130,1,-
DA:777,24
DA:779,24
BRDA:779,131,0,24
BRDA:779,131,1,-
DA:780,24
DA:782,0
DA:783,0
DA:784,0
BRDA:784,132,0,-
DA:785,0
DA:786,0
DA:788,0
BRDA:788,133,0,-
DA:789,0
DA:790,0
DA:792,0
BRDA:792,134,0,-
DA:793,0
DA:794,0
DA:796,0
BRDA:796,135,0,-
DA:797,0
DA:798,0
DA:800,0
BRDA:800,136,0,-
DA:801,0
DA:802,0
DA:804,0
BRDA:804,137,0,-
DA:806,0
DA:807,0
BRDA:807,138,0,-
BRDA:807,138,1,-
DA:809,0
DA:810,0
DA:812,0
DA:813,0
DA:815,0
BRDA:815,139,0,-
DA:816,0
DA:817,0
DA:818,0
BRDA:818,140,0,-
DA:819,0
DA:821,0
DA:824,24
BRDA:824,141,0,-
BRDA:824,141,1,-
DA:825,24
DA:836,0
FN:836,ABDKMath64x64.sqrtu
FNDA:0,ABDKMath64x64.sqrtu
DA:838,0
BRDA:838,142,0,-
BRDA:838,142,1,-
DA:839,0
DA:841,0
DA:842,0
DA:843,0
BRDA:843,143,0,-
DA:844,0
DA:845,0
DA:847,0
BRDA:847,144,0,-
DA:848,0
DA:849,0
DA:851,0
BRDA:851,145,0,-
DA:852,0
DA:853,0
DA:855,0
BRDA:855,146,0,-
DA:856,0
DA:857,0
DA:859,0
BRDA:859,147,0,-
DA:860,0
DA:861,0
DA:863,0
BRDA:863,148,0,-
DA:864,0
DA:865,0
DA:867,0
BRDA:867,149,0,-
DA:868,0
DA:869,0
DA:870,0
DA:871,0
DA:872,0
DA:873,0
DA:874,0
DA:875,0
DA:876,0
FNF:27
FNH:4
LF:405
LH:44
BRF:194
BRH:7
end_of_record
TN:
SF:test/CVStrategyHelpers.sol
DA:33,0
FN:33,CVStrategyHelpers.poolProfile_id1
FNDA:0,CVStrategyHelpers.poolProfile_id1
DA:38,0
BRDA:38,0,0,-
DA:39,0
DA:43,0
DA:46,677
FN:46,CVStrategyHelpers.getParams
FNDA:677,CVStrategyHelpers.getParams
DA:59,677
DA:60,677
DA:62,677
DA:68,677
DA:69,677
DA:70,677
DA:71,677
DA:72,677
DA:73,677
DA:74,677
DA:76,677
BRDA:76,1,0,575
DA:79,575
DA:81,677
DA:82,677
DA:84,677
DA:87,0
FN:87,CVStrategyHelpers.createPool.0
FNDA:0,CVStrategyHelpers.createPool.0
DA:99,0
DA:111,0
DA:112,0
DA:113,0
DA:119,0
DA:120,0
BRDA:120,2,0,-
DA:121,0
DA:123,0
DA:134,0
DA:137,0
FN:137,CVStrategyHelpers.createPool.1
FNDA:0,CVStrategyHelpers.createPool.1
DA:147,0
DA:160,6
FN:160,CVStrategyHelpers._etherToFloat
FNDA:6,CVStrategyHelpers._etherToFloat
DA:161,6
DA:164,0
FN:164,CVStrategyHelpers._mul
FNDA:0,CVStrategyHelpers._mul
DA:165,0
BRDA:165,3,0,-
BRDA:165,3,1,-
DA:166,0
BRDA:166,4,0,-
BRDA:166,4,1,-
DA:167,0
DA:170,0
FN:170,CVStrategyHelpers._pow
FNDA:0,CVStrategyHelpers._pow
DA:171,0
BRDA:171,5,0,-
BRDA:171,5,1,-
DA:172,0
DA:173,0
DA:174,0
DA:175,0
DA:176,0
BRDA:176,6,0,-
BRDA:176,6,1,-
DA:177,0
DA:178,0
DA:180,0
DA:181,0
DA:186,0
FN:186,CVStrategyHelpers._calculateConviction
FNDA:0,CVStrategyHelpers._calculateConviction
DA:191,0
DA:192,0
DA:193,0
DA:196,16
FN:196,CVStrategyHelpers.getDecay
FNDA:16,CVStrategyHelpers.getDecay
DA:197,16
DA:198,0
FNF:9
FNH:3
LF:56
LH:20
BRF:11
BRH:1
end_of_record
TN:
SF:test/LibDiamond.t.sol
DA:27,24
FN:27,LibDiamondHarness.constructor
FNDA:24,LibDiamondHarness.constructor
DA:28,24
DA:31,31
FN:31,LibDiamondHarness.diamondCut
FNDA:31,LibDiamondHarness.diamondCut
DA:32,31
DA:33,31
DA:36,1
FN:36,LibDiamondHarness.setOwnerRaw
FNDA:1,LibDiamondHarness.setOwnerRaw
DA:37,1
DA:40,1
FN:40,LibDiamondHarness.enforceOwner
FNDA:1,LibDiamondHarness.enforceOwner
DA:41,1
DA:44,1
FN:44,LibDiamondHarness.owner
FNDA:1,LibDiamondHarness.owner
DA:45,1
DA:48,8
FN:48,LibDiamondHarness.fallback
FNDA:8,LibDiamondHarness.fallback
DA:49,8
DA:50,8
DA:52,8
BRDA:52,0,0,2
DA:53,2
DA:57,0
DA:58,0
DA:59,0
DA:61,0
DA:62,0
DA:70,1
FN:70,TestFacetV1.foo.0
FNDA:1,TestFacetV1.foo.0
DA:71,1
DA:74,2
FN:74,TestFacetV1.bar
FNDA:2,TestFacetV1.bar
DA:75,2
DA:80,2
FN:80,TestFacetV2.foo.1
FNDA:2,TestFacetV2.foo.1
DA:81,2
DA:88,1
FN:88,InitReverter.fail
FNDA:1,InitReverter.fail
DA:89,1
DA:102,1
FN:102,InitNoop.run
FNDA:1,InitNoop.run
DA:103,1
FNF:11
FNH:11
LF:31
LH:26
BRF:1
BRH:1
end_of_record
TN:
SF:test/OwnershipFacet.t.sol
DA:14,4
FN:14,TestDiamond.constructor
FNDA:4,TestDiamond.constructor
DA:15,4
DA:18,6
FN:18,TestDiamond.diamondCut
FNDA:6,TestDiamond.diamondCut
DA:19,6
DA:20,6
DA:23,7
FN:23,TestDiamond.fallback
FNDA:7,TestDiamond.fallback
DA:24,7
DA:25,7
DA:27,7
BRDA:27,0,0,-
DA:28,0
DA:32,0
DA:33,0
DA:34,0
DA:36,0
DA:37,0
FNF:3
FNH:3
LF:15
LH:9
BRF:1
BRH:0
end_of_record
TN:
SF:test/RegistryFactory.t.sol
DA:15,12
FN:15,MockSafe.constructor
FNDA:12,MockSafe.constructor
DA:16,12
DA:19,4
FN:19,MockSafe.getOwners
FNDA:4,MockSafe.getOwners
DA:20,4
DA:27,5
FN:27,MockRegistryCommunity.initialize
FNDA:5,MockRegistryCommunity.initialize
DA:33,5
DA:36,0
FN:36,MockRegistryCommunity.diamondCut
FNDA:0,MockRegistryCommunity.diamondCut
FNF:4
FNH:3
LF:7
LH:6
BRF:0
BRH:0
end_of_record
TN:
SF:test/helpers/CommunityDiamondConfigurator.sol
DA:14,209
FN:14,CommunityDiamondConfiguratorBase._buildFacetCuts
FNDA:209,CommunityDiamondConfiguratorBase._buildFacetCuts
DA:21,209
DA:23,209
DA:24,209
DA:25,209
DA:26,209
DA:27,209
DA:28,209
DA:29,209
DA:30,209
DA:31,209
DA:32,209
DA:33,209
DA:39,209
DA:40,209
DA:41,209
DA:42,209
DA:43,209
DA:44,209
DA:45,209
DA:46,209
DA:52,209
DA:53,209
DA:58,209
DA:63,209
DA:69,209
DA:70,209
DA:71,209
DA:72,209
DA:73,209
DA:74,209
DA:75,209
DA:76,209
DA:82,209
DA:83,209
DA:84,209
DA:85,209
DA:86,209
DA:87,209
DA:88,209
DA:108,158
FN:108,CommunityDiamondConfigurator.constructor
FNDA:158,CommunityDiamondConfigurator.constructor
DA:110,158
DA:111,158
DA:112,158
DA:113,158
DA:114,158
DA:117,209
FN:117,CommunityDiamondConfigurator.getFacetCuts.0
FNDA:209,CommunityDiamondConfigurator.getFacetCuts.0
DA:118,209
DA:121,0
FN:121,CommunityDiamondConfigurator.getFacetCuts.1
FNDA:0,CommunityDiamondConfigurator.getFacetCuts.1
DA:128,0
FNF:4
FNH:3
LF:50
LH:48
BRF:0
BRH:0
end_of_record
TN:
SF:test/helpers/DiamondConfigurator.sol
DA:14,681
FN:14,DiamondConfiguratorBase._buildFacetCuts
FNDA:681,DiamondConfiguratorBase._buildFacetCuts
DA:21,681
DA:23,681
DA:24,681
DA:25,681
DA:26,681
DA:27,681
DA:33,681
DA:34,681
DA:35,681
DA:36,681
DA:42,681
DA:43,681
DA:44,681
DA:45,681
DA:51,681
DA:52,681
DA:53,681
DA:54,681
DA:55,681
DA:56,681
DA:57,681
DA:63,681
DA:64,681
DA:65,681
DA:66,681
DA:67,681
DA:87,164
FN:87,DiamondConfigurator.constructor
FNDA:164,DiamondConfigurator.constructor
DA:89,164
DA:90,164
DA:91,164
DA:92,164
DA:93,164
DA:96,681
FN:96,DiamondConfigurator.getFacetCuts.0
FNDA:681,DiamondConfigurator.getFacetCuts.0
DA:97,681
DA:100,0
FN:100,DiamondConfigurator.getFacetCuts.1
FNDA:0,DiamondConfigurator.getFacetCuts.1
DA:107,0
FNF:4
FNH:3
LF:37
LH:35
BRF:0
BRH:0
end_of_record
TN:
SF:test/mocks/CVAdminFacetV2.sol
DA:16,1
FN:16,CVAdminFacetV2.VERSION
FNDA:1,CVAdminFacetV2.VERSION
DA:17,1
FNF:1
FNH:1
LF:2
LH:2
BRF:0
BRH:0
end_of_record
TN:
SF:test/shared/GasHelpers2.sol
DA:12,0
FN:12,GasHelpers2.setEnableGasLog
FNDA:0,GasHelpers2.setEnableGasLog
DA:13,0
DA:16,211
FN:16,GasHelpers2.startMeasuringGas
FNDA:211,GasHelpers2.startMeasuringGas
DA:17,0
BRDA:17,0,0,-
DA:18,0
DA:20,0
DA:24,145
FN:24,GasHelpers2.stopMeasuringGas
FNDA:145,GasHelpers2.stopMeasuringGas
DA:25,0
BRDA:25,1,0,-
DA:26,0
DA:29,0
DA:31,0
FNF:3
FNH:2
LF:11
LH:2
BRF:2
BRH:0
end_of_record
TN:
SF:test/shared/SafeSetup.sol
DA:29,0
FN:29,SafeSetup._councilSafeWithOwner.0
FNDA:0,SafeSetup._councilSafeWithOwner.0
DA:30,0
DA:33,0
FN:33,SafeSetup.setCouncilSafe
FNDA:0,SafeSetup.setCouncilSafe
DA:34,0
DA:37,158
FN:37,SafeSetup._createSafeProxyFactory
FNDA:158,SafeSetup._createSafeProxyFactory
DA:38,158
BRDA:38,0,0,-
DA:39,0
DA:42,158
DA:49,158
FN:49,SafeSetup._createSafe
FNDA:158,SafeSetup._createSafe
DA:50,158
BRDA:50,1,0,-
DA:51,0
DA:53,158
DA:60,316
FN:60,SafeSetup.__createContract
FNDA:316,SafeSetup.__createContract
DA:61,316
DA:62,316
DA:64,0
DA:66,0
DA:68,316
BRDA:68,2,0,-
BRDA:68,2,1,-
DA:72,0
FN:72,SafeSetup.isContract
FNDA:0,SafeSetup.isContract
DA:73,0
DA:75,0
DA:77,0
DA:80,0
FN:80,SafeSetup._councilSafeWithOwner.1
FNDA:0,SafeSetup._councilSafeWithOwner.1
DA:82,0
BRDA:82,3,0,-
DA:83,0
BRDA:83,4,0,-
DA:84,0
DA:86,0
DA:87,0
DA:89,0
DA:92,0
DA:93,0
DA:94,0
DA:95,0
DA:96,0
DA:98,0
DA:101,763
FN:101,SafeSetup._councilSafe
FNDA:763,SafeSetup._councilSafe
DA:103,763
DA:104,763
DA:106,763
BRDA:106,5,0,158
DA:107,158
DA:109,158
DA:110,158
DA:114,158
DA:115,158
DA:119,158
DA:121,158
DA:123,158
DA:124,158
DA:125,158
DA:127,158
DA:130,763
DA:133,102
FN:133,SafeSetup.getHash
FNDA:102,SafeSetup.getHash
DA:134,102
DA:139,102
FN:139,SafeSetup.getSignature
FNDA:102,SafeSetup.getSignature
DA:148,102
DA:150,102
DA:153,102
FN:153,SafeSetup.safeHelper.0
FNDA:102,SafeSetup.safeHelper.0
DA:154,102
DA:157,0
FN:157,SafeSetup.safeHelper.1
FNDA:0,SafeSetup.safeHelper.1
DA:158,0
DA:161,102
FN:161,SafeSetup.safeHelper.2
FNDA:102,SafeSetup.safeHelper.2
DA:164,102
DA:166,102
DA:168,102
FNF:13
FNH:8
LF:64
LH:37
BRF:7
BRH:1
end_of_record
TN:
SF:test/shared/TERC20.sol
DA:13,0
FN:13,TERC20.constructor
FNDA:0,TERC20.constructor
DA:14,0
DA:15,0
DA:16,0
DA:19,0
FN:19,TERC20.name
FNDA:0,TERC20.name
DA:20,0
DA:23,0
FN:23,TERC20.symbol
FNDA:0,TERC20.symbol
DA:24,0
DA:27,0
FN:27,TERC20.decimals
FNDA:0,TERC20.decimals
DA:28,0
DA:31,0
FN:31,TERC20.mint
FNDA:0,TERC20.mint
DA:32,0
DA:35,0
FN:35,TERC20.burn
FNDA:0,TERC20.burn
DA:36,0
DA:39,0
FN:39,TERC20.directTransfer
FNDA:0,TERC20.directTransfer
DA:40,0
DA:43,0
FN:43,TERC20.directSpendAllowance
FNDA:0,TERC20.directSpendAllowance
DA:44,0
DA:47,0
FN:47,TERC20.transfer
FNDA:0,TERC20.transfer
DA:48,0
DA:51,0
FN:51,TERC20.transferFrom
FNDA:0,TERC20.transferFrom
DA:52,0
DA:55,0
FN:55,TERC20.increaseAllowance
FNDA:0,TERC20.increaseAllowance
DA:56,0
DA:59,0
FN:59,TERC20.decreaseAllowance
FNDA:0,TERC20.decreaseAllowance
DA:60,0
DA:63,0
FN:63,TERC20._brutalized
FNDA:0,TERC20._brutalized
DA:65,0
FNF:13
FNH:0
LF:28
LH:0
BRF:0
BRH:0
end_of_record
