TN:
SF:script/AddOwner.s.sol
DA:30,0
FN:30,AddOwner.pool_admin
FNDA:0,AddOwner.pool_admin
DA:31,0
DA:34,0
FN:34,AddOwner.run
FNDA:0,AddOwner.run
DA:35,0
DA:36,0
DA:37,0
DA:40,0
DA:41,0
BRDA:41,0,0,-
DA:42,0
DA:45,0
DA:47,0
BRDA:47,1,0,-
DA:48,0
DA:50,0
DA:52,0
DA:54,0
DA:61,0
FNF:2
FNH:0
LF:16
LH:0
BRF:2
BRH:0
end_of_record
TN:
SF:script/AddStrategy.s.sol
DA:40,0
FN:40,AddStrategy.pool_admin
FNDA:0,AddStrategy.pool_admin
DA:41,0
DA:44,0
FN:44,AddStrategy.run.0
FNDA:0,AddStrategy.run.0
DA:45,0
DA:46,0
DA:47,0
DA:48,0
DA:50,0
DA:51,0
BRDA:51,0,0,-
DA:52,0
DA:55,0
DA:57,0
DA:59,0
DA:61,0
DA:64,0
FN:64,AddStrategy.run.1
FNDA:0,AddStrategy.run.1
DA:65,0
DA:66,0
DA:67,0
DA:69,0
DA:70,0
BRDA:70,1,0,-
DA:71,0
DA:74,0
DA:75,0
BRDA:75,2,0,-
DA:76,0
DA:79,0
DA:80,0
BRDA:80,3,0,-
DA:81,0
DA:84,0
DA:86,0
DA:88,0
DA:94,0
DA:96,0
BRDA:96,4,0,-
DA:97,0
DA:100,0
DA:102,0
BRDA:102,5,0,-
DA:103,0
DA:105,0
DA:107,0
DA:109,0
DA:110,0
DA:112,0
DA:114,0
DA:121,0
FNF:3
FNH:0
LF:43
LH:0
BRF:6
BRH:0
end_of_record
TN:
SF:script/BaseMultiChain.s.sol
DA:63,0
FN:63,BaseMultiChain.pool_admin
FNDA:0,BaseMultiChain.pool_admin
DA:64,0
DA:67,0
FN:67,BaseMultiChain.executeJq
FNDA:0,BaseMultiChain.executeJq
DA:68,0
DA:70,0
DA:71,0
DA:72,0
DA:74,0
DA:75,0
DA:76,0
DA:79,0
FN:79,BaseMultiChain.getKeyNetwork
FNDA:0,BaseMultiChain.getKeyNetwork
DA:80,0
DA:81,0
DA:82,0
DA:85,0
FN:85,BaseMultiChain.getNetworkJson
FNDA:0,BaseMultiChain.getNetworkJson
DA:86,0
DA:87,0
DA:88,0
DA:89,0
DA:92,0
FN:92,BaseMultiChain.run.0
FNDA:0,BaseMultiChain.run.0
DA:94,0
DA:95,0
DA:100,0
FN:100,BaseMultiChain.run.1
FNDA:0,BaseMultiChain.run.1
DA:101,0
DA:103,0
BRDA:103,0,0,-
DA:104,0
DA:107,0
DA:109,0
DA:110,0
DA:111,0
DA:113,0
DA:114,0
DA:115,0
DA:117,0
DA:387,0
DA:390,0
FN:390,BaseMultiChain._isEqual
FNDA:0,BaseMultiChain._isEqual
DA:391,0
DA:394,0
FN:394,BaseMultiChain._sleepIfNetwork
FNDA:0,BaseMultiChain._sleepIfNetwork
DA:395,0
BRDA:395,1,0,-
DA:397,0
FNF:8
FNH:0
LF:40
LH:0
BRF:2
BRH:0
end_of_record
TN:
SF:script/DeployCV.s.sol
DA:53,0
FN:53,DeployCV.pool_admin
FNDA:0,DeployCV.pool_admin
DA:54,0
DA:57,0
FN:57,DeployCV.allo_owner
FNDA:0,DeployCV.allo_owner
DA:58,0
DA:61,0
FN:61,DeployCV.scorer_list_manager
FNDA:0,DeployCV.scorer_list_manager
DA:62,0
DA:65,0
FN:65,DeployCV.run
FNDA:0,DeployCV.run
DA:66,0
DA:68,0
DA:70,0
DA:72,0
DA:74,0
DA:76,0
DA:81,0
DA:83,0
DA:85,0
DA:96,0
DA:97,0
DA:99,0
DA:103,0
DA:105,0
DA:107,0
DA:109,0
DA:110,0
DA:111,0
DA:112,0
DA:113,0
DA:114,0
DA:115,0
DA:117,0
DA:118,0
DA:120,0
DA:123,0
DA:124,0
DA:125,0
DA:126,0
DA:128,0
DA:129,0
DA:130,0
DA:131,0
DA:132,0
DA:135,0
DA:136,0
DA:137,0
BRDA:137,0,0,-
DA:140,0
DA:142,0
DA:145,0
DA:146,0
DA:147,0
DA:148,0
DA:149,0
DA:150,0
DA:151,0
DA:152,0
DA:155,0
DA:158,0
DA:160,0
DA:166,0
DA:167,0
DA:169,0
DA:171,0
DA:173,0
DA:209,0
DA:211,0
DA:212,0
DA:213,0
DA:214,0
DA:215,0
DA:216,0
DA:217,0
DA:218,0
DA:220,0
DA:221,0
DA:222,0
DA:223,0
BRDA:223,1,0,-
DA:224,0
DA:225,0
DA:226,0
DA:227,0
DA:230,0
DA:232,0
DA:234,0
DA:253,0
DA:254,0
DA:255,0
DA:256,0
DA:258,0
DA:260,0
DA:262,0
DA:263,0
DA:265,0
DA:266,0
DA:268,0
DA:269,0
DA:270,0
DA:272,0
DA:274,0
DA:275,0
DA:276,0
DA:279,0
FN:279,DeployCV._getPointConfig
FNDA:0,DeployCV._getPointConfig
DA:280,0
DA:281,0
DA:282,0
DA:285,0
FN:285,DeployCV.create_community
FNDA:0,DeployCV.create_community
DA:286,0
DA:288,0
DA:294,0
DA:296,0
DA:298,0
DA:299,0
DA:300,0
DA:301,0
DA:302,0
DA:303,0
DA:304,0
DA:306,0
DA:308,0
DA:310,0
DA:311,0
DA:317,0
DA:319,0
DA:325,0
DA:332,0
DA:334,0
DA:341,0
DA:342,0
DA:343,0
DA:344,0
DA:345,0
DA:346,0
DA:347,0
DA:350,0
DA:362,0
DA:404,0
DA:406,0
DA:407,0
DA:408,0
DA:409,0
DA:410,0
DA:411,0
DA:413,0
DA:414,0
DA:415,0
DA:416,0
BRDA:416,2,0,-
DA:417,0
DA:418,0
DA:419,0
DA:420,0
DA:423,0
DA:425,0
DA:427,0
DA:431,0
DA:432,0
DA:433,0
DA:435,0
DA:436,0
DA:438,0
DA:440,0
DA:442,0
DA:443,0
DA:447,0
DA:449,0
DA:450,0
DA:452,0
DA:454,0
DA:455,0
DA:457,0
DA:458,0
DA:460,0
DA:461,0
DA:462,0
DA:464,0
DA:466,0
DA:467,0
DA:468,0
DA:471,0
FN:471,DeployCV.deployAllo
FNDA:0,DeployCV.deployAllo
DA:472,0
DA:473,0
DA:474,0
DA:476,0
DA:484,0
FNF:7
FNH:0
LF:181
LH:0
BRF:3
BRH:0
end_of_record
TN:
SF:script/DeployCVMultiChain.s.sol
DA:63,0
FN:63,DeployCVMultiChain.pool_admin
FNDA:0,DeployCVMultiChain.pool_admin
DA:64,0
DA:67,0
FN:67,DeployCVMultiChain.executeJq
FNDA:0,DeployCVMultiChain.executeJq
DA:68,0
DA:70,0
DA:71,0
DA:72,0
DA:74,0
DA:75,0
DA:76,0
DA:79,0
FN:79,DeployCVMultiChain.getKeyNetwork
FNDA:0,DeployCVMultiChain.getKeyNetwork
DA:80,0
DA:81,0
DA:82,0
DA:85,0
FN:85,DeployCVMultiChain.getNetworkJson
FNDA:0,DeployCVMultiChain.getNetworkJson
DA:86,0
DA:87,0
DA:88,0
DA:89,0
DA:92,0
FN:92,DeployCVMultiChain.isTestnet
FNDA:0,DeployCVMultiChain.isTestnet
DA:93,0
DA:94,0
DA:97,0
FN:97,DeployCVMultiChain.isNoSafe
FNDA:0,DeployCVMultiChain.isNoSafe
DA:98,0
DA:99,0
DA:102,0
FN:102,DeployCVMultiChain.run.0
FNDA:0,DeployCVMultiChain.run.0
DA:104,0
DA:105,0
DA:108,0
FN:108,DeployCVMultiChain.run.1
FNDA:0,DeployCVMultiChain.run.1
DA:109,0
DA:110,0
BRDA:110,0,0,-
DA:111,0
DA:114,0
DA:116,0
DA:117,0
DA:118,0
DA:119,0
DA:121,0
DA:122,0
DA:123,0
DA:125,0
DA:127,0
BRDA:127,1,0,-
DA:128,0
DA:136,0
DA:138,0
DA:140,0
DA:142,0
BRDA:142,2,0,-
DA:143,0
DA:144,0
BRDA:144,3,0,-
DA:145,0
DA:149,0
DA:152,0
DA:154,0
BRDA:154,4,0,-
DA:155,0
DA:156,0
BRDA:156,5,0,-
DA:157,0
DA:162,0
DA:165,0
DA:167,0
BRDA:167,6,0,-
DA:168,0
DA:169,0
BRDA:169,7,0,-
DA:170,0
DA:174,0
DA:177,0
DA:179,0
BRDA:179,8,0,-
DA:181,0
BRDA:181,9,0,-
DA:182,0
DA:193,0
DA:196,0
DA:198,0
DA:199,0
DA:202,0
BRDA:202,10,0,-
DA:203,0
DA:205,0
DA:206,0
DA:208,0
BRDA:208,11,0,-
BRDA:208,11,1,-
DA:210,0
DA:211,0
DA:212,0
DA:214,0
DA:217,0
DA:218,0
DA:220,0
DA:222,0
DA:223,0
DA:224,0
DA:227,0
DA:228,0
DA:229,0
DA:230,0
DA:231,0
DA:232,0
DA:234,0
DA:236,0
DA:389,0
FNF:8
FNH:0
LF:95
LH:0
BRF:13
BRH:0
end_of_record
TN:
SF:script/DeployCollateralVaultTemplate.s.sol
DA:14,0
FN:14,DeployCollateralVaultTemplate.runCurrentNetwork
FNDA:0,DeployCollateralVaultTemplate.runCurrentNetwork
DA:15,0
DA:18,0
DA:19,0
DA:20,0
DA:23,0
DA:24,0
DA:25,0
DA:26,0
DA:27,0
FNF:1
FNH:0
LF:10
LH:0
BRF:0
BRH:0
end_of_record
TN:
SF:script/DeployERC20.s.sol
DA:15,0
FN:15,DeployERC20.run
FNDA:0,DeployERC20.run
DA:16,0
DA:17,0
DA:18,0
DA:19,0
FNF:1
FNH:0
LF:5
LH:0
BRF:0
BRH:0
end_of_record
TN:
SF:script/DeployGoodDollarSybil.s.sol
DA:12,0
FN:12,DeployGoodDollarSybil.runCurrentNetwork
FNDA:0,DeployGoodDollarSybil.runCurrentNetwork
DA:13,0
DA:14,0
DA:15,0
DA:17,0
DA:19,0
BRDA:19,0,0,-
BRDA:19,0,1,-
DA:20,0
DA:22,0
DA:31,0
FNF:1
FNH:0
LF:9
LH:0
BRF:2
BRH:0
end_of_record
TN:
SF:script/DeployPassportScorer.s.sol
DA:12,0
FN:12,DeployPassportScorer.runCurrentNetwork
FNDA:0,DeployPassportScorer.runCurrentNetwork
DA:13,0
DA:14,0
DA:17,0
DA:24,0
FNF:1
FNH:0
LF:5
LH:0
BRF:0
BRH:0
end_of_record
TN:
SF:script/DeployProxyOwner.s.sol
DA:13,0
FN:13,DeployProxyOwner.runCurrentNetwork
FNDA:0,DeployProxyOwner.runCurrentNetwork
DA:14,0
DA:19,0
FNF:1
FNH:0
LF:3
LH:0
BRF:0
BRH:0
end_of_record
TN:
SF:script/DeploySafeArbitrator.s.sol
DA:13,0
FN:13,DeploySafeArbitrator.runCurrentNetwork
FNDA:0,DeploySafeArbitrator.runCurrentNetwork
DA:14,0
DA:15,0
DA:17,0
DA:19,0
BRDA:19,0,0,-
BRDA:19,0,1,-
DA:20,0
DA:26,0
DA:28,0
DA:29,0
FNF:1
FNH:0
LF:9
LH:0
BRF:2
BRH:0
end_of_record
TN:
SF:script/GV2ERC20.sol
DA:13,355
FN:13,GV2ERC20.constructor
FNDA:355,GV2ERC20.constructor
DA:14,355
DA:15,355
DA:16,355
DA:19,1
FN:19,GV2ERC20.name
FNDA:1,GV2ERC20.name
DA:20,1
DA:23,1
FN:23,GV2ERC20.symbol
FNDA:1,GV2ERC20.symbol
DA:24,1
DA:27,804
FN:27,GV2ERC20.decimals
FNDA:804,GV2ERC20.decimals
DA:28,804
DA:31,1109
FN:31,GV2ERC20.mint
FNDA:1109,GV2ERC20.mint
DA:32,1109
DA:35,1
FN:35,GV2ERC20.burn
FNDA:1,GV2ERC20.burn
DA:36,1
DA:39,1
FN:39,GV2ERC20.directTransfer
FNDA:1,GV2ERC20.directTransfer
DA:40,1
DA:43,1
FN:43,GV2ERC20.directSpendAllowance
FNDA:1,GV2ERC20.directSpendAllowance
DA:44,1
DA:47,2813
FN:47,GV2ERC20.transfer
FNDA:2813,GV2ERC20.transfer
DA:48,2813
DA:51,2724
FN:51,GV2ERC20.transferFrom
FNDA:2724,GV2ERC20.transferFrom
DA:52,2724
DA:55,1
FN:55,GV2ERC20.increaseAllowance
FNDA:1,GV2ERC20.increaseAllowance
DA:56,1
DA:59,1
FN:59,GV2ERC20.decreaseAllowance
FNDA:1,GV2ERC20.decreaseAllowance
DA:60,1
DA:63,9377
FN:63,GV2ERC20._brutalized
FNDA:9377,GV2ERC20._brutalized
DA:65,0
FNF:13
FNH:13
LF:28
LH:27
BRF:0
BRH:0
end_of_record
TN:
SF:script/PassportScorerWriter.s.sol
DA:9,0
FN:9,PassportScorerWriter.runCurrentNetwork
FNDA:0,PassportScorerWriter.runCurrentNetwork
DA:10,0
DA:11,0
DA:12,0
DA:13,0
FNF:1
FNH:0
LF:5
LH:0
BRF:0
BRH:0
end_of_record
TN:
SF:script/PrintRegistryCommunitySelectors.s.sol
DA:12,0
FN:12,PrintRegistryCommunitySelectors.run
FNDA:0,PrintRegistryCommunitySelectors.run
DA:13,0
DA:18,0
BRDA:18,0,0,-
BRDA:18,0,1,-
DA:20,0
DA:21,0
DA:23,0
DA:24,0
DA:25,0
DA:26,0
DA:27,0
FNF:1
FNH:0
LF:10
LH:0
BRF:2
BRH:0
end_of_record
TN:
SF:script/TransferOwnershipAllContracts.s.sol
DA:13,0
FN:13,TransferOwnershipAllContracts.runCurrentNetwork
FNDA:0,TransferOwnershipAllContracts.runCurrentNetwork
DA:14,0
DA:19,0
DA:22,0
DA:23,0
DA:26,0
DA:27,0
DA:30,0
DA:31,0
DA:34,0
DA:35,0
DA:38,0
DA:39,0
DA:40,0
DA:41,0
DA:45,0
DA:46,0
DA:47,0
FNF:1
FNH:0
LF:18
LH:0
BRF:0
BRH:0
end_of_record
TN:
SF:script/UpgradeAllDiamonds.s.sol
DA:75,0
FN:75,UpgradeAllDiamonds.runCurrentNetwork
FNDA:0,UpgradeAllDiamonds.runCurrentNetwork
DA:76,0
DA:78,0
DA:83,0
DA:85,0
DA:91,0
DA:92,0
DA:94,0
DA:95,0
DA:96,0
DA:97,0
DA:98,0
BRDA:98,0,0,-
DA:99,0
DA:100,0
DA:101,0
DA:103,0
DA:107,0
FN:107,UpgradeAllDiamonds._buildRunContext
FNDA:0,UpgradeAllDiamonds._buildRunContext
DA:108,0
DA:113,0
DA:114,0
DA:115,0
BRDA:115,1,0,-
DA:116,0
DA:119,0
DA:124,0
DA:125,0
DA:126,0
BRDA:126,2,0,-
DA:127,0
DA:130,0
DA:135,0
DA:137,0
DA:138,0
BRDA:138,3,0,-
DA:139,0
DA:143,0
DA:144,0
DA:146,0
DA:147,0
DA:149,0
DA:150,0
DA:152,0
DA:153,0
DA:155,0
DA:156,0
DA:159,0
DA:160,0
DA:162,0
DA:163,0
DA:165,0
DA:166,0
DA:168,0
DA:169,0
DA:171,0
DA:172,0
DA:175,0
DA:176,0
DA:179,0
DA:180,0
DA:181,0
DA:184,0
DA:185,0
DA:188,0
FN:188,UpgradeAllDiamonds._reuseDeployment
FNDA:0,UpgradeAllDiamonds._reuseDeployment
DA:193,0
DA:194,0
BRDA:194,4,0,-
DA:195,0
DA:198,0
BRDA:198,5,0,-
DA:199,0
DA:200,0
DA:201,0
DA:204,0
BRDA:204,6,0,-
DA:205,0
DA:206,0
DA:207,0
DA:210,0
DA:213,0
FN:213,UpgradeAllDiamonds._logDeploymentResult
FNDA:0,UpgradeAllDiamonds._logDeploymentResult
DA:214,0
BRDA:214,7,0,-
BRDA:214,7,1,-
DA:215,0
DA:217,0
DA:221,0
FN:221,UpgradeAllDiamonds._readAddressOrZero
FNDA:0,UpgradeAllDiamonds._readAddressOrZero
DA:222,0
DA:223,0
DA:224,0
DA:233,0
DA:234,0
DA:235,0
DA:236,0
DA:237,0
DA:238,0
DA:239,0
BRDA:239,8,0,-
DA:240,0
DA:242,0
BRDA:242,9,0,-
DA:243,0
DA:245,0
DA:248,0
FN:248,UpgradeAllDiamonds._trim
FNDA:0,UpgradeAllDiamonds._trim
DA:249,0
DA:250,0
DA:251,0
DA:252,0
DA:253,0
DA:255,0
DA:256,0
DA:258,0
DA:259,0
DA:260,0
DA:262,0
DA:265,0
FN:265,UpgradeAllDiamonds._isWhitespace
FNDA:0,UpgradeAllDiamonds._isWhitespace
DA:266,0
DA:269,0
FN:269,UpgradeAllDiamonds._parseAddress
FNDA:0,UpgradeAllDiamonds._parseAddress
DA:270,0
DA:271,0
BRDA:271,10,0,-
DA:272,0
DA:274,0
DA:275,0
DA:276,0
DA:277,0
BRDA:277,11,0,-
DA:278,0
DA:280,0
DA:282,0
DA:285,0
FN:285,UpgradeAllDiamonds._fromHexChar
FNDA:0,UpgradeAllDiamonds._fromHexChar
DA:286,0
DA:287,0
BRDA:287,12,0,-
DA:288,0
DA:290,0
BRDA:290,13,0,-
DA:291,0
DA:293,0
BRDA:293,14,0,-
DA:294,0
DA:296,0
DA:299,0
FN:299,UpgradeAllDiamonds._runtimeCodeHash
FNDA:0,UpgradeAllDiamonds._runtimeCodeHash
DA:300,0
DA:301,0
BRDA:301,15,0,-
DA:302,0
DA:304,0
DA:307,0
FN:307,UpgradeAllDiamonds._writeNetworkAddress
FNDA:0,UpgradeAllDiamonds._writeNetworkAddress
DA:308,0
DA:309,0
DA:310,0
DA:311,0
DA:328,0
DA:329,0
DA:330,0
DA:331,0
DA:332,0
DA:333,0
DA:336,0
FN:336,UpgradeAllDiamonds._executeRun
FNDA:0,UpgradeAllDiamonds._executeRun
DA:337,0
BRDA:337,16,0,-
BRDA:337,16,1,-
DA:338,0
DA:339,0
DA:351,0
DA:355,0
FN:355,UpgradeAllDiamonds._currentImplementation
FNDA:0,UpgradeAllDiamonds._currentImplementation
DA:356,0
DA:357,0
DA:360,0
FN:360,UpgradeAllDiamonds._executeSafeUpgrade
FNDA:0,UpgradeAllDiamonds._executeSafeUpgrade
DA:361,0
DA:362,0
DA:363,0
DA:377,0
FN:377,UpgradeAllDiamonds._executeDirectUpgrades
FNDA:0,UpgradeAllDiamonds._executeDirectUpgrades
DA:388,0
DA:389,0
DA:390,0
DA:392,0
DA:393,0
DA:395,0
DA:396,0
DA:398,0
DA:399,0
DA:400,0
DA:401,0
DA:402,0
DA:403,0
DA:406,0
DA:407,0
DA:408,0
DA:410,0
DA:411,0
DA:412,0
DA:413,0
BRDA:413,17,0,-
BRDA:413,17,1,-
DA:414,0
DA:416,0
DA:418,0
DA:419,0
DA:420,0
DA:423,0
DA:424,0
DA:425,0
DA:427,0
DA:428,0
DA:429,0
DA:430,0
BRDA:430,18,0,-
BRDA:430,18,1,-
DA:431,0
DA:433,0
DA:435,0
DA:436,0
DA:456,0
FN:456,UpgradeAllDiamonds._generateSafeTransactions
FNDA:0,UpgradeAllDiamonds._generateSafeTransactions
DA:468,0
DA:479,0
DA:480,0
DA:481,0
DA:488,0
DA:490,0
DA:500,0
DA:502,0
DA:512,0
DA:514,0
DA:515,0
DA:516,0
DA:517,0
DA:518,0
DA:519,0
DA:520,0
DA:524,0
DA:528,0
DA:531,0
DA:539,0
DA:546,0
DA:548,0
DA:551,0
FN:551,UpgradeAllDiamonds._buildCVStrategyTransactions
FNDA:0,UpgradeAllDiamonds._buildCVStrategyTransactions
DA:558,0
DA:559,0
DA:560,0
DA:562,0
DA:563,0
DA:564,0
DA:565,0
DA:566,0
DA:567,0
DA:569,0
DA:570,0
DA:571,0
BRDA:571,19,0,-
BRDA:571,19,1,-
DA:572,0
DA:577,0
DA:579,0
DA:583,0
DA:587,0
DA:590,0
DA:593,0
FN:593,UpgradeAllDiamonds._buildCommunityTransactions
FNDA:0,UpgradeAllDiamonds._buildCommunityTransactions
DA:599,0
DA:600,0
DA:601,0
DA:603,0
DA:604,0
DA:607,0
DA:609,0
DA:610,0
DA:611,0
BRDA:611,20,0,-
BRDA:611,20,1,-
DA:612,0
DA:617,0
DA:619,0
DA:623,0
DA:626,0
DA:629,0
FN:629,UpgradeAllDiamonds._buildCVFacetCuts
FNDA:0,UpgradeAllDiamonds._buildCVFacetCuts
DA:630,0
DA:631,0
DA:632,0
DA:633,0
DA:635,0
DA:638,0
FN:638,UpgradeAllDiamonds._buildCommunityFacetCuts
FNDA:0,UpgradeAllDiamonds._buildCommunityFacetCuts
DA:639,0
DA:642,0
DA:643,0
DA:644,0
DA:646,0
DA:650,0
FN:650,UpgradeAllDiamonds._buildLoupeFacetCut
FNDA:0,UpgradeAllDiamonds._buildLoupeFacetCut
DA:651,0
DA:652,0
DA:653,0
DA:654,0
DA:655,0
DA:656,0
DA:657,0
DA:664,0
FN:664,UpgradeAllDiamonds._initPayloadWriter
FNDA:0,UpgradeAllDiamonds._initPayloadWriter
DA:665,0
DA:666,0
DA:672,0
DA:696,0
DA:699,0
FN:699,UpgradeAllDiamonds._appendTransaction
FNDA:0,UpgradeAllDiamonds._appendTransaction
DA:703,0
DA:704,0
DA:705,0
DA:706,0
DA:709,0
FN:709,UpgradeAllDiamonds._finalizePayloadWriter
FNDA:0,UpgradeAllDiamonds._finalizePayloadWriter
DA:710,0
DA:711,0
DA:714,0
FN:714,UpgradeAllDiamonds._createTransactionJson
FNDA:0,UpgradeAllDiamonds._createTransactionJson
DA:715,0
DA:726,0
FN:726,UpgradeAllDiamonds._addressToString
FNDA:0,UpgradeAllDiamonds._addressToString
DA:727,0
DA:728,0
DA:730,0
DA:731,0
DA:732,0
DA:733,0
DA:734,0
DA:735,0
DA:737,0
DA:740,0
FN:740,UpgradeAllDiamonds._bytesToHexString
FNDA:0,UpgradeAllDiamonds._bytesToHexString
DA:741,0
DA:743,0
DA:744,0
DA:745,0
DA:746,0
DA:747,0
DA:748,0
DA:750,0
FNF:27
FNH:0
LF:301
LH:0
BRF:27
BRH:0
end_of_record
TN:
SF:script/UpgradeCVDiamond.s.sol
DA:40,0
FN:40,UpgradeCVDiamond.runCurrentNetwork
FNDA:0,UpgradeCVDiamond.runCurrentNetwork
DA:44,0
DA:45,0
DA:52,0
DA:57,0
DA:58,0
DA:60,0
DA:61,0
DA:63,0
DA:64,0
DA:66,0
DA:67,0
DA:69,0
DA:70,0
DA:72,0
DA:73,0
DA:75,0
DA:76,0
DA:78,0
DA:79,0
DA:80,0
DA:81,0
DA:82,0
DA:84,0
BRDA:84,0,0,-
BRDA:84,0,1,-
DA:85,0
DA:86,0
DA:95,0
DA:96,0
DA:97,0
DA:108,0
DA:109,0
DA:110,0
DA:111,0
DA:112,0
BRDA:112,1,0,-
DA:113,0
DA:117,0
FN:117,UpgradeCVDiamond._executeDirectUpgrades
FNDA:0,UpgradeCVDiamond._executeDirectUpgrades
DA:125,0
DA:126,0
DA:127,0
DA:129,0
DA:130,0
DA:131,0
DA:132,0
DA:133,0
DA:136,0
DA:137,0
DA:138,0
DA:140,0
DA:141,0
DA:142,0
DA:143,0
DA:144,0
DA:148,0
FN:148,UpgradeCVDiamond._generateSafeTransactions
FNDA:0,UpgradeCVDiamond._generateSafeTransactions
DA:157,0
DA:158,0
DA:160,0
DA:161,0
DA:162,0
DA:167,0
DA:168,0
DA:169,0
DA:170,0
DA:171,0
DA:176,0
DA:179,0
DA:180,0
DA:181,0
DA:183,0
DA:184,0
DA:185,0
DA:186,0
DA:188,0
DA:189,0
DA:191,0
DA:193,0
DA:196,0
DA:198,0
DA:200,0
DA:206,0
FN:206,UpgradeCVDiamond._buildAllFacetCuts
FNDA:0,UpgradeCVDiamond._buildAllFacetCuts
DA:207,0
DA:208,0
DA:209,0
DA:210,0
DA:212,0
DA:221,0
FN:221,UpgradeCVDiamond._writePayloadFile
FNDA:0,UpgradeCVDiamond._writePayloadFile
DA:222,0
DA:250,0
DA:251,0
DA:255,0
DA:256,0
DA:264,0
FN:264,UpgradeCVDiamond._removeLastChar
FNDA:0,UpgradeCVDiamond._removeLastChar
DA:265,0
DA:266,0
BRDA:266,2,0,-
BRDA:266,2,1,-
DA:268,0
DA:269,0
DA:270,0
DA:272,0
DA:281,0
FN:281,UpgradeCVDiamond._createTransactionJson
FNDA:0,UpgradeCVDiamond._createTransactionJson
DA:282,0
DA:298,0
FN:298,UpgradeCVDiamond._addressToString
FNDA:0,UpgradeCVDiamond._addressToString
DA:299,0
DA:300,0
DA:302,0
DA:303,0
DA:304,0
DA:305,0
DA:306,0
DA:307,0
DA:309,0
DA:317,0
FN:317,UpgradeCVDiamond._bytesToHexString
FNDA:0,UpgradeCVDiamond._bytesToHexString
DA:318,0
DA:320,0
DA:321,0
DA:322,0
DA:323,0
DA:324,0
DA:325,0
DA:327,0
FNF:9
FNH:0
LF:118
LH:0
BRF:5
BRH:0
end_of_record
TN:
SF:script/UpgradeCVMultichainProd.s.sol
DA:14,0
FN:14,UpgradeCVMultichainProd.runCurrentNetwork
FNDA:0,UpgradeCVMultichainProd.runCurrentNetwork
DA:16,0
DA:17,0
DA:19,0
DA:20,0
DA:21,0
DA:23,0
DA:26,0
DA:28,0
DA:53,0
DA:54,0
DA:55,0
DA:63,0
DA:64,0
DA:65,0
DA:66,0
DA:67,0
DA:71,0
DA:79,0
DA:89,0
DA:90,0
DA:91,0
DA:92,0
DA:93,0
DA:94,0
DA:97,0
DA:99,0
DA:114,0
DA:115,0
DA:119,0
DA:124,0
DA:127,0
DA:129,0
DA:130,0
DA:133,0
DA:160,0
DA:162,0
DA:163,0
DA:166,0
FN:166,UpgradeCVMultichainProd._removeLastChar
FNDA:0,UpgradeCVMultichainProd._removeLastChar
DA:167,0
DA:168,0
BRDA:168,0,0,-
BRDA:168,0,1,-
DA:170,0
DA:171,0
DA:172,0
DA:174,0
DA:177,0
FN:177,UpgradeCVMultichainProd._upgradeRegistryCommunity
FNDA:0,UpgradeCVMultichainProd._upgradeRegistryCommunity
DA:182,0
DA:183,0
DA:184,0
DA:185,0
DA:186,0
DA:188,0
DA:191,0
FN:191,UpgradeCVMultichainProd._upgradeCVStrategy
FNDA:0,UpgradeCVMultichainProd._upgradeCVStrategy
DA:197,0
DA:198,0
DA:199,0
DA:206,0
DA:208,0
DA:215,0
DA:216,0
DA:225,0
DA:227,0
DA:232,0
DA:233,0
DA:235,0
DA:238,0
FN:238,UpgradeCVMultichainProd._createTransactionJson
FNDA:0,UpgradeCVMultichainProd._createTransactionJson
DA:239,0
DA:250,0
FN:250,UpgradeCVMultichainProd._addressToString
FNDA:0,UpgradeCVMultichainProd._addressToString
DA:251,0
DA:252,0
DA:254,0
DA:255,0
DA:256,0
DA:257,0
DA:258,0
DA:259,0
DA:261,0
DA:264,0
FN:264,UpgradeCVMultichainProd._bytesToHexString
FNDA:0,UpgradeCVMultichainProd._bytesToHexString
DA:265,0
DA:267,0
DA:268,0
DA:269,0
DA:270,0
DA:271,0
DA:272,0
DA:274,0
FNF:7
FNH:0
LF:86
LH:0
BRF:2
BRH:0
end_of_record
TN:
SF:script/UpgradeCVMultichainTest.s.sol
DA:16,0
FN:16,UpgradeCVMultichainTest.runCurrentNetwork
FNDA:0,UpgradeCVMultichainTest.runCurrentNetwork
DA:17,0
DA:18,0
DA:29,0
DA:30,0
DA:42,0
DA:45,0
DA:46,0
DA:47,0
DA:48,0
DA:60,0
DA:64,0
DA:65,0
DA:74,0
DA:75,0
FNF:1
FNH:0
LF:15
LH:0
BRF:0
BRH:0
end_of_record
TN:
SF:script/UpgradeRegistryCommunityDiamond.s.sol
DA:39,0
FN:39,UpgradeRegistryCommunityDiamond.runCurrentNetwork
FNDA:0,UpgradeRegistryCommunityDiamond.runCurrentNetwork
DA:43,0
DA:44,0
DA:51,0
DA:56,0
DA:57,0
DA:59,0
DA:60,0
DA:62,0
DA:63,0
DA:65,0
DA:66,0
DA:68,0
DA:69,0
DA:71,0
DA:72,0
DA:74,0
DA:75,0
DA:77,0
DA:78,0
DA:80,0
DA:81,0
DA:82,0
DA:84,0
BRDA:84,0,0,-
BRDA:84,0,1,-
DA:85,0
DA:89,0
DA:90,0
DA:91,0
DA:102,0
DA:103,0
DA:104,0
DA:105,0
BRDA:105,1,0,-
DA:106,0
DA:110,0
FN:110,UpgradeRegistryCommunityDiamond._executeDirectUpgrades
FNDA:0,UpgradeRegistryCommunityDiamond._executeDirectUpgrades
DA:117,0
DA:118,0
DA:119,0
DA:121,0
DA:122,0
DA:123,0
DA:125,0
DA:126,0
DA:127,0
DA:128,0
DA:129,0
DA:133,0
FN:133,UpgradeRegistryCommunityDiamond._generateSafeTransactions
FNDA:0,UpgradeRegistryCommunityDiamond._generateSafeTransactions
DA:142,0
DA:143,0
DA:145,0
DA:146,0
DA:147,0
DA:150,0
DA:151,0
DA:152,0
DA:154,0
DA:158,0
DA:159,0
DA:161,0
DA:162,0
DA:166,0
DA:170,0
DA:173,0
DA:175,0
DA:177,0
DA:183,0
FN:183,UpgradeRegistryCommunityDiamond._buildAllFacetCuts
FNDA:0,UpgradeRegistryCommunityDiamond._buildAllFacetCuts
DA:184,0
DA:185,0
DA:186,0
DA:187,0
DA:189,0
DA:198,0
FN:198,UpgradeRegistryCommunityDiamond._writePayloadFile
FNDA:0,UpgradeRegistryCommunityDiamond._writePayloadFile
DA:199,0
DA:227,0
DA:228,0
DA:235,0
DA:236,0
DA:244,0
FN:244,UpgradeRegistryCommunityDiamond._removeLastChar
FNDA:0,UpgradeRegistryCommunityDiamond._removeLastChar
DA:245,0
DA:246,0
BRDA:246,2,0,-
BRDA:246,2,1,-
DA:248,0
DA:249,0
DA:250,0
DA:252,0
DA:261,0
FN:261,UpgradeRegistryCommunityDiamond._createTransactionJson
FNDA:0,UpgradeRegistryCommunityDiamond._createTransactionJson
DA:262,0
DA:278,0
FN:278,UpgradeRegistryCommunityDiamond._addressToString
FNDA:0,UpgradeRegistryCommunityDiamond._addressToString
DA:279,0
DA:280,0
DA:282,0
DA:283,0
DA:284,0
DA:285,0
DA:286,0
DA:287,0
DA:289,0
DA:297,0
FN:297,UpgradeRegistryCommunityDiamond._bytesToHexString
FNDA:0,UpgradeRegistryCommunityDiamond._bytesToHexString
DA:298,0
DA:300,0
DA:301,0
DA:302,0
DA:303,0
DA:304,0
DA:305,0
DA:307,0
FNF:9
FNH:0
LF:104
LH:0
BRF:5
BRH:0
end_of_record
TN:
SF:src/BaseStrategyUpgradeable.sol
DA:42,734
FN:42,BaseStrategyUpgradeable.init
FNDA:734,BaseStrategyUpgradeable.init
DA:43,734
DA:44,734
DA:45,734
DA:59,734
FN:59,BaseStrategyUpgradeable.onlyAllo
FNDA:734,BaseStrategyUpgradeable.onlyAllo
DA:60,0
DA:67,0
FN:67,BaseStrategyUpgradeable.onlyPoolManager
FNDA:0,BaseStrategyUpgradeable.onlyPoolManager
DA:68,0
DA:74,0
FN:74,BaseStrategyUpgradeable.onlyActivePool
FNDA:0,BaseStrategyUpgradeable.onlyActivePool
DA:75,0
DA:81,0
FN:81,BaseStrategyUpgradeable.onlyInactivePool
FNDA:0,BaseStrategyUpgradeable.onlyInactivePool
DA:82,0
DA:88,0
FN:88,BaseStrategyUpgradeable.onlyInitialized
FNDA:0,BaseStrategyUpgradeable.onlyInitialized
DA:89,0
DA:99,725
FN:99,BaseStrategyUpgradeable.getAllo
FNDA:725,BaseStrategyUpgradeable.getAllo
DA:100,725
DA:105,727
FN:105,BaseStrategyUpgradeable.getPoolId
FNDA:727,BaseStrategyUpgradeable.getPoolId
DA:106,727
DA:117,2
FN:117,BaseStrategyUpgradeable.isPoolActive
FNDA:2,BaseStrategyUpgradeable.isPoolActive
DA:118,2
DA:128,733
FN:128,BaseStrategyUpgradeable.__BaseStrategy_init
FNDA:733,BaseStrategyUpgradeable.__BaseStrategy_init
DA:131,733
BRDA:131,0,0,2
DA:134,731
BRDA:134,1,0,2
DA:135,729
DA:229,1460
FN:229,BaseStrategyUpgradeable._checkOnlyAllo
FNDA:1460,BaseStrategyUpgradeable._checkOnlyAllo
DA:230,1460
BRDA:230,2,0,2
DA:236,2
FN:236,BaseStrategyUpgradeable._checkOnlyPoolManager
FNDA:2,BaseStrategyUpgradeable._checkOnlyPoolManager
DA:237,2
BRDA:237,3,0,1
DA:242,2
FN:242,BaseStrategyUpgradeable._checkOnlyActivePool
FNDA:2,BaseStrategyUpgradeable._checkOnlyActivePool
DA:243,2
BRDA:243,4,0,1
DA:248,2
FN:248,BaseStrategyUpgradeable._checkInactivePool
FNDA:2,BaseStrategyUpgradeable._checkInactivePool
DA:249,1
BRDA:249,5,0,1
DA:254,2
FN:254,BaseStrategyUpgradeable._checkOnlyInitialized
FNDA:2,BaseStrategyUpgradeable._checkOnlyInitialized
DA:255,2
BRDA:255,6,0,1
DA:261,3
FN:261,BaseStrategyUpgradeable._setPoolActive
FNDA:3,BaseStrategyUpgradeable._setPoolActive
DA:262,3
DA:263,3
DA:269,4
FN:269,BaseStrategyUpgradeable._isPoolActive
FNDA:4,BaseStrategyUpgradeable._isPoolActive
DA:270,4
FNF:17
FNH:13
LF:39
LH:30
BRF:7
BRH:7
end_of_record
TN:
SF:src/CVStrategy/CVStrategy.sol
DA:184,724
FN:184,CVStrategy.init
FNDA:724,CVStrategy.init
DA:185,724
DA:186,724
DA:187,724
DA:190,724
FN:190,CVStrategy.initialize
FNDA:724,CVStrategy.initialize
DA:191,0
DA:192,724
DA:194,724
DA:195,724
DA:197,724
DA:203,724
DA:205,724
DA:206,724
DA:207,724
DA:208,724
DA:209,724
DA:211,724
DA:214,724
BRDA:214,0,0,724
DA:215,724
DA:216,724
DA:217,724
DA:218,724
DA:228,724
DA:229,724
BRDA:229,1,0,724
DA:230,724
DA:231,724
DA:233,724
BRDA:233,2,0,-
DA:234,0
DA:241,0
FN:241,CVStrategy.checkSenderIsMember
FNDA:0,CVStrategy.checkSenderIsMember
DA:242,0
BRDA:242,3,0,-
DA:243,0
DA:245,0
BRDA:245,4,0,-
DA:246,0
DA:248,0
BRDA:248,5,0,-
DA:249,0
DA:253,0
FN:253,CVStrategy.onlyRegistryCommunity
FNDA:0,CVStrategy.onlyRegistryCommunity
DA:254,0
BRDA:254,6,0,-
DA:255,0
DA:259,14
FN:259,CVStrategy._revertZeroAddress
FNDA:14,CVStrategy._revertZeroAddress
DA:260,14
BRDA:260,7,0,-
DA:263,0
FN:263,CVStrategy.onlyCouncilSafe
FNDA:0,CVStrategy.onlyCouncilSafe
DA:264,0
BRDA:264,8,0,-
DA:265,0
DA:269,0
FN:269,CVStrategy._canExecuteAction
FNDA:0,CVStrategy._canExecuteAction
DA:270,0
BRDA:270,9,0,-
DA:271,0
DA:272,0
BRDA:272,10,0,-
BRDA:272,10,1,-
DA:273,0
DA:275,0
DA:278,0
DA:281,0
FN:281,CVStrategy._checkProposalAllocationValidity
FNDA:0,CVStrategy._checkProposalAllocationValidity
DA:282,0
DA:284,0
DA:289,0
BRDA:289,11,0,-
DA:290,0
DA:294,0
FN:294,CVStrategy.onlyCouncilSafeOrMember
FNDA:0,CVStrategy.onlyCouncilSafeOrMember
DA:295,0
BRDA:295,12,0,-
DA:296,0
DA:300,0
FN:300,CVStrategy.setCollateralVaultTemplate
FNDA:0,CVStrategy.setCollateralVaultTemplate
DA:301,0
DA:302,0
DA:312,158
FN:312,CVStrategy.registerRecipient
FNDA:158,CVStrategy.registerRecipient
DA:313,0
DA:316,1253
FN:316,CVStrategy.activatePoints
FNDA:1253,CVStrategy.activatePoints
DA:317,0
DA:320,9
FN:320,CVStrategy.deactivatePoints.0
FNDA:9,CVStrategy.deactivatePoints.0
DA:321,0
DA:324,2278
FN:324,CVStrategy.increasePower
FNDA:2278,CVStrategy.increasePower
DA:325,0
DA:328,26
FN:328,CVStrategy.decreasePower
FNDA:26,CVStrategy.decreasePower
DA:329,0
DA:332,7
FN:332,CVStrategy.deactivatePoints.1
FNDA:7,CVStrategy.deactivatePoints.1
DA:333,0
DA:336,0
FN:336,CVStrategy.getMaxAmount
FNDA:0,CVStrategy.getMaxAmount
DA:337,0
DA:340,2227
FN:340,CVStrategy.getPointSystem
FNDA:2227,CVStrategy.getPointSystem
DA:341,2227
DA:355,102
FN:355,CVStrategy.allocate
FNDA:102,CVStrategy.allocate
DA:356,0
DA:361,26
FN:361,CVStrategy.distribute
FNDA:26,CVStrategy.distribute
DA:362,0
DA:365,2
FN:365,CVStrategy.setPoolActive
FNDA:2,CVStrategy.setPoolActive
DA:366,2
DA:386,50
FN:386,CVStrategy.getProposal
FNDA:50,CVStrategy.getProposal
DA:404,50
DA:406,50
BRDA:406,13,0,4
BRDA:406,13,1,-
DA:407,4
DA:409,46
DA:410,46
DA:412,46
BRDA:412,14,0,-
BRDA:412,14,1,-
DA:413,0
DA:415,46
DA:426,50
DA:454,52
FN:454,CVStrategy.getProposalVoterStake
FNDA:52,CVStrategy.getProposalVoterStake
DA:455,52
DA:459,100
FN:459,CVStrategy.getProposalStakedAmount
FNDA:100,CVStrategy.getProposalStakedAmount
DA:460,100
DA:471,25
FN:471,CVStrategy.getArbitrableConfig
FNDA:25,CVStrategy.getArbitrableConfig
DA:483,25
DA:493,52
FN:493,CVStrategy._internal_getProposalVoterStake
FNDA:52,CVStrategy._internal_getProposalVoterStake
DA:494,52
DA:497,0
FN:497,CVStrategy.getBasisStakedAmount
FNDA:0,CVStrategy.getBasisStakedAmount
DA:498,0
DA:501,0
FN:501,CVStrategy.proposalExists
FNDA:0,CVStrategy.proposalExists
DA:502,0
DA:505,0
FN:505,CVStrategy._isOverMaxRatio
FNDA:0,CVStrategy._isOverMaxRatio
DA:506,0
DA:509,0
FN:509,CVStrategy._applyDelta
FNDA:0,CVStrategy._applyDelta
DA:512,0
DA:514,0
BRDA:514,15,0,-
DA:515,0
DA:519,0
DA:522,12
FN:522,CVStrategy.calculateProposalConviction
FNDA:12,CVStrategy.calculateProposalConviction
DA:523,12
DA:524,12
DA:529,12
FN:529,CVStrategy.calculateThreshold
FNDA:12,CVStrategy.calculateThreshold
DA:530,12
DA:531,12
DA:532,12
BRDA:532,16,0,2
DA:533,2
DA:535,10
DA:551,26
FN:551,CVStrategy._calculateAndSetConviction
FNDA:26,CVStrategy._calculateAndSetConviction
DA:552,26
DA:553,26
BRDA:553,17,0,8
DA:554,8
DA:556,18
DA:557,18
DA:561,26
FN:561,CVStrategy._checkBlockAndCalculateConviction
FNDA:26,CVStrategy._checkBlockAndCalculateConviction
DA:566,26
DA:567,26
DA:568,26
BRDA:568,18,0,8
DA:570,8
DA:573,18
DA:583,28
FN:583,CVStrategy.updateProposalConviction
FNDA:28,CVStrategy.updateProposalConviction
DA:584,28
DA:586,28
BRDA:586,19,0,2
DA:587,2
DA:595,26
DA:596,26
DA:605,14
FN:605,CVStrategy.setSybilScorer
FNDA:14,CVStrategy.setSybilScorer
DA:606,14
BRDA:606,20,0,-
DA:607,0
DA:609,14
DA:611,14
DA:612,14
DA:613,14
DA:618,22
FN:618,CVStrategy.setPoolParams
FNDA:22,CVStrategy.setPoolParams
DA:626,0
DA:631,6
FN:631,CVStrategy.connectSuperfluidGDA
FNDA:6,CVStrategy.connectSuperfluidGDA
DA:632,0
DA:635,4
FN:635,CVStrategy.disconnectSuperfluidGDA
FNDA:4,CVStrategy.disconnectSuperfluidGDA
DA:636,0
DA:642,15
FN:642,CVStrategy.disputeProposal
FNDA:15,CVStrategy.disputeProposal
DA:647,0
DA:652,9
FN:652,CVStrategy.rule
FNDA:9,CVStrategy.rule
DA:653,0
DA:659,2
FN:659,CVStrategy.cancelProposal
FNDA:2,CVStrategy.cancelProposal
DA:660,0
DA:663,10
FN:663,CVStrategy.editProposal
FNDA:10,CVStrategy.editProposal
DA:664,0
DA:669,14
FN:669,CVStrategy._registerToSybilScorer
FNDA:14,CVStrategy._registerToSybilScorer
DA:670,14
DA:675,66
FN:675,CVStrategy.getPoolAmount
FNDA:66,CVStrategy.getPoolAmount
DA:676,66
DA:678,66
BRDA:678,21,0,50
DA:679,50
DA:682,16
DA:683,16
DA:685,14
DA:686,16
BRDA:686,22,0,-
BRDA:686,22,1,-
DA:687,0
DA:688,16
BRDA:688,23,0,-
DA:689,0
DA:691,16
DA:697,3927
FN:697,CVStrategy._delegateToFacet
FNDA:3927,CVStrategy._delegateToFacet
DA:698,3927
DA:699,3927
DA:702,0
DA:705,3927
DA:706,3927
BRDA:706,24,0,1
DA:707,1
DA:711,0
DA:712,0
DA:713,0
DA:715,0
DA:716,0
DA:724,731
FN:724,CVStrategy.diamondCut
FNDA:731,CVStrategy.diamondCut
DA:725,0
DA:726,731
DA:731,3
FN:731,CVStrategy.fallback
FNDA:3,CVStrategy.fallback
DA:732,3
DA:733,3
DA:736,0
DA:739,3
DA:741,3
BRDA:741,25,0,-
DA:742,0
DA:746,0
DA:747,0
DA:748,0
DA:750,0
DA:751,0
DA:758,0
FN:758,CVStrategy.getFacets
FNDA:0,CVStrategy.getFacets
DA:759,0
DA:760,0
DA:761,0
DA:762,0
DA:763,0
DA:765,0
DA:766,0
DA:767,0
DA:768,0
DA:769,0
DA:770,0
BRDA:770,26,0,-
DA:771,0
DA:772,0
DA:773,0
DA:774,0
DA:777,0
BRDA:777,27,0,-
DA:778,0
DA:779,0
DA:781,0
DA:782,0
DA:783,0
DA:784,0
DA:785,0
DA:788,0
DA:789,0
DA:790,0
DA:792,0
DA:797,0
FNF:49
FNH:36
LF:230
LH:122
BRF:32
BRH:9
end_of_record
TN:
SF:src/CVStrategy/CVStrategyBaseFacet.sol
DA:185,4
FN:185,CVStrategyBaseFacet.owner
FNDA:4,CVStrategyBaseFacet.owner
DA:186,4
DA:193,269
FN:193,CVStrategyBaseFacet.checkSenderIsMember
FNDA:269,CVStrategyBaseFacet.checkSenderIsMember
DA:194,269
BRDA:194,0,0,2
DA:195,2
DA:202,22
FN:202,CVStrategyBaseFacet.onlyCouncilSafe
FNDA:22,CVStrategyBaseFacet.onlyCouncilSafe
DA:203,22
BRDA:203,1,0,2
DA:204,2
DA:211,9
FN:211,CVStrategyBaseFacet.onlyCouncilSafeOrMember
FNDA:9,CVStrategyBaseFacet.onlyCouncilSafeOrMember
DA:212,9
BRDA:212,2,0,2
DA:213,2
DA:222,3623
FN:222,CVStrategyBaseFacet._canExecuteAction
FNDA:3623,CVStrategyBaseFacet._canExecuteAction
DA:223,3623
BRDA:223,3,0,3607
DA:224,3607
DA:225,3607
BRDA:225,4,0,3578
BRDA:225,4,1,-
DA:226,3578
DA:228,29
DA:231,16
DA:237,260
FN:237,CVStrategyBaseFacet.onlyAllo
FNDA:260,CVStrategyBaseFacet.onlyAllo
DA:238,260
BRDA:238,5,0,-
DA:239,0
DA:247,260
FN:247,CVStrategyBaseFacet.onlyInitialized
FNDA:260,CVStrategyBaseFacet.onlyInitialized
DA:248,260
BRDA:248,6,0,-
DA:249,0
DA:257,2278
FN:257,CVStrategyBaseFacet.onlyRegistryCommunity
FNDA:2278,CVStrategyBaseFacet.onlyRegistryCommunity
DA:258,2278
BRDA:258,7,0,-
DA:259,0
DA:269,4
FN:269,CVStrategyBaseFacet.proposalExists
FNDA:4,CVStrategyBaseFacet.proposalExists
DA:270,4
DA:278,122
FN:278,CVStrategyBaseFacet._calculateAndSetConviction
FNDA:122,CVStrategyBaseFacet._calculateAndSetConviction
DA:279,122
DA:280,122
BRDA:280,8,0,122
DA:281,122
DA:283,0
DA:284,0
DA:294,122
FN:294,CVStrategyBaseFacet._checkBlockAndCalculateConviction
FNDA:122,CVStrategyBaseFacet._checkBlockAndCalculateConviction
DA:299,122
DA:300,122
DA:301,122
BRDA:301,9,0,122
DA:302,122
DA:305,0
DA:315,0
FN:315,CVStrategyBaseFacet.getPoolAmount
FNDA:0,CVStrategyBaseFacet.getPoolAmount
DA:316,0
DA:318,0
BRDA:318,10,0,-
DA:319,0
DA:322,0
DA:323,0
DA:325,0
DA:326,0
BRDA:326,11,0,-
BRDA:326,11,1,-
DA:327,0
DA:328,0
BRDA:328,12,0,-
DA:329,0
DA:331,0
FNF:12
FNH:11
LF:53
LH:35
BRF:15
BRH:7
end_of_record
TN:
SF:src/CVStrategy/CVStrategyDiamondInit.sol
DA:24,0
FN:24,CVStrategyDiamondInit.init
FNDA:0,CVStrategyDiamondInit.init
DA:25,0
DA:28,0
DA:29,0
DA:30,0
DA:31,0
DA:34,0
FNF:1
FNH:0
LF:7
LH:0
BRF:0
BRH:0
end_of_record
TN:
SF:src/CVStrategy/ConvictionsUtils.sol
DA:19,32
FN:19,ConvictionsUtils.calculateConviction
FNDA:32,ConvictionsUtils.calculateConviction
DA:24,0
DA:28,32
DA:29,32
DA:43,66
FN:43,ConvictionsUtils.calculateThreshold
FNDA:66,ConvictionsUtils.calculateThreshold
DA:52,66
DA:53,66
DA:56,66
BRDA:56,0,0,66
DA:57,66
DA:59,66
DA:60,66
DA:64,78
FN:64,ConvictionsUtils.getMaxConviction
FNDA:78,ConvictionsUtils.getMaxConviction
DA:65,78
DA:75,32
FN:75,ConvictionsUtils._pow
FNDA:32,ConvictionsUtils._pow
DA:81,32
DA:82,32
DA:83,32
DA:84,324
DA:85,292
BRDA:85,1,0,180
BRDA:85,1,1,112
DA:86,180
DA:87,180
DA:89,112
DA:90,112
DA:102,292
FN:102,ConvictionsUtils._mul
FNDA:292,ConvictionsUtils._mul
DA:111,292
FNF:5
FNH:5
LF:25
LH:24
BRF:3
BRH:3
end_of_record
TN:
SF:src/CVStrategy/PowerManagementUtils.sol
DA:11,2277
FN:11,PowerManagementUtils.increasePower
FNDA:2277,PowerManagementUtils.increasePower
DA:18,2277
BRDA:18,0,0,977
BRDA:18,0,1,775
DA:19,977
DA:20,1300
BRDA:20,1,0,524
BRDA:20,1,1,775
DA:21,524
DA:22,776
BRDA:22,2,0,775
DA:23,775
DA:27,524
FN:27,PowerManagementUtils.increasePowerCapped
FNDA:524,PowerManagementUtils.increasePowerCapped
DA:34,524
DA:36,524
BRDA:36,3,0,256
DA:37,256
DA:41,268
DA:44,775
FN:44,PowerManagementUtils.increasePowerQuadratic
FNDA:775,PowerManagementUtils.increasePowerQuadratic
DA:48,775
DA:50,775
DA:51,775
BRDA:51,4,0,775
DA:52,775
DA:56,775
DA:57,775
DA:59,775
DA:61,0
DA:64,26
FN:64,PowerManagementUtils.decreasePower
FNDA:26,PowerManagementUtils.decreasePower
DA:71,26
BRDA:71,5,0,18
BRDA:71,5,1,-
DA:72,18
DA:73,8
BRDA:73,6,0,2
BRDA:73,6,1,-
DA:74,2
DA:75,6
BRDA:75,7,0,6
DA:76,6
BRDA:76,8,0,2
BRDA:76,8,1,-
DA:77,2
DA:78,4
BRDA:78,9,0,2
DA:79,2
DA:85,2
FN:85,PowerManagementUtils.decreasePowerQuadratic
FNDA:2,PowerManagementUtils.decreasePowerQuadratic
DA:89,2
DA:90,2
BRDA:90,10,0,2
DA:91,2
DA:96,2
DA:98,2
DA:99,2
DA:100,0
FNF:5
FNH:5
LF:39
LH:37
BRF:16
BRH:13
end_of_record
TN:
SF:src/CVStrategy/facets/CVAdminFacet.sol
DA:48,22
FN:48,CVAdminFacet.setPoolParams
FNDA:22,CVAdminFacet.setPoolParams
DA:56,0
DA:58,20
DA:59,20
DA:61,22
DA:63,20
BRDA:63,0,0,2
DA:64,2
DA:68,5
FN:68,CVAdminFacet.connectSuperfluidGDA
FNDA:5,CVAdminFacet.connectSuperfluidGDA
DA:69,0
DA:70,4
DA:71,4
DA:72,4
DA:73,4
BRDA:73,1,0,-
DA:74,0
DA:76,4
DA:79,4
FN:79,CVAdminFacet.disconnectSuperfluidGDA
FNDA:4,CVAdminFacet.disconnectSuperfluidGDA
DA:80,0
DA:81,3
DA:82,3
DA:83,3
DA:84,3
BRDA:84,2,0,-
DA:85,0
DA:87,2
DA:94,20
FN:94,CVAdminFacet._setPoolParams
FNDA:20,CVAdminFacet._setPoolParams
DA:100,20
BRDA:100,3,0,9
DA:101,9
DA:103,20
BRDA:103,4,0,3
DA:104,3
DA:108,20
DA:119,2
BRDA:119,5,0,2
DA:121,2
DA:122,2
DA:123,2
BRDA:123,6,0,2
DA:124,2
DA:127,2
DA:128,2
DA:130,2
DA:141,20
DA:142,8
BRDA:142,7,0,8
DA:143,8
DA:144,8
DA:148,9
FN:148,CVAdminFacet._addToAllowList
FNDA:9,CVAdminFacet._addToAllowList
DA:149,9
DA:152,9
BRDA:152,8,0,8
DA:153,8
DA:155,9
DA:156,9
BRDA:156,9,0,9
DA:157,9
DA:161,9
DA:164,3
FN:164,CVAdminFacet._removeFromAllowList
FNDA:3,CVAdminFacet._removeFromAllowList
DA:165,3
DA:166,3
BRDA:166,10,0,3
DA:167,3
DA:170,3
BRDA:170,11,0,3
DA:171,3
DA:175,3
DA:178,3
FN:178,CVAdminFacet._deactivatePoints
FNDA:3,CVAdminFacet._deactivatePoints
DA:179,3
DA:180,3
DA:182,3
DA:183,3
DA:186,3
FN:186,CVAdminFacet._withdraw
FNDA:3,CVAdminFacet._withdraw
DA:188,3
DA:189,2
DA:190,2
DA:191,2
BRDA:191,12,0,2
DA:192,2
DA:193,2
DA:194,2
DA:195,2
DA:198,3
FNF:8
FNH:8
LF:71
LH:66
BRF:13
BRH:11
end_of_record
TN:
SF:src/CVStrategy/facets/CVAllocationFacet.sol
DA:52,112
FN:52,CVAllocationFacet._checkProposalAllocationValidity
FNDA:112,CVAllocationFacet._checkProposalAllocationValidity
DA:53,112
DA:55,112
DA:60,6
BRDA:60,0,0,6
DA:61,6
DA:69,102
FN:69,CVAllocationFacet.allocate
FNDA:102,CVAllocationFacet.allocate
DA:70,102
DA:71,102
DA:72,112
DA:74,96
DA:76,94
BRDA:76,1,0,8
DA:77,8
DA:80,86
DA:81,86
DA:82,86
DA:84,94
BRDA:84,2,0,-
DA:85,0
DA:96,94
DA:98,86
DA:99,86
DA:101,84
BRDA:101,3,0,2
DA:102,2
DA:105,82
DA:108,82
DA:109,82
DA:110,90
DA:112,90
BRDA:112,4,0,82
BRDA:112,4,1,6
DA:113,82
DA:114,82
DA:116,8
DA:117,8
DA:119,8
BRDA:119,5,0,2
DA:120,2
DA:121,2
DA:124,6
BRDA:124,6,0,6
DA:125,6
DA:126,6
DA:127,6
DA:129,6
DA:130,0
DA:133,88
DA:135,88
DA:137,88
DA:139,88
DA:141,88
DA:143,88
DA:145,88
DA:146,88
DA:147,20
BRDA:147,7,0,14
DA:148,14
DA:149,0
DA:152,14
BRDA:152,8,0,74
DA:153,74
DA:155,88
BRDA:155,9,0,82
BRDA:155,9,1,6
DA:156,82
DA:157,82
DA:159,6
DA:160,6
DA:162,88
BRDA:162,10,0,2
BRDA:162,10,1,86
DA:163,2
DA:165,86
DA:166,86
DA:171,22
FN:171,CVAllocationFacet.distribute
FNDA:22,CVAllocationFacet.distribute
DA:181,22
BRDA:181,11,0,2
DA:182,2
DA:185,20
DA:186,20
BRDA:186,12,0,2
DA:187,2
DA:190,18
DA:193,18
BRDA:193,13,0,2
DA:195,2
DA:197,0
BRDA:197,14,0,-
DA:198,0
DA:202,18
BRDA:202,15,0,16
DA:203,16
BRDA:203,16,0,2
DA:204,2
DA:207,14
BRDA:207,17,0,2
DA:208,2
DA:211,12
BRDA:211,18,0,2
DA:212,2
DA:215,10
BRDA:215,19,0,-
DA:216,0
DA:217,0
DA:220,10
DA:222,10
DA:233,10
BRDA:233,20,0,2
DA:234,2
DA:237,8
DA:241,8
DA:242,8
DA:248,8
DA:256,10
FN:256,CVAllocationFacet._isOverMaxRatio
FNDA:10,CVAllocationFacet._isOverMaxRatio
DA:257,10
DA:260,174
FN:260,CVAllocationFacet._applyDelta
FNDA:174,CVAllocationFacet._applyDelta
DA:263,174
DA:265,174
BRDA:265,21,0,2
DA:266,2
DA:270,172
DA:273,10
FN:273,CVAllocationFacet.updateProposalConviction
FNDA:10,CVAllocationFacet.updateProposalConviction
DA:274,10
DA:276,10
BRDA:276,22,0,-
DA:277,0
DA:280,10
DA:281,10
DA:284,30
FN:284,CVAllocationFacet.getPoolAmount
FNDA:30,CVAllocationFacet.getPoolAmount
DA:285,30
DA:287,30
BRDA:287,23,0,20
DA:288,20
DA:291,10
DA:292,10
DA:294,6
DA:295,10
BRDA:295,24,0,-
BRDA:295,24,1,-
DA:296,0
DA:297,10
BRDA:297,25,0,-
DA:298,0
DA:300,10
DA:303,8
FN:303,CVAllocationFacet._transferAmount
FNDA:8,CVAllocationFacet._transferAmount
DA:304,8
BRDA:304,26,0,4
BRDA:304,26,1,-
DA:305,4
DA:306,4
BRDA:306,27,0,-
DA:307,0
DA:310,4
FNF:8
FNH:8
LF:122
LH:111
BRF:33
BRH:24
end_of_record
TN:
SF:src/CVStrategy/facets/CVDisputeFacet.sol
DA:44,15
FN:44,CVDisputeFacet.disputeProposal
FNDA:15,CVDisputeFacet.disputeProposal
DA:49,15
DA:50,15
DA:51,15
DA:53,15
BRDA:53,0,0,1
DA:54,1
DA:56,14
BRDA:56,1,0,1
DA:57,1
DA:62,13
DA:63,2
DA:64,1
BRDA:64,2,0,1
DA:65,1
DA:70,12
DA:72,12
DA:74,12
DA:76,12
DA:77,12
DA:78,12
DA:79,12
DA:80,12
DA:82,12
DA:84,12
DA:94,9
FN:94,CVDisputeFacet.rule
FNDA:9,CVDisputeFacet.rule
DA:95,9
DA:96,9
DA:97,9
DA:99,9
BRDA:99,3,0,1
DA:100,1
DA:103,8
DA:105,8
BRDA:105,4,0,1
DA:106,1
DA:109,7
BRDA:109,5,0,2
BRDA:109,5,1,-
DA:110,2
BRDA:110,6,0,-
DA:111,0
DA:113,2
BRDA:113,7,0,2
DA:114,2
DA:116,2
BRDA:116,8,0,-
DA:117,0
DA:118,0
DA:122,2
DA:125,5
BRDA:125,9,0,2
BRDA:125,9,1,-
DA:126,2
DA:127,2
DA:133,3
BRDA:133,10,0,3
DA:134,3
DA:135,3
DA:138,3
DA:144,3
DA:152,7
DA:153,2
DA:154,2
FNF:2
FNH:2
LF:51
LH:48
BRF:13
BRH:9
end_of_record
TN:
SF:src/CVStrategy/facets/CVPowerFacet.sol
DA:34,1253
FN:34,CVPowerFacet.activatePoints
FNDA:1253,CVPowerFacet.activatePoints
DA:35,1253
BRDA:35,0,0,5
DA:36,5
DA:38,1248
DA:39,1243
DA:42,2278
FN:42,CVPowerFacet.increasePower
FNDA:2278,CVPowerFacet.increasePower
DA:43,2278
BRDA:43,1,0,1
DA:44,1
DA:46,2277
DA:50,2277
DA:51,1037
BRDA:51,2,0,1037
DA:52,1037
DA:54,2277
DA:55,0
DA:58,26
FN:58,CVPowerFacet.decreasePower
FNDA:26,CVPowerFacet.decreasePower
DA:59,26
DA:63,26
DA:64,26
DA:66,26
DA:67,26
DA:69,26
BRDA:69,3,0,18
DA:70,18
DA:71,18
DA:72,22
DA:73,22
DA:74,22
DA:75,22
DA:76,22
DA:78,22
DA:79,22
DA:80,22
DA:81,22
DA:82,22
DA:83,22
DA:85,22
DA:88,26
DA:89,26
DA:91,0
DA:94,9
FN:94,CVPowerFacet.deactivatePoints.0
FNDA:9,CVPowerFacet.deactivatePoints.0
DA:95,9
DA:98,5
FN:98,CVPowerFacet.deactivatePoints.1
FNDA:5,CVPowerFacet.deactivatePoints.1
DA:99,5
DA:106,14
FN:106,CVPowerFacet._deactivatePoints
FNDA:14,CVPowerFacet._deactivatePoints
DA:107,14
DA:108,14
DA:110,14
DA:111,14
DA:114,14
FN:114,CVPowerFacet._withdraw
FNDA:14,CVPowerFacet._withdraw
DA:116,14
DA:117,4
DA:118,4
DA:119,4
BRDA:119,4,0,4
DA:120,4
DA:121,4
DA:122,4
DA:123,4
DA:124,4
DA:125,4
DA:128,14
FNF:7
FNH:7
LF:59
LH:57
BRF:5
BRH:5
end_of_record
TN:
SF:src/CVStrategy/facets/CVProposalFacet.sol
DA:52,158
FN:52,CVProposalFacet.registerRecipient
FNDA:158,CVProposalFacet.registerRecipient
DA:59,158
DA:60,158
DA:63,158
DA:65,158
BRDA:65,0,0,152
DA:66,152
DA:67,152
DA:68,152
BRDA:68,1,0,-
DA:69,0
DA:73,158
BRDA:73,2,0,-
DA:74,0
DA:77,158
BRDA:77,3,0,4
DA:78,4
DA:83,154
DA:84,154
DA:86,154
DA:87,154
DA:88,154
DA:89,154
DA:90,154
DA:91,154
DA:92,154
DA:93,154
DA:94,154
DA:95,154
DA:96,154
DA:97,154
DA:99,154
DA:102,154
DA:105,2
FN:105,CVProposalFacet.cancelProposal
FNDA:2,CVProposalFacet.cancelProposal
DA:106,2
BRDA:106,4,0,-
DA:107,0
DA:110,2
BRDA:110,5,0,-
DA:111,0
DA:114,2
DA:120,2
DA:121,2
DA:124,10
FN:124,CVProposalFacet.editProposal
FNDA:10,CVProposalFacet.editProposal
DA:131,10
DA:132,10
BRDA:132,6,0,2
DA:133,2
DA:136,8
BRDA:136,7,0,2
DA:137,2
DA:140,4
BRDA:140,8,0,4
DA:141,4
BRDA:141,9,0,-
DA:142,0
DA:146,4
DA:150,6
DA:152,6
BRDA:152,10,0,4
DA:153,2
BRDA:153,11,0,2
DA:154,2
DA:159,2
DA:162,4
BRDA:162,12,0,4
DA:163,0
BRDA:163,13,0,-
DA:164,0
DA:169,4
DA:172,4
FNF:3
FNH:3
LF:57
LH:50
BRF:14
BRH:8
end_of_record
TN:
SF:src/CollateralVault.sol
DA:34,175
FN:34,CollateralVault.onlyOwner
FNDA:175,CollateralVault.onlyOwner
DA:35,175
BRDA:35,0,0,1
DA:36,1
DA:43,734
FN:43,CollateralVault.initialize
FNDA:734,CollateralVault.initialize
DA:44,734
BRDA:44,1,0,1
DA:45,1
DA:47,733
DA:50,174
FN:50,CollateralVault.depositCollateral
FNDA:174,CollateralVault.depositCollateral
DA:51,174
DA:52,174
DA:55,18
FN:55,CollateralVault.withdrawCollateral
FNDA:18,CollateralVault.withdrawCollateral
DA:56,18
DA:60,18
DA:61,18
BRDA:61,2,0,1
DA:65,1
DA:66,1
DA:68,18
DA:69,18
DA:70,18
BRDA:70,3,0,1
DA:71,1
DA:73,17
DA:76,11
FN:76,CollateralVault.withdrawCollateralFor
FNDA:11,CollateralVault.withdrawCollateralFor
DA:81,11
DA:85,11
DA:86,11
BRDA:86,4,0,1
DA:90,1
DA:91,1
DA:93,11
DA:94,11
DA:95,11
BRDA:95,5,0,1
DA:96,1
DA:98,10
FNF:5
FNH:5
LF:32
LH:32
BRF:6
BRH:6
end_of_record
TN:
SF:src/GoodDollarSybil.sol
DA:28,8
FN:28,GoodDollarSybil.onlyAuthorized
FNDA:8,GoodDollarSybil.onlyAuthorized
DA:29,8
BRDA:29,0,0,6
BRDA:29,0,1,-
DA:32,2
DA:36,4
FN:36,GoodDollarSybil.onlyCouncilOrAuthorized
FNDA:4,GoodDollarSybil.onlyCouncilOrAuthorized
DA:37,4
DA:38,4
BRDA:38,1,1,1
DA:39,4
DA:40,3
DA:41,3
BRDA:41,1,0,3
DA:44,1
DA:48,25
FN:48,GoodDollarSybil._revertZeroAddress
FNDA:25,GoodDollarSybil._revertZeroAddress
DA:49,25
BRDA:49,2,0,2
DA:50,2
DA:55,16
FN:55,GoodDollarSybil.initialize
FNDA:16,GoodDollarSybil.initialize
DA:56,16
DA:57,15
DA:58,16
DA:64,6
FN:64,GoodDollarSybil.validateUser
FNDA:6,GoodDollarSybil.validateUser
DA:65,6
DA:66,5
DA:67,5
DA:72,2
FN:72,GoodDollarSybil.invalidateUser
FNDA:2,GoodDollarSybil.invalidateUser
DA:73,2
DA:74,2
DA:75,2
DA:80,2
FN:80,GoodDollarSybil.changeListManager
FNDA:2,GoodDollarSybil.changeListManager
DA:81,2
DA:82,1
DA:83,1
DA:84,1
DA:87,3
FN:87,GoodDollarSybil.addStrategy
FNDA:3,GoodDollarSybil.addStrategy
DA:92,3
DA:93,3
DA:96,1
FN:96,GoodDollarSybil.activateStrategy
FNDA:1,GoodDollarSybil.activateStrategy
DA:97,1
DA:100,1
FN:100,GoodDollarSybil.modifyThreshold
FNDA:1,GoodDollarSybil.modifyThreshold
DA:101,1
DA:106,2
FN:106,GoodDollarSybil.canExecuteAction
FNDA:2,GoodDollarSybil.canExecuteAction
DA:107,2
FNF:11
FNH:11
LF:39
LH:39
BRF:5
BRH:4
end_of_record
TN:
SF:src/PassportScorer.sol
DA:32,20
FN:32,PassportScorer.onlyAuthorized
FNDA:20,PassportScorer.onlyAuthorized
DA:33,20
BRDA:33,0,0,19
BRDA:33,0,1,1
DA:36,1
DA:40,28
FN:40,PassportScorer.onlyCouncilOrAuthorized
FNDA:28,PassportScorer.onlyCouncilOrAuthorized
DA:41,28
DA:42,27
BRDA:42,1,1,1
DA:43,27
DA:44,13
DA:45,27
BRDA:45,1,0,27
DA:48,0
DA:52,2
FN:52,PassportScorer.onlyCouncil
FNDA:2,PassportScorer.onlyCouncil
DA:53,2
BRDA:53,2,0,-
BRDA:53,2,1,1
DA:56,1
DA:60,256
FN:60,PassportScorer._revertZeroAddress
FNDA:256,PassportScorer._revertZeroAddress
DA:61,256
BRDA:61,3,0,4
DA:62,4
DA:67,161
FN:67,PassportScorer.initialize
FNDA:161,PassportScorer.initialize
DA:68,161
DA:69,161
DA:70,161
DA:76,19
FN:76,PassportScorer.addUserScore
FNDA:19,PassportScorer.addUserScore
DA:77,19
DA:78,18
DA:79,18
DA:84,2
FN:84,PassportScorer.removeUser
FNDA:2,PassportScorer.removeUser
DA:85,2
DA:87,1
DA:92,2
FN:92,PassportScorer.changeListManager
FNDA:2,PassportScorer.changeListManager
DA:93,2
DA:94,1
DA:95,1
DA:96,1
DA:102,27
FN:102,PassportScorer.addStrategy
FNDA:27,PassportScorer.addStrategy
DA:107,27
DA:108,27
DA:109,26
BRDA:109,4,0,1
DA:110,1
DA:112,25
DA:113,25
DA:118,1
FN:118,PassportScorer.removeStrategy
FNDA:1,PassportScorer.removeStrategy
DA:119,1
DA:121,1
DA:126,12
FN:126,PassportScorer.activateStrategy
FNDA:12,PassportScorer.activateStrategy
DA:127,12
DA:128,12
DA:129,12
DA:135,5
FN:135,PassportScorer.modifyThreshold
FNDA:5,PassportScorer.modifyThreshold
DA:136,5
DA:137,5
DA:138,5
DA:144,19
FN:144,PassportScorer.canExecuteAction
FNDA:19,PassportScorer.canExecuteAction
DA:145,19
DA:146,19
DA:148,19
BRDA:148,5,0,5
DA:149,5
DA:152,14
FNF:13
FNH:13
LF:56
LH:55
BRF:9
BRH:8
end_of_record
TN:
SF:src/ProxyOwnableUpgrader.sol
DA:10,1608
FN:10,ProxyOwnableUpgrader.initialize
FNDA:1608,ProxyOwnableUpgrader.initialize
DA:11,1608
DA:14,5063
FN:14,ProxyOwnableUpgrader.proxyOwner
FNDA:5063,ProxyOwnableUpgrader.proxyOwner
DA:15,5063
DA:18,2035
FN:18,ProxyOwnableUpgrader.owner
FNDA:2035,ProxyOwnableUpgrader.owner
DA:20,2035
BRDA:20,0,0,2018
BRDA:20,0,1,-
DA:22,2018
DA:24,17
BRDA:24,1,0,17
DA:25,16
DA:26,1
BRDA:26,1,1,1
DA:28,1
DA:33,6
FN:33,ProxyOwnableUpgrader._authorizeUpgrade
FNDA:6,ProxyOwnableUpgrader._authorizeUpgrade
DA:34,6
BRDA:34,2,0,3
DA:35,3
FNF:4
FNH:4
LF:14
LH:14
BRF:5
BRH:4
end_of_record
TN:
SF:src/ProxyOwner.sol
DA:15,9
FN:15,ProxyOwner.initialize
FNDA:9,ProxyOwner.initialize
DA:16,9
DA:25,3
FN:25,ProxyOwner.transferOwnership
FNDA:3,ProxyOwner.transferOwnership
DA:26,3
DA:27,3
DA:34,10
FN:34,ProxyOwner._transferOwnership
FNDA:10,ProxyOwner._transferOwnership
DA:36,10
DA:42,2
FN:42,ProxyOwner.acceptOwnership
FNDA:2,ProxyOwner.acceptOwnership
DA:43,2
DA:44,2
BRDA:44,0,0,1
DA:45,1
DA:47,1
DA:50,2
FN:50,ProxyOwner._authorizeUpgrade
FNDA:2,ProxyOwner._authorizeUpgrade
FNF:5
FNH:5
LF:13
LH:13
BRF:1
BRH:1
end_of_record
TN:
SF:src/RegistryCommunity/RegistryCommunity.sol
DA:210,0
FN:210,RegistryCommunity.onlyCouncilSafe
FNDA:0,RegistryCommunity.onlyCouncilSafe
DA:211,0
BRDA:211,0,0,-
DA:212,0
DA:216,0
FN:216,RegistryCommunity.onlyRegistryMemberSender
FNDA:0,RegistryCommunity.onlyRegistryMemberSender
DA:217,0
BRDA:217,1,0,-
DA:218,0
DA:222,0
FN:222,RegistryCommunity.onlyRegistryMemberAddress
FNDA:0,RegistryCommunity.onlyRegistryMemberAddress
DA:223,0
BRDA:223,2,0,-
DA:224,0
DA:228,158
FN:228,RegistryCommunity.onlyStrategyEnabled
FNDA:158,RegistryCommunity.onlyStrategyEnabled
DA:229,158
BRDA:229,3,0,-
DA:230,0
DA:234,0
FN:234,RegistryCommunity.onlyEmptyCommunity
FNDA:0,RegistryCommunity.onlyEmptyCommunity
DA:235,0
BRDA:235,4,0,-
DA:236,0
DA:240,0
FN:240,RegistryCommunity.onlyStrategyAddress
FNDA:0,RegistryCommunity.onlyStrategyAddress
DA:241,0
BRDA:241,5,0,-
DA:242,0
DA:246,0
FN:246,RegistryCommunity.onlyActivatedInStrategy
FNDA:0,RegistryCommunity.onlyActivatedInStrategy
DA:247,0
BRDA:247,6,0,-
DA:248,0
DA:252,1315
FN:252,RegistryCommunity._revertZeroAddress
FNDA:1315,RegistryCommunity._revertZeroAddress
DA:253,1315
BRDA:253,7,0,-
DA:254,0
DA:258,0
FN:258,RegistryCommunity.setStrategyTemplate
FNDA:0,RegistryCommunity.setStrategyTemplate
DA:259,0
DA:262,0
FN:262,RegistryCommunity.setCollateralVaultTemplate
FNDA:0,RegistryCommunity.setCollateralVaultTemplate
DA:263,0
DA:268,263
FN:268,RegistryCommunity.initialize
FNDA:263,RegistryCommunity.initialize
DA:274,263
DA:275,263
DA:276,0
DA:277,0
DA:279,263
DA:281,263
DA:282,263
DA:283,263
DA:284,263
DA:286,263
BRDA:286,8,0,263
DA:287,263
DA:289,263
DA:290,263
DA:291,263
BRDA:291,9,0,1
DA:292,1
DA:294,262
DA:295,262
DA:296,262
DA:297,262
DA:298,262
DA:300,262
DA:301,262
DA:302,262
DA:303,262
DA:305,262
DA:307,262
DA:309,262
DA:311,262
DA:314,262
DA:315,262
DA:317,262
DA:322,724
FN:322,RegistryCommunity.createPool.0
FNDA:724,RegistryCommunity.createPool.0
DA:327,0
DA:332,0
FN:332,RegistryCommunity.createPool.1
FNDA:0,RegistryCommunity.createPool.1
DA:338,0
DA:342,0
FN:342,RegistryCommunity.setArchived
FNDA:0,RegistryCommunity.setArchived
DA:343,0
DA:347,1248
FN:347,RegistryCommunity.activateMemberInStrategy
FNDA:1248,RegistryCommunity.activateMemberInStrategy
DA:348,0
DA:352,19
FN:352,RegistryCommunity.deactivateMemberInStrategy
FNDA:19,RegistryCommunity.deactivateMemberInStrategy
DA:353,0
DA:357,1318
FN:357,RegistryCommunity.increasePower
FNDA:1318,RegistryCommunity.increasePower
DA:358,0
DA:362,28
FN:362,RegistryCommunity.decreasePower
FNDA:28,RegistryCommunity.decreasePower
DA:363,0
DA:368,3991
FN:368,RegistryCommunity.getMemberPowerInStrategy
FNDA:3991,RegistryCommunity.getMemberPowerInStrategy
DA:369,0
DA:374,1303
FN:374,RegistryCommunity.getMemberStakedAmount
FNDA:1303,RegistryCommunity.getMemberStakedAmount
DA:375,0
DA:380,5
FN:380,RegistryCommunity.addStrategyByPoolId
FNDA:5,RegistryCommunity.addStrategyByPoolId
DA:381,0
DA:386,1193
FN:386,RegistryCommunity.addStrategy
FNDA:1193,RegistryCommunity.addStrategy
DA:387,0
DA:392,0
FN:392,RegistryCommunity.rejectPool
FNDA:0,RegistryCommunity.rejectPool
DA:393,0
DA:398,3
FN:398,RegistryCommunity.removeStrategyByPoolId
FNDA:3,RegistryCommunity.removeStrategyByPoolId
DA:399,0
DA:404,1
FN:404,RegistryCommunity.removeStrategy
FNDA:1,RegistryCommunity.removeStrategy
DA:405,0
DA:410,4
FN:410,RegistryCommunity.setCouncilSafe
FNDA:4,RegistryCommunity.setCouncilSafe
DA:411,0
DA:416,3
FN:416,RegistryCommunity.acceptCouncilSafe
FNDA:3,RegistryCommunity.acceptCouncilSafe
DA:417,0
DA:422,281
FN:422,RegistryCommunity.isMember
FNDA:281,RegistryCommunity.isMember
DA:423,0
DA:428,1428
FN:428,RegistryCommunity.stakeAndRegisterMember
FNDA:1428,RegistryCommunity.stakeAndRegisterMember
DA:429,0
DA:434,1
FN:434,RegistryCommunity.getStakeAmountWithFees
FNDA:1,RegistryCommunity.getStakeAmountWithFees
DA:435,0
DA:440,140
FN:440,RegistryCommunity.getBasisStakedAmount
FNDA:140,RegistryCommunity.getBasisStakedAmount
DA:441,0
DA:446,4
FN:446,RegistryCommunity.setBasisStakedAmount
FNDA:4,RegistryCommunity.setBasisStakedAmount
DA:447,0
DA:452,2
FN:452,RegistryCommunity.setCommunityParams
FNDA:2,RegistryCommunity.setCommunityParams
DA:453,0
DA:458,4
FN:458,RegistryCommunity.setCommunityFee
FNDA:4,RegistryCommunity.setCommunityFee
DA:459,0
DA:464,2
FN:464,RegistryCommunity.isCouncilMember
FNDA:2,RegistryCommunity.isCouncilMember
DA:465,0
DA:470,4
FN:470,RegistryCommunity.unregisterMember
FNDA:4,RegistryCommunity.unregisterMember
DA:471,0
DA:476,8
FN:476,RegistryCommunity.kickMember
FNDA:8,RegistryCommunity.kickMember
DA:477,0
DA:483,11714
FN:483,RegistryCommunity._delegateToFacet
FNDA:11714,RegistryCommunity._delegateToFacet
DA:484,11714
DA:485,11714
DA:488,0
DA:491,11714
DA:492,11714
BRDA:492,10,0,-
DA:493,0
DA:497,0
DA:498,0
DA:499,0
DA:501,0
DA:502,0
DA:510,258
FN:510,RegistryCommunity.diamondCut
FNDA:258,RegistryCommunity.diamondCut
DA:514,258
DA:519,0
FN:519,RegistryCommunity.fallback
FNDA:0,RegistryCommunity.fallback
DA:520,0
DA:521,0
DA:524,0
DA:527,0
DA:529,0
BRDA:529,11,0,-
DA:530,0
DA:534,0
DA:535,0
DA:536,0
DA:538,0
DA:539,0
FNF:40
FNH:28
LF:138
LH:64
BRF:12
BRH:2
end_of_record
TN:
SF:src/RegistryCommunity/RegistryCommunityDiamondInit.sol
DA:23,0
FN:23,RegistryCommunityDiamondInit.init
FNDA:0,RegistryCommunityDiamondInit.init
DA:24,0
DA:27,0
DA:28,0
DA:29,0
DA:30,0
FNF:1
FNH:0
LF:6
LH:0
BRF:0
BRH:0
end_of_record
TN:
SF:src/RegistryCommunity/facets/CommunityAdminFacet.sol
DA:50,18
FN:50,CommunityAdminFacet.onlyCouncilSafe
FNDA:18,CommunityAdminFacet.onlyCouncilSafe
DA:51,18
BRDA:51,0,0,3
DA:52,3
DA:56,5
FN:56,CommunityAdminFacet.onlyEmptyCommunity
FNDA:5,CommunityAdminFacet.onlyEmptyCommunity
DA:57,5
BRDA:57,1,0,-
DA:58,0
DA:66,2
FN:66,CommunityAdminFacet.isCouncilMember
FNDA:2,CommunityAdminFacet.isCouncilMember
DA:67,2
DA:70,0
FN:70,CommunityAdminFacet.setStrategyTemplate
FNDA:0,CommunityAdminFacet.setStrategyTemplate
DA:71,0
BRDA:71,2,0,-
BRDA:71,2,1,-
DA:72,0
DA:75,0
FN:75,CommunityAdminFacet.setCollateralVaultTemplate
FNDA:0,CommunityAdminFacet.setCollateralVaultTemplate
DA:76,0
BRDA:76,3,0,-
BRDA:76,3,1,-
DA:77,0
DA:80,0
FN:80,CommunityAdminFacet.setArchived
FNDA:0,CommunityAdminFacet.setArchived
DA:81,0
DA:82,0
DA:85,5
FN:85,CommunityAdminFacet.setBasisStakedAmount
FNDA:5,CommunityAdminFacet.setBasisStakedAmount
DA:86,0
DA:87,0
DA:88,4
DA:89,4
DA:92,5
FN:92,CommunityAdminFacet.setCommunityFee
FNDA:5,CommunityAdminFacet.setCommunityFee
DA:93,0
DA:94,4
BRDA:94,4,0,1
DA:95,1
DA:97,3
DA:98,3
DA:101,6
FN:101,CommunityAdminFacet.setCouncilSafe
FNDA:6,CommunityAdminFacet.setCouncilSafe
DA:102,0
DA:103,5
BRDA:103,5,0,1
DA:104,1
DA:106,4
DA:107,4
DA:110,3
FN:110,CommunityAdminFacet.acceptCouncilSafe
FNDA:3,CommunityAdminFacet.acceptCouncilSafe
DA:111,3
BRDA:111,6,0,1
DA:112,1
DA:114,2
DA:115,2
DA:116,2
DA:118,2
DA:121,2
FN:121,CommunityAdminFacet.setCommunityParams
FNDA:2,CommunityAdminFacet.setCommunityParams
DA:122,0
DA:124,2
DA:125,1
DA:126,1
BRDA:126,7,0,1
DA:127,0
DA:128,1
BRDA:128,8,0,1
DA:129,1
DA:131,1
BRDA:131,9,0,-
DA:132,0
DA:133,0
DA:135,1
BRDA:135,10,0,1
DA:136,1
DA:137,1
DA:140,2
BRDA:140,11,0,1
DA:141,1
DA:142,1
DA:144,2
BRDA:144,12,0,1
DA:145,1
DA:147,2
BRDA:147,13,0,-
DA:148,0
DA:149,0
DA:151,2
BRDA:151,14,0,2
DA:152,2
FNF:11
FNH:8
LF:65
LH:45
BRF:17
BRH:10
end_of_record
TN:
SF:src/RegistryCommunity/facets/CommunityMemberFacet.sol
DA:36,8
FN:36,CommunityMemberFacet.onlyCouncilSafe
FNDA:8,CommunityMemberFacet.onlyCouncilSafe
DA:37,8
BRDA:37,0,0,1
DA:38,1
DA:42,4
FN:42,CommunityMemberFacet.onlyRegistryMemberSender
FNDA:4,CommunityMemberFacet.onlyRegistryMemberSender
DA:43,4
BRDA:43,1,0,1
DA:44,1
DA:52,1719
FN:52,CommunityMemberFacet.isMember
FNDA:1719,CommunityMemberFacet.isMember
DA:53,1719
DA:56,140
FN:56,CommunityMemberFacet.getBasisStakedAmount
FNDA:140,CommunityMemberFacet.getBasisStakedAmount
DA:57,140
DA:60,1
FN:60,CommunityMemberFacet.getStakeAmountWithFees
FNDA:1,CommunityMemberFacet.getStakeAmountWithFees
DA:61,1
DA:62,1
DA:66,1
DA:69,1428
FN:69,CommunityMemberFacet.stakeAndRegisterMember
FNDA:1428,CommunityMemberFacet.stakeAndRegisterMember
DA:70,1428
DA:71,1428
DA:72,1428
DA:73,1428
DA:74,1428
BRDA:74,2,0,1407
DA:75,1407
DA:77,1407
DA:79,1407
DA:83,1407
BRDA:83,3,0,1403
DA:84,1403
DA:86,1407
BRDA:86,4,0,1359
DA:87,1359
DA:89,1407
DA:91,1407
DA:95,4
FN:95,CommunityMemberFacet.unregisterMember
FNDA:4,CommunityMemberFacet.unregisterMember
DA:96,0
DA:97,3
DA:98,3
DA:99,3
DA:103,3
BRDA:103,5,0,3
DA:104,3
DA:106,3
DA:107,3
DA:110,8
FN:110,CommunityMemberFacet.kickMember
FNDA:8,CommunityMemberFacet.kickMember
DA:111,0
DA:112,7
BRDA:112,6,0,1
DA:113,1
DA:115,6
BRDA:115,7,0,1
DA:116,1
DA:118,5
DA:119,5
DA:121,5
DA:123,5
DA:124,5
DA:131,8
FN:131,CommunityMemberFacet.deactivateAllStrategies
FNDA:8,CommunityMemberFacet.deactivateAllStrategies
DA:132,8
DA:133,8
DA:134,5
FNF:9
FNH:9
LF:53
LH:51
BRF:8
BRH:8
end_of_record
TN:
SF:src/RegistryCommunity/facets/CommunityPoolFacet.sol
DA:50,724
FN:50,CommunityPoolFacet.createPool.0
FNDA:724,CommunityPoolFacet.createPool.0
DA:54,724
DA:60,724
DA:62,724
BRDA:62,0,0,724
DA:63,724
BRDA:63,1,0,1
DA:64,1
DA:66,723
DA:67,723
DA:68,10725
DA:73,723
DA:76,723
DA:79,724
FN:79,CommunityPoolFacet.createPool.1
FNDA:724,CommunityPoolFacet.createPool.1
DA:85,724
DA:86,724
BRDA:86,2,0,724
DA:87,724
DA:89,724
DA:91,724
DA:95,724
FNF:2
FNH:2
LF:18
LH:18
BRF:3
BRH:3
end_of_record
TN:
SF:src/RegistryCommunity/facets/CommunityPowerFacet.sol
DA:42,2612
FN:42,CommunityPowerFacet.isMember
FNDA:2612,CommunityPowerFacet.isMember
DA:43,2612
DA:46,1346
FN:46,CommunityPowerFacet.onlyRegistryMemberSender
FNDA:1346,CommunityPowerFacet.onlyRegistryMemberSender
DA:47,1346
BRDA:47,0,0,1
DA:48,1
DA:52,1266
FN:52,CommunityPowerFacet.onlyRegistryMemberAddress
FNDA:1266,CommunityPowerFacet.onlyRegistryMemberAddress
DA:53,1266
BRDA:53,1,0,-
DA:54,0
DA:58,1248
FN:58,CommunityPowerFacet.onlyStrategyEnabled
FNDA:1248,CommunityPowerFacet.onlyStrategyEnabled
DA:59,1248
BRDA:59,2,0,1
DA:60,1
DA:64,1266
FN:64,CommunityPowerFacet.onlyStrategyAddress
FNDA:1266,CommunityPowerFacet.onlyStrategyAddress
DA:65,1266
BRDA:65,3,0,1
DA:66,1
DA:74,3991
FN:74,CommunityPowerFacet.getMemberPowerInStrategy
FNDA:3991,CommunityPowerFacet.getMemberPowerInStrategy
DA:75,3991
DA:78,1303
FN:78,CommunityPowerFacet.getMemberStakedAmount
FNDA:1303,CommunityPowerFacet.getMemberStakedAmount
DA:79,1303
DA:82,1248
FN:82,CommunityPowerFacet.activateMemberInStrategy
FNDA:1248,CommunityPowerFacet.activateMemberInStrategy
DA:83,1248
DA:84,1248
DA:85,1247
DA:87,4
BRDA:87,4,0,4
DA:88,4
DA:91,1243
DA:93,1243
DA:94,1243
DA:96,1243
BRDA:96,5,0,259
BRDA:96,5,1,-
DA:97,259
DA:98,984
BRDA:98,6,0,981
DA:99,981
DA:102,1243
DA:103,259
DA:105,1243
DA:106,1243
DA:107,7
BRDA:107,7,0,7
DA:108,7
DA:109,7
DA:112,1243
BRDA:112,8,0,1236
DA:113,1236
DA:116,1243
DA:119,19
FN:119,CommunityPowerFacet.deactivateMemberInStrategy
FNDA:19,CommunityPowerFacet.deactivateMemberInStrategy
DA:120,19
DA:121,18
DA:122,18
BRDA:122,9,0,1
DA:123,1
DA:126,17
DA:127,17
DA:128,17
DA:131,1318
FN:131,CommunityPowerFacet.increasePower
FNDA:1318,CommunityPowerFacet.increasePower
DA:132,0
DA:133,1317
DA:134,1317
DA:136,1317
DA:137,1038
DA:138,1038
DA:139,1037
BRDA:139,10,0,1036
DA:140,1036
DA:144,1316
DA:145,1316
DA:146,1316
DA:149,28
FN:149,CommunityPowerFacet.decreasePower
FNDA:28,CommunityPowerFacet.decreasePower
DA:150,0
DA:151,28
DA:152,28
DA:154,28
DA:156,28
BRDA:156,11,0,2
DA:157,2
DA:159,26
DA:160,26
DA:161,26
DA:162,26
DA:163,26
DA:164,26
BRDA:164,12,0,-
BRDA:164,12,1,26
DA:165,0
DA:167,26
DA:170,26
DA:171,26
DA:178,0
FN:178,CommunityPowerFacet.removeStrategyFromMember
FNDA:0,CommunityPowerFacet.removeStrategyFromMember
DA:179,0
DA:180,0
DA:181,0
BRDA:181,13,0,-
DA:182,0
DA:183,0
FNF:12
FNH:11
LF:84
LH:74
BRF:16
BRH:12
end_of_record
TN:
SF:src/RegistryCommunity/facets/CommunityStrategyFacet.sol
DA:33,1202
FN:33,CommunityStrategyFacet.onlyCouncilSafe
FNDA:1202,CommunityStrategyFacet.onlyCouncilSafe
DA:34,1202
BRDA:34,0,0,2
DA:35,2
DA:43,5
FN:43,CommunityStrategyFacet.addStrategyByPoolId
FNDA:5,CommunityStrategyFacet.addStrategyByPoolId
DA:44,0
DA:45,5
DA:46,4
DA:49,1193
FN:49,CommunityStrategyFacet.addStrategy
FNDA:1193,CommunityStrategyFacet.addStrategy
DA:50,0
DA:51,1193
DA:54,3
FN:54,CommunityStrategyFacet.removeStrategyByPoolId
FNDA:3,CommunityStrategyFacet.removeStrategyByPoolId
DA:55,0
DA:56,3
DA:57,2
DA:60,1
FN:60,CommunityStrategyFacet.removeStrategy
FNDA:1,CommunityStrategyFacet.removeStrategy
DA:61,0
DA:62,1
DA:65,0
FN:65,CommunityStrategyFacet.rejectPool
FNDA:0,CommunityStrategyFacet.rejectPool
DA:66,0
DA:67,0
BRDA:67,1,0,-
DA:68,0
DA:70,0
DA:77,1197
FN:77,CommunityStrategyFacet._addStrategy
FNDA:1197,CommunityStrategyFacet._addStrategy
DA:78,1197
BRDA:78,2,0,1
DA:79,1
DA:81,1
BRDA:81,3,0,1
DA:82,1
DA:84,1195
DA:85,1195
DA:86,1195
BRDA:86,4,0,-
DA:87,0
DA:89,1195
DA:92,3
FN:92,CommunityStrategyFacet._removeStrategy
FNDA:3,CommunityStrategyFacet._removeStrategy
DA:93,3
BRDA:93,5,0,1
DA:94,1
DA:96,2
BRDA:96,6,0,-
DA:97,0
DA:99,2
DA:100,2
FNF:8
FNH:7
LF:39
LH:28
BRF:7
BRH:4
end_of_record
TN:
SF:src/RegistryFactory/RegistryFactory.sol
DA:50,668
FN:50,RegistryFactory._revertZeroAddress
FNDA:668,RegistryFactory._revertZeroAddress
DA:51,668
BRDA:51,0,0,1
DA:54,1
FN:54,RegistryFactory.setRegistryCommunityTemplate
FNDA:1,RegistryFactory.setRegistryCommunityTemplate
DA:55,1
DA:58,1
FN:58,RegistryFactory.setStrategyTemplate
FNDA:1,RegistryFactory.setStrategyTemplate
DA:59,1
DA:62,1
FN:62,RegistryFactory.setCollateralVaultTemplate
FNDA:1,RegistryFactory.setCollateralVaultTemplate
DA:63,1
DA:66,222
FN:66,RegistryFactory.initialize
FNDA:222,RegistryFactory.initialize
DA:73,222
DA:74,222
DA:75,222
DA:76,222
DA:77,222
DA:78,222
DA:79,222
DA:80,222
DA:81,222
DA:82,222
DA:86,268
FN:86,RegistryFactory.createRegistry
FNDA:268,RegistryFactory.createRegistry
DA:91,268
DA:92,268
DA:94,268
DA:101,267
DA:102,267
DA:105,267
DA:106,267
DA:107,0
DA:110,2
FN:110,RegistryFactory.setReceiverAddress
FNDA:2,RegistryFactory.setReceiverAddress
DA:111,2
DA:112,1
DA:113,1
DA:116,1359
FN:116,RegistryFactory.getGardensFeeReceiver
FNDA:1359,RegistryFactory.getGardensFeeReceiver
DA:117,1359
DA:120,194
FN:120,RegistryFactory.setProtocolFee
FNDA:194,RegistryFactory.setProtocolFee
DA:121,194
DA:122,194
DA:125,3
FN:125,RegistryFactory.setCommunityValidity
FNDA:3,RegistryFactory.setCommunityValidity
DA:126,3
DA:127,3
DA:130,3
FN:130,RegistryFactory.getCommunityValidity
FNDA:3,RegistryFactory.getCommunityValidity
DA:131,3
DA:134,4
FN:134,RegistryFactory.setProtopianAddress
FNDA:4,RegistryFactory.setProtopianAddress
DA:135,4
DA:136,4
DA:139,3
BRDA:139,1,0,3
BRDA:139,1,1,1
DA:140,3
DA:142,1
DA:146,3
FN:146,RegistryFactory.setKeeperAddress
FNDA:3,RegistryFactory.setKeeperAddress
DA:147,3
DA:148,3
DA:151,2
BRDA:151,2,0,2
BRDA:151,2,1,1
DA:152,2
DA:154,1
DA:158,1436
FN:158,RegistryFactory.getProtocolFee
FNDA:1436,RegistryFactory.getProtocolFee
DA:159,1436
BRDA:159,3,0,2
DA:160,2
DA:164,1
BRDA:164,4,0,1
DA:165,1
DA:170,1433
DA:171,1433
DA:172,1
BRDA:172,5,0,1
DA:173,1
DA:177,1432
BRDA:177,6,0,1432
DA:178,1432
DA:179,1432
DA:180,1
BRDA:180,7,0,1
DA:181,1
DA:186,1431
FNF:14
FNH:14
LF:69
LH:68
BRF:10
BRH:10
end_of_record
TN:
SF:src/SafeArbitrator.sol
DA:49,10
FN:49,SafeArbitrator.onlySafe
FNDA:10,SafeArbitrator.onlySafe
DA:50,10
DA:51,10
BRDA:51,0,0,9
BRDA:51,0,1,1
DA:54,1
DA:59,209
FN:59,SafeArbitrator.initialize
FNDA:209,SafeArbitrator.initialize
DA:60,209
DA:61,0
DA:62,209
DA:63,209
DA:68,1
FN:68,SafeArbitrator.setArbitrationFee
FNDA:1,SafeArbitrator.setArbitrationFee
DA:69,1
DA:70,1
DA:73,751
FN:73,SafeArbitrator.registerSafe
FNDA:751,SafeArbitrator.registerSafe
DA:74,751
DA:75,751
DA:79,16
FN:79,SafeArbitrator.createDispute.0
FNDA:16,SafeArbitrator.createDispute.0
DA:86,16
BRDA:86,1,0,1
DA:87,1
DA:89,15
DA:90,15
DA:91,15
DA:103,15
DA:107,1
FN:107,SafeArbitrator.createDispute.1
FNDA:1,SafeArbitrator.createDispute.1
DA:118,1
DA:125,9
FN:125,SafeArbitrator.executeRuling
FNDA:9,SafeArbitrator.executeRuling
DA:126,9
DA:128,9
BRDA:128,2,0,1
DA:129,1
DA:131,8
BRDA:131,3,0,1
DA:132,1
DA:135,7
DA:136,7
DA:138,7
DA:139,7
BRDA:139,4,0,-
BRDA:139,4,1,-
DA:141,7
DA:142,7
DA:146,18
FN:146,SafeArbitrator.arbitrationCost.0
FNDA:18,SafeArbitrator.arbitrationCost.0
DA:154,18
DA:158,1
FN:158,SafeArbitrator.arbitrationCost.1
FNDA:1,SafeArbitrator.arbitrationCost.1
DA:170,1
DA:173,1
FN:173,SafeArbitrator.currentRuling
FNDA:1,SafeArbitrator.currentRuling
DA:174,1
DA:175,1
DA:176,1
DA:177,1
FNF:10
FNH:10
LF:45
LH:44
BRF:7
BRH:5
end_of_record
TN:
SF:src/diamonds/facets/DiamondCutFacet.sol
DA:22,3
FN:22,DiamondCutFacet.diamondCut
FNDA:3,DiamondCutFacet.diamondCut
DA:23,3
DA:24,3
FNF:1
FNH:1
LF:3
LH:3
BRF:0
BRH:0
end_of_record
TN:
SF:src/diamonds/facets/DiamondLoupeFacet.sol
DA:27,1
FN:27,DiamondLoupeFacet.facets
FNDA:1,DiamondLoupeFacet.facets
DA:28,1
DA:29,1
DA:31,1
DA:33,1
DA:35,1
DA:37,1
DA:38,9
DA:39,9
DA:40,9
DA:42,9
DA:43,12
BRDA:43,0,0,6
DA:44,6
DA:45,6
DA:46,6
DA:47,0
DA:51,6
BRDA:51,1,0,6
DA:52,6
DA:53,6
DA:56,3
DA:57,3
DA:58,3
DA:59,3
DA:60,3
DA:62,1
DA:63,3
DA:64,3
DA:67,0
DA:72,0
DA:79,4
FN:79,DiamondLoupeFacet.facetFunctionSelectors
FNDA:4,DiamondLoupeFacet.facetFunctionSelectors
DA:85,4
DA:86,4
DA:87,4
DA:88,4
DA:90,4
DA:91,36
DA:92,36
DA:93,36
BRDA:93,2,0,9
DA:94,9
DA:95,9
DA:100,0
DA:106,1
FN:106,DiamondLoupeFacet.facetAddresses
FNDA:1,DiamondLoupeFacet.facetAddresses
DA:107,1
DA:108,1
DA:110,1
DA:111,1
DA:113,1
DA:114,9
DA:115,9
DA:116,9
DA:118,9
DA:119,12
BRDA:119,3,0,6
DA:120,6
DA:121,0
DA:125,6
BRDA:125,4,0,6
DA:126,6
DA:127,6
DA:130,3
DA:131,3
DA:135,0
DA:143,3
FN:143,DiamondLoupeFacet.facetAddress
FNDA:3,DiamondLoupeFacet.facetAddress
DA:144,3
DA:145,3
DA:149,2
FN:149,DiamondLoupeFacet.supportsInterface
FNDA:2,DiamondLoupeFacet.supportsInterface
DA:150,2
DA:151,2
FNF:5
FNH:5
LF:66
LH:60
BRF:5
BRH:5
end_of_record
TN:
SF:src/diamonds/facets/OwnershipFacet.sol
DA:8,4
FN:8,OwnershipFacet.transferOwnership
FNDA:4,OwnershipFacet.transferOwnership
DA:9,4
DA:10,4
DA:13,3
FN:13,OwnershipFacet.owner
FNDA:3,OwnershipFacet.owner
DA:14,3
FNF:2
FNH:2
LF:5
LH:5
BRF:0
BRH:0
end_of_record
TN:
SF:src/diamonds/libraries/LibDiamond.sol
DA:56,13046
FN:56,LibDiamond.diamondStorage
FNDA:13046,LibDiamond.diamondStorage
DA:61,13046
DA:63,0
DA:72,1030
FN:72,LibDiamond.setContractOwner
FNDA:1030,LibDiamond.setContractOwner
DA:73,1030
DA:74,1030
DA:75,1030
DA:76,1030
DA:79,8
FN:79,LibDiamond.contractOwner
FNDA:8,LibDiamond.contractOwner
DA:80,8
DA:83,66
FN:83,LibDiamond.enforceIsContractOwner
FNDA:66,LibDiamond.enforceIsContractOwner
DA:84,66
BRDA:84,0,0,4
DA:85,4
DA:96,1047
FN:96,LibDiamond.diamondCut
FNDA:1047,LibDiamond.diamondCut
DA:102,1047
DA:103,7008
DA:104,7008
DA:106,5975
DA:108,5975
DA:109,5975
BRDA:109,1,0,1
DA:110,1
DA:112,5974
DA:113,5974
BRDA:113,2,0,41
BRDA:113,2,1,5919
DA:114,41
DA:115,5933
BRDA:115,3,0,8
BRDA:115,3,1,5919
DA:116,8
DA:117,5925
BRDA:117,4,0,6
BRDA:117,4,1,5919
DA:118,6
DA:121,5919
DA:124,1033
DA:125,1033
DA:128,5919
FN:128,LibDiamond._autoAddOrReplaceFunctions
FNDA:5919,LibDiamond._autoAddOrReplaceFunctions
DA:132,5919
BRDA:132,5,0,1
DA:133,1
DA:135,5918
DA:136,5918
DA:141,5917
DA:142,5917
DA:143,5917
DA:146,5917
DA:149,5917
DA:150,28993
DA:151,28993
DA:153,23076
DA:154,23076
DA:158,23076
BRDA:158,6,0,23075
BRDA:158,6,1,1
DA:159,23075
DA:160,1
BRDA:160,7,0,1
DA:161,1
DA:166,5917
BRDA:166,8,0,5917
DA:167,5917
DA:172,5917
BRDA:172,9,0,1
DA:173,1
DA:180,5958
FN:180,LibDiamond.addFunctions
FNDA:5958,LibDiamond.addFunctions
DA:184,5958
BRDA:184,10,0,1
DA:185,1
DA:187,5957
DA:188,5957
DA:189,5957
DA:194,5956
DA:195,29106
DA:196,29106
DA:198,23151
DA:199,23151
DA:202,23151
BRDA:202,11,0,1
DA:203,1
DA:205,23150
DA:211,23150
DA:212,23150
DA:216,9
FN:216,LibDiamond.replaceFunctions
FNDA:9,LibDiamond.replaceFunctions
DA:220,9
DA:221,9
BRDA:221,12,0,1
DA:222,1
DA:226,8
DA:231,7
DA:232,13
DA:233,13
DA:235,9
DA:236,9
DA:240,9
BRDA:240,13,0,1
DA:241,1
DA:243,8
BRDA:243,14,0,1
DA:244,1
DA:248,7
BRDA:248,15,0,1
DA:249,1
DA:252,6
DA:258,6
FN:258,LibDiamond.removeFunctions
FNDA:6,LibDiamond.removeFunctions
DA:262,6
DA:263,6
DA:264,6
BRDA:264,16,0,1
DA:265,1
DA:268,5
DA:269,8
DA:270,8
DA:272,5
DA:273,5
DA:276,5
BRDA:276,17,0,1
DA:277,1
DA:282,4
DA:283,1
BRDA:283,18,0,1
DA:284,1
DA:287,3
DA:289,3
DA:291,2
BRDA:291,19,0,2
DA:292,2
DA:293,2
DA:296,2
DA:302,3
DA:307,1038
FN:307,LibDiamond.initializeDiamondCut
FNDA:1038,LibDiamond.initializeDiamondCut
DA:311,1038
BRDA:311,20,0,1029
DA:312,1029
DA:314,9
DA:318,8
DA:319,8
BRDA:319,21,0,2
DA:320,2
BRDA:320,22,0,2
BRDA:320,22,1,-
DA:324,0
DA:325,0
DA:328,0
DA:333,5918
FN:333,LibDiamond._shrinkSelectorArray
FNDA:5918,LibDiamond._shrinkSelectorArray
DA:337,5918
DA:338,5918
DA:339,23076
DA:341,0
DA:344,11892
FN:344,LibDiamond.enforceHasContractCode
FNDA:11892,LibDiamond.enforceHasContractCode
DA:348,11892
DA:350,0
DA:352,11892
BRDA:352,23,0,4
DA:353,4
FNF:12
FNH:12
LF:128
LH:122
BRF:29
BRH:28
end_of_record
TN:
SF:src/diamonds/upgradeInitializers/DiamondInit.sol
DA:26,1
FN:26,DiamondInit.init
FNDA:1,DiamondInit.init
DA:28,1
DA:29,1
DA:30,1
DA:31,1
DA:32,1
FNF:1
FNH:1
LF:6
LH:6
BRF:0
BRH:0
end_of_record
TN:
SF:src/diamonds/upgradeInitializers/DiamondMultiInit.sol
DA:18,2
FN:18,DiamondMultiInit.multiInit
FNDA:2,DiamondMultiInit.multiInit
DA:19,2
BRDA:19,0,0,1
DA:20,1
DA:22,1
DA:23,2
FNF:1
FNH:1
LF:5
LH:5
BRF:1
BRH:1
end_of_record
TN:
SF:test/ABDKMath64x64.sol
DA:34,0
FN:34,ABDKMath64x64.fromInt
FNDA:0,ABDKMath64x64.fromInt
DA:36,0
BRDA:36,0,0,-
BRDA:36,0,1,-
DA:37,0
DA:48,0
FN:48,ABDKMath64x64.toInt
FNDA:0,ABDKMath64x64.toInt
DA:50,0
DA:61,0
FN:61,ABDKMath64x64.fromUInt
FNDA:0,ABDKMath64x64.fromUInt
DA:63,0
BRDA:63,1,0,-
BRDA:63,1,1,-
DA:64,0
DA:75,0
FN:75,ABDKMath64x64.toUInt
FNDA:0,ABDKMath64x64.toUInt
DA:77,0
BRDA:77,2,0,-
BRDA:77,2,1,-
DA:78,0
DA:89,0
FN:89,ABDKMath64x64.from128x128
FNDA:0,ABDKMath64x64.from128x128
DA:91,0
DA:92,0
BRDA:92,3,0,-
BRDA:92,3,1,-
DA:93,0
DA:104,0
FN:104,ABDKMath64x64.to128x128
FNDA:0,ABDKMath64x64.to128x128
DA:106,0
DA:117,0
FN:117,ABDKMath64x64.add
FNDA:0,ABDKMath64x64.add
DA:119,0
DA:120,0
BRDA:120,4,0,-
BRDA:120,4,1,-
DA:121,0
DA:132,0
FN:132,ABDKMath64x64.sub
FNDA:0,ABDKMath64x64.sub
DA:134,0
DA:135,0
BRDA:135,5,0,-
BRDA:135,5,1,-
DA:136,0
DA:147,0
FN:147,ABDKMath64x64.mul
FNDA:0,ABDKMath64x64.mul
DA:149,0
DA:150,0
BRDA:150,6,0,-
BRDA:150,6,1,-
DA:151,0
DA:163,0
FN:163,ABDKMath64x64.muli
FNDA:0,ABDKMath64x64.muli
DA:165,0
BRDA:165,7,0,-
BRDA:165,7,1,-
DA:166,0
BRDA:166,8,0,-
BRDA:166,8,1,-
DA:170,0
DA:172,0
DA:173,0
BRDA:173,9,0,-
DA:174,0
DA:175,0
DA:177,0
BRDA:177,10,0,-
DA:178,0
DA:179,0
DA:181,0
DA:182,0
BRDA:182,11,0,-
BRDA:182,11,1,-
DA:183,0
BRDA:183,12,0,-
BRDA:183,12,1,-
DA:184,0
DA:186,0
BRDA:186,13,0,-
BRDA:186,13,1,-
DA:187,0
DA:201,0
FN:201,ABDKMath64x64.mulu
FNDA:0,ABDKMath64x64.mulu
DA:203,0
BRDA:203,14,0,-
DA:205,0
BRDA:205,15,0,-
BRDA:205,15,1,-
DA:207,0
DA:208,0
DA:210,0
BRDA:210,16,0,-
BRDA:210,16,1,-
DA:211,0
DA:213,0
BRDA:213,17,0,-
BRDA:213,17,1,-
DA:214,0
DA:226,0
FN:226,ABDKMath64x64.div
FNDA:0,ABDKMath64x64.div
DA:228,0
BRDA:228,18,0,-
BRDA:228,18,1,-
DA:229,0
DA:230,0
BRDA:230,19,0,-
BRDA:230,19,1,-
DA:231,0
DA:243,0
FN:243,ABDKMath64x64.divi
FNDA:0,ABDKMath64x64.divi
DA:245,0
BRDA:245,20,0,-
BRDA:245,20,1,-
DA:247,0
DA:248,0
BRDA:248,21,0,-
DA:249,0
DA:250,0
DA:252,0
BRDA:252,22,0,-
DA:253,0
DA:254,0
DA:256,0
DA:257,0
BRDA:257,23,0,-
BRDA:257,23,1,-
DA:258,0
BRDA:258,24,0,-
BRDA:258,24,1,-
DA:259,0
DA:261,0
BRDA:261,25,0,-
BRDA:261,25,1,-
DA:262,0
DA:275,42
FN:275,ABDKMath64x64.divu
FNDA:42,ABDKMath64x64.divu
DA:277,42
BRDA:277,26,0,-
BRDA:277,26,1,-
DA:278,42
DA:279,42
BRDA:279,27,0,-
BRDA:279,27,1,-
DA:280,42
DA:290,0
FN:290,ABDKMath64x64.neg
FNDA:0,ABDKMath64x64.neg
DA:292,0
BRDA:292,28,0,-
BRDA:292,28,1,-
DA:293,0
DA:303,0
FN:303,ABDKMath64x64.abs
FNDA:0,ABDKMath64x64.abs
DA:305,0
BRDA:305,29,0,-
BRDA:305,29,1,-
DA:306,0
DA:317,0
FN:317,ABDKMath64x64.inv
FNDA:0,ABDKMath64x64.inv
DA:319,0
BRDA:319,30,0,-
BRDA:319,30,1,-
DA:320,0
DA:321,0
BRDA:321,31,0,-
BRDA:321,31,1,-
DA:322,0
DA:333,0
FN:333,ABDKMath64x64.avg
FNDA:0,ABDKMath64x64.avg
DA:335,0
DA:347,0
FN:347,ABDKMath64x64.gavg
FNDA:0,ABDKMath64x64.gavg
DA:349,0
DA:350,0
BRDA:350,32,0,-
BRDA:350,32,1,-
DA:351,0
BRDA:351,33,0,-
BRDA:351,33,1,-
DA:352,0
DA:364,0
FN:364,ABDKMath64x64.pow
FNDA:0,ABDKMath64x64.pow
DA:366,0
DA:368,0
DA:369,0
DA:370,0
DA:372,0
BRDA:372,34,0,-
BRDA:372,34,1,-
DA:373,0
DA:374,0
DA:375,0
BRDA:375,35,0,-
DA:376,0
DA:378,0
DA:380,0
BRDA:380,36,0,-
DA:381,0
DA:383,0
DA:385,0
BRDA:385,37,0,-
DA:386,0
DA:388,0
DA:390,0
BRDA:390,38,0,-
DA:391,0
DA:393,0
DA:395,0
DA:398,0
DA:400,0
DA:401,0
BRDA:401,39,0,-
DA:402,0
DA:403,0
DA:405,0
BRDA:405,40,0,-
DA:406,0
DA:407,0
DA:409,0
BRDA:409,41,0,-
DA:410,0
DA:411,0
DA:413,0
BRDA:413,42,0,-
DA:414,0
DA:415,0
DA:417,0
BRDA:417,43,0,-
DA:418,0
DA:419,0
DA:421,0
BRDA:421,44,0,-
DA:422,0
DA:423,0
DA:426,0
DA:427,0
DA:428,0
BRDA:428,45,0,-
BRDA:428,45,1,-
DA:430,0
BRDA:430,46,0,-
DA:431,0
DA:432,0
DA:433,0
BRDA:433,47,0,-
DA:434,0
DA:435,0
DA:438,0
DA:439,0
DA:440,0
BRDA:440,48,0,-
DA:441,0
DA:442,0
DA:445,0
DA:448,0
BRDA:448,49,0,-
BRDA:448,49,1,-
DA:449,0
DA:451,0
DA:452,0
BRDA:452,50,0,-
BRDA:452,50,1,-
DA:453,0
DA:463,0
FN:463,ABDKMath64x64.sqrt
FNDA:0,ABDKMath64x64.sqrt
DA:465,0
BRDA:465,51,0,-
BRDA:465,51,1,-
DA:466,0
DA:476,28
FN:476,ABDKMath64x64.log_2
FNDA:28,ABDKMath64x64.log_2
DA:478,28
BRDA:478,52,0,-
BRDA:478,52,1,-
DA:480,28
DA:481,28
DA:482,28
BRDA:482,53,0,-
DA:483,0
DA:484,0
DA:486,28
BRDA:486,54,0,28
DA:487,28
DA:488,28
DA:490,28
BRDA:490,55,0,14
DA:491,14
DA:492,14
DA:494,28
BRDA:494,56,0,28
DA:495,28
DA:496,28
DA:498,28
BRDA:498,57,0,14
DA:499,14
DA:500,14
DA:502,28
BRDA:502,58,0,14
DA:503,14
DA:504,14
DA:506,28
BRDA:506,59,0,14
DA:508,28
DA:509,28
DA:510,28
DA:511,1792
DA:512,1792
DA:513,1792
DA:514,1792
DA:517,28
DA:527,28
FN:527,ABDKMath64x64.ln
FNDA:28,ABDKMath64x64.ln
DA:529,28
BRDA:529,60,0,-
BRDA:529,60,1,-
DA:531,28
DA:541,0
FN:541,ABDKMath64x64.exp_2
FNDA:0,ABDKMath64x64.exp_2
DA:543,0
BRDA:543,61,0,-
BRDA:543,61,1,-
DA:545,0
BRDA:545,62,0,-
DA:547,0
DA:549,0
BRDA:549,63,0,-
DA:550,0
DA:552,0
BRDA:552,64,0,-
DA:553,0
DA:555,0
BRDA:555,65,0,-
DA:556,0
DA:558,0
BRDA:558,66,0,-
DA:559,0
DA:561,0
BRDA:561,67,0,-
DA:562,0
DA:564,0
BRDA:564,68,0,-
DA:565,0
DA:567,0
BRDA:567,69,0,-
DA:568,0
DA:570,0
BRDA:570,70,0,-
DA:571,0
DA:573,0
BRDA:573,71,0,-
DA:574,0
DA:576,0
BRDA:576,72,0,-
DA:577,0
DA:579,0
BRDA:579,73,0,-
DA:580,0
DA:582,0
BRDA:582,74,0,-
DA:583,0
DA:585,0
BRDA:585,75,0,-
DA:586,0
DA:588,0
BRDA:588,76,0,-
DA:589,0
DA:591,0
BRDA:591,77,0,-
DA:592,0
DA:594,0
BRDA:594,78,0,-
DA:595,0
DA:597,0
BRDA:597,79,0,-
DA:598,0
DA:600,0
BRDA:600,80,0,-
DA:601,0
DA:603,0
BRDA:603,81,0,-
DA:604,0
DA:606,0
BRDA:606,82,0,-
DA:607,0
DA:609,0
BRDA:609,83,0,-
DA:610,0
DA:612,0
BRDA:612,84,0,-
DA:613,0
DA:615,0
BRDA:615,85,0,-
DA:616,0
DA:618,0
BRDA:618,86,0,-
DA:619,0
DA:621,0
BRDA:621,87,0,-
DA:622,0
DA:624,0
BRDA:624,88,0,-
DA:625,0
DA:627,0
BRDA:627,89,0,-
DA:628,0
DA:630,0
BRDA:630,90,0,-
DA:631,0
DA:633,0
BRDA:633,91,0,-
DA:634,0
DA:636,0
BRDA:636,92,0,-
DA:637,0
DA:639,0
BRDA:639,93,0,-
DA:640,0
DA:642,0
BRDA:642,94,0,-
DA:643,0
DA:645,0
BRDA:645,95,0,-
DA:646,0
DA:648,0
BRDA:648,96,0,-
DA:649,0
DA:651,0
BRDA:651,97,0,-
DA:652,0
DA:654,0
BRDA:654,98,0,-
DA:655,0
DA:657,0
BRDA:657,99,0,-
DA:658,0
DA:660,0
BRDA:660,100,0,-
DA:661,0
DA:663,0
BRDA:663,101,0,-
DA:664,0
DA:666,0
BRDA:666,102,0,-
DA:667,0
DA:669,0
BRDA:669,103,0,-
DA:670,0
DA:672,0
BRDA:672,104,0,-
DA:673,0
DA:675,0
BRDA:675,105,0,-
DA:676,0
DA:678,0
BRDA:678,106,0,-
DA:679,0
DA:681,0
BRDA:681,107,0,-
DA:682,0
DA:684,0
BRDA:684,108,0,-
DA:685,0
DA:687,0
BRDA:687,109,0,-
DA:688,0
DA:690,0
BRDA:690,110,0,-
DA:691,0
DA:693,0
BRDA:693,111,0,-
DA:694,0
DA:696,0
BRDA:696,112,0,-
DA:697,0
DA:699,0
BRDA:699,113,0,-
DA:700,0
DA:702,0
BRDA:702,114,0,-
DA:703,0
DA:705,0
BRDA:705,115,0,-
DA:706,0
DA:708,0
BRDA:708,116,0,-
DA:709,0
DA:711,0
BRDA:711,117,0,-
DA:712,0
DA:714,0
BRDA:714,118,0,-
DA:715,0
DA:717,0
BRDA:717,119,0,-
DA:718,0
DA:720,0
BRDA:720,120,0,-
DA:721,0
DA:723,0
BRDA:723,121,0,-
DA:724,0
DA:726,0
BRDA:726,122,0,-
DA:727,0
DA:729,0
BRDA:729,123,0,-
DA:730,0
DA:732,0
BRDA:732,124,0,-
DA:733,0
DA:735,0
BRDA:735,125,0,-
DA:736,0
DA:738,0
BRDA:738,126,0,-
DA:739,0
DA:742,0
DA:743,0
BRDA:743,127,0,-
BRDA:743,127,1,-
DA:745,0
DA:755,0
FN:755,ABDKMath64x64.exp
FNDA:0,ABDKMath64x64.exp
DA:757,0
BRDA:757,128,0,-
BRDA:757,128,1,-
DA:759,0
BRDA:759,129,0,-
DA:761,0
DA:773,42
FN:773,ABDKMath64x64.divuu
FNDA:42,ABDKMath64x64.divuu
DA:775,42
BRDA:775,130,0,-
BRDA:775,130,1,-
DA:777,42
DA:779,42
BRDA:779,131,0,42
BRDA:779,131,1,-
DA:780,42
DA:782,0
DA:783,0
DA:784,0
BRDA:784,132,0,-
DA:785,0
DA:786,0
DA:788,0
BRDA:788,133,0,-
DA:789,0
DA:790,0
DA:792,0
BRDA:792,134,0,-
DA:793,0
DA:794,0
DA:796,0
BRDA:796,135,0,-
DA:797,0
DA:798,0
DA:800,0
BRDA:800,136,0,-
DA:801,0
DA:802,0
DA:804,0
BRDA:804,137,0,-
DA:806,0
DA:807,0
BRDA:807,138,0,-
BRDA:807,138,1,-
DA:809,0
DA:810,0
DA:812,0
DA:813,0
DA:815,0
BRDA:815,139,0,-
DA:816,0
DA:817,0
DA:818,0
BRDA:818,140,0,-
DA:819,0
DA:821,0
DA:824,42
BRDA:824,141,0,-
BRDA:824,141,1,-
DA:825,42
DA:836,0
FN:836,ABDKMath64x64.sqrtu
FNDA:0,ABDKMath64x64.sqrtu
DA:838,0
BRDA:838,142,0,-
BRDA:838,142,1,-
DA:839,0
DA:841,0
DA:842,0
DA:843,0
BRDA:843,143,0,-
DA:844,0
DA:845,0
DA:847,0
BRDA:847,144,0,-
DA:848,0
DA:849,0
DA:851,0
BRDA:851,145,0,-
DA:852,0
DA:853,0
DA:855,0
BRDA:855,146,0,-
DA:856,0
DA:857,0
DA:859,0
BRDA:859,147,0,-
DA:860,0
DA:861,0
DA:863,0
BRDA:863,148,0,-
DA:864,0
DA:865,0
DA:867,0
BRDA:867,149,0,-
DA:868,0
DA:869,0
DA:870,0
DA:871,0
DA:872,0
DA:873,0
DA:874,0
DA:875,0
DA:876,0
FNF:27
FNH:4
LF:405
LH:44
BRF:194
BRH:7
end_of_record
TN:
SF:test/BaseStrategyUpgradeable.t.sol
DA:15,1
FN:15,MockAllo.setPoolManager
FNDA:1,MockAllo.setPoolManager
DA:16,1
DA:19,2
FN:19,MockAllo.isPoolManager
FNDA:2,MockAllo.isPoolManager
DA:20,2
DA:25,10
FN:25,BaseStrategyUpgradeableHarness.initializeHarness
FNDA:10,BaseStrategyUpgradeableHarness.initializeHarness
DA:26,10
DA:30,5
FN:30,BaseStrategyUpgradeableHarness.initialize
FNDA:5,BaseStrategyUpgradeableHarness.initialize
DA:31,5
DA:32,2
DA:35,0
FN:35,BaseStrategyUpgradeableHarness.registerRecipient
FNDA:0,BaseStrategyUpgradeableHarness.registerRecipient
DA:36,0
DA:39,0
FN:39,BaseStrategyUpgradeableHarness.allocate
FNDA:0,BaseStrategyUpgradeableHarness.allocate
DA:41,0
FN:41,BaseStrategyUpgradeableHarness.distribute
FNDA:0,BaseStrategyUpgradeableHarness.distribute
DA:43,0
FN:43,BaseStrategyUpgradeableHarness.getPoolAmount
FNDA:0,BaseStrategyUpgradeableHarness.getPoolAmount
DA:44,0
DA:47,5
FN:47,BaseStrategyUpgradeableHarness.callBaseStrategyInit
FNDA:5,BaseStrategyUpgradeableHarness.callBaseStrategyInit
DA:48,5
DA:52,2
FN:52,BaseStrategyUpgradeableHarness.exposedCheckOnlyAllo
FNDA:2,BaseStrategyUpgradeableHarness.exposedCheckOnlyAllo
DA:53,0
DA:56,2
FN:56,BaseStrategyUpgradeableHarness.exposedCheckOnlyPoolManager
FNDA:2,BaseStrategyUpgradeableHarness.exposedCheckOnlyPoolManager
DA:57,2
DA:60,2
FN:60,BaseStrategyUpgradeableHarness.exposedCheckOnlyActivePool
FNDA:2,BaseStrategyUpgradeableHarness.exposedCheckOnlyActivePool
DA:61,0
DA:64,2
FN:64,BaseStrategyUpgradeableHarness.exposedCheckInactivePool
FNDA:2,BaseStrategyUpgradeableHarness.exposedCheckInactivePool
DA:65,0
DA:68,2
FN:68,BaseStrategyUpgradeableHarness.exposedCheckOnlyInitialized
FNDA:2,BaseStrategyUpgradeableHarness.exposedCheckOnlyInitialized
DA:69,0
DA:72,1
FN:72,BaseStrategyUpgradeableHarness.exposedSetPoolActive
FNDA:1,BaseStrategyUpgradeableHarness.exposedSetPoolActive
DA:73,1
DA:76,2
FN:76,BaseStrategyUpgradeableHarness.exposedIsPoolActive
FNDA:2,BaseStrategyUpgradeableHarness.exposedIsPoolActive
DA:77,2
FNF:16
FNH:12
LF:31
LH:21
BRF:0
BRH:0
end_of_record
TN:
SF:test/CVStrategyHelpers.sol
DA:33,0
FN:33,CVStrategyHelpers.poolProfile_id1
FNDA:0,CVStrategyHelpers.poolProfile_id1
DA:38,0
BRDA:38,0,0,-
DA:39,0
DA:43,0
DA:46,724
FN:46,CVStrategyHelpers.getParams
FNDA:724,CVStrategyHelpers.getParams
DA:59,724
DA:60,724
DA:62,724
DA:68,724
DA:69,724
DA:70,724
DA:71,724
DA:72,724
DA:73,724
DA:74,724
DA:76,724
BRDA:76,1,0,573
DA:79,573
DA:81,724
DA:82,724
DA:84,724
DA:87,0
FN:87,CVStrategyHelpers.createPool.0
FNDA:0,CVStrategyHelpers.createPool.0
DA:99,0
DA:111,0
DA:112,0
DA:113,0
DA:119,0
DA:120,0
BRDA:120,2,0,-
DA:121,0
DA:123,0
DA:134,0
DA:137,0
FN:137,CVStrategyHelpers.createPool.1
FNDA:0,CVStrategyHelpers.createPool.1
DA:147,0
DA:160,30
FN:160,CVStrategyHelpers._etherToFloat
FNDA:30,CVStrategyHelpers._etherToFloat
DA:161,30
DA:164,20
FN:164,CVStrategyHelpers._mul
FNDA:20,CVStrategyHelpers._mul
DA:165,20
BRDA:165,3,0,-
BRDA:165,3,1,-
DA:166,20
BRDA:166,4,0,-
BRDA:166,4,1,-
DA:167,20
DA:170,4
FN:170,CVStrategyHelpers._pow
FNDA:4,CVStrategyHelpers._pow
DA:171,4
BRDA:171,5,0,-
BRDA:171,5,1,-
DA:172,0
DA:173,4
DA:174,4
DA:175,24
DA:176,20
BRDA:176,6,0,12
BRDA:176,6,1,8
DA:177,12
DA:178,12
DA:180,8
DA:181,8
DA:186,4
FN:186,CVStrategyHelpers._calculateConviction
FNDA:4,CVStrategyHelpers._calculateConviction
DA:191,0
DA:192,4
DA:193,4
DA:196,28
FN:196,CVStrategyHelpers.getDecay
FNDA:28,CVStrategyHelpers.getDecay
DA:197,28
DA:198,0
FNF:9
FNH:6
LF:56
LH:37
BRF:11
BRH:3
end_of_record
TN:
SF:test/CollateralVault.t.sol
DA:12,1
FN:12,ReentrantReceiver.constructor
FNDA:1,ReentrantReceiver.constructor
DA:13,1
DA:14,1
DA:17,1
FN:17,ReentrantReceiver.receive.0
FNDA:1,ReentrantReceiver.receive.0
DA:18,1
BRDA:18,0,0,1
DA:20,1
DA:21,1
DA:25,1
FN:25,ReentrantReceiver.attemptReenter
FNDA:1,ReentrantReceiver.attemptReenter
DA:26,1
DA:31,1
FN:31,RecipientRevertsOnReceive.receive.1
FNDA:1,RecipientRevertsOnReceive.receive.1
DA:32,1
FNF:4
FNH:4
LF:11
LH:11
BRF:1
BRH:1
end_of_record
TN:
SF:test/DiamondCutFacet.t.sol
DA:19,3
FN:19,DiamondCutHarness.constructor
FNDA:3,DiamondCutHarness.constructor
DA:20,3
DA:23,3
FN:23,DiamondCutHarness.rawCut
FNDA:3,DiamondCutHarness.rawCut
DA:24,3
DA:25,3
DA:28,0
FN:28,DiamondCutHarness.owner
FNDA:0,DiamondCutHarness.owner
DA:29,0
DA:32,5
FN:32,DiamondCutHarness.fallback
FNDA:5,DiamondCutHarness.fallback
DA:33,5
DA:34,5
DA:36,5
BRDA:36,0,0,-
DA:37,0
DA:41,0
DA:42,0
DA:43,0
DA:45,0
DA:46,0
DA:54,2
FN:54,SampleFacet.ping
FNDA:2,SampleFacet.ping
DA:55,2
DA:62,1
FN:62,InitFacet.record
FNDA:1,InitFacet.record
DA:63,1
FNF:6
FNH:5
LF:21
LH:13
BRF:1
BRH:0
end_of_record
TN:
SF:test/DiamondLoupeFacet.t.sol
DA:14,5
FN:14,DiamondLoupeHarness.constructor
FNDA:5,DiamondLoupeHarness.constructor
DA:15,5
DA:18,15
FN:18,DiamondLoupeHarness.diamondCut
FNDA:15,DiamondLoupeHarness.diamondCut
DA:19,15
DA:20,15
DA:23,1
FN:23,DiamondLoupeHarness.setInterface
FNDA:1,DiamondLoupeHarness.setInterface
DA:24,1
DA:25,1
DA:28,11
FN:28,DiamondLoupeHarness.fallback
FNDA:11,DiamondLoupeHarness.fallback
DA:29,11
DA:30,11
DA:32,11
BRDA:32,0,0,-
DA:33,0
DA:37,0
DA:38,0
DA:39,0
DA:41,0
DA:42,0
DA:50,0
FN:50,TestFacetOne.foo
FNDA:0,TestFacetOne.foo
DA:51,0
DA:54,0
FN:54,TestFacetOne.baz
FNDA:0,TestFacetOne.baz
DA:55,0
DA:60,0
FN:60,TestFacetTwo.qux
FNDA:0,TestFacetTwo.qux
DA:61,0
DA:64,0
FN:64,TestFacetTwo.bar
FNDA:0,TestFacetTwo.bar
DA:65,0
FNF:8
FNH:4
LF:26
LH:12
BRF:1
BRH:0
end_of_record
TN:
SF:test/DiamondUpgradeInitializers.t.sol
DA:18,2
FN:18,InitSupportFacet.mark
FNDA:2,InitSupportFacet.mark
DA:19,2
DA:24,3
FN:24,DiamondInitHarness.constructor
FNDA:3,DiamondInitHarness.constructor
DA:25,3
DA:28,3
FN:28,DiamondInitHarness.runInit
FNDA:3,DiamondInitHarness.runInit
DA:29,3
DA:32,6
FN:32,DiamondInitHarness.isSupported
FNDA:6,DiamondInitHarness.isSupported
DA:33,6
FNF:4
FNH:4
LF:8
LH:8
BRF:0
BRH:0
end_of_record
TN:
SF:test/GoodDollarSybil.t.sol
DA:12,3
FN:12,MockStrategy.constructor
FNDA:3,MockStrategy.constructor
DA:13,3
DA:16,4
FN:16,MockStrategy.registryCommunity
FNDA:4,MockStrategy.registryCommunity
DA:17,4
FNF:2
FNH:2
LF:4
LH:4
BRF:0
BRH:0
end_of_record
TN:
SF:test/LibDiamond.t.sol
DA:13,24
FN:13,LibDiamondHarness.constructor
FNDA:24,LibDiamondHarness.constructor
DA:14,24
DA:17,33
FN:17,LibDiamondHarness.diamondCut
FNDA:33,LibDiamondHarness.diamondCut
DA:22,33
DA:23,33
DA:27,0
FN:27,LibDiamondHarness.diamondCutForceInvalidAction
FNDA:0,LibDiamondHarness.diamondCutForceInvalidAction
DA:33,0
DA:34,0
DA:35,0
DA:37,0
DA:38,0
DA:41,0
DA:42,0
DA:43,0
DA:47,0
FN:47,LibDiamondHarness.diamondCutRaw
FNDA:0,LibDiamondHarness.diamondCutRaw
DA:52,0
DA:53,0
DA:55,0
DA:57,0
DA:60,1
FN:60,LibDiamondHarness.setOwnerRaw
FNDA:1,LibDiamondHarness.setOwnerRaw
DA:61,1
DA:64,1
FN:64,LibDiamondHarness.enforceOwner
FNDA:1,LibDiamondHarness.enforceOwner
DA:65,1
DA:68,1
FN:68,LibDiamondHarness.owner
FNDA:1,LibDiamondHarness.owner
DA:69,1
DA:72,8
FN:72,LibDiamondHarness.fallback
FNDA:8,LibDiamondHarness.fallback
DA:73,8
DA:74,8
DA:78,8
BRDA:78,0,0,2
DA:79,2
DA:83,0
DA:84,0
DA:85,0
DA:87,0
DA:88,0
DA:90,0
DA:91,0
DA:100,1
FN:100,TestFacetV1.foo.0
FNDA:1,TestFacetV1.foo.0
DA:101,1
DA:104,2
FN:104,TestFacetV1.bar
FNDA:2,TestFacetV1.bar
DA:105,2
DA:110,2
FN:110,TestFacetV2.foo.1
FNDA:2,TestFacetV2.foo.1
DA:111,2
DA:124,1
FN:124,InitReverter.fail
FNDA:1,InitReverter.fail
DA:125,1
DA:132,1
FN:132,InitNoop.run
FNDA:1,InitNoop.run
DA:133,1
FNF:13
FNH:11
LF:47
LH:26
BRF:1
BRH:1
end_of_record
TN:
SF:test/OwnershipFacet.t.sol
DA:14,4
FN:14,TestDiamond.constructor
FNDA:4,TestDiamond.constructor
DA:15,4
DA:18,6
FN:18,TestDiamond.diamondCut
FNDA:6,TestDiamond.diamondCut
DA:19,6
DA:20,6
DA:23,7
FN:23,TestDiamond.fallback
FNDA:7,TestDiamond.fallback
DA:24,7
DA:25,7
DA:27,7
BRDA:27,0,0,-
DA:28,0
DA:32,0
DA:33,0
DA:34,0
DA:36,0
DA:37,0
FNF:3
FNH:3
LF:15
LH:9
BRF:1
BRH:0
end_of_record
TN:
SF:test/PassportScorer.t.sol
DA:11,1
FN:11,MockStrategyMinimal.constructor
FNDA:1,MockStrategyMinimal.constructor
DA:12,1
DA:17,1
FN:17,PassportScorerHarness.seedStrategy
FNDA:1,PassportScorerHarness.seedStrategy
DA:18,1
DA:21,2
FN:21,PassportScorerHarness.callOnlyCouncil
FNDA:2,PassportScorerHarness.callOnlyCouncil
FNF:3
FNH:3
LF:5
LH:5
BRF:0
BRH:0
end_of_record
TN:
SF:test/ProxyOwnableUpgrader.t.sol
DA:11,1
FN:11,GoodOwner.constructor
FNDA:1,GoodOwner.constructor
DA:12,1
DA:15,1
FN:15,GoodOwner.owner.0
FNDA:1,GoodOwner.owner.0
DA:16,1
DA:21,1
FN:21,RevertingOwner.owner.1
FNDA:1,RevertingOwner.owner.1
DA:22,1
FNF:3
FNH:3
LF:6
LH:6
BRF:0
BRH:0
end_of_record
TN:
SF:test/ProxyOwner.t.sol
DA:14,1
FN:14,ProxyOwnerV2.version
FNDA:1,ProxyOwnerV2.version
DA:15,1
FNF:1
FNH:1
LF:2
LH:2
BRF:0
BRH:0
end_of_record
TN:
SF:test/RegistryFactory.t.sol
DA:15,12
FN:15,MockSafe.constructor
FNDA:12,MockSafe.constructor
DA:16,12
DA:19,3
FN:19,MockSafe.getOwners
FNDA:3,MockSafe.getOwners
DA:20,3
DA:27,5
FN:27,MockRegistryCommunity.initialize
FNDA:5,MockRegistryCommunity.initialize
DA:33,5
DA:36,0
FN:36,MockRegistryCommunity.diamondCut
FNDA:0,MockRegistryCommunity.diamondCut
DA:38,1
FN:38,MockRegistryCommunity.setCouncilSafe
FNDA:1,MockRegistryCommunity.setCouncilSafe
DA:39,1
FNF:5
FNH:4
LF:9
LH:8
BRF:0
BRH:0
end_of_record
TN:
SF:test/helpers/CommunityDiamondConfigurator.sol
DA:18,258
FN:18,CommunityDiamondConfiguratorBase._buildFacetCuts
FNDA:258,CommunityDiamondConfiguratorBase._buildFacetCuts
DA:25,258
DA:27,258
DA:28,258
DA:29,258
DA:30,258
DA:31,258
DA:32,258
DA:33,258
DA:34,258
DA:35,258
DA:36,258
DA:37,258
DA:43,258
DA:44,258
DA:45,258
DA:46,258
DA:47,258
DA:48,258
DA:49,258
DA:50,258
DA:56,258
DA:57,258
DA:62,258
DA:67,258
DA:73,258
DA:74,258
DA:75,258
DA:76,258
DA:77,258
DA:78,258
DA:79,258
DA:80,258
DA:86,258
DA:87,258
DA:88,258
DA:89,258
DA:90,258
DA:91,258
DA:92,258
DA:99,258
FN:99,CommunityDiamondConfiguratorBase._buildLoupeFacetCut
FNDA:258,CommunityDiamondConfiguratorBase._buildLoupeFacetCut
DA:100,258
DA:101,258
DA:102,258
DA:103,258
DA:104,258
DA:105,258
DA:106,258
DA:128,207
FN:128,CommunityDiamondConfigurator.constructor
FNDA:207,CommunityDiamondConfigurator.constructor
DA:130,207
DA:131,207
DA:132,207
DA:133,207
DA:134,207
DA:135,207
DA:136,207
DA:143,258
FN:143,CommunityDiamondConfigurator.getFacetCuts.0
FNDA:258,CommunityDiamondConfigurator.getFacetCuts.0
DA:144,258
DA:147,258
DA:148,258
DA:149,1290
DA:151,258
DA:157,0
FN:157,CommunityDiamondConfigurator.getFacetCuts.1
FNDA:0,CommunityDiamondConfigurator.getFacetCuts.1
DA:165,0
DA:167,0
DA:168,0
DA:169,0
DA:171,0
DA:179,0
FN:179,CommunityDiamondConfigurator.configureFacets
FNDA:0,CommunityDiamondConfigurator.configureFacets
DA:180,0
DA:181,0
FNF:6
FNH:4
LF:71
LH:62
BRF:0
BRH:0
end_of_record
TN:
SF:test/helpers/DiamondConfigurator.sol
DA:18,728
FN:18,DiamondConfiguratorBase._buildFacetCuts
FNDA:728,DiamondConfiguratorBase._buildFacetCuts
DA:25,728
DA:27,728
DA:28,728
DA:29,728
DA:30,728
DA:31,728
DA:37,728
DA:38,728
DA:39,728
DA:40,728
DA:46,728
DA:47,728
DA:48,728
DA:49,728
DA:55,728
DA:56,728
DA:57,728
DA:58,728
DA:59,728
DA:60,728
DA:61,728
DA:67,728
DA:68,728
DA:69,728
DA:70,728
DA:71,728
DA:78,728
FN:78,DiamondConfiguratorBase._buildLoupeFacetCut
FNDA:728,DiamondConfiguratorBase._buildLoupeFacetCut
DA:79,728
DA:80,728
DA:81,728
DA:82,728
DA:83,728
DA:84,728
DA:85,728
DA:107,213
FN:107,DiamondConfigurator.constructor
FNDA:213,DiamondConfigurator.constructor
DA:109,213
DA:110,213
DA:111,213
DA:112,213
DA:113,213
DA:114,213
DA:115,213
DA:122,728
FN:122,DiamondConfigurator.getFacetCuts.0
FNDA:728,DiamondConfigurator.getFacetCuts.0
DA:123,728
DA:126,728
DA:127,728
DA:128,3640
DA:130,728
DA:136,0
FN:136,DiamondConfigurator.getFacetCuts.1
FNDA:0,DiamondConfigurator.getFacetCuts.1
DA:144,0
DA:146,0
DA:147,0
DA:148,0
DA:150,0
DA:158,0
FN:158,DiamondConfigurator.configureFacets
FNDA:0,DiamondConfigurator.configureFacets
DA:159,0
DA:160,0
FNF:6
FNH:4
LF:58
LH:49
BRF:0
BRH:0
end_of_record
TN:
SF:test/mocks/CVAdminFacetV2.sol
DA:16,1
FN:16,CVAdminFacetV2.VERSION
FNDA:1,CVAdminFacetV2.VERSION
DA:17,1
FNF:1
FNH:1
LF:2
LH:2
BRF:0
BRH:0
end_of_record
TN:
SF:test/shared/GasHelpers2.sol
DA:12,0
FN:12,GasHelpers2.setEnableGasLog
FNDA:0,GasHelpers2.setEnableGasLog
DA:13,0
DA:16,295
FN:16,GasHelpers2.startMeasuringGas
FNDA:295,GasHelpers2.startMeasuringGas
DA:17,0
BRDA:17,0,0,-
DA:18,0
DA:20,0
DA:24,197
FN:24,GasHelpers2.stopMeasuringGas
FNDA:197,GasHelpers2.stopMeasuringGas
DA:25,0
BRDA:25,1,0,-
DA:26,0
DA:29,0
DA:31,0
FNF:3
FNH:2
LF:11
LH:2
BRF:2
BRH:0
end_of_record
TN:
SF:test/shared/SafeSetup.sol
DA:29,0
FN:29,SafeSetup._councilSafeWithOwner.0
FNDA:0,SafeSetup._councilSafeWithOwner.0
DA:30,0
DA:33,0
FN:33,SafeSetup.setCouncilSafe
FNDA:0,SafeSetup.setCouncilSafe
DA:34,0
DA:37,207
FN:37,SafeSetup._createSafeProxyFactory
FNDA:207,SafeSetup._createSafeProxyFactory
DA:38,207
BRDA:38,0,0,-
DA:39,0
DA:42,207
DA:49,207
FN:49,SafeSetup._createSafe
FNDA:207,SafeSetup._createSafe
DA:50,207
BRDA:50,1,0,-
DA:51,0
DA:53,207
DA:60,414
FN:60,SafeSetup.__createContract
FNDA:414,SafeSetup.__createContract
DA:61,414
DA:62,414
DA:64,0
DA:66,0
DA:68,414
BRDA:68,2,0,-
BRDA:68,2,1,-
DA:72,0
FN:72,SafeSetup.isContract
FNDA:0,SafeSetup.isContract
DA:73,0
DA:75,0
DA:77,0
DA:80,0
FN:80,SafeSetup._councilSafeWithOwner.1
FNDA:0,SafeSetup._councilSafeWithOwner.1
DA:82,0
BRDA:82,3,0,-
DA:83,0
BRDA:83,4,0,-
DA:84,0
DA:86,0
DA:87,0
DA:89,0
DA:92,0
DA:93,0
DA:94,0
DA:95,0
DA:96,0
DA:98,0
DA:101,849
FN:101,SafeSetup._councilSafe
FNDA:849,SafeSetup._councilSafe
DA:103,849
DA:104,849
DA:106,849
BRDA:106,5,0,207
DA:107,207
DA:109,207
DA:110,207
DA:114,207
DA:115,207
DA:119,207
DA:121,207
DA:123,207
DA:124,207
DA:125,207
DA:127,207
DA:130,849
DA:133,151
FN:133,SafeSetup.getHash
FNDA:151,SafeSetup.getHash
DA:134,151
DA:139,151
FN:139,SafeSetup.getSignature
FNDA:151,SafeSetup.getSignature
DA:148,151
DA:150,151
DA:153,151
FN:153,SafeSetup.safeHelper.0
FNDA:151,SafeSetup.safeHelper.0
DA:154,151
DA:157,0
FN:157,SafeSetup.safeHelper.1
FNDA:0,SafeSetup.safeHelper.1
DA:158,0
DA:161,151
FN:161,SafeSetup.safeHelper.2
FNDA:151,SafeSetup.safeHelper.2
DA:164,151
DA:166,151
DA:168,151
FNF:13
FNH:8
LF:64
LH:37
BRF:7
BRH:1
end_of_record
TN:
SF:test/shared/TERC20.sol
DA:13,0
FN:13,TERC20.constructor
FNDA:0,TERC20.constructor
DA:14,0
DA:15,0
DA:16,0
DA:19,0
FN:19,TERC20.name
FNDA:0,TERC20.name
DA:20,0
DA:23,0
FN:23,TERC20.symbol
FNDA:0,TERC20.symbol
DA:24,0
DA:27,0
FN:27,TERC20.decimals
FNDA:0,TERC20.decimals
DA:28,0
DA:31,0
FN:31,TERC20.mint
FNDA:0,TERC20.mint
DA:32,0
DA:35,0
FN:35,TERC20.burn
FNDA:0,TERC20.burn
DA:36,0
DA:39,0
FN:39,TERC20.directTransfer
FNDA:0,TERC20.directTransfer
DA:40,0
DA:43,0
FN:43,TERC20.directSpendAllowance
FNDA:0,TERC20.directSpendAllowance
DA:44,0
DA:47,0
FN:47,TERC20.transfer
FNDA:0,TERC20.transfer
DA:48,0
DA:51,0
FN:51,TERC20.transferFrom
FNDA:0,TERC20.transferFrom
DA:52,0
DA:55,0
FN:55,TERC20.increaseAllowance
FNDA:0,TERC20.increaseAllowance
DA:56,0
DA:59,0
FN:59,TERC20.decreaseAllowance
FNDA:0,TERC20.decreaseAllowance
DA:60,0
DA:63,0
FN:63,TERC20._brutalized
FNDA:0,TERC20._brutalized
DA:65,0
FNF:13
FNH:0
LF:28
LH:0
BRF:0
BRH:0
end_of_record
